#
# There is insufficient memory for the Java Runtime Environment to continue.
# Native memory allocation (mmap) failed to map 65536 bytes for Failed to commit metaspace.
# Possible reasons:
#   The system is out of physical RAM or swap space
#   The process is running with CompressedOops enabled, and the Java Heap may be blocking the growth of the native heap
# Possible solutions:
#   Reduce memory load on the system
#   Increase physical memory or swap space
#   Check if swap backing store is full
#   Decrease Java heap size (-Xmx/-Xms)
#   Decrease number of Java threads
#   Decrease Java thread stack sizes (-Xss)
#   Set larger code cache with -XX:ReservedCodeCacheSize=
#   JVM is running with Unscaled Compressed Oops mode in which the Java heap is
#     placed in the first 4GB address space. The Java Heap base address is the
#     maximum limit for the native heap growth. Please use -XX:HeapBaseMinAddress
#     to set the Java Heap base and to place the Java Heap above 4GB virtual address.
# This output file may be truncated or incomplete.
#
#  Out of Memory Error (virtualSpaceNode.cpp:110), pid=294456, tid=279140
#
# JRE version: Java(TM) SE Runtime Environment (20.0.1+9) (build 20.0.1+9-29)
# Java VM: Java HotSpot(TM) 64-Bit Server VM (20.0.1+9-29, mixed mode, sharing, tiered, compressed oops, compressed class ptrs, g1 gc, windows-amd64)
# No core dump will be written. Minidumps are not enabled by default on client versions of Windows
#

---------------  S U M M A R Y ------------

Command Line: -Dclassworlds.conf=C:\Program Files\NetBeans-21\netbeans\java\maven\bin\m2.conf -Dmaven.home=C:\Program Files\NetBeans-21\netbeans\java\maven -Dlibrary.jansi.path=C:\Program Files\NetBeans-21\netbeans\java\maven\lib\jansi-native -Dmaven.multiModuleProjectDirectory=C:\trilhaJava\pos-graduacao\utfpr-pos-graduacao\8-java-redes\atividade04\servidorclientethread org.codehaus.plexus.classworlds.launcher.Launcher -Dexec.vmArgs= -Dexec.args=${exec.vmArgs} -classpath %classpath ${exec.mainClass} ${exec.appArgs} -Dexec.appArgs= -Dexec.mainClass=local.javaredes.Servidorclientethread -Dexec.executable=C:\Program Files\Java\jdk-20\bin\java.exe -Dmaven.ext.class.path=C:\Program Files\NetBeans-21\netbeans\java\maven-nblib\netbeans-eventspy.jar --no-transfer-progress process-classes org.codehaus.mojo:exec-maven-plugin:3.1.0:exec

Host: 11th Gen Intel(R) Core(TM) i5-1135G7 @ 2.40GHz, 8 cores, 7G,  Windows 11 , 64 bit Build 22621 (10.0.22621.3958)
Time: Wed Oct  2 17:04:59 2024 Hora oficial do Brasil elapsed time: 159.921908 seconds (0d 0h 2m 39s)

---------------  T H R E A D  ---------------

Current thread (0x00000219ff6dd0f0):  JavaThread "C1 CompilerThread0" daemon [_thread_in_vm, id=279140, stack(0x000000a013000000,0x000000a013100000)]


Current CompileTask:
C1: 159922 1611   !   3       com.google.inject.spi.InjectionPoint::getInjectionPoints (491 bytes)

Stack: [0x000000a013000000,0x000000a013100000]
Native frames: (J=compiled Java code, j=interpreted, Vv=VM code, C=native code)
V  [jvm.dll+0x6bb95a]
V  [jvm.dll+0x8485fa]
V  [jvm.dll+0x84a1f5]
V  [jvm.dll+0x84a8f3]
V  [jvm.dll+0x280b0f]
V  [jvm.dll+0x84453b]
V  [jvm.dll+0x65fd86]
V  [jvm.dll+0x1eb4e7]
V  [jvm.dll+0x6627a2]
V  [jvm.dll+0x66258e]
V  [jvm.dll+0x66079e]
V  [jvm.dll+0x671bfa]
V  [jvm.dll+0x66b122]
V  [jvm.dll+0x1f8f90]
V  [jvm.dll+0x1f9178]
V  [jvm.dll+0x15804e]
V  [jvm.dll+0x158384]
V  [jvm.dll+0x1577c6]
V  [jvm.dll+0x1594fd]
V  [jvm.dll+0x259e1b]
V  [jvm.dll+0x2584f0]
V  [jvm.dll+0x3f2895]
V  [jvm.dll+0x7f4b56]
V  [jvm.dll+0x6ba5cb]
C  [ucrtbase.dll+0x29333]
C  [KERNEL32.DLL+0x1257d]
C  [ntdll.dll+0x5af28]


---------------  P R O C E S S  ---------------

Threads class SMR info:
_java_thread_list=0x000002199f10d610, length=11, elements={
0x00000219fdd0c580, 0x00000219ff6d2ac0, 0x00000219ff6d3880, 0x00000219ff6d4570,
0x00000219ff6d5fb0, 0x00000219ff6d69e0, 0x00000219ff6d7410, 0x00000219ff6d9090,
0x00000219ff6dd0f0, 0x000002199f106250, 0x000002199f117a70
}

Java Threads: ( => current thread )
  0x00000219fdd0c580 JavaThread "main" [_thread_in_vm, id=298068, stack(0x000000a012200000,0x000000a012300000)]
  0x00000219ff6d2ac0 JavaThread "Reference Handler" daemon [_thread_blocked, id=304052, stack(0x000000a012900000,0x000000a012a00000)]
  0x00000219ff6d3880 JavaThread "Finalizer" daemon [_thread_blocked, id=304360, stack(0x000000a012a00000,0x000000a012b00000)]
  0x00000219ff6d4570 JavaThread "Signal Dispatcher" daemon [_thread_blocked, id=303092, stack(0x000000a012b00000,0x000000a012c00000)]
  0x00000219ff6d5fb0 JavaThread "Attach Listener" daemon [_thread_blocked, id=304268, stack(0x000000a012c00000,0x000000a012d00000)]
  0x00000219ff6d69e0 JavaThread "Service Thread" daemon [_thread_blocked, id=304120, stack(0x000000a012d00000,0x000000a012e00000)]
  0x00000219ff6d7410 JavaThread "Monitor Deflation Thread" daemon [_thread_blocked, id=304124, stack(0x000000a012e00000,0x000000a012f00000)]
  0x00000219ff6d9090 JavaThread "C2 CompilerThread0" daemon [_thread_blocked, id=304420, stack(0x000000a012f00000,0x000000a013000000)]
=>0x00000219ff6dd0f0 JavaThread "C1 CompilerThread0" daemon [_thread_in_vm, id=279140, stack(0x000000a013000000,0x000000a013100000)]
  0x000002199f106250 JavaThread "Notification Thread" daemon [_thread_blocked, id=301776, stack(0x000000a013100000,0x000000a013200000)]
  0x000002199f117a70 JavaThread "Common-Cleaner" daemon [_thread_blocked, id=291336, stack(0x000000a013300000,0x000000a013400000)]

Other Threads:
  0x00000219ff6affd0 VMThread "VM Thread" [stack: 0x000000a012800000,0x000000a012900000] [id=302832] _threads_hazard_ptr=0x000002199f10d610
  0x000002199f10cbd0 WatcherThread "VM Periodic Task Thread" [stack: 0x000000a013200000,0x000000a013300000] [id=298176]
  0x00000219fdd691e0 WorkerThread "GC Thread#0" [stack: 0x000000a012300000,0x000000a012400000] [id=300328]
  0x000002199f938540 WorkerThread "GC Thread#1" [stack: 0x000000a011f00000,0x000000a012000000] [id=314320]
  0x000002199f938810 WorkerThread "GC Thread#2" [stack: 0x000000a012000000,0x000000a012100000] [id=280196]
  0x000002199f937460 WorkerThread "GC Thread#3" [stack: 0x000000a012100000,0x000000a012200000] [id=280216]
  0x000002199f937a00 WorkerThread "GC Thread#4" [stack: 0x000000a013400000,0x000000a013500000] [id=282256]
  0x000002199f938ae0 WorkerThread "GC Thread#5" [stack: 0x000000a013500000,0x000000a013600000] [id=280904]
  0x000002199f937fa0 WorkerThread "GC Thread#6" [stack: 0x000000a013600000,0x000000a013700000] [id=280884]
  0x000002199f938db0 WorkerThread "GC Thread#7" [stack: 0x000000a013700000,0x000000a013800000] [id=264032]
  0x00000219fdd79870 ConcurrentGCThread "G1 Main Marker" [stack: 0x000000a012400000,0x000000a012500000] [id=301616]
  0x00000219fdd7a2a0 WorkerThread "G1 Conc#0" [stack: 0x000000a012500000,0x000000a012600000] [id=301664]
  0x00000219fddbe170 ConcurrentGCThread "G1 Refine#0" [stack: 0x000000a012600000,0x000000a012700000] [id=301696]
  0x00000219fddbec10 ConcurrentGCThread "G1 Service" [stack: 0x000000a012700000,0x000000a012800000] [id=294476]

Threads with active compile tasks:
C1 CompilerThread0   162184 1611   !   3       com.google.inject.spi.InjectionPoint::getInjectionPoints (491 bytes)

VM state: synchronizing (normal execution)

VM Mutex/Monitor currently owned by a thread:  ([mutex/lock_event])
[0x00000219fdd050b0] Metaspace_lock - owner thread: 0x00000219ff6dd0f0
[0x00000219fdd06270] Threads_lock - owner thread: 0x00000219ff6affd0

Heap address: 0x0000000084400000, size: 1980 MB, Compressed Oops mode: 32-bit

CDS archive(s) mapped at: [0x0000000800000000-0x0000000800c60000-0x0000000800c60000), size 12976128, SharedBaseAddress: 0x0000000800000000, ArchiveRelocationMode: 0.
Compressed class space mapped at: 0x0000000801000000-0x0000000841000000, reserved size: 1073741824
Narrow klass base: 0x0000000800000000, Narrow klass shift: 0, Narrow klass range: 0x100000000

GC Precious Log:
 CardTable entry size: 512
 Card Set container configuration: InlinePtr #cards 5 size 8 Array Of Cards #cards 12 size 40 Howl #buckets 4 coarsen threshold 1843 Howl Bitmap #cards 512 size 80 coarsen threshold 460 Card regions per heap region 1 cards per card region 2048
 CPUs: 8 total, 8 available
 Memory: 7914M
 Large Page Support: Disabled
 NUMA Support: Disabled
 Compressed Oops: Enabled (32-bit)
 Heap Region Size: 1M
 Heap Min Capacity: 8M
 Heap Initial Capacity: 124M
 Heap Max Capacity: 1980M
 Pre-touch: Disabled
 Parallel Workers: 8
 Concurrent Workers: 2
 Concurrent Refinement Workers: 8
 Periodic GC: Disabled

Heap:
 garbage-first heap   total 126976K, used 10588K [0x0000000084400000, 0x0000000100000000)
  region size 1024K, 8 young (8192K), 1 survivors (1024K)
 Metaspace       used 7517K, committed 7680K, reserved 1114112K
  class space    used 862K, committed 960K, reserved 1048576K

Heap Regions: E=young(eden), S=young(survivor), O=old, HS=humongous(starts), HC=humongous(continues), CS=collection set, F=free, OA=open archive, CA=closed archive, TAMS=top-at-mark-start, PB=parsable bottom
|   0|0x0000000084400000, 0x0000000084500000, 0x0000000084500000|100%| O|  |TAMS 0x0000000084400000| PB 0x0000000084400000| Untracked 
|   1|0x0000000084500000, 0x0000000084600000, 0x0000000084600000|100%| O|  |TAMS 0x0000000084500000| PB 0x0000000084500000| Untracked 
|   2|0x0000000084600000, 0x0000000084700000, 0x0000000084700000|100%| O|  |TAMS 0x0000000084600000| PB 0x0000000084600000| Untracked 
|   3|0x0000000084700000, 0x00000000847cc600, 0x0000000084800000| 79%| O|  |TAMS 0x0000000084700000| PB 0x0000000084700000| Untracked 
|   4|0x0000000084800000, 0x0000000084800000, 0x0000000084900000|  0%| F|  |TAMS 0x0000000084800000| PB 0x0000000084800000| Untracked 
|   5|0x0000000084900000, 0x0000000084900000, 0x0000000084a00000|  0%| F|  |TAMS 0x0000000084900000| PB 0x0000000084900000| Untracked 
|   6|0x0000000084a00000, 0x0000000084a00000, 0x0000000084b00000|  0%| F|  |TAMS 0x0000000084a00000| PB 0x0000000084a00000| Untracked 
|   7|0x0000000084b00000, 0x0000000084b00000, 0x0000000084c00000|  0%| F|  |TAMS 0x0000000084b00000| PB 0x0000000084b00000| Untracked 
|   8|0x0000000084c00000, 0x0000000084c00000, 0x0000000084d00000|  0%| F|  |TAMS 0x0000000084c00000| PB 0x0000000084c00000| Untracked 
|   9|0x0000000084d00000, 0x0000000084d00000, 0x0000000084e00000|  0%| F|  |TAMS 0x0000000084d00000| PB 0x0000000084d00000| Untracked 
|  10|0x0000000084e00000, 0x0000000084e00000, 0x0000000084f00000|  0%| F|  |TAMS 0x0000000084e00000| PB 0x0000000084e00000| Untracked 
|  11|0x0000000084f00000, 0x0000000084f00000, 0x0000000085000000|  0%| F|  |TAMS 0x0000000084f00000| PB 0x0000000084f00000| Untracked 
|  12|0x0000000085000000, 0x0000000085000000, 0x0000000085100000|  0%| F|  |TAMS 0x0000000085000000| PB 0x0000000085000000| Untracked 
|  13|0x0000000085100000, 0x0000000085100000, 0x0000000085200000|  0%| F|  |TAMS 0x0000000085100000| PB 0x0000000085100000| Untracked 
|  14|0x0000000085200000, 0x0000000085200000, 0x0000000085300000|  0%| F|  |TAMS 0x0000000085200000| PB 0x0000000085200000| Untracked 
|  15|0x0000000085300000, 0x0000000085300000, 0x0000000085400000|  0%| F|  |TAMS 0x0000000085300000| PB 0x0000000085300000| Untracked 
|  16|0x0000000085400000, 0x0000000085400000, 0x0000000085500000|  0%| F|  |TAMS 0x0000000085400000| PB 0x0000000085400000| Untracked 
|  17|0x0000000085500000, 0x0000000085500000, 0x0000000085600000|  0%| F|  |TAMS 0x0000000085500000| PB 0x0000000085500000| Untracked 
|  18|0x0000000085600000, 0x0000000085600000, 0x0000000085700000|  0%| F|  |TAMS 0x0000000085600000| PB 0x0000000085600000| Untracked 
|  19|0x0000000085700000, 0x0000000085700000, 0x0000000085800000|  0%| F|  |TAMS 0x0000000085700000| PB 0x0000000085700000| Untracked 
|  20|0x0000000085800000, 0x0000000085800000, 0x0000000085900000|  0%| F|  |TAMS 0x0000000085800000| PB 0x0000000085800000| Untracked 
|  21|0x0000000085900000, 0x0000000085900000, 0x0000000085a00000|  0%| F|  |TAMS 0x0000000085900000| PB 0x0000000085900000| Untracked 
|  22|0x0000000085a00000, 0x0000000085a00000, 0x0000000085b00000|  0%| F|  |TAMS 0x0000000085a00000| PB 0x0000000085a00000| Untracked 
|  23|0x0000000085b00000, 0x0000000085b00000, 0x0000000085c00000|  0%| F|  |TAMS 0x0000000085b00000| PB 0x0000000085b00000| Untracked 
|  24|0x0000000085c00000, 0x0000000085c00000, 0x0000000085d00000|  0%| F|  |TAMS 0x0000000085c00000| PB 0x0000000085c00000| Untracked 
|  25|0x0000000085d00000, 0x0000000085d00000, 0x0000000085e00000|  0%| F|  |TAMS 0x0000000085d00000| PB 0x0000000085d00000| Untracked 
|  26|0x0000000085e00000, 0x0000000085e00000, 0x0000000085f00000|  0%| F|  |TAMS 0x0000000085e00000| PB 0x0000000085e00000| Untracked 
|  27|0x0000000085f00000, 0x0000000085f00000, 0x0000000086000000|  0%| F|  |TAMS 0x0000000085f00000| PB 0x0000000085f00000| Untracked 
|  28|0x0000000086000000, 0x0000000086000000, 0x0000000086100000|  0%| F|  |TAMS 0x0000000086000000| PB 0x0000000086000000| Untracked 
|  29|0x0000000086100000, 0x0000000086100000, 0x0000000086200000|  0%| F|  |TAMS 0x0000000086100000| PB 0x0000000086100000| Untracked 
|  30|0x0000000086200000, 0x0000000086200000, 0x0000000086300000|  0%| F|  |TAMS 0x0000000086200000| PB 0x0000000086200000| Untracked 
|  31|0x0000000086300000, 0x0000000086300000, 0x0000000086400000|  0%| F|  |TAMS 0x0000000086300000| PB 0x0000000086300000| Untracked 
|  32|0x0000000086400000, 0x0000000086400000, 0x0000000086500000|  0%| F|  |TAMS 0x0000000086400000| PB 0x0000000086400000| Untracked 
|  33|0x0000000086500000, 0x0000000086500000, 0x0000000086600000|  0%| F|  |TAMS 0x0000000086500000| PB 0x0000000086500000| Untracked 
|  34|0x0000000086600000, 0x0000000086600000, 0x0000000086700000|  0%| F|  |TAMS 0x0000000086600000| PB 0x0000000086600000| Untracked 
|  35|0x0000000086700000, 0x0000000086700000, 0x0000000086800000|  0%| F|  |TAMS 0x0000000086700000| PB 0x0000000086700000| Untracked 
|  36|0x0000000086800000, 0x0000000086800000, 0x0000000086900000|  0%| F|  |TAMS 0x0000000086800000| PB 0x0000000086800000| Untracked 
|  37|0x0000000086900000, 0x0000000086900000, 0x0000000086a00000|  0%| F|  |TAMS 0x0000000086900000| PB 0x0000000086900000| Untracked 
|  38|0x0000000086a00000, 0x0000000086a00000, 0x0000000086b00000|  0%| F|  |TAMS 0x0000000086a00000| PB 0x0000000086a00000| Untracked 
|  39|0x0000000086b00000, 0x0000000086b00000, 0x0000000086c00000|  0%| F|  |TAMS 0x0000000086b00000| PB 0x0000000086b00000| Untracked 
|  40|0x0000000086c00000, 0x0000000086c00000, 0x0000000086d00000|  0%| F|  |TAMS 0x0000000086c00000| PB 0x0000000086c00000| Untracked 
|  41|0x0000000086d00000, 0x0000000086d00000, 0x0000000086e00000|  0%| F|  |TAMS 0x0000000086d00000| PB 0x0000000086d00000| Untracked 
|  42|0x0000000086e00000, 0x0000000086e00000, 0x0000000086f00000|  0%| F|  |TAMS 0x0000000086e00000| PB 0x0000000086e00000| Untracked 
|  43|0x0000000086f00000, 0x0000000086f00000, 0x0000000087000000|  0%| F|  |TAMS 0x0000000086f00000| PB 0x0000000086f00000| Untracked 
|  44|0x0000000087000000, 0x0000000087000000, 0x0000000087100000|  0%| F|  |TAMS 0x0000000087000000| PB 0x0000000087000000| Untracked 
|  45|0x0000000087100000, 0x0000000087100000, 0x0000000087200000|  0%| F|  |TAMS 0x0000000087100000| PB 0x0000000087100000| Untracked 
|  46|0x0000000087200000, 0x0000000087200000, 0x0000000087300000|  0%| F|  |TAMS 0x0000000087200000| PB 0x0000000087200000| Untracked 
|  47|0x0000000087300000, 0x0000000087300000, 0x0000000087400000|  0%| F|  |TAMS 0x0000000087300000| PB 0x0000000087300000| Untracked 
|  48|0x0000000087400000, 0x0000000087400000, 0x0000000087500000|  0%| F|  |TAMS 0x0000000087400000| PB 0x0000000087400000| Untracked 
|  49|0x0000000087500000, 0x0000000087500000, 0x0000000087600000|  0%| F|  |TAMS 0x0000000087500000| PB 0x0000000087500000| Untracked 
|  50|0x0000000087600000, 0x0000000087600000, 0x0000000087700000|  0%| F|  |TAMS 0x0000000087600000| PB 0x0000000087600000| Untracked 
|  51|0x0000000087700000, 0x0000000087700000, 0x0000000087800000|  0%| F|  |TAMS 0x0000000087700000| PB 0x0000000087700000| Untracked 
|  52|0x0000000087800000, 0x0000000087800000, 0x0000000087900000|  0%| F|  |TAMS 0x0000000087800000| PB 0x0000000087800000| Untracked 
|  53|0x0000000087900000, 0x0000000087900000, 0x0000000087a00000|  0%| F|  |TAMS 0x0000000087900000| PB 0x0000000087900000| Untracked 
|  54|0x0000000087a00000, 0x0000000087a00000, 0x0000000087b00000|  0%| F|  |TAMS 0x0000000087a00000| PB 0x0000000087a00000| Untracked 
|  55|0x0000000087b00000, 0x0000000087b00000, 0x0000000087c00000|  0%| F|  |TAMS 0x0000000087b00000| PB 0x0000000087b00000| Untracked 
|  56|0x0000000087c00000, 0x0000000087c00000, 0x0000000087d00000|  0%| F|  |TAMS 0x0000000087c00000| PB 0x0000000087c00000| Untracked 
|  57|0x0000000087d00000, 0x0000000087d00000, 0x0000000087e00000|  0%| F|  |TAMS 0x0000000087d00000| PB 0x0000000087d00000| Untracked 
|  58|0x0000000087e00000, 0x0000000087e00000, 0x0000000087f00000|  0%| F|  |TAMS 0x0000000087e00000| PB 0x0000000087e00000| Untracked 
|  59|0x0000000087f00000, 0x0000000087f00000, 0x0000000088000000|  0%| F|  |TAMS 0x0000000087f00000| PB 0x0000000087f00000| Untracked 
|  60|0x0000000088000000, 0x0000000088000000, 0x0000000088100000|  0%| F|  |TAMS 0x0000000088000000| PB 0x0000000088000000| Untracked 
|  61|0x0000000088100000, 0x0000000088100000, 0x0000000088200000|  0%| F|  |TAMS 0x0000000088100000| PB 0x0000000088100000| Untracked 
|  62|0x0000000088200000, 0x0000000088200000, 0x0000000088300000|  0%| F|  |TAMS 0x0000000088200000| PB 0x0000000088200000| Untracked 
|  63|0x0000000088300000, 0x0000000088300000, 0x0000000088400000|  0%| F|  |TAMS 0x0000000088300000| PB 0x0000000088300000| Untracked 
|  64|0x0000000088400000, 0x0000000088400000, 0x0000000088500000|  0%| F|  |TAMS 0x0000000088400000| PB 0x0000000088400000| Untracked 
|  65|0x0000000088500000, 0x0000000088500000, 0x0000000088600000|  0%| F|  |TAMS 0x0000000088500000| PB 0x0000000088500000| Untracked 
|  66|0x0000000088600000, 0x0000000088600000, 0x0000000088700000|  0%| F|  |TAMS 0x0000000088600000| PB 0x0000000088600000| Untracked 
|  67|0x0000000088700000, 0x0000000088700000, 0x0000000088800000|  0%| F|  |TAMS 0x0000000088700000| PB 0x0000000088700000| Untracked 
|  68|0x0000000088800000, 0x0000000088800000, 0x0000000088900000|  0%| F|  |TAMS 0x0000000088800000| PB 0x0000000088800000| Untracked 
|  69|0x0000000088900000, 0x0000000088900000, 0x0000000088a00000|  0%| F|  |TAMS 0x0000000088900000| PB 0x0000000088900000| Untracked 
|  70|0x0000000088a00000, 0x0000000088a00000, 0x0000000088b00000|  0%| F|  |TAMS 0x0000000088a00000| PB 0x0000000088a00000| Untracked 
|  71|0x0000000088b00000, 0x0000000088b00000, 0x0000000088c00000|  0%| F|  |TAMS 0x0000000088b00000| PB 0x0000000088b00000| Untracked 
|  72|0x0000000088c00000, 0x0000000088c00000, 0x0000000088d00000|  0%| F|  |TAMS 0x0000000088c00000| PB 0x0000000088c00000| Untracked 
|  73|0x0000000088d00000, 0x0000000088d00000, 0x0000000088e00000|  0%| F|  |TAMS 0x0000000088d00000| PB 0x0000000088d00000| Untracked 
|  74|0x0000000088e00000, 0x0000000088e00000, 0x0000000088f00000|  0%| F|  |TAMS 0x0000000088e00000| PB 0x0000000088e00000| Untracked 
|  75|0x0000000088f00000, 0x0000000088f00000, 0x0000000089000000|  0%| F|  |TAMS 0x0000000088f00000| PB 0x0000000088f00000| Untracked 
|  76|0x0000000089000000, 0x0000000089000000, 0x0000000089100000|  0%| F|  |TAMS 0x0000000089000000| PB 0x0000000089000000| Untracked 
|  77|0x0000000089100000, 0x0000000089100000, 0x0000000089200000|  0%| F|  |TAMS 0x0000000089100000| PB 0x0000000089100000| Untracked 
|  78|0x0000000089200000, 0x0000000089200000, 0x0000000089300000|  0%| F|  |TAMS 0x0000000089200000| PB 0x0000000089200000| Untracked 
|  79|0x0000000089300000, 0x0000000089300000, 0x0000000089400000|  0%| F|  |TAMS 0x0000000089300000| PB 0x0000000089300000| Untracked 
|  80|0x0000000089400000, 0x0000000089400000, 0x0000000089500000|  0%| F|  |TAMS 0x0000000089400000| PB 0x0000000089400000| Untracked 
|  81|0x0000000089500000, 0x0000000089500000, 0x0000000089600000|  0%| F|  |TAMS 0x0000000089500000| PB 0x0000000089500000| Untracked 
|  82|0x0000000089600000, 0x0000000089600000, 0x0000000089700000|  0%| F|  |TAMS 0x0000000089600000| PB 0x0000000089600000| Untracked 
|  83|0x0000000089700000, 0x0000000089700000, 0x0000000089800000|  0%| F|  |TAMS 0x0000000089700000| PB 0x0000000089700000| Untracked 
|  84|0x0000000089800000, 0x0000000089800000, 0x0000000089900000|  0%| F|  |TAMS 0x0000000089800000| PB 0x0000000089800000| Untracked 
|  85|0x0000000089900000, 0x0000000089900000, 0x0000000089a00000|  0%| F|  |TAMS 0x0000000089900000| PB 0x0000000089900000| Untracked 
|  86|0x0000000089a00000, 0x0000000089a00000, 0x0000000089b00000|  0%| F|  |TAMS 0x0000000089a00000| PB 0x0000000089a00000| Untracked 
|  87|0x0000000089b00000, 0x0000000089b00000, 0x0000000089c00000|  0%| F|  |TAMS 0x0000000089b00000| PB 0x0000000089b00000| Untracked 
|  88|0x0000000089c00000, 0x0000000089c00000, 0x0000000089d00000|  0%| F|  |TAMS 0x0000000089c00000| PB 0x0000000089c00000| Untracked 
|  89|0x0000000089d00000, 0x0000000089d00000, 0x0000000089e00000|  0%| F|  |TAMS 0x0000000089d00000| PB 0x0000000089d00000| Untracked 
|  90|0x0000000089e00000, 0x0000000089e00000, 0x0000000089f00000|  0%| F|  |TAMS 0x0000000089e00000| PB 0x0000000089e00000| Untracked 
|  91|0x0000000089f00000, 0x0000000089f00000, 0x000000008a000000|  0%| F|  |TAMS 0x0000000089f00000| PB 0x0000000089f00000| Untracked 
|  92|0x000000008a000000, 0x000000008a000000, 0x000000008a100000|  0%| F|  |TAMS 0x000000008a000000| PB 0x000000008a000000| Untracked 
|  93|0x000000008a100000, 0x000000008a100000, 0x000000008a200000|  0%| F|  |TAMS 0x000000008a100000| PB 0x000000008a100000| Untracked 
|  94|0x000000008a200000, 0x000000008a200000, 0x000000008a300000|  0%| F|  |TAMS 0x000000008a200000| PB 0x000000008a200000| Untracked 
|  95|0x000000008a300000, 0x000000008a300000, 0x000000008a400000|  0%| F|  |TAMS 0x000000008a300000| PB 0x000000008a300000| Untracked 
|  96|0x000000008a400000, 0x000000008a400000, 0x000000008a500000|  0%| F|  |TAMS 0x000000008a400000| PB 0x000000008a400000| Untracked 
|  97|0x000000008a500000, 0x000000008a500000, 0x000000008a600000|  0%| F|  |TAMS 0x000000008a500000| PB 0x000000008a500000| Untracked 
|  98|0x000000008a600000, 0x000000008a600000, 0x000000008a700000|  0%| F|  |TAMS 0x000000008a600000| PB 0x000000008a600000| Untracked 
|  99|0x000000008a700000, 0x000000008a700000, 0x000000008a800000|  0%| F|  |TAMS 0x000000008a700000| PB 0x000000008a700000| Untracked 
| 100|0x000000008a800000, 0x000000008a800000, 0x000000008a900000|  0%| F|  |TAMS 0x000000008a800000| PB 0x000000008a800000| Untracked 
| 101|0x000000008a900000, 0x000000008a900000, 0x000000008aa00000|  0%| F|  |TAMS 0x000000008a900000| PB 0x000000008a900000| Untracked 
| 102|0x000000008aa00000, 0x000000008aa00000, 0x000000008ab00000|  0%| F|  |TAMS 0x000000008aa00000| PB 0x000000008aa00000| Untracked 
| 103|0x000000008ab00000, 0x000000008ab00000, 0x000000008ac00000|  0%| F|  |TAMS 0x000000008ab00000| PB 0x000000008ab00000| Untracked 
| 104|0x000000008ac00000, 0x000000008ac00000, 0x000000008ad00000|  0%| F|  |TAMS 0x000000008ac00000| PB 0x000000008ac00000| Untracked 
| 105|0x000000008ad00000, 0x000000008ad00000, 0x000000008ae00000|  0%| F|  |TAMS 0x000000008ad00000| PB 0x000000008ad00000| Untracked 
| 106|0x000000008ae00000, 0x000000008ae00000, 0x000000008af00000|  0%| F|  |TAMS 0x000000008ae00000| PB 0x000000008ae00000| Untracked 
| 107|0x000000008af00000, 0x000000008af00000, 0x000000008b000000|  0%| F|  |TAMS 0x000000008af00000| PB 0x000000008af00000| Untracked 
| 108|0x000000008b000000, 0x000000008b000000, 0x000000008b100000|  0%| F|  |TAMS 0x000000008b000000| PB 0x000000008b000000| Untracked 
| 109|0x000000008b100000, 0x000000008b100000, 0x000000008b200000|  0%| F|  |TAMS 0x000000008b100000| PB 0x000000008b100000| Untracked 
| 110|0x000000008b200000, 0x000000008b200000, 0x000000008b300000|  0%| F|  |TAMS 0x000000008b200000| PB 0x000000008b200000| Untracked 
| 111|0x000000008b300000, 0x000000008b300000, 0x000000008b400000|  0%| F|  |TAMS 0x000000008b300000| PB 0x000000008b300000| Untracked 
| 112|0x000000008b400000, 0x000000008b400000, 0x000000008b500000|  0%| F|  |TAMS 0x000000008b400000| PB 0x000000008b400000| Untracked 
| 113|0x000000008b500000, 0x000000008b500000, 0x000000008b600000|  0%| F|  |TAMS 0x000000008b500000| PB 0x000000008b500000| Untracked 
| 114|0x000000008b600000, 0x000000008b68adc0, 0x000000008b700000| 54%| S|CS|TAMS 0x000000008b600000| PB 0x000000008b600000| Complete 
| 115|0x000000008b700000, 0x000000008b700000, 0x000000008b800000|  0%| F|  |TAMS 0x000000008b700000| PB 0x000000008b700000| Untracked 
| 116|0x000000008b800000, 0x000000008b800000, 0x000000008b900000|  0%| F|  |TAMS 0x000000008b800000| PB 0x000000008b800000| Untracked 
| 117|0x000000008b900000, 0x000000008b97f048, 0x000000008ba00000| 49%| E|  |TAMS 0x000000008b900000| PB 0x000000008b900000| Complete 
| 118|0x000000008ba00000, 0x000000008bb00000, 0x000000008bb00000|100%| E|CS|TAMS 0x000000008ba00000| PB 0x000000008ba00000| Complete 
| 119|0x000000008bb00000, 0x000000008bc00000, 0x000000008bc00000|100%| E|CS|TAMS 0x000000008bb00000| PB 0x000000008bb00000| Complete 
| 120|0x000000008bc00000, 0x000000008bd00000, 0x000000008bd00000|100%| E|CS|TAMS 0x000000008bc00000| PB 0x000000008bc00000| Complete 
| 121|0x000000008bd00000, 0x000000008be00000, 0x000000008be00000|100%| E|CS|TAMS 0x000000008bd00000| PB 0x000000008bd00000| Complete 
| 122|0x000000008be00000, 0x000000008bf00000, 0x000000008bf00000|100%| E|CS|TAMS 0x000000008be00000| PB 0x000000008be00000| Complete 
| 123|0x000000008bf00000, 0x000000008c000000, 0x000000008c000000|100%| E|CS|TAMS 0x000000008bf00000| PB 0x000000008bf00000| Complete 

Card table byte_map: [0x00000219fe4d0000,0x00000219fe8b0000] _byte_map_base: 0x00000219fe0ae000

Marking Bits: (CMBitMap*) 0x00000219fdd69810
 Bits: [0x0000021996ff0000, 0x0000021998ee0000)

Polling page: 0x00000219fbcb0000

Metaspace:

Usage:
  Non-class:      6.50 MB used.
      Class:    862.67 KB used.
       Both:      7.34 MB used.

Virtual space:
  Non-class space:       64.00 MB reserved,       6.56 MB ( 10%) committed,  1 nodes.
      Class space:        1.00 GB reserved,     960.00 KB ( <1%) committed,  1 nodes.
             Both:        1.06 GB reserved,       7.50 MB ( <1%) committed. 

Chunk freelists:
   Non-Class:  3.86 MB
       Class:  3.10 MB
        Both:  6.96 MB

MaxMetaspaceSize: unlimited
CompressedClassSpaceSize: 1.00 GB
Initial GC threshold: 21.00 MB
Current GC threshold: 21.00 MB
CDS: on
MetaspaceReclaimPolicy: balanced
 - commit_granule_bytes: 65536.
 - commit_granule_words: 8192.
 - virtual_space_node_default_size: 8388608.
 - enlarge_chunks_in_place: 1.
 - new_chunks_are_fully_committed: 0.
 - uncommit_free_chunks: 1.
 - use_allocation_guard: 0.


Internal statistics:

num_allocs_failed_limit: 0.
num_arena_births: 56.
num_arena_deaths: 0.
num_vsnodes_births: 2.
num_vsnodes_deaths: 0.
num_space_committed: 120.
num_space_uncommitted: 0.
num_chunks_returned_to_freelist: 0.
num_chunks_taken_from_freelist: 274.
num_chunk_merges: 0.
num_chunk_splits: 188.
num_chunks_enlarged: 157.
num_inconsistent_stats: 0.

CodeHeap 'non-profiled nmethods': size=120000Kb used=579Kb max_used=579Kb free=119420Kb
 bounds [0x000002198fac0000, 0x000002198fd30000, 0x0000021996ff0000]
CodeHeap 'profiled nmethods': size=120000Kb used=3168Kb max_used=3168Kb free=116831Kb
 bounds [0x0000021987ff0000, 0x0000021988310000, 0x000002198f520000]
CodeHeap 'non-nmethods': size=5760Kb used=1517Kb max_used=1543Kb free=4242Kb
 bounds [0x000002198f520000, 0x000002198f790000, 0x000002198fac0000]
 total_blobs=2065 nmethods=1610 adapters=366
 compilation: enabled
              stopped_count=0, restarted_count=0
 full_count=0

Compilation events (20 events):
Event: 157.848 Thread 0x00000219ff6dd0f0 nmethod 1601 0x000002198fb4f710 code [0x000002198fb4f880, 0x000002198fb4f948]
Event: 157.849 Thread 0x00000219ff6dd0f0 1602       3       java.util.LinkedHashMap$LinkedValueIterator::next (8 bytes)
Event: 157.849 Thread 0x00000219ff6dd0f0 nmethod 1602 0x0000021988304b90 code [0x0000021988304d20, 0x0000021988304e60]
Event: 157.851 Thread 0x00000219ff6dd0f0 1603       3       java.util.Spliterators::spliterator (25 bytes)
Event: 157.852 Thread 0x00000219ff6dd0f0 nmethod 1603 0x0000021988304f10 code [0x00000219883050e0, 0x0000021988305430]
Event: 157.852 Thread 0x00000219ff6dd0f0 1604       3       java.lang.invoke.MemberName::isCallerSensitive (8 bytes)
Event: 157.852 Thread 0x00000219ff6dd0f0 nmethod 1604 0x0000021988305590 code [0x0000021988305720, 0x00000219883058f8]
Event: 158.006 Thread 0x00000219ff6dd0f0 1605       3       java.util.Arrays::asList (9 bytes)
Event: 158.007 Thread 0x00000219ff6dd0f0 nmethod 1605 0x0000021988305990 code [0x0000021988305b60, 0x0000021988305fe8]
Event: 158.007 Thread 0x00000219ff6dd0f0 1606       3       java.util.Arrays$ArrayList::<init> (16 bytes)
Event: 158.008 Thread 0x00000219ff6d9090 1608       4       java.util.Comparator$$Lambda$58/0x0000000801069400::compare (16 bytes)
Event: 158.008 Thread 0x00000219ff6dd0f0 nmethod 1606 0x0000021988306190 code [0x0000021988306340, 0x0000021988306728]
Event: 158.008 Thread 0x00000219ff6dd0f0 1607       3       java.util.Arrays$ArrayItr::hasNext (18 bytes)
Event: 158.008 Thread 0x00000219ff6dd0f0 nmethod 1607 0x0000021988306890 code [0x0000021988306a20, 0x0000021988306b98]
Event: 158.019 Thread 0x00000219ff6d9090 nmethod 1608 0x000002198fb4fa10 code [0x000002198fb4fc00, 0x000002198fb50500]
Event: 158.107 Thread 0x00000219ff6dd0f0 1609       3       java.lang.Class::getDeclaredFields (27 bytes)
Event: 158.108 Thread 0x00000219ff6dd0f0 nmethod 1609 0x0000021988306c90 code [0x0000021988306e40, 0x0000021988307098]
Event: 158.108 Thread 0x00000219ff6dd0f0 1610       3       java.lang.Class::copyFields (36 bytes)
Event: 158.109 Thread 0x00000219ff6dd0f0 nmethod 1610 0x0000021988307190 code [0x00000219883073e0, 0x0000021988307e50]
Event: 158.182 Thread 0x00000219ff6dd0f0 1611   !   3       com.google.inject.spi.InjectionPoint::getInjectionPoints (491 bytes)

GC Heap History (6 events):
Event: 135.242 GC heap before
{Heap before GC invocations=0 (full 0):
 garbage-first heap   total 126976K, used 23552K [0x0000000084400000, 0x0000000100000000)
  region size 1024K, 23 young (23552K), 0 survivors (0K)
 Metaspace       used 5741K, committed 5952K, reserved 1114112K
  class space    used 659K, committed 768K, reserved 1048576K
}
Event: 140.691 GC heap after
{Heap after GC invocations=1 (full 0):
 garbage-first heap   total 126976K, used 3808K [0x0000000084400000, 0x0000000100000000)
  region size 1024K, 3 young (3072K), 3 survivors (3072K)
 Metaspace       used 5741K, committed 5952K, reserved 1114112K
  class space    used 659K, committed 768K, reserved 1048576K
}
Event: 143.051 GC heap before
{Heap before GC invocations=1 (full 0):
 garbage-first heap   total 126976K, used 6880K [0x0000000084400000, 0x0000000100000000)
  region size 1024K, 6 young (6144K), 3 survivors (3072K)
 Metaspace       used 5924K, committed 6080K, reserved 1114112K
  class space    used 686K, committed 768K, reserved 1048576K
}
Event: 143.225 GC heap after
{Heap after GC invocations=2 (full 0):
 garbage-first heap   total 126976K, used 4429K [0x0000000084400000, 0x0000000100000000)
  region size 1024K, 1 young (1024K), 1 survivors (1024K)
 Metaspace       used 5924K, committed 6080K, reserved 1114112K
  class space    used 686K, committed 768K, reserved 1048576K
}
Event: 152.754 GC heap before
{Heap before GC invocations=2 (full 0):
 garbage-first heap   total 126976K, used 11597K [0x0000000084400000, 0x0000000100000000)
  region size 1024K, 9 young (9216K), 1 survivors (1024K)
 Metaspace       used 6860K, committed 7040K, reserved 1114112K
  class space    used 784K, committed 896K, reserved 1048576K
}
Event: 152.756 GC heap after
{Heap after GC invocations=3 (full 0):
 garbage-first heap   total 126976K, used 4444K [0x0000000084400000, 0x0000000100000000)
  region size 1024K, 1 young (1024K), 1 survivors (1024K)
 Metaspace       used 6860K, committed 7040K, reserved 1114112K
  class space    used 784K, committed 896K, reserved 1048576K
}

Dll operation events (8 events):
Event: 0.234 Loaded shared library C:\Program Files\Java\jdk-20\bin\java.dll
Event: 2.616 Loaded shared library C:\Program Files\Java\jdk-20\bin\jsvml.dll
Event: 4.217 Loaded shared library C:\Program Files\Java\jdk-20\bin\net.dll
Event: 4.433 Loaded shared library C:\Program Files\Java\jdk-20\bin\nio.dll
Event: 4.652 Loaded shared library C:\Program Files\Java\jdk-20\bin\zip.dll
Event: 108.435 Loaded shared library C:\Program Files\Java\jdk-20\bin\jimage.dll
Event: 110.049 Loaded shared library C:\Program Files\NetBeans-21\netbeans\java\maven\lib\jansi-native\Windows\x86_64\jansi.dll
Event: 110.086 Loaded shared library C:\Program Files\Java\jdk-20\bin\verify.dll

Deoptimization events (20 events):
Event: 152.746 Thread 0x00000219fdd0c580 DEOPT PACKING pc=0x0000021988220d24 sp=0x000000a0122fe210
Event: 152.746 Thread 0x00000219fdd0c580 DEOPT UNPACKING pc=0x000002198f58e462 sp=0x000000a0122fd680 mode 0
Event: 152.768 Thread 0x00000219fdd0c580 DEOPT PACKING pc=0x000002198829cb33 sp=0x000000a0122fe060
Event: 152.768 Thread 0x00000219fdd0c580 DEOPT UNPACKING pc=0x000002198f58e462 sp=0x000000a0122fd4d0 mode 0
Event: 154.687 Thread 0x00000219fdd0c580 Uncommon trap: trap_request=0xffffffde fr.pc=0x000002198fb2284c relative=0x000000000000028c
Event: 154.687 Thread 0x00000219fdd0c580 Uncommon trap: reason=class_check action=maybe_recompile pc=0x000002198fb2284c method=java.util.HashMap.getNode(Ljava/lang/Object;)Ljava/util/HashMap$Node; @ 128 c2
Event: 154.687 Thread 0x00000219fdd0c580 DEOPT PACKING pc=0x000002198fb2284c sp=0x000000a0122fde50
Event: 154.687 Thread 0x00000219fdd0c580 DEOPT UNPACKING pc=0x000002198f53d2a2 sp=0x000000a0122fddb8 mode 2
Event: 155.210 Thread 0x00000219fdd0c580 Uncommon trap: trap_request=0xffffffde fr.pc=0x000002198fb2284c relative=0x000000000000028c
Event: 155.211 Thread 0x00000219fdd0c580 Uncommon trap: reason=class_check action=maybe_recompile pc=0x000002198fb2284c method=java.util.HashMap.getNode(Ljava/lang/Object;)Ljava/util/HashMap$Node; @ 128 c2
Event: 155.213 Thread 0x00000219fdd0c580 DEOPT PACKING pc=0x000002198fb2284c sp=0x000000a0122fde50
Event: 155.213 Thread 0x00000219fdd0c580 DEOPT UNPACKING pc=0x000002198f53d2a2 sp=0x000000a0122fddb8 mode 2
Event: 155.328 Thread 0x00000219fdd0c580 Uncommon trap: trap_request=0xffffff45 fr.pc=0x000002198fb403a8 relative=0x0000000000000ae8
Event: 155.328 Thread 0x00000219fdd0c580 Uncommon trap: reason=unstable_if action=reinterpret pc=0x000002198fb403a8 method=jdk.internal.jimage.ImageStringsReader.stringFromByteBufferMatches(Ljava/nio/ByteBuffer;ILjava/lang/String;I)I @ 48 c2
Event: 155.328 Thread 0x00000219fdd0c580 DEOPT PACKING pc=0x000002198fb403a8 sp=0x000000a0122fdff0
Event: 155.328 Thread 0x00000219fdd0c580 DEOPT UNPACKING pc=0x000002198f53d2a2 sp=0x000000a0122fdd28 mode 2
Event: 158.007 Thread 0x00000219fdd0c580 Uncommon trap: trap_request=0xffffffc6 fr.pc=0x000002198fb48f00 relative=0x00000000000002c0
Event: 158.007 Thread 0x00000219fdd0c580 Uncommon trap: reason=bimorphic_or_optimized_type_check action=maybe_recompile pc=0x000002198fb48f00 method=java.util.HashMap.getNode(Ljava/lang/Object;)Ljava/util/HashMap$Node; @ 63 c2
Event: 158.007 Thread 0x00000219fdd0c580 DEOPT PACKING pc=0x000002198fb48f00 sp=0x000000a0122fe520
Event: 158.007 Thread 0x00000219fdd0c580 DEOPT UNPACKING pc=0x000002198f53d2a2 sp=0x000000a0122fe498 mode 2

Classes loaded (20 events):
Event: 143.592 Loading class jdk/internal/foreign/MemorySessionImpl
Event: 143.592 Loading class java/lang/foreign/SegmentScope
Event: 143.592 Loading class java/lang/foreign/SegmentScope done
Event: 143.592 Loading class java/lang/foreign/SegmentAllocator
Event: 143.592 Loading class java/lang/foreign/SegmentAllocator done
Event: 143.593 Loading class jdk/internal/foreign/MemorySessionImpl done
Event: 153.429 Loading class java/lang/Deprecated
Event: 153.429 Loading class java/lang/Deprecated done
Event: 156.459 Loading class java/lang/invoke/MethodHandle$1
Event: 156.459 Loading class java/lang/invoke/MethodHandle$1 done
Event: 156.969 Loading class sun/reflect/generics/tree/BottomSignature
Event: 156.970 Loading class sun/reflect/generics/tree/BottomSignature done
Event: 156.970 Loading class sun/reflect/generics/tree/Wildcard
Event: 156.970 Loading class sun/reflect/generics/tree/Wildcard done
Event: 156.970 Loading class sun/reflect/generics/reflectiveObjects/WildcardTypeImpl
Event: 156.970 Loading class sun/reflect/generics/reflectiveObjects/WildcardTypeImpl done
Event: 156.970 Loading class sun/reflect/annotation/AnnotatedTypeFactory$AnnotatedParameterizedTypeImpl
Event: 156.970 Loading class java/lang/reflect/AnnotatedParameterizedType
Event: 156.970 Loading class java/lang/reflect/AnnotatedParameterizedType done
Event: 156.970 Loading class sun/reflect/annotation/AnnotatedTypeFactory$AnnotatedParameterizedTypeImpl done

Classes unloaded (0 events):
No events

Classes redefined (0 events):
No events

Internal exceptions (20 events):
Event: 110.073 Thread 0x00000219fdd0c580 Exception <a 'java/lang/NullPointerException'{0x000000008bbdb950}> (0x000000008bbdb950) 
thrown [s\open\src\hotspot\share\interpreter\linkResolver.cpp, line 1373]
Event: 110.073 Thread 0x00000219fdd0c580 Exception <a 'java/lang/NullPointerException'{0x000000008bbdbc30}> (0x000000008bbdbc30) 
thrown [s\open\src\hotspot\share\interpreter\linkResolver.cpp, line 1373]
Event: 110.073 Thread 0x00000219fdd0c580 Exception <a 'java/lang/NullPointerException'{0x000000008bbdbf10}> (0x000000008bbdbf10) 
thrown [s\open\src\hotspot\share\interpreter\linkResolver.cpp, line 1373]
Event: 110.083 Thread 0x00000219fdd0c580 Exception <a 'sun/nio/fs/WindowsException'{0x000000008ba15d00}> (0x000000008ba15d00) 
thrown [s\open\src\hotspot\share\prims\jni.cpp, line 519]
Event: 110.083 Thread 0x00000219fdd0c580 Exception <a 'sun/nio/fs/WindowsException'{0x000000008ba16510}> (0x000000008ba16510) 
thrown [s\open\src\hotspot\share\prims\jni.cpp, line 519]
Event: 110.084 Thread 0x00000219fdd0c580 Exception <a 'sun/nio/fs/WindowsException'{0x000000008ba16bd0}> (0x000000008ba16bd0) 
thrown [s\open\src\hotspot\share\prims\jni.cpp, line 519]
Event: 110.084 Thread 0x00000219fdd0c580 Exception <a 'sun/nio/fs/WindowsException'{0x000000008ba17220}> (0x000000008ba17220) 
thrown [s\open\src\hotspot\share\prims\jni.cpp, line 519]
Event: 110.084 Thread 0x00000219fdd0c580 Exception <a 'sun/nio/fs/WindowsException'{0x000000008ba177a8}> (0x000000008ba177a8) 
thrown [s\open\src\hotspot\share\prims\jni.cpp, line 519]
Event: 110.084 Thread 0x00000219fdd0c580 Exception <a 'sun/nio/fs/WindowsException'{0x000000008ba17d00}> (0x000000008ba17d00) 
thrown [s\open\src\hotspot\share\prims\jni.cpp, line 519]
Event: 110.084 Thread 0x00000219fdd0c580 Exception <a 'sun/nio/fs/WindowsException'{0x000000008ba181c0}> (0x000000008ba181c0) 
thrown [s\open\src\hotspot\share\prims\jni.cpp, line 519]
Event: 110.760 Thread 0x00000219fdd0c580 Exception <a 'java/lang/NoSuchMethodError'{0x000000008ba8a778}: 'void java.lang.invoke.DirectMethodHandle$Holder.invokeStatic(java.lang.Object, java.lang.Object, java.lang.Object)'> (0x000000008ba8a778) 
thrown [s\open\src\hotspot\share\interpreter\linkResolver.cpp, line 773]
Event: 119.331 Thread 0x00000219fdd0c580 Exception <a 'java/lang/NoSuchMethodError'{0x000000008b845e08}: 'java.lang.Object java.lang.invoke.DirectMethodHandle$Holder.invokeSpecialIFC(java.lang.Object, java.lang.Object, java.lang.Object, java.lang.Object)'> (0x000000008b845e08) 
thrown [s\open\src\hotspot\share\interpreter\linkResolver.cpp, line 773]
Event: 132.600 Thread 0x00000219fdd0c580 Exception <a 'java/lang/NoSuchMethodError'{0x000000008b3b30c8}: 'void java.lang.invoke.DirectMethodHandle$Holder.invokeSpecial(java.lang.Object, java.lang.Object, java.lang.Object)'> (0x000000008b3b30c8) 
thrown [s\open\src\hotspot\share\interpreter\linkResolver.cpp, line 773]
Event: 132.819 Thread 0x00000219fdd0c580 Exception <a 'java/lang/NoSuchMethodError'{0x000000008b2f8a80}: 'java.lang.Object java.lang.invoke.DirectMethodHandle$Holder.invokeInterface(java.lang.Object, java.lang.Object)'> (0x000000008b2f8a80) 
thrown [s\open\src\hotspot\share\interpreter\linkResolver.cpp, line 773]
Event: 132.931 Thread 0x00000219fdd0c580 Exception <a 'java/lang/NoSuchMethodError'{0x000000008b18de98}: 'int java.lang.invoke.DirectMethodHandle$Holder.invokeStatic(java.lang.Object, java.lang.Object, java.lang.Object, java.lang.Object)'> (0x000000008b18de98) 
thrown [s\open\src\hotspot\share\interpreter\linkResolver.cpp, line 773]
Event: 132.931 Thread 0x00000219fdd0c580 Exception <a 'java/lang/NoSuchMethodError'{0x000000008b191518}: 'java.lang.Object java.lang.invoke.Invokers$Holder.invokeExact_MT(java.lang.Object, java.lang.Object, java.lang.Object, java.lang.Object, java.lang.Object, java.lang.Object)'> (0x000000008b191518) 
thrown [s\open\src\hotspot\share\interpreter\linkResolver.cpp, line 773]
Event: 132.964 Thread 0x00000219fdd0c580 Exception <a 'java/lang/NoSuchMethodError'{0x000000008b1a1968}: 'int java.lang.invoke.DirectMethodHandle$Holder.invokeSpecialIFC(java.lang.Object, java.lang.Object, java.lang.Object, java.lang.Object, java.lang.Object)'> (0x000000008b1a1968) 
thrown [s\open\src\hotspot\share\interpreter\linkResolver.cpp, line 773]
Event: 133.837 Thread 0x00000219fdd0c580 Exception <a 'java/lang/NoSuchMethodError'{0x000000008af1ee70}: 'java.lang.Object java.lang.invoke.DirectMethodHandle$Holder.newInvokeSpecial(java.lang.Object, java.lang.Object, java.lang.Object, java.lang.Object, java.lang.Object)'> (0x000000008af1ee70) 
thrown [s\open\src\hotspot\share\interpreter\linkResolver.cpp, line 773]
Event: 134.022 Thread 0x00000219fdd0c580 Exception <a 'java/lang/NoSuchMethodError'{0x000000008ae16bb8}: 'int java.lang.invoke.DirectMethodHandle$Holder.invokeStaticInit(java.lang.Object, java.lang.Object)'> (0x000000008ae16bb8) 
thrown [s\open\src\hotspot\share\interpreter\linkResolver.cpp, line 773]
Event: 134.038 Thread 0x00000219fdd0c580 Exception <a 'java/lang/NoClassDefFoundError'{0x000000008ae4b4d8}: javax/enterprise/inject/Typed> (0x000000008ae4b4d8) 
thrown [s\open\src\hotspot\share\classfile\systemDictionary.cpp, line 294]

VM Operations (20 events):
Event: 143.050 Executing VM operation: G1CollectForAllocation
Event: 143.267 Executing VM operation: G1CollectForAllocation done
Event: 144.270 Executing VM operation: Cleanup
Event: 144.310 Executing VM operation: Cleanup done
Event: 145.310 Executing VM operation: Cleanup
Event: 145.345 Executing VM operation: Cleanup done
Event: 148.372 Executing VM operation: Cleanup
Event: 148.388 Executing VM operation: Cleanup done
Event: 149.392 Executing VM operation: Cleanup
Event: 149.425 Executing VM operation: Cleanup done
Event: 152.753 Executing VM operation: G1CollectForAllocation
Event: 152.756 Executing VM operation: G1CollectForAllocation done
Event: 154.762 Executing VM operation: Cleanup
Event: 154.829 Executing VM operation: Cleanup done
Event: 155.836 Executing VM operation: Cleanup
Event: 155.863 Executing VM operation: Cleanup done
Event: 156.863 Executing VM operation: Cleanup
Event: 156.880 Executing VM operation: Cleanup done
Event: 157.880 Executing VM operation: Cleanup
Event: 157.881 Executing VM operation: Cleanup done

Events (11 events):
Event: 2.616 Thread 0x00000219fdd0c580 Thread added: 0x00000219fdd0c580
Event: 2.893 Thread 0x00000219ff6d2ac0 Thread added: 0x00000219ff6d2ac0
Event: 2.894 Thread 0x00000219ff6d3880 Thread added: 0x00000219ff6d3880
Event: 2.894 Thread 0x00000219ff6d4570 Thread added: 0x00000219ff6d4570
Event: 2.894 Thread 0x00000219ff6d5fb0 Thread added: 0x00000219ff6d5fb0
Event: 2.894 Thread 0x00000219ff6d69e0 Thread added: 0x00000219ff6d69e0
Event: 2.894 Thread 0x00000219ff6d7410 Thread added: 0x00000219ff6d7410
Event: 2.894 Thread 0x00000219ff6d9090 Thread added: 0x00000219ff6d9090
Event: 3.032 Thread 0x00000219ff6dd0f0 Thread added: 0x00000219ff6dd0f0
Event: 3.822 Thread 0x000002199f106250 Thread added: 0x000002199f106250
Event: 3.942 Thread 0x000002199f117a70 Thread added: 0x000002199f117a70


Dynamic libraries:
0x00007ff611c50000 - 0x00007ff611c60000 	C:\Program Files\Java\jdk-20\bin\java.exe
0x00007ffe64a30000 - 0x00007ffe64c47000 	C:\WINDOWS\SYSTEM32\ntdll.dll
0x00007ffe1a310000 - 0x00007ffe1a32a000 	C:\Program Files\AVG\Antivirus\aswhook.dll
0x00007ffe63050000 - 0x00007ffe63114000 	C:\WINDOWS\System32\KERNEL32.DLL
0x00007ffe61d50000 - 0x00007ffe620fd000 	C:\WINDOWS\System32\KERNELBASE.dll
0x00007ffe62640000 - 0x00007ffe62751000 	C:\WINDOWS\System32\ucrtbase.dll
0x00007ffe543d0000 - 0x00007ffe543eb000 	C:\Program Files\Java\jdk-20\bin\VCRUNTIME140.dll
0x00007ffe531c0000 - 0x00007ffe531d9000 	C:\Program Files\Java\jdk-20\bin\jli.dll
0x00007ffe63370000 - 0x00007ffe63422000 	C:\WINDOWS\System32\ADVAPI32.dll
0x00007ffe62810000 - 0x00007ffe628b7000 	C:\WINDOWS\System32\msvcrt.dll
0x00007ffe62db0000 - 0x00007ffe62e59000 	C:\WINDOWS\System32\sechost.dll
0x00007ffe622e0000 - 0x00007ffe62308000 	C:\WINDOWS\System32\bcrypt.dll
0x00007ffe62e80000 - 0x00007ffe62f94000 	C:\WINDOWS\System32\RPCRT4.dll
0x00007ffe635d0000 - 0x00007ffe6377e000 	C:\WINDOWS\System32\USER32.dll
0x00007ffe4a1a0000 - 0x00007ffe4a433000 	C:\WINDOWS\WinSxS\amd64_microsoft.windows.common-controls_6595b64144ccf1df_6.0.22621.3672_none_2713b9d173822955\COMCTL32.dll
0x00007ffe63020000 - 0x00007ffe63049000 	C:\WINDOWS\System32\GDI32.dll
0x00007ffe62310000 - 0x00007ffe62336000 	C:\WINDOWS\System32\win32u.dll
0x00007ffe59090000 - 0x00007ffe5909a000 	C:\WINDOWS\SYSTEM32\VERSION.dll
0x00007ffe62100000 - 0x00007ffe62219000 	C:\WINDOWS\System32\gdi32full.dll
0x00007ffe62520000 - 0x00007ffe625ba000 	C:\WINDOWS\System32\msvcp_win.dll
0x00007ffe63c70000 - 0x00007ffe63ca1000 	C:\WINDOWS\System32\IMM32.DLL
0x00007ffe590e0000 - 0x00007ffe590ec000 	C:\Program Files\Java\jdk-20\bin\vcruntime140_1.dll
0x00007ffe22320000 - 0x00007ffe223ae000 	C:\Program Files\Java\jdk-20\bin\msvcp140.dll
0x00007ffe010d0000 - 0x00007ffe01d67000 	C:\Program Files\Java\jdk-20\bin\server\jvm.dll
0x00007ffe3a250000 - 0x00007ffe3a259000 	C:\WINDOWS\SYSTEM32\WSOCK32.dll
0x00007ffe5ed10000 - 0x00007ffe5ed44000 	C:\WINDOWS\SYSTEM32\WINMM.dll
0x00007ffe63e60000 - 0x00007ffe63ed1000 	C:\WINDOWS\System32\WS2_32.dll
0x00007ffe60e50000 - 0x00007ffe60e68000 	C:\WINDOWS\SYSTEM32\kernel.appcore.dll
0x00007ffe54450000 - 0x00007ffe5445a000 	C:\Program Files\Java\jdk-20\bin\jimage.dll
0x00007ffe5f780000 - 0x00007ffe5f9b2000 	C:\WINDOWS\SYSTEM32\DBGHELP.DLL
0x00007ffe628c0000 - 0x00007ffe62c4e000 	C:\WINDOWS\System32\combase.dll
0x00007ffe63ef0000 - 0x00007ffe63fc7000 	C:\WINDOWS\System32\OLEAUT32.dll
0x00007ffe5ecd0000 - 0x00007ffe5ed02000 	C:\WINDOWS\SYSTEM32\dbgcore.DLL
0x00007ffe625c0000 - 0x00007ffe6263b000 	C:\WINDOWS\System32\bcryptPrimitives.dll
0x00007ffe53290000 - 0x00007ffe532b6000 	C:\Program Files\Java\jdk-20\bin\java.dll
0x00007ffe15ae0000 - 0x00007ffe15bb7000 	C:\Program Files\Java\jdk-20\bin\jsvml.dll
0x00007ffe64180000 - 0x00007ffe649e7000 	C:\WINDOWS\System32\SHELL32.dll
0x00007ffe5fc90000 - 0x00007ffe6058f000 	C:\WINDOWS\SYSTEM32\windows.storage.dll
0x00007ffe5fb50000 - 0x00007ffe5fc8f000 	C:\WINDOWS\SYSTEM32\wintypes.dll
0x00007ffe63440000 - 0x00007ffe63539000 	C:\WINDOWS\System32\SHCORE.dll
0x00007ffe63120000 - 0x00007ffe6317e000 	C:\WINDOWS\System32\shlwapi.dll
0x00007ffe61c80000 - 0x00007ffe61ca7000 	C:\WINDOWS\SYSTEM32\profapi.dll
0x00007ffe53200000 - 0x00007ffe53213000 	C:\Program Files\Java\jdk-20\bin\net.dll
0x00007ffe5cf10000 - 0x00007ffe5d046000 	C:\WINDOWS\SYSTEM32\WINHTTP.dll
0x00007ffe612b0000 - 0x00007ffe61319000 	C:\WINDOWS\system32\mswsock.dll
0x00007ffe53060000 - 0x00007ffe53076000 	C:\Program Files\Java\jdk-20\bin\nio.dll
0x00007ffe53040000 - 0x00007ffe53058000 	C:\Program Files\Java\jdk-20\bin\zip.dll
0x0000000069ac0000 - 0x0000000069ae4000 	C:\Program Files\NetBeans-21\netbeans\java\maven\lib\jansi-native\Windows\x86_64\jansi.dll
0x00007ffe58da0000 - 0x00007ffe58db0000 	C:\Program Files\Java\jdk-20\bin\verify.dll

dbghelp: loaded successfully - version: 4.0.5 - missing functions: none
symbol engine: initialized successfully - sym options: 0x614 - pdb path: .;C:\Program Files\Java\jdk-20\bin;C:\WINDOWS\SYSTEM32;C:\Program Files\AVG\Antivirus;C:\WINDOWS\WinSxS\amd64_microsoft.windows.common-controls_6595b64144ccf1df_6.0.22621.3672_none_2713b9d173822955;C:\Program Files\Java\jdk-20\bin\server;C:\Program Files\NetBeans-21\netbeans\java\maven\lib\jansi-native\Windows\x86_64

VM Arguments:
jvm_args: -Dclassworlds.conf=C:\Program Files\NetBeans-21\netbeans\java\maven\bin\m2.conf -Dmaven.home=C:\Program Files\NetBeans-21\netbeans\java\maven -Dlibrary.jansi.path=C:\Program Files\NetBeans-21\netbeans\java\maven\lib\jansi-native -Dmaven.multiModuleProjectDirectory=C:\trilhaJava\pos-graduacao\utfpr-pos-graduacao\8-java-redes\atividade04\servidorclientethread 
java_command: org.codehaus.plexus.classworlds.launcher.Launcher -Dexec.vmArgs= -Dexec.args=${exec.vmArgs} -classpath %classpath ${exec.mainClass} ${exec.appArgs} -Dexec.appArgs= -Dexec.mainClass=local.javaredes.Servidorclientethread -Dexec.executable=C:\Program Files\Java\jdk-20\bin\java.exe -Dmaven.ext.class.path=C:\Program Files\NetBeans-21\netbeans\java\maven-nblib\netbeans-eventspy.jar --no-transfer-progress process-classes org.codehaus.mojo:exec-maven-plugin:3.1.0:exec
java_class_path (initial): C:\Program Files\NetBeans-21\netbeans\java\maven\boot\plexus-classworlds-2.7.0.jar
Launcher Type: SUN_STANDARD

[Global flags]
     intx CICompilerCount                          = 4                                         {product} {ergonomic}
     uint ConcGCThreads                            = 2                                         {product} {ergonomic}
     uint G1ConcRefinementThreads                  = 8                                         {product} {ergonomic}
   size_t G1HeapRegionSize                         = 1048576                                   {product} {ergonomic}
    uintx GCDrainStackTargetSize                   = 64                                        {product} {ergonomic}
   size_t InitialHeapSize                          = 130023424                                 {product} {ergonomic}
   size_t MarkStackSize                            = 4194304                                   {product} {ergonomic}
   size_t MaxHeapSize                              = 2076180480                                {product} {ergonomic}
   size_t MaxNewSize                               = 1245708288                                {product} {ergonomic}
   size_t MinHeapDeltaBytes                        = 1048576                                   {product} {ergonomic}
   size_t MinHeapSize                              = 8388608                                   {product} {ergonomic}
    uintx NonNMethodCodeHeapSize                   = 5839372                                {pd product} {ergonomic}
    uintx NonProfiledCodeHeapSize                  = 122909434                              {pd product} {ergonomic}
    uintx ProfiledCodeHeapSize                     = 122909434                              {pd product} {ergonomic}
    uintx ReservedCodeCacheSize                    = 251658240                              {pd product} {ergonomic}
     bool SegmentedCodeCache                       = true                                      {product} {ergonomic}
   size_t SoftMaxHeapSize                          = 2076180480                             {manageable} {ergonomic}
     bool UseCompressedClassPointers               = true                           {product lp64_product} {ergonomic}
     bool UseCompressedOops                        = true                           {product lp64_product} {ergonomic}
     bool UseG1GC                                  = true                                      {product} {ergonomic}
     bool UseLargePagesIndividualAllocation        = false                                  {pd product} {ergonomic}

Logging:
Log output configuration:
 #0: stdout all=warning uptime,level,tags foldmultilines=false
 #1: stderr all=off uptime,level,tags foldmultilines=false

Environment Variables:
JAVA_HOME=C:\Program Files\Java\jdk-20
PATH=C:\Program Files\Common Files\Oracle\Java\javapath;C:\Program Files (x86)\Common Files\Oracle\Java\java8path;C:\Program Files (x86)\Common Files\Oracle\Java\javapath;C:\WINDOWS\system32;C:\WINDOWS;C:\WINDOWS\System32\Wbem;C:\WINDOWS\System32\WindowsPowerShell\v1.0\;C:\WINDOWS\System32\OpenSSH\;C:\Program Files\dotnet\;C:\Program Files\Git\cmd;C:\Program Files\Java\jdk-20\bin;C:\trilhaJava\devtools\apache-maven-3.8.8-bin\apache-maven-3.8.8\bin;C:\Program Files\Java\jdk11.0.20_9;;C:\Program Files\Docker\Docker\resources\bin;C:\Program Files\Amazon\AWSCLIV2\;C:\Program Files\nodejs\;C:\Users\engen\anaconda3;C:\Users\engen\anaconda3\Library\mingw-w64\bin;C:\Users\engen\anaconda3\Library\usr\bin;C:\Users\engen\anaconda3\Library\bin;C:\Users\engen\anaconda3\Scripts;C:\Program Files\MySQL\MySQL Shell 8.0\bin\;C:\Users\engen\AppData\Local\Microsoft\WindowsApps;C:\Users\engen\AppData\Local\Programs\Microsoft VS Code\bin;C:\Program Files\Java\jdk-20\bin;C:\Users\engen\.dotnet\tools;C:\Users\engen\AppData\Roaming\npm
USERNAME=engen
OS=Windows_NT
PROCESSOR_IDENTIFIER=Intel64 Family 6 Model 140 Stepping 1, GenuineIntel
TMP=C:\Users\engen\AppData\Local\Temp
TEMP=C:\Users\engen\AppData\Local\Temp




---------------  S Y S T E M  ---------------

OS:
 Windows 11 , 64 bit Build 22621 (10.0.22621.3958)
OS uptime: 5 days 5:42 hours
Hyper-V role detected

CPU: total 8 (initial active 8) (4 cores per cpu, 2 threads per core) family 6 model 140 stepping 1 microcode 0xb8, cx8, cmov, fxsr, ht, mmx, 3dnowpref, sse, sse2, sse3, ssse3, sse4.1, sse4.2, popcnt, lzcnt, tsc, tscinvbit, avx, avx2, aes, erms, clmul, bmi1, bmi2, adx, avx512f, avx512dq, avx512cd, avx512bw, avx512vl, sha, fma, vzeroupper, avx512_vpopcntdq, avx512_vpclmulqdq, avx512_vaes, avx512_vnni, clflush, clflushopt, clwb, avx512_vbmi2, avx512_vbmi, hv, rdtscp, rdpid, fsrm, gfni, avx512_bitalg, f16c, cet_ibt, cet_ss, avx512_ifma

Memory: 4k page, system-wide physical 7914M (163M free)
TotalPageFile size 30794M (AvailPageFile size 15M)
current process WorkingSet (physical memory assigned to process): 64M, peak: 65M
current process commit charge ("private bytes"): 223M, peak: 223M

vm_info: Java HotSpot(TM) 64-Bit Server VM (20.0.1+9-29) for windows-amd64 JRE (20.0.1+9-29), built on 2023-03-07T13:56:11Z by "mach5one" with MS VC++ 17.1 (VS2022)

END.
