#
# There is insufficient memory for the Java Runtime Environment to continue.
# Native memory allocation (mmap) failed to map 65536 bytes for Failed to commit metaspace.
# Possible reasons:
#   The system is out of physical RAM or swap space
#   The process is running with CompressedOops enabled, and the Java Heap may be blocking the growth of the native heap
# Possible solutions:
#   Reduce memory load on the system
#   Increase physical memory or swap space
#   Check if swap backing store is full
#   Decrease Java heap size (-Xmx/-Xms)
#   Decrease number of Java threads
#   Decrease Java thread stack sizes (-Xss)
#   Set larger code cache with -XX:ReservedCodeCacheSize=
#   JVM is running with Unscaled Compressed Oops mode in which the Java heap is
#     placed in the first 4GB address space. The Java Heap base address is the
#     maximum limit for the native heap growth. Please use -XX:HeapBaseMinAddress
#     to set the Java Heap base and to place the Java Heap above 4GB virtual address.
# This output file may be truncated or incomplete.
#
#  Out of Memory Error (virtualSpaceNode.cpp:110), pid=299956, tid=270384
#
# JRE version: Java(TM) SE Runtime Environment (20.0.1+9) (build 20.0.1+9-29)
# Java VM: Java HotSpot(TM) 64-Bit Server VM (20.0.1+9-29, mixed mode, sharing, tiered, compressed oops, compressed class ptrs, g1 gc, windows-amd64)
# No core dump will be written. Minidumps are not enabled by default on client versions of Windows
#

---------------  S U M M A R Y ------------

Command Line: -Dclassworlds.conf=C:\Program Files\NetBeans-21\netbeans\java\maven\bin\m2.conf -Dmaven.home=C:\Program Files\NetBeans-21\netbeans\java\maven -Dlibrary.jansi.path=C:\Program Files\NetBeans-21\netbeans\java\maven\lib\jansi-native -Dmaven.multiModuleProjectDirectory=C:\trilhaJava\pos-graduacao\utfpr-pos-graduacao\8-java-redes\atividade04\servidorclientethread org.codehaus.plexus.classworlds.launcher.Launcher -Dexec.vmArgs= -Dexec.args=${exec.vmArgs} -classpath %classpath ${exec.mainClass} ${exec.appArgs} -Dexec.appArgs= -Dexec.mainClass=local.javaredes.Servidorclientethread -Dexec.executable=C:\Program Files\Java\jdk-20\bin\java.exe -Dmaven.ext.class.path=C:\Program Files\NetBeans-21\netbeans\java\maven-nblib\netbeans-eventspy.jar --no-transfer-progress process-classes org.codehaus.mojo:exec-maven-plugin:3.1.0:exec

Host: 11th Gen Intel(R) Core(TM) i5-1135G7 @ 2.40GHz, 8 cores, 7G,  Windows 11 , 64 bit Build 22621 (10.0.22621.3958)
Time: Wed Oct  2 17:04:59 2024 Hora oficial do Brasil elapsed time: 160.067388 seconds (0d 0h 2m 40s)

---------------  T H R E A D  ---------------

Current thread (0x000001e4bcd4a7a0):  JavaThread "C1 CompilerThread0" daemon [_thread_in_vm, id=270384, stack(0x0000005deb800000,0x0000005deb900000)]


Current CompileTask:
C1: 160067 1877       3       java.lang.reflect.Constructor::getAnnotation (6 bytes)

Stack: [0x0000005deb800000,0x0000005deb900000]
Native frames: (J=compiled Java code, j=interpreted, Vv=VM code, C=native code)
V  [jvm.dll+0x6bb95a]
V  [jvm.dll+0x8485fa]
V  [jvm.dll+0x84a1f5]
V  [jvm.dll+0x84a8f3]
V  [jvm.dll+0x280b0f]
V  [jvm.dll+0x84453b]
V  [jvm.dll+0x65fd86]
V  [jvm.dll+0x65fdea]
V  [jvm.dll+0x6626c3]
V  [jvm.dll+0x66258e]
V  [jvm.dll+0x66079e]
V  [jvm.dll+0x671bfa]
V  [jvm.dll+0x66b122]
V  [jvm.dll+0x1f8f90]
V  [jvm.dll+0x1f9178]
V  [jvm.dll+0x15804e]
V  [jvm.dll+0x158384]
V  [jvm.dll+0x1577c6]
V  [jvm.dll+0x1594fd]
V  [jvm.dll+0x259e1b]
V  [jvm.dll+0x2584f0]
V  [jvm.dll+0x3f2895]
V  [jvm.dll+0x7f4b56]
V  [jvm.dll+0x6ba5cb]
C  [ucrtbase.dll+0x29333]
C  [KERNEL32.DLL+0x1257d]
C  [ntdll.dll+0x5af28]


---------------  P R O C E S S  ---------------

Threads class SMR info:
_java_thread_list=0x000001e4c10fd1f0, length=11, elements={
0x000001e49e50c020, 0x000001e4bcd3fb90, 0x000001e4bcd42c00, 0x000001e4bcd43a90,
0x000001e4bcd454d0, 0x000001e4bcd45f00, 0x000001e4bcd47850, 0x000001e4bcd48660,
0x000001e4bcd4a7a0, 0x000001e4c10f88c0, 0x000001e4c110ac80
}

Java Threads: ( => current thread )
  0x000001e49e50c020 JavaThread "main" [_thread_in_vm, id=295596, stack(0x0000005deaa00000,0x0000005deab00000)]
  0x000001e4bcd3fb90 JavaThread "Reference Handler" daemon [_thread_blocked, id=303096, stack(0x0000005deb100000,0x0000005deb200000)]
  0x000001e4bcd42c00 JavaThread "Finalizer" daemon [_thread_blocked, id=303816, stack(0x0000005deb200000,0x0000005deb300000)]
  0x000001e4bcd43a90 JavaThread "Signal Dispatcher" daemon [_thread_blocked, id=294092, stack(0x0000005deb300000,0x0000005deb400000)]
  0x000001e4bcd454d0 JavaThread "Attach Listener" daemon [_thread_blocked, id=303264, stack(0x0000005deb400000,0x0000005deb500000)]
  0x000001e4bcd45f00 JavaThread "Service Thread" daemon [_thread_blocked, id=303252, stack(0x0000005deb500000,0x0000005deb600000)]
  0x000001e4bcd47850 JavaThread "Monitor Deflation Thread" daemon [_thread_blocked, id=302536, stack(0x0000005deb600000,0x0000005deb700000)]
  0x000001e4bcd48660 JavaThread "C2 CompilerThread0" daemon [_thread_blocked, id=297248, stack(0x0000005deb700000,0x0000005deb800000)]
=>0x000001e4bcd4a7a0 JavaThread "C1 CompilerThread0" daemon [_thread_in_vm, id=270384, stack(0x0000005deb800000,0x0000005deb900000)]
  0x000001e4c10f88c0 JavaThread "Notification Thread" daemon [_thread_blocked, id=303160, stack(0x0000005deb900000,0x0000005deba00000)]
  0x000001e4c110ac80 JavaThread "Common-Cleaner" daemon [_thread_blocked, id=290136, stack(0x0000005debb00000,0x0000005debc00000)]

Other Threads:
  0x000001e4bcd1ebf0 VMThread "VM Thread" [stack: 0x0000005deb000000,0x0000005deb100000] [id=302720] _threads_hazard_ptr=0x000001e4c10fd1f0
  0x000001e4c1103240 WatcherThread "VM Periodic Task Thread" [stack: 0x0000005deba00000,0x0000005debb00000] [id=299400]
  0x000001e49e569e40 WorkerThread "GC Thread#0" [stack: 0x0000005deab00000,0x0000005deac00000] [id=301392]
  0x000001e4c14da930 WorkerThread "GC Thread#1" [stack: 0x0000005dea800000,0x0000005dea900000] [id=313816]
  0x000001e4c175aa60 WorkerThread "GC Thread#2" [stack: 0x0000005dea900000,0x0000005deaa00000] [id=314648]
  0x000001e4c175be60 WorkerThread "GC Thread#3" [stack: 0x0000005debc00000,0x0000005debd00000] [id=313936]
  0x000001e4c175c400 WorkerThread "GC Thread#4" [stack: 0x0000005debd00000,0x0000005debe00000] [id=311516]
  0x000001e4c175c130 WorkerThread "GC Thread#5" [stack: 0x0000005debe00000,0x0000005debf00000] [id=312828]
  0x000001e4c175b8c0 WorkerThread "GC Thread#6" [stack: 0x0000005debf00000,0x0000005dec000000] [id=314100]
  0x000001e4c175bb90 WorkerThread "GC Thread#7" [stack: 0x0000005dec000000,0x0000005dec100000] [id=314704]
  0x000001e49e57a4d0 ConcurrentGCThread "G1 Main Marker" [stack: 0x0000005deac00000,0x0000005dead00000] [id=21240]
  0x000001e49e57af00 WorkerThread "G1 Conc#0" [stack: 0x0000005dead00000,0x0000005deae00000] [id=301380]
  0x000001e49e5be7a0 ConcurrentGCThread "G1 Refine#0" [stack: 0x0000005deae00000,0x0000005deaf00000] [id=300592]
  0x000001e4bcbdd880 ConcurrentGCThread "G1 Service" [stack: 0x0000005deaf00000,0x0000005deb000000] [id=300720]

Threads with active compile tasks:
C1 CompilerThread0   161673 1877       3       java.lang.reflect.Constructor::getAnnotation (6 bytes)

VM state: synchronizing (normal execution)

VM Mutex/Monitor currently owned by a thread:  ([mutex/lock_event])
[0x000001e49e506350] Metaspace_lock - owner thread: 0x000001e4bcd4a7a0
[0x000001e49e508320] Threads_lock - owner thread: 0x000001e4bcd1ebf0

Heap address: 0x0000000084400000, size: 1980 MB, Compressed Oops mode: 32-bit

CDS archive(s) mapped at: [0x0000000800000000-0x0000000800c60000-0x0000000800c60000), size 12976128, SharedBaseAddress: 0x0000000800000000, ArchiveRelocationMode: 0.
Compressed class space mapped at: 0x0000000801000000-0x0000000841000000, reserved size: 1073741824
Narrow klass base: 0x0000000800000000, Narrow klass shift: 0, Narrow klass range: 0x100000000

GC Precious Log:
 CardTable entry size: 512
 Card Set container configuration: InlinePtr #cards 5 size 8 Array Of Cards #cards 12 size 40 Howl #buckets 4 coarsen threshold 1843 Howl Bitmap #cards 512 size 80 coarsen threshold 460 Card regions per heap region 1 cards per card region 2048
 CPUs: 8 total, 8 available
 Memory: 7914M
 Large Page Support: Disabled
 NUMA Support: Disabled
 Compressed Oops: Enabled (32-bit)
 Heap Region Size: 1M
 Heap Min Capacity: 8M
 Heap Initial Capacity: 124M
 Heap Max Capacity: 1980M
 Pre-touch: Disabled
 Parallel Workers: 8
 Concurrent Workers: 2
 Concurrent Refinement Workers: 8
 Periodic GC: Disabled

Heap:
 garbage-first heap   total 126976K, used 32512K [0x0000000084400000, 0x0000000100000000)
  region size 1024K, 32 young (32768K), 3 survivors (3072K)
 Metaspace       used 9979K, committed 10112K, reserved 1114112K
  class space    used 1175K, committed 1280K, reserved 1048576K

Heap Regions: E=young(eden), S=young(survivor), O=old, HS=humongous(starts), HC=humongous(continues), CS=collection set, F=free, OA=open archive, CA=closed archive, TAMS=top-at-mark-start, PB=parsable bottom
|   0|0x0000000084400000, 0x00000000844c0000, 0x0000000084500000| 75%| O|  |TAMS 0x0000000084400000| PB 0x0000000084400000| Untracked 
|   1|0x0000000084500000, 0x0000000084500000, 0x0000000084600000|  0%| F|  |TAMS 0x0000000084500000| PB 0x0000000084500000| Untracked 
|   2|0x0000000084600000, 0x0000000084600000, 0x0000000084700000|  0%| F|  |TAMS 0x0000000084600000| PB 0x0000000084600000| Untracked 
|   3|0x0000000084700000, 0x0000000084700000, 0x0000000084800000|  0%| F|  |TAMS 0x0000000084700000| PB 0x0000000084700000| Untracked 
|   4|0x0000000084800000, 0x0000000084800000, 0x0000000084900000|  0%| F|  |TAMS 0x0000000084800000| PB 0x0000000084800000| Untracked 
|   5|0x0000000084900000, 0x0000000084900000, 0x0000000084a00000|  0%| F|  |TAMS 0x0000000084900000| PB 0x0000000084900000| Untracked 
|   6|0x0000000084a00000, 0x0000000084a00000, 0x0000000084b00000|  0%| F|  |TAMS 0x0000000084a00000| PB 0x0000000084a00000| Untracked 
|   7|0x0000000084b00000, 0x0000000084b00000, 0x0000000084c00000|  0%| F|  |TAMS 0x0000000084b00000| PB 0x0000000084b00000| Untracked 
|   8|0x0000000084c00000, 0x0000000084c00000, 0x0000000084d00000|  0%| F|  |TAMS 0x0000000084c00000| PB 0x0000000084c00000| Untracked 
|   9|0x0000000084d00000, 0x0000000084d00000, 0x0000000084e00000|  0%| F|  |TAMS 0x0000000084d00000| PB 0x0000000084d00000| Untracked 
|  10|0x0000000084e00000, 0x0000000084e00000, 0x0000000084f00000|  0%| F|  |TAMS 0x0000000084e00000| PB 0x0000000084e00000| Untracked 
|  11|0x0000000084f00000, 0x0000000084f00000, 0x0000000085000000|  0%| F|  |TAMS 0x0000000084f00000| PB 0x0000000084f00000| Untracked 
|  12|0x0000000085000000, 0x0000000085000000, 0x0000000085100000|  0%| F|  |TAMS 0x0000000085000000| PB 0x0000000085000000| Untracked 
|  13|0x0000000085100000, 0x0000000085100000, 0x0000000085200000|  0%| F|  |TAMS 0x0000000085100000| PB 0x0000000085100000| Untracked 
|  14|0x0000000085200000, 0x0000000085200000, 0x0000000085300000|  0%| F|  |TAMS 0x0000000085200000| PB 0x0000000085200000| Untracked 
|  15|0x0000000085300000, 0x0000000085300000, 0x0000000085400000|  0%| F|  |TAMS 0x0000000085300000| PB 0x0000000085300000| Untracked 
|  16|0x0000000085400000, 0x0000000085400000, 0x0000000085500000|  0%| F|  |TAMS 0x0000000085400000| PB 0x0000000085400000| Untracked 
|  17|0x0000000085500000, 0x0000000085500000, 0x0000000085600000|  0%| F|  |TAMS 0x0000000085500000| PB 0x0000000085500000| Untracked 
|  18|0x0000000085600000, 0x0000000085600000, 0x0000000085700000|  0%| F|  |TAMS 0x0000000085600000| PB 0x0000000085600000| Untracked 
|  19|0x0000000085700000, 0x0000000085700000, 0x0000000085800000|  0%| F|  |TAMS 0x0000000085700000| PB 0x0000000085700000| Untracked 
|  20|0x0000000085800000, 0x0000000085800000, 0x0000000085900000|  0%| F|  |TAMS 0x0000000085800000| PB 0x0000000085800000| Untracked 
|  21|0x0000000085900000, 0x0000000085900000, 0x0000000085a00000|  0%| F|  |TAMS 0x0000000085900000| PB 0x0000000085900000| Untracked 
|  22|0x0000000085a00000, 0x0000000085a00000, 0x0000000085b00000|  0%| F|  |TAMS 0x0000000085a00000| PB 0x0000000085a00000| Untracked 
|  23|0x0000000085b00000, 0x0000000085b00000, 0x0000000085c00000|  0%| F|  |TAMS 0x0000000085b00000| PB 0x0000000085b00000| Untracked 
|  24|0x0000000085c00000, 0x0000000085c00000, 0x0000000085d00000|  0%| F|  |TAMS 0x0000000085c00000| PB 0x0000000085c00000| Untracked 
|  25|0x0000000085d00000, 0x0000000085d00000, 0x0000000085e00000|  0%| F|  |TAMS 0x0000000085d00000| PB 0x0000000085d00000| Untracked 
|  26|0x0000000085e00000, 0x0000000085e00000, 0x0000000085f00000|  0%| F|  |TAMS 0x0000000085e00000| PB 0x0000000085e00000| Untracked 
|  27|0x0000000085f00000, 0x0000000085f00000, 0x0000000086000000|  0%| F|  |TAMS 0x0000000085f00000| PB 0x0000000085f00000| Untracked 
|  28|0x0000000086000000, 0x0000000086000000, 0x0000000086100000|  0%| F|  |TAMS 0x0000000086000000| PB 0x0000000086000000| Untracked 
|  29|0x0000000086100000, 0x0000000086100000, 0x0000000086200000|  0%| F|  |TAMS 0x0000000086100000| PB 0x0000000086100000| Untracked 
|  30|0x0000000086200000, 0x0000000086200000, 0x0000000086300000|  0%| F|  |TAMS 0x0000000086200000| PB 0x0000000086200000| Untracked 
|  31|0x0000000086300000, 0x0000000086300000, 0x0000000086400000|  0%| F|  |TAMS 0x0000000086300000| PB 0x0000000086300000| Untracked 
|  32|0x0000000086400000, 0x0000000086400000, 0x0000000086500000|  0%| F|  |TAMS 0x0000000086400000| PB 0x0000000086400000| Untracked 
|  33|0x0000000086500000, 0x0000000086500000, 0x0000000086600000|  0%| F|  |TAMS 0x0000000086500000| PB 0x0000000086500000| Untracked 
|  34|0x0000000086600000, 0x0000000086600000, 0x0000000086700000|  0%| F|  |TAMS 0x0000000086600000| PB 0x0000000086600000| Untracked 
|  35|0x0000000086700000, 0x0000000086700000, 0x0000000086800000|  0%| F|  |TAMS 0x0000000086700000| PB 0x0000000086700000| Untracked 
|  36|0x0000000086800000, 0x0000000086800000, 0x0000000086900000|  0%| F|  |TAMS 0x0000000086800000| PB 0x0000000086800000| Untracked 
|  37|0x0000000086900000, 0x0000000086900000, 0x0000000086a00000|  0%| F|  |TAMS 0x0000000086900000| PB 0x0000000086900000| Untracked 
|  38|0x0000000086a00000, 0x0000000086a00000, 0x0000000086b00000|  0%| F|  |TAMS 0x0000000086a00000| PB 0x0000000086a00000| Untracked 
|  39|0x0000000086b00000, 0x0000000086b00000, 0x0000000086c00000|  0%| F|  |TAMS 0x0000000086b00000| PB 0x0000000086b00000| Untracked 
|  40|0x0000000086c00000, 0x0000000086c00000, 0x0000000086d00000|  0%| F|  |TAMS 0x0000000086c00000| PB 0x0000000086c00000| Untracked 
|  41|0x0000000086d00000, 0x0000000086d00000, 0x0000000086e00000|  0%| F|  |TAMS 0x0000000086d00000| PB 0x0000000086d00000| Untracked 
|  42|0x0000000086e00000, 0x0000000086e00000, 0x0000000086f00000|  0%| F|  |TAMS 0x0000000086e00000| PB 0x0000000086e00000| Untracked 
|  43|0x0000000086f00000, 0x0000000086f00000, 0x0000000087000000|  0%| F|  |TAMS 0x0000000086f00000| PB 0x0000000086f00000| Untracked 
|  44|0x0000000087000000, 0x0000000087000000, 0x0000000087100000|  0%| F|  |TAMS 0x0000000087000000| PB 0x0000000087000000| Untracked 
|  45|0x0000000087100000, 0x0000000087100000, 0x0000000087200000|  0%| F|  |TAMS 0x0000000087100000| PB 0x0000000087100000| Untracked 
|  46|0x0000000087200000, 0x0000000087200000, 0x0000000087300000|  0%| F|  |TAMS 0x0000000087200000| PB 0x0000000087200000| Untracked 
|  47|0x0000000087300000, 0x0000000087300000, 0x0000000087400000|  0%| F|  |TAMS 0x0000000087300000| PB 0x0000000087300000| Untracked 
|  48|0x0000000087400000, 0x0000000087400000, 0x0000000087500000|  0%| F|  |TAMS 0x0000000087400000| PB 0x0000000087400000| Untracked 
|  49|0x0000000087500000, 0x0000000087500000, 0x0000000087600000|  0%| F|  |TAMS 0x0000000087500000| PB 0x0000000087500000| Untracked 
|  50|0x0000000087600000, 0x0000000087600000, 0x0000000087700000|  0%| F|  |TAMS 0x0000000087600000| PB 0x0000000087600000| Untracked 
|  51|0x0000000087700000, 0x0000000087700000, 0x0000000087800000|  0%| F|  |TAMS 0x0000000087700000| PB 0x0000000087700000| Untracked 
|  52|0x0000000087800000, 0x0000000087800000, 0x0000000087900000|  0%| F|  |TAMS 0x0000000087800000| PB 0x0000000087800000| Untracked 
|  53|0x0000000087900000, 0x0000000087900000, 0x0000000087a00000|  0%| F|  |TAMS 0x0000000087900000| PB 0x0000000087900000| Untracked 
|  54|0x0000000087a00000, 0x0000000087a00000, 0x0000000087b00000|  0%| F|  |TAMS 0x0000000087a00000| PB 0x0000000087a00000| Untracked 
|  55|0x0000000087b00000, 0x0000000087b00000, 0x0000000087c00000|  0%| F|  |TAMS 0x0000000087b00000| PB 0x0000000087b00000| Untracked 
|  56|0x0000000087c00000, 0x0000000087c00000, 0x0000000087d00000|  0%| F|  |TAMS 0x0000000087c00000| PB 0x0000000087c00000| Untracked 
|  57|0x0000000087d00000, 0x0000000087d00000, 0x0000000087e00000|  0%| F|  |TAMS 0x0000000087d00000| PB 0x0000000087d00000| Untracked 
|  58|0x0000000087e00000, 0x0000000087e00000, 0x0000000087f00000|  0%| F|  |TAMS 0x0000000087e00000| PB 0x0000000087e00000| Untracked 
|  59|0x0000000087f00000, 0x0000000087f00000, 0x0000000088000000|  0%| F|  |TAMS 0x0000000087f00000| PB 0x0000000087f00000| Untracked 
|  60|0x0000000088000000, 0x0000000088000000, 0x0000000088100000|  0%| F|  |TAMS 0x0000000088000000| PB 0x0000000088000000| Untracked 
|  61|0x0000000088100000, 0x0000000088100000, 0x0000000088200000|  0%| F|  |TAMS 0x0000000088100000| PB 0x0000000088100000| Untracked 
|  62|0x0000000088200000, 0x0000000088200000, 0x0000000088300000|  0%| F|  |TAMS 0x0000000088200000| PB 0x0000000088200000| Untracked 
|  63|0x0000000088300000, 0x0000000088300000, 0x0000000088400000|  0%| F|  |TAMS 0x0000000088300000| PB 0x0000000088300000| Untracked 
|  64|0x0000000088400000, 0x0000000088400000, 0x0000000088500000|  0%| F|  |TAMS 0x0000000088400000| PB 0x0000000088400000| Untracked 
|  65|0x0000000088500000, 0x0000000088500000, 0x0000000088600000|  0%| F|  |TAMS 0x0000000088500000| PB 0x0000000088500000| Untracked 
|  66|0x0000000088600000, 0x0000000088600000, 0x0000000088700000|  0%| F|  |TAMS 0x0000000088600000| PB 0x0000000088600000| Untracked 
|  67|0x0000000088700000, 0x0000000088700000, 0x0000000088800000|  0%| F|  |TAMS 0x0000000088700000| PB 0x0000000088700000| Untracked 
|  68|0x0000000088800000, 0x0000000088800000, 0x0000000088900000|  0%| F|  |TAMS 0x0000000088800000| PB 0x0000000088800000| Untracked 
|  69|0x0000000088900000, 0x0000000088900000, 0x0000000088a00000|  0%| F|  |TAMS 0x0000000088900000| PB 0x0000000088900000| Untracked 
|  70|0x0000000088a00000, 0x0000000088a00000, 0x0000000088b00000|  0%| F|  |TAMS 0x0000000088a00000| PB 0x0000000088a00000| Untracked 
|  71|0x0000000088b00000, 0x0000000088b00000, 0x0000000088c00000|  0%| F|  |TAMS 0x0000000088b00000| PB 0x0000000088b00000| Untracked 
|  72|0x0000000088c00000, 0x0000000088c00000, 0x0000000088d00000|  0%| F|  |TAMS 0x0000000088c00000| PB 0x0000000088c00000| Untracked 
|  73|0x0000000088d00000, 0x0000000088d00000, 0x0000000088e00000|  0%| F|  |TAMS 0x0000000088d00000| PB 0x0000000088d00000| Untracked 
|  74|0x0000000088e00000, 0x0000000088e00000, 0x0000000088f00000|  0%| F|  |TAMS 0x0000000088e00000| PB 0x0000000088e00000| Untracked 
|  75|0x0000000088f00000, 0x0000000088f00000, 0x0000000089000000|  0%| F|  |TAMS 0x0000000088f00000| PB 0x0000000088f00000| Untracked 
|  76|0x0000000089000000, 0x0000000089000000, 0x0000000089100000|  0%| F|  |TAMS 0x0000000089000000| PB 0x0000000089000000| Untracked 
|  77|0x0000000089100000, 0x0000000089100000, 0x0000000089200000|  0%| F|  |TAMS 0x0000000089100000| PB 0x0000000089100000| Untracked 
|  78|0x0000000089200000, 0x0000000089200000, 0x0000000089300000|  0%| F|  |TAMS 0x0000000089200000| PB 0x0000000089200000| Untracked 
|  79|0x0000000089300000, 0x0000000089300000, 0x0000000089400000|  0%| F|  |TAMS 0x0000000089300000| PB 0x0000000089300000| Untracked 
|  80|0x0000000089400000, 0x0000000089400000, 0x0000000089500000|  0%| F|  |TAMS 0x0000000089400000| PB 0x0000000089400000| Untracked 
|  81|0x0000000089500000, 0x0000000089500000, 0x0000000089600000|  0%| F|  |TAMS 0x0000000089500000| PB 0x0000000089500000| Untracked 
|  82|0x0000000089600000, 0x0000000089600000, 0x0000000089700000|  0%| F|  |TAMS 0x0000000089600000| PB 0x0000000089600000| Untracked 
|  83|0x0000000089700000, 0x0000000089700000, 0x0000000089800000|  0%| F|  |TAMS 0x0000000089700000| PB 0x0000000089700000| Untracked 
|  84|0x0000000089800000, 0x0000000089800000, 0x0000000089900000|  0%| F|  |TAMS 0x0000000089800000| PB 0x0000000089800000| Untracked 
|  85|0x0000000089900000, 0x0000000089900000, 0x0000000089a00000|  0%| F|  |TAMS 0x0000000089900000| PB 0x0000000089900000| Untracked 
|  86|0x0000000089a00000, 0x0000000089a00000, 0x0000000089b00000|  0%| F|  |TAMS 0x0000000089a00000| PB 0x0000000089a00000| Untracked 
|  87|0x0000000089b00000, 0x0000000089b00000, 0x0000000089c00000|  0%| F|  |TAMS 0x0000000089b00000| PB 0x0000000089b00000| Untracked 
|  88|0x0000000089c00000, 0x0000000089c00000, 0x0000000089d00000|  0%| F|  |TAMS 0x0000000089c00000| PB 0x0000000089c00000| Untracked 
|  89|0x0000000089d00000, 0x0000000089d00000, 0x0000000089e00000|  0%| F|  |TAMS 0x0000000089d00000| PB 0x0000000089d00000| Untracked 
|  90|0x0000000089e00000, 0x0000000089e00000, 0x0000000089f00000|  0%| F|  |TAMS 0x0000000089e00000| PB 0x0000000089e00000| Untracked 
|  91|0x0000000089f00000, 0x0000000089f00000, 0x000000008a000000|  0%| F|  |TAMS 0x0000000089f00000| PB 0x0000000089f00000| Untracked 
|  92|0x000000008a000000, 0x000000008a0ca930, 0x000000008a100000| 79%| E|  |TAMS 0x000000008a000000| PB 0x000000008a000000| Complete 
|  93|0x000000008a100000, 0x000000008a200000, 0x000000008a200000|100%| E|CS|TAMS 0x000000008a100000| PB 0x000000008a100000| Complete 
|  94|0x000000008a200000, 0x000000008a300000, 0x000000008a300000|100%| E|CS|TAMS 0x000000008a200000| PB 0x000000008a200000| Complete 
|  95|0x000000008a300000, 0x000000008a400000, 0x000000008a400000|100%| E|CS|TAMS 0x000000008a300000| PB 0x000000008a300000| Complete 
|  96|0x000000008a400000, 0x000000008a500000, 0x000000008a500000|100%| E|CS|TAMS 0x000000008a400000| PB 0x000000008a400000| Complete 
|  97|0x000000008a500000, 0x000000008a600000, 0x000000008a600000|100%| E|CS|TAMS 0x000000008a500000| PB 0x000000008a500000| Complete 
|  98|0x000000008a600000, 0x000000008a700000, 0x000000008a700000|100%| S|CS|TAMS 0x000000008a600000| PB 0x000000008a600000| Complete 
|  99|0x000000008a700000, 0x000000008a800000, 0x000000008a800000|100%| S|CS|TAMS 0x000000008a700000| PB 0x000000008a700000| Complete 
| 100|0x000000008a800000, 0x000000008a900000, 0x000000008a900000|100%| S|CS|TAMS 0x000000008a800000| PB 0x000000008a800000| Complete 
| 101|0x000000008a900000, 0x000000008aa00000, 0x000000008aa00000|100%| E|CS|TAMS 0x000000008a900000| PB 0x000000008a900000| Complete 
| 102|0x000000008aa00000, 0x000000008ab00000, 0x000000008ab00000|100%| E|CS|TAMS 0x000000008aa00000| PB 0x000000008aa00000| Complete 
| 103|0x000000008ab00000, 0x000000008ac00000, 0x000000008ac00000|100%| E|CS|TAMS 0x000000008ab00000| PB 0x000000008ab00000| Complete 
| 104|0x000000008ac00000, 0x000000008ad00000, 0x000000008ad00000|100%| E|CS|TAMS 0x000000008ac00000| PB 0x000000008ac00000| Complete 
| 105|0x000000008ad00000, 0x000000008ae00000, 0x000000008ae00000|100%| E|CS|TAMS 0x000000008ad00000| PB 0x000000008ad00000| Complete 
| 106|0x000000008ae00000, 0x000000008af00000, 0x000000008af00000|100%| E|CS|TAMS 0x000000008ae00000| PB 0x000000008ae00000| Complete 
| 107|0x000000008af00000, 0x000000008b000000, 0x000000008b000000|100%| E|CS|TAMS 0x000000008af00000| PB 0x000000008af00000| Complete 
| 108|0x000000008b000000, 0x000000008b100000, 0x000000008b100000|100%| E|CS|TAMS 0x000000008b000000| PB 0x000000008b000000| Complete 
| 109|0x000000008b100000, 0x000000008b200000, 0x000000008b200000|100%| E|CS|TAMS 0x000000008b100000| PB 0x000000008b100000| Complete 
| 110|0x000000008b200000, 0x000000008b300000, 0x000000008b300000|100%| E|CS|TAMS 0x000000008b200000| PB 0x000000008b200000| Complete 
| 111|0x000000008b300000, 0x000000008b400000, 0x000000008b400000|100%| E|CS|TAMS 0x000000008b300000| PB 0x000000008b300000| Complete 
| 112|0x000000008b400000, 0x000000008b500000, 0x000000008b500000|100%| E|CS|TAMS 0x000000008b400000| PB 0x000000008b400000| Complete 
| 113|0x000000008b500000, 0x000000008b600000, 0x000000008b600000|100%| E|CS|TAMS 0x000000008b500000| PB 0x000000008b500000| Complete 
| 114|0x000000008b600000, 0x000000008b700000, 0x000000008b700000|100%| E|CS|TAMS 0x000000008b600000| PB 0x000000008b600000| Complete 
| 115|0x000000008b700000, 0x000000008b800000, 0x000000008b800000|100%| E|CS|TAMS 0x000000008b700000| PB 0x000000008b700000| Complete 
| 116|0x000000008b800000, 0x000000008b900000, 0x000000008b900000|100%| E|CS|TAMS 0x000000008b800000| PB 0x000000008b800000| Complete 
| 117|0x000000008b900000, 0x000000008ba00000, 0x000000008ba00000|100%| E|CS|TAMS 0x000000008b900000| PB 0x000000008b900000| Complete 
| 118|0x000000008ba00000, 0x000000008bb00000, 0x000000008bb00000|100%| E|CS|TAMS 0x000000008ba00000| PB 0x000000008ba00000| Complete 
| 119|0x000000008bb00000, 0x000000008bc00000, 0x000000008bc00000|100%| E|CS|TAMS 0x000000008bb00000| PB 0x000000008bb00000| Complete 
| 120|0x000000008bc00000, 0x000000008bd00000, 0x000000008bd00000|100%| E|CS|TAMS 0x000000008bc00000| PB 0x000000008bc00000| Complete 
| 121|0x000000008bd00000, 0x000000008be00000, 0x000000008be00000|100%| E|CS|TAMS 0x000000008bd00000| PB 0x000000008bd00000| Complete 
| 122|0x000000008be00000, 0x000000008bf00000, 0x000000008bf00000|100%| E|CS|TAMS 0x000000008be00000| PB 0x000000008be00000| Complete 
| 123|0x000000008bf00000, 0x000000008c000000, 0x000000008c000000|100%| E|CS|TAMS 0x000000008bf00000| PB 0x000000008bf00000| Complete 

Card table byte_map: [0x000001e4b7be0000,0x000001e4b7fc0000] _byte_map_base: 0x000001e4b77be000

Marking Bits: (CMBitMap*) 0x000001e49e56a470
 Bits: [0x000001e4b83a0000, 0x000001e4ba290000)

Polling page: 0x000001e49e5c0000

Metaspace:

Usage:
  Non-class:      8.60 MB used.
      Class:      1.15 MB used.
       Both:      9.75 MB used.

Virtual space:
  Non-class space:       64.00 MB reserved,       8.62 MB ( 13%) committed,  1 nodes.
      Class space:        1.00 GB reserved,       1.25 MB ( <1%) committed,  1 nodes.
             Both:        1.06 GB reserved,       9.88 MB ( <1%) committed. 

Chunk freelists:
   Non-Class:  1.88 MB
       Class:  2.80 MB
        Both:  4.67 MB

MaxMetaspaceSize: unlimited
CompressedClassSpaceSize: 1.00 GB
Initial GC threshold: 21.00 MB
Current GC threshold: 21.00 MB
CDS: on
MetaspaceReclaimPolicy: balanced
 - commit_granule_bytes: 65536.
 - commit_granule_words: 8192.
 - virtual_space_node_default_size: 8388608.
 - enlarge_chunks_in_place: 1.
 - new_chunks_are_fully_committed: 0.
 - uncommit_free_chunks: 1.
 - use_allocation_guard: 0.


Internal statistics:

num_allocs_failed_limit: 0.
num_arena_births: 62.
num_arena_deaths: 0.
num_vsnodes_births: 2.
num_vsnodes_deaths: 0.
num_space_committed: 158.
num_space_uncommitted: 0.
num_chunks_returned_to_freelist: 0.
num_chunks_taken_from_freelist: 387.
num_chunk_merges: 0.
num_chunk_splits: 269.
num_chunks_enlarged: 223.
num_inconsistent_stats: 0.

CodeHeap 'non-profiled nmethods': size=120000Kb used=643Kb max_used=643Kb free=119356Kb
 bounds [0x000001e4af860000, 0x000001e4afad0000, 0x000001e4b6d90000]
CodeHeap 'profiled nmethods': size=120000Kb used=3605Kb max_used=3605Kb free=116394Kb
 bounds [0x000001e4a7d90000, 0x000001e4a8120000, 0x000001e4af2c0000]
CodeHeap 'non-nmethods': size=5760Kb used=1523Kb max_used=1542Kb free=4236Kb
 bounds [0x000001e4af2c0000, 0x000001e4af530000, 0x000001e4af860000]
 total_blobs=2332 nmethods=1872 adapters=371
 compilation: enabled
              stopped_count=0, restarted_count=0
 full_count=0

Compilation events (20 events):
Event: 156.846 Thread 0x000001e4bcd4a7a0 nmethod 1866 0x000001e4a810fa10 code [0x000001e4a810fbc0, 0x000001e4a810fdd8]
Event: 157.180 Thread 0x000001e4bcd4a7a0 1867       3       java.lang.Class::isLocalOrAnonymousClass (5 bytes)
Event: 157.180 Thread 0x000001e4bcd4a7a0 nmethod 1867 0x000001e4a810ff10 code [0x000001e4a81100c0, 0x000001e4a81102c0]
Event: 157.180 Thread 0x000001e4bcd4a7a0 1868       3       java.lang.Class::hasEnclosingMethodInfo (17 bytes)
Event: 157.180 Thread 0x000001e4bcd4a7a0 nmethod 1868 0x000001e4a8110390 code [0x000001e4a8110540, 0x000001e4a8110708]
Event: 157.375 Thread 0x000001e4bcd4a7a0 1869       3       java.util.HashSet::contains (9 bytes)
Event: 157.375 Thread 0x000001e4bcd4a7a0 nmethod 1869 0x000001e4a8110810 code [0x000001e4a81109a0, 0x000001e4a8110b70]
Event: 157.402 Thread 0x000001e4bcd4a7a0 1870       3       com.google.inject.spi.InjectionPoint$InjectableField::toInjectionPoint (20 bytes)
Event: 157.402 Thread 0x000001e4bcd4a7a0 nmethod 1870 0x000001e4a8110c10 code [0x000001e4a8110da0, 0x000001e4a8110f58]
Event: 157.402 Thread 0x000001e4bcd4a7a0 1871   !   3       com.google.inject.spi.InjectionPoint::<init> (153 bytes)
Event: 157.404 Thread 0x000001e4bcd4a7a0 nmethod 1871 0x000001e4a8111010 code [0x000001e4a8111440, 0x000001e4a81133b0]
Event: 157.404 Thread 0x000001e4bcd4a7a0 1872       3       com.google.inject.TypeLiteral::getFieldType (30 bytes)
Event: 157.405 Thread 0x000001e4bcd4a7a0 nmethod 1872 0x000001e4a8114010 code [0x000001e4a8114280, 0x000001e4a8114d08]
Event: 157.407 Thread 0x000001e4bcd4a7a0 1873       1       com.google.inject.Key::getTypeLiteral (5 bytes)
Event: 157.407 Thread 0x000001e4bcd4a7a0 nmethod 1873 0x000001e4af8ffe10 code [0x000001e4af8fff80, 0x000001e4af900048]
Event: 157.822 Thread 0x000001e4bcd4a7a0 1875       3       com.google.inject.Key::getAnnotationType (10 bytes)
Event: 157.822 Thread 0x000001e4bcd4a7a0 nmethod 1875 0x000001e4a8115090 code [0x000001e4a8115220, 0x000001e4a81153f0]
Event: 158.037 Thread 0x000001e4bcd48660 1876       4       java.util.stream.SortedOps$SizedRefSortingSink::accept (18 bytes)
Event: 158.041 Thread 0x000001e4bcd48660 nmethod 1876 0x000001e4af900810 code [0x000001e4af900980, 0x000001e4af900bd8]
Event: 158.146 Thread 0x000001e4bcd4a7a0 1877       3       java.lang.reflect.Constructor::getAnnotation (6 bytes)

GC Heap History (2 events):
Event: 123.935 GC heap before
{Heap before GC invocations=0 (full 0):
 garbage-first heap   total 126976K, used 23552K [0x0000000084400000, 0x0000000100000000)
  region size 1024K, 23 young (23552K), 0 survivors (0K)
 Metaspace       used 5750K, committed 5952K, reserved 1114112K
  class space    used 662K, committed 768K, reserved 1048576K
}
Event: 124.270 GC heap after
{Heap after GC invocations=1 (full 0):
 garbage-first heap   total 126976K, used 3840K [0x0000000084400000, 0x0000000100000000)
  region size 1024K, 3 young (3072K), 3 survivors (3072K)
 Metaspace       used 5750K, committed 5952K, reserved 1114112K
  class space    used 662K, committed 768K, reserved 1048576K
}

Dll operation events (8 events):
Event: 0.496 Loaded shared library C:\Program Files\Java\jdk-20\bin\java.dll
Event: 2.701 Loaded shared library C:\Program Files\Java\jdk-20\bin\jsvml.dll
Event: 4.111 Loaded shared library C:\Program Files\Java\jdk-20\bin\net.dll
Event: 4.114 Loaded shared library C:\Program Files\Java\jdk-20\bin\nio.dll
Event: 4.347 Loaded shared library C:\Program Files\Java\jdk-20\bin\zip.dll
Event: 109.102 Loaded shared library C:\Program Files\Java\jdk-20\bin\jimage.dll
Event: 110.242 Loaded shared library C:\Program Files\NetBeans-21\netbeans\java\maven\lib\jansi-native\Windows\x86_64\jansi.dll
Event: 110.360 Loaded shared library C:\Program Files\Java\jdk-20\bin\verify.dll

Deoptimization events (20 events):
Event: 144.529 Thread 0x000001e49e50c020 Uncommon trap: trap_request=0xffffffc6 fr.pc=0x000001e4af8f0874 relative=0x00000000000002b4
Event: 144.529 Thread 0x000001e49e50c020 Uncommon trap: reason=bimorphic_or_optimized_type_check action=maybe_recompile pc=0x000001e4af8f0874 method=java.util.HashMap.getNode(Ljava/lang/Object;)Ljava/util/HashMap$Node; @ 63 c2
Event: 144.529 Thread 0x000001e49e50c020 DEOPT PACKING pc=0x000001e4af8f0874 sp=0x0000005deaafe1c0
Event: 144.529 Thread 0x000001e49e50c020 DEOPT UNPACKING pc=0x000001e4af2dd2a2 sp=0x0000005deaafe138 mode 2
Event: 154.964 Thread 0x000001e49e50c020 Uncommon trap: trap_request=0xffffffc6 fr.pc=0x000001e4af8f0874 relative=0x00000000000002b4
Event: 154.964 Thread 0x000001e49e50c020 Uncommon trap: reason=bimorphic_or_optimized_type_check action=maybe_recompile pc=0x000001e4af8f0874 method=java.util.HashMap.getNode(Ljava/lang/Object;)Ljava/util/HashMap$Node; @ 63 c2
Event: 154.964 Thread 0x000001e49e50c020 DEOPT PACKING pc=0x000001e4af8f0874 sp=0x0000005deaafe3c0
Event: 154.964 Thread 0x000001e49e50c020 DEOPT UNPACKING pc=0x000001e4af2dd2a2 sp=0x0000005deaafe328 mode 2
Event: 155.011 Thread 0x000001e49e50c020 Uncommon trap: trap_request=0xffffffc6 fr.pc=0x000001e4af8fc9c4 relative=0x0000000000000284
Event: 155.011 Thread 0x000001e49e50c020 Uncommon trap: reason=bimorphic_or_optimized_type_check action=maybe_recompile pc=0x000001e4af8fc9c4 method=java.util.HashMap.getNode(Ljava/lang/Object;)Ljava/util/HashMap$Node; @ 128 c2
Event: 155.011 Thread 0x000001e49e50c020 DEOPT PACKING pc=0x000001e4af8fc9c4 sp=0x0000005deaafe2a0
Event: 155.011 Thread 0x000001e49e50c020 DEOPT UNPACKING pc=0x000001e4af2dd2a2 sp=0x0000005deaafe1a8 mode 2
Event: 155.131 Thread 0x000001e49e50c020 Uncommon trap: trap_request=0xffffffc6 fr.pc=0x000001e4af8f0874 relative=0x00000000000002b4
Event: 155.131 Thread 0x000001e49e50c020 Uncommon trap: reason=bimorphic_or_optimized_type_check action=maybe_recompile pc=0x000001e4af8f0874 method=java.util.HashMap.getNode(Ljava/lang/Object;)Ljava/util/HashMap$Node; @ 63 c2
Event: 155.131 Thread 0x000001e49e50c020 DEOPT PACKING pc=0x000001e4af8f0874 sp=0x0000005deaafe110
Event: 155.131 Thread 0x000001e49e50c020 DEOPT UNPACKING pc=0x000001e4af2dd2a2 sp=0x0000005deaafe078 mode 2
Event: 155.131 Thread 0x000001e49e50c020 Uncommon trap: trap_request=0xffffffc6 fr.pc=0x000001e4af8fc9c4 relative=0x0000000000000284
Event: 155.131 Thread 0x000001e49e50c020 Uncommon trap: reason=bimorphic_or_optimized_type_check action=maybe_recompile pc=0x000001e4af8fc9c4 method=java.util.HashMap.getNode(Ljava/lang/Object;)Ljava/util/HashMap$Node; @ 128 c2
Event: 155.131 Thread 0x000001e49e50c020 DEOPT PACKING pc=0x000001e4af8fc9c4 sp=0x0000005deaafe2a0
Event: 155.131 Thread 0x000001e49e50c020 DEOPT UNPACKING pc=0x000001e4af2dd2a2 sp=0x0000005deaafe1a8 mode 2

Classes loaded (20 events):
Event: 147.213 Loading class java/util/concurrent/CompletionService
Event: 147.213 Loading class java/util/concurrent/CompletionService done
Event: 152.438 Loading class java/lang/reflect/Executable$ParameterData
Event: 152.438 Loading class java/lang/reflect/Executable$ParameterData done
Event: 152.439 Loading class sun/reflect/generics/scope/ConstructorScope
Event: 152.439 Loading class sun/reflect/generics/scope/ConstructorScope done
Event: 152.439 Loading class sun/reflect/generics/repository/ConstructorRepository
Event: 152.439 Loading class sun/reflect/generics/repository/ConstructorRepository done
Event: 152.439 Loading class sun/reflect/generics/tree/VoidDescriptor
Event: 152.439 Loading class sun/reflect/generics/tree/VoidDescriptor done
Event: 152.439 Loading class sun/reflect/generics/tree/MethodTypeSignature
Event: 152.439 Loading class sun/reflect/generics/tree/MethodTypeSignature done
Event: 152.702 Loading class java/security/NoSuchAlgorithmException
Event: 152.702 Loading class java/security/GeneralSecurityException
Event: 152.702 Loading class java/security/GeneralSecurityException done
Event: 152.702 Loading class java/security/NoSuchAlgorithmException done
Event: 153.841 Loading class java/util/concurrent/atomic/AtomicBoolean
Event: 153.842 Loading class java/util/concurrent/atomic/AtomicBoolean done
Event: 158.037 Loading class sun/reflect/generics/repository/FieldRepository
Event: 158.038 Loading class sun/reflect/generics/repository/FieldRepository done

Classes unloaded (0 events):
No events

Classes redefined (0 events):
No events

Internal exceptions (20 events):
Event: 110.266 Thread 0x000001e49e50c020 Exception <a 'java/lang/NullPointerException'{0x000000008bbda120}> (0x000000008bbda120) 
thrown [s\open\src\hotspot\share\interpreter\linkResolver.cpp, line 1373]
Event: 110.266 Thread 0x000001e49e50c020 Exception <a 'java/lang/NullPointerException'{0x000000008bbda400}> (0x000000008bbda400) 
thrown [s\open\src\hotspot\share\interpreter\linkResolver.cpp, line 1373]
Event: 110.266 Thread 0x000001e49e50c020 Exception <a 'java/lang/NullPointerException'{0x000000008bbda6e0}> (0x000000008bbda6e0) 
thrown [s\open\src\hotspot\share\interpreter\linkResolver.cpp, line 1373]
Event: 110.331 Thread 0x000001e49e50c020 Exception <a 'sun/nio/fs/WindowsException'{0x000000008ba12960}> (0x000000008ba12960) 
thrown [s\open\src\hotspot\share\prims\jni.cpp, line 519]
Event: 110.335 Thread 0x000001e49e50c020 Exception <a 'sun/nio/fs/WindowsException'{0x000000008ba13170}> (0x000000008ba13170) 
thrown [s\open\src\hotspot\share\prims\jni.cpp, line 519]
Event: 110.335 Thread 0x000001e49e50c020 Exception <a 'sun/nio/fs/WindowsException'{0x000000008ba13830}> (0x000000008ba13830) 
thrown [s\open\src\hotspot\share\prims\jni.cpp, line 519]
Event: 110.335 Thread 0x000001e49e50c020 Exception <a 'sun/nio/fs/WindowsException'{0x000000008ba13e80}> (0x000000008ba13e80) 
thrown [s\open\src\hotspot\share\prims\jni.cpp, line 519]
Event: 110.335 Thread 0x000001e49e50c020 Exception <a 'sun/nio/fs/WindowsException'{0x000000008ba14408}> (0x000000008ba14408) 
thrown [s\open\src\hotspot\share\prims\jni.cpp, line 519]
Event: 110.335 Thread 0x000001e49e50c020 Exception <a 'sun/nio/fs/WindowsException'{0x000000008ba14960}> (0x000000008ba14960) 
thrown [s\open\src\hotspot\share\prims\jni.cpp, line 519]
Event: 110.336 Thread 0x000001e49e50c020 Exception <a 'sun/nio/fs/WindowsException'{0x000000008ba14e20}> (0x000000008ba14e20) 
thrown [s\open\src\hotspot\share\prims\jni.cpp, line 519]
Event: 110.800 Thread 0x000001e49e50c020 Exception <a 'java/lang/NoSuchMethodError'{0x000000008ba87458}: 'void java.lang.invoke.DirectMethodHandle$Holder.invokeStatic(java.lang.Object, java.lang.Object, java.lang.Object)'> (0x000000008ba87458) 
thrown [s\open\src\hotspot\share\interpreter\linkResolver.cpp, line 773]
Event: 111.866 Thread 0x000001e49e50c020 Exception <a 'java/lang/NoSuchMethodError'{0x000000008b841158}: 'java.lang.Object java.lang.invoke.DirectMethodHandle$Holder.invokeSpecialIFC(java.lang.Object, java.lang.Object, java.lang.Object, java.lang.Object)'> (0x000000008b841158) 
thrown [s\open\src\hotspot\share\interpreter\linkResolver.cpp, line 773]
Event: 115.810 Thread 0x000001e49e50c020 Exception <a 'java/lang/NoSuchMethodError'{0x000000008b3adfb0}: 'void java.lang.invoke.DirectMethodHandle$Holder.invokeSpecial(java.lang.Object, java.lang.Object, java.lang.Object)'> (0x000000008b3adfb0) 
thrown [s\open\src\hotspot\share\interpreter\linkResolver.cpp, line 773]
Event: 118.151 Thread 0x000001e49e50c020 Exception <a 'java/lang/NoSuchMethodError'{0x000000008b2f0fd8}: 'java.lang.Object java.lang.invoke.DirectMethodHandle$Holder.invokeInterface(java.lang.Object, java.lang.Object)'> (0x000000008b2f0fd8) 
thrown [s\open\src\hotspot\share\interpreter\linkResolver.cpp, line 773]
Event: 119.234 Thread 0x000001e49e50c020 Exception <a 'java/lang/NoSuchMethodError'{0x000000008b186710}: 'int java.lang.invoke.DirectMethodHandle$Holder.invokeStatic(java.lang.Object, java.lang.Object, java.lang.Object, java.lang.Object)'> (0x000000008b186710) 
thrown [s\open\src\hotspot\share\interpreter\linkResolver.cpp, line 773]
Event: 119.235 Thread 0x000001e49e50c020 Exception <a 'java/lang/NoSuchMethodError'{0x000000008b189d90}: 'java.lang.Object java.lang.invoke.Invokers$Holder.invokeExact_MT(java.lang.Object, java.lang.Object, java.lang.Object, java.lang.Object, java.lang.Object, java.lang.Object)'> (0x000000008b189d90) 
thrown [s\open\src\hotspot\share\interpreter\linkResolver.cpp, line 773]
Event: 119.254 Thread 0x000001e49e50c020 Exception <a 'java/lang/NoSuchMethodError'{0x000000008b19a1e0}: 'int java.lang.invoke.DirectMethodHandle$Holder.invokeSpecialIFC(java.lang.Object, java.lang.Object, java.lang.Object, java.lang.Object, java.lang.Object)'> (0x000000008b19a1e0) 
thrown [s\open\src\hotspot\share\interpreter\linkResolver.cpp, line 773]
Event: 120.835 Thread 0x000001e49e50c020 Exception <a 'java/lang/NoSuchMethodError'{0x000000008af16860}: 'java.lang.Object java.lang.invoke.DirectMethodHandle$Holder.newInvokeSpecial(java.lang.Object, java.lang.Object, java.lang.Object, java.lang.Object, java.lang.Object)'> (0x000000008af16860) 
thrown [s\open\src\hotspot\share\interpreter\linkResolver.cpp, line 773]
Event: 122.751 Thread 0x000001e49e50c020 Exception <a 'java/lang/NoSuchMethodError'{0x000000008ae0fc68}: 'int java.lang.invoke.DirectMethodHandle$Holder.invokeStaticInit(java.lang.Object, java.lang.Object)'> (0x000000008ae0fc68) 
thrown [s\open\src\hotspot\share\interpreter\linkResolver.cpp, line 773]
Event: 122.979 Thread 0x000001e49e50c020 Exception <a 'java/lang/NoClassDefFoundError'{0x000000008ae444f8}: javax/enterprise/inject/Typed> (0x000000008ae444f8) 
thrown [s\open\src\hotspot\share\classfile\systemDictionary.cpp, line 294]

VM Operations (20 events):
Event: 145.652 Executing VM operation: Cleanup
Event: 145.652 Executing VM operation: Cleanup done
Event: 146.667 Executing VM operation: Cleanup
Event: 146.716 Executing VM operation: Cleanup done
Event: 146.854 Executing VM operation: HandshakeAllThreads
Event: 146.854 Executing VM operation: HandshakeAllThreads done
Event: 147.850 Executing VM operation: Cleanup
Event: 147.881 Executing VM operation: Cleanup done
Event: 148.885 Executing VM operation: Cleanup
Event: 149.022 Executing VM operation: Cleanup done
Event: 150.032 Executing VM operation: Cleanup
Event: 150.048 Executing VM operation: Cleanup done
Event: 153.088 Executing VM operation: Cleanup
Event: 153.134 Executing VM operation: Cleanup done
Event: 155.136 Executing VM operation: Cleanup
Event: 155.156 Executing VM operation: Cleanup done
Event: 156.192 Executing VM operation: Cleanup
Event: 156.206 Executing VM operation: Cleanup done
Event: 157.219 Executing VM operation: Cleanup
Event: 157.307 Executing VM operation: Cleanup done

Events (11 events):
Event: 2.702 Thread 0x000001e49e50c020 Thread added: 0x000001e49e50c020
Event: 2.962 Thread 0x000001e4bcd3fb90 Thread added: 0x000001e4bcd3fb90
Event: 2.962 Thread 0x000001e4bcd42c00 Thread added: 0x000001e4bcd42c00
Event: 2.964 Thread 0x000001e4bcd43a90 Thread added: 0x000001e4bcd43a90
Event: 2.964 Thread 0x000001e4bcd454d0 Thread added: 0x000001e4bcd454d0
Event: 2.964 Thread 0x000001e4bcd45f00 Thread added: 0x000001e4bcd45f00
Event: 2.964 Thread 0x000001e4bcd47850 Thread added: 0x000001e4bcd47850
Event: 2.964 Thread 0x000001e4bcd48660 Thread added: 0x000001e4bcd48660
Event: 2.964 Thread 0x000001e4bcd4a7a0 Thread added: 0x000001e4bcd4a7a0
Event: 3.930 Thread 0x000001e4c10f88c0 Thread added: 0x000001e4c10f88c0
Event: 4.103 Thread 0x000001e4c110ac80 Thread added: 0x000001e4c110ac80


Dynamic libraries:
0x00007ff611c50000 - 0x00007ff611c60000 	C:\Program Files\Java\jdk-20\bin\java.exe
0x00007ffe64a30000 - 0x00007ffe64c47000 	C:\WINDOWS\SYSTEM32\ntdll.dll
0x00007ffe1a310000 - 0x00007ffe1a32a000 	C:\Program Files\AVG\Antivirus\aswhook.dll
0x00007ffe63050000 - 0x00007ffe63114000 	C:\WINDOWS\System32\KERNEL32.DLL
0x00007ffe61d50000 - 0x00007ffe620fd000 	C:\WINDOWS\System32\KERNELBASE.dll
0x00007ffe62640000 - 0x00007ffe62751000 	C:\WINDOWS\System32\ucrtbase.dll
0x00007ffe531c0000 - 0x00007ffe531d9000 	C:\Program Files\Java\jdk-20\bin\jli.dll
0x00007ffe63370000 - 0x00007ffe63422000 	C:\WINDOWS\System32\ADVAPI32.dll
0x00007ffe62810000 - 0x00007ffe628b7000 	C:\WINDOWS\System32\msvcrt.dll
0x00007ffe62db0000 - 0x00007ffe62e59000 	C:\WINDOWS\System32\sechost.dll
0x00007ffe622e0000 - 0x00007ffe62308000 	C:\WINDOWS\System32\bcrypt.dll
0x00007ffe62e80000 - 0x00007ffe62f94000 	C:\WINDOWS\System32\RPCRT4.dll
0x00007ffe635d0000 - 0x00007ffe6377e000 	C:\WINDOWS\System32\USER32.dll
0x00007ffe62310000 - 0x00007ffe62336000 	C:\WINDOWS\System32\win32u.dll
0x00007ffe63020000 - 0x00007ffe63049000 	C:\WINDOWS\System32\GDI32.dll
0x00007ffe62100000 - 0x00007ffe62219000 	C:\WINDOWS\System32\gdi32full.dll
0x00007ffe62520000 - 0x00007ffe625ba000 	C:\WINDOWS\System32\msvcp_win.dll
0x00007ffe543d0000 - 0x00007ffe543eb000 	C:\Program Files\Java\jdk-20\bin\VCRUNTIME140.dll
0x00007ffe4a1a0000 - 0x00007ffe4a433000 	C:\WINDOWS\WinSxS\amd64_microsoft.windows.common-controls_6595b64144ccf1df_6.0.22621.3672_none_2713b9d173822955\COMCTL32.dll
0x00007ffe59090000 - 0x00007ffe5909a000 	C:\WINDOWS\SYSTEM32\VERSION.dll
0x00007ffe63c70000 - 0x00007ffe63ca1000 	C:\WINDOWS\System32\IMM32.DLL
0x00007ffe590e0000 - 0x00007ffe590ec000 	C:\Program Files\Java\jdk-20\bin\vcruntime140_1.dll
0x00007ffe22320000 - 0x00007ffe223ae000 	C:\Program Files\Java\jdk-20\bin\msvcp140.dll
0x00007ffe010d0000 - 0x00007ffe01d67000 	C:\Program Files\Java\jdk-20\bin\server\jvm.dll
0x00007ffe3a250000 - 0x00007ffe3a259000 	C:\WINDOWS\SYSTEM32\WSOCK32.dll
0x00007ffe63e60000 - 0x00007ffe63ed1000 	C:\WINDOWS\System32\WS2_32.dll
0x00007ffe5ed10000 - 0x00007ffe5ed44000 	C:\WINDOWS\SYSTEM32\WINMM.dll
0x00007ffe60e50000 - 0x00007ffe60e68000 	C:\WINDOWS\SYSTEM32\kernel.appcore.dll
0x00007ffe54450000 - 0x00007ffe5445a000 	C:\Program Files\Java\jdk-20\bin\jimage.dll
0x00007ffe5f780000 - 0x00007ffe5f9b2000 	C:\WINDOWS\SYSTEM32\DBGHELP.DLL
0x00007ffe628c0000 - 0x00007ffe62c4e000 	C:\WINDOWS\System32\combase.dll
0x00007ffe63ef0000 - 0x00007ffe63fc7000 	C:\WINDOWS\System32\OLEAUT32.dll
0x00007ffe5ecd0000 - 0x00007ffe5ed02000 	C:\WINDOWS\SYSTEM32\dbgcore.DLL
0x00007ffe625c0000 - 0x00007ffe6263b000 	C:\WINDOWS\System32\bcryptPrimitives.dll
0x00007ffe53290000 - 0x00007ffe532b6000 	C:\Program Files\Java\jdk-20\bin\java.dll
0x00007ffe15ae0000 - 0x00007ffe15bb7000 	C:\Program Files\Java\jdk-20\bin\jsvml.dll
0x00007ffe64180000 - 0x00007ffe649e7000 	C:\WINDOWS\System32\SHELL32.dll
0x00007ffe5fc90000 - 0x00007ffe6058f000 	C:\WINDOWS\SYSTEM32\windows.storage.dll
0x00007ffe5fb50000 - 0x00007ffe5fc8f000 	C:\WINDOWS\SYSTEM32\wintypes.dll
0x00007ffe63440000 - 0x00007ffe63539000 	C:\WINDOWS\System32\SHCORE.dll
0x00007ffe63120000 - 0x00007ffe6317e000 	C:\WINDOWS\System32\shlwapi.dll
0x00007ffe61c80000 - 0x00007ffe61ca7000 	C:\WINDOWS\SYSTEM32\profapi.dll
0x00007ffe53200000 - 0x00007ffe53213000 	C:\Program Files\Java\jdk-20\bin\net.dll
0x00007ffe5cf10000 - 0x00007ffe5d046000 	C:\WINDOWS\SYSTEM32\WINHTTP.dll
0x00007ffe612b0000 - 0x00007ffe61319000 	C:\WINDOWS\system32\mswsock.dll
0x00007ffe53060000 - 0x00007ffe53076000 	C:\Program Files\Java\jdk-20\bin\nio.dll
0x00007ffe53040000 - 0x00007ffe53058000 	C:\Program Files\Java\jdk-20\bin\zip.dll
0x0000000069ac0000 - 0x0000000069ae4000 	C:\Program Files\NetBeans-21\netbeans\java\maven\lib\jansi-native\Windows\x86_64\jansi.dll
0x00007ffe58da0000 - 0x00007ffe58db0000 	C:\Program Files\Java\jdk-20\bin\verify.dll

dbghelp: loaded successfully - version: 4.0.5 - missing functions: none
symbol engine: initialized successfully - sym options: 0x614 - pdb path: .;C:\Program Files\Java\jdk-20\bin;C:\WINDOWS\SYSTEM32;C:\Program Files\AVG\Antivirus;C:\WINDOWS\WinSxS\amd64_microsoft.windows.common-controls_6595b64144ccf1df_6.0.22621.3672_none_2713b9d173822955;C:\Program Files\Java\jdk-20\bin\server;C:\Program Files\NetBeans-21\netbeans\java\maven\lib\jansi-native\Windows\x86_64

VM Arguments:
jvm_args: -Dclassworlds.conf=C:\Program Files\NetBeans-21\netbeans\java\maven\bin\m2.conf -Dmaven.home=C:\Program Files\NetBeans-21\netbeans\java\maven -Dlibrary.jansi.path=C:\Program Files\NetBeans-21\netbeans\java\maven\lib\jansi-native -Dmaven.multiModuleProjectDirectory=C:\trilhaJava\pos-graduacao\utfpr-pos-graduacao\8-java-redes\atividade04\servidorclientethread 
java_command: org.codehaus.plexus.classworlds.launcher.Launcher -Dexec.vmArgs= -Dexec.args=${exec.vmArgs} -classpath %classpath ${exec.mainClass} ${exec.appArgs} -Dexec.appArgs= -Dexec.mainClass=local.javaredes.Servidorclientethread -Dexec.executable=C:\Program Files\Java\jdk-20\bin\java.exe -Dmaven.ext.class.path=C:\Program Files\NetBeans-21\netbeans\java\maven-nblib\netbeans-eventspy.jar --no-transfer-progress process-classes org.codehaus.mojo:exec-maven-plugin:3.1.0:exec
java_class_path (initial): C:\Program Files\NetBeans-21\netbeans\java\maven\boot\plexus-classworlds-2.7.0.jar
Launcher Type: SUN_STANDARD

[Global flags]
     intx CICompilerCount                          = 4                                         {product} {ergonomic}
     uint ConcGCThreads                            = 2                                         {product} {ergonomic}
     uint G1ConcRefinementThreads                  = 8                                         {product} {ergonomic}
   size_t G1HeapRegionSize                         = 1048576                                   {product} {ergonomic}
    uintx GCDrainStackTargetSize                   = 64                                        {product} {ergonomic}
   size_t InitialHeapSize                          = 130023424                                 {product} {ergonomic}
   size_t MarkStackSize                            = 4194304                                   {product} {ergonomic}
   size_t MaxHeapSize                              = 2076180480                                {product} {ergonomic}
   size_t MaxNewSize                               = 1245708288                                {product} {ergonomic}
   size_t MinHeapDeltaBytes                        = 1048576                                   {product} {ergonomic}
   size_t MinHeapSize                              = 8388608                                   {product} {ergonomic}
    uintx NonNMethodCodeHeapSize                   = 5839372                                {pd product} {ergonomic}
    uintx NonProfiledCodeHeapSize                  = 122909434                              {pd product} {ergonomic}
    uintx ProfiledCodeHeapSize                     = 122909434                              {pd product} {ergonomic}
    uintx ReservedCodeCacheSize                    = 251658240                              {pd product} {ergonomic}
     bool SegmentedCodeCache                       = true                                      {product} {ergonomic}
   size_t SoftMaxHeapSize                          = 2076180480                             {manageable} {ergonomic}
     bool UseCompressedClassPointers               = true                           {product lp64_product} {ergonomic}
     bool UseCompressedOops                        = true                           {product lp64_product} {ergonomic}
     bool UseG1GC                                  = true                                      {product} {ergonomic}
     bool UseLargePagesIndividualAllocation        = false                                  {pd product} {ergonomic}

Logging:
Log output configuration:
 #0: stdout all=warning uptime,level,tags foldmultilines=false
 #1: stderr all=off uptime,level,tags foldmultilines=false

Environment Variables:
JAVA_HOME=C:\Program Files\Java\jdk-20
PATH=C:\Program Files\Common Files\Oracle\Java\javapath;C:\Program Files (x86)\Common Files\Oracle\Java\java8path;C:\Program Files (x86)\Common Files\Oracle\Java\javapath;C:\WINDOWS\system32;C:\WINDOWS;C:\WINDOWS\System32\Wbem;C:\WINDOWS\System32\WindowsPowerShell\v1.0\;C:\WINDOWS\System32\OpenSSH\;C:\Program Files\dotnet\;C:\Program Files\Git\cmd;C:\Program Files\Java\jdk-20\bin;C:\trilhaJava\devtools\apache-maven-3.8.8-bin\apache-maven-3.8.8\bin;C:\Program Files\Java\jdk11.0.20_9;;C:\Program Files\Docker\Docker\resources\bin;C:\Program Files\Amazon\AWSCLIV2\;C:\Program Files\nodejs\;C:\Users\engen\anaconda3;C:\Users\engen\anaconda3\Library\mingw-w64\bin;C:\Users\engen\anaconda3\Library\usr\bin;C:\Users\engen\anaconda3\Library\bin;C:\Users\engen\anaconda3\Scripts;C:\Program Files\MySQL\MySQL Shell 8.0\bin\;C:\Users\engen\AppData\Local\Microsoft\WindowsApps;C:\Users\engen\AppData\Local\Programs\Microsoft VS Code\bin;C:\Program Files\Java\jdk-20\bin;C:\Users\engen\.dotnet\tools;C:\Users\engen\AppData\Roaming\npm
USERNAME=engen
OS=Windows_NT
PROCESSOR_IDENTIFIER=Intel64 Family 6 Model 140 Stepping 1, GenuineIntel
TMP=C:\Users\engen\AppData\Local\Temp
TEMP=C:\Users\engen\AppData\Local\Temp




---------------  S Y S T E M  ---------------

OS:
 Windows 11 , 64 bit Build 22621 (10.0.22621.3958)
OS uptime: 5 days 5:42 hours
Hyper-V role detected

CPU: total 8 (initial active 8) (4 cores per cpu, 2 threads per core) family 6 model 140 stepping 1 microcode 0xb8, cx8, cmov, fxsr, ht, mmx, 3dnowpref, sse, sse2, sse3, ssse3, sse4.1, sse4.2, popcnt, lzcnt, tsc, tscinvbit, avx, avx2, aes, erms, clmul, bmi1, bmi2, adx, avx512f, avx512dq, avx512cd, avx512bw, avx512vl, sha, fma, vzeroupper, avx512_vpopcntdq, avx512_vpclmulqdq, avx512_vaes, avx512_vnni, clflush, clflushopt, clwb, avx512_vbmi2, avx512_vbmi, hv, rdtscp, rdpid, fsrm, gfni, avx512_bitalg, f16c, cet_ibt, cet_ss, avx512_ifma

Memory: 4k page, system-wide physical 7914M (205M free)
TotalPageFile size 30794M (AvailPageFile size 7M)
current process WorkingSet (physical memory assigned to process): 62M, peak: 72M
current process commit charge ("private bytes"): 222M, peak: 223M

vm_info: Java HotSpot(TM) 64-Bit Server VM (20.0.1+9-29) for windows-amd64 JRE (20.0.1+9-29), built on 2023-03-07T13:56:11Z by "mach5one" with MS VC++ 17.1 (VS2022)

END.
