#
# There is insufficient memory for the Java Runtime Environment to continue.
# Native memory allocation (mmap) failed to map 65536 bytes for Failed to commit metaspace.
# Possible reasons:
#   The system is out of physical RAM or swap space
#   The process is running with CompressedOops enabled, and the Java Heap may be blocking the growth of the native heap
# Possible solutions:
#   Reduce memory load on the system
#   Increase physical memory or swap space
#   Check if swap backing store is full
#   Decrease Java heap size (-Xmx/-Xms)
#   Decrease number of Java threads
#   Decrease Java thread stack sizes (-Xss)
#   Set larger code cache with -XX:ReservedCodeCacheSize=
#   JVM is running with Unscaled Compressed Oops mode in which the Java heap is
#     placed in the first 4GB address space. The Java Heap base address is the
#     maximum limit for the native heap growth. Please use -XX:HeapBaseMinAddress
#     to set the Java Heap base and to place the Java Heap above 4GB virtual address.
# This output file may be truncated or incomplete.
#
#  Out of Memory Error (virtualSpaceNode.cpp:110), pid=291128, tid=297844
#
# JRE version: Java(TM) SE Runtime Environment (20.0.1+9) (build 20.0.1+9-29)
# Java VM: Java HotSpot(TM) 64-Bit Server VM (20.0.1+9-29, mixed mode, sharing, tiered, compressed oops, compressed class ptrs, g1 gc, windows-amd64)
# No core dump will be written. Minidumps are not enabled by default on client versions of Windows
#

---------------  S U M M A R Y ------------

Command Line: -Dclassworlds.conf=C:\Program Files\NetBeans-21\netbeans\java\maven\bin\m2.conf -Dmaven.home=C:\Program Files\NetBeans-21\netbeans\java\maven -Dlibrary.jansi.path=C:\Program Files\NetBeans-21\netbeans\java\maven\lib\jansi-native -Dmaven.multiModuleProjectDirectory=C:\trilhaJava\pos-graduacao\utfpr-pos-graduacao\8-java-redes\atividade04\servidorclientethread org.codehaus.plexus.classworlds.launcher.Launcher -Dexec.vmArgs= -Dexec.args=${exec.vmArgs} -classpath %classpath ${exec.mainClass} ${exec.appArgs} -Dexec.appArgs= -Dexec.mainClass=local.javaredes.Servidorclientethread -Dexec.executable=C:\Program Files\Java\jdk-20\bin\java.exe -Dmaven.ext.class.path=C:\Program Files\NetBeans-21\netbeans\java\maven-nblib\netbeans-eventspy.jar --no-transfer-progress process-classes org.codehaus.mojo:exec-maven-plugin:3.1.0:exec

Host: 11th Gen Intel(R) Core(TM) i5-1135G7 @ 2.40GHz, 8 cores, 7G,  Windows 11 , 64 bit Build 22621 (10.0.22621.3958)
Time: Wed Oct  2 17:04:59 2024 Hora oficial do Brasil elapsed time: 161.921307 seconds (0d 0h 2m 41s)

---------------  T H R E A D  ---------------

Current thread (0x0000022aaa49e7c0):  JavaThread "main" [_thread_in_vm, id=297844, stack(0x0000006150000000,0x0000006150100000)]

Stack: [0x0000006150000000,0x0000006150100000]
Native frames: (J=compiled Java code, j=interpreted, Vv=VM code, C=native code)
V  [jvm.dll+0x6bb95a]
V  [jvm.dll+0x8485fa]
V  [jvm.dll+0x84a1f5]
V  [jvm.dll+0x84a8f3]
V  [jvm.dll+0x280b0f]
V  [jvm.dll+0x84453b]
V  [jvm.dll+0x65fd86]
V  [jvm.dll+0x1eb4e7]
V  [jvm.dll+0x6627a2]
V  [jvm.dll+0x66258e]
V  [jvm.dll+0x66079e]
V  [jvm.dll+0x26da71]
V  [jvm.dll+0x21bea7]
V  [jvm.dll+0x211780]
V  [jvm.dll+0x59c26c]
V  [jvm.dll+0x7c3693]
V  [jvm.dll+0x7c3774]
V  [jvm.dll+0x46c524]
V  [jvm.dll+0x471a88]
C  [java.dll+0x17ec]

Java frames: (J=compiled Java code, j=interpreted, Vv=VM code)
J 912  java.lang.ClassLoader.defineClass1(Ljava/lang/ClassLoader;Ljava/lang/String;[BIILjava/security/ProtectionDomain;Ljava/lang/String;)Ljava/lang/Class; java.base@20.0.1 (0 bytes) @ 0x0000022abb8b2271 [0x0000022abb8b21a0+0x00000000000000d1]
J 914 c1 java.lang.ClassLoader.defineClass(Ljava/lang/String;[BIILjava/security/ProtectionDomain;)Ljava/lang/Class; java.base@20.0.1 (43 bytes) @ 0x0000022ab3f5455c [0x0000022ab3f54200+0x000000000000035c]
J 865 c1 java.security.SecureClassLoader.defineClass(Ljava/lang/String;[BIILjava/security/CodeSource;)Ljava/lang/Class; java.base@20.0.1 (16 bytes) @ 0x0000022ab3f3ea74 [0x0000022ab3f3e9a0+0x00000000000000d4]
J 771 c1 java.net.URLClassLoader.defineClass(Ljava/lang/String;Ljdk/internal/loader/Resource;)Ljava/lang/Class; java.base@20.0.1 (224 bytes) @ 0x0000022ab3f0bd54 [0x0000022ab3f0aa80+0x00000000000012d4]
J 869 c1 java.net.URLClassLoader$1.run()Ljava/lang/Class; java.base@20.0.1 (81 bytes) @ 0x0000022ab3f4179c [0x0000022ab3f40b20+0x0000000000000c7c]
J 868 c1 java.net.URLClassLoader$1.run()Ljava/lang/Object; java.base@20.0.1 (5 bytes) @ 0x0000022ab3f40634 [0x0000022ab3f405a0+0x0000000000000094]
J 758 c1 java.security.AccessController.doPrivileged(Ljava/security/PrivilegedExceptionAction;Ljava/security/AccessControlContext;)Ljava/lang/Object; java.base@20.0.1 (26 bytes) @ 0x0000022ab3f00964 [0x0000022ab3f00780+0x00000000000001e4]
J 866 c1 java.net.URLClassLoader.findClass(Ljava/lang/String;)Ljava/lang/Class; java.base@20.0.1 (47 bytes) @ 0x0000022ab3f3efac [0x0000022ab3f3ee00+0x00000000000001ac]
J 770 c1 org.codehaus.plexus.classworlds.realm.ClassRealm.loadClassFromSelf(Ljava/lang/String;)Ljava/lang/Class; (40 bytes) @ 0x0000022ab3f0a194 [0x0000022ab3f09e00+0x0000000000000394]
J 805 c1 org.codehaus.plexus.classworlds.strategy.SelfFirstStrategy.loadClass(Ljava/lang/String;)Ljava/lang/Class; (50 bytes) @ 0x0000022ab3f18f7c [0x0000022ab3f18ba0+0x00000000000003dc]
J 514 c1 org.codehaus.plexus.classworlds.realm.ClassRealm.loadClass(Ljava/lang/String;Z)Ljava/lang/Class; (33 bytes) @ 0x0000022ab3e7123c [0x0000022ab3e710c0+0x000000000000017c]
J 513 c1 org.codehaus.plexus.classworlds.realm.ClassRealm.loadClass(Ljava/lang/String;)Ljava/lang/Class; (7 bytes) @ 0x0000022ab3e70da4 [0x0000022ab3e70ca0+0x0000000000000104]
v  ~StubRoutines::call_stub 0x0000022abb2d10e7
j  org.eclipse.sisu.plexus.PlexusConfigurations.lookup(Lorg/codehaus/plexus/component/annotations/Configuration;Lorg/eclipse/sisu/bean/BeanProperty;)Ljavax/inject/Provider;+0
j  org.eclipse.sisu.plexus.PlexusPropertyBinder.bindProperty(Lorg/eclipse/sisu/bean/BeanProperty;)Lorg/eclipse/sisu/bean/PropertyBinding;+38
j  org.eclipse.sisu.bean.BeanListener.hear(Lcom/google/inject/TypeLiteral;Lcom/google/inject/spi/TypeEncounter;)V+125
j  com.google.inject.internal.MembersInjectorStore.createWithListeners(Lcom/google/inject/TypeLiteral;Lcom/google/inject/internal/Errors;)Lcom/google/inject/internal/MembersInjectorImpl;+151
j  com.google.inject.internal.MembersInjectorStore.access$000(Lcom/google/inject/internal/MembersInjectorStore;Lcom/google/inject/TypeLiteral;Lcom/google/inject/internal/Errors;)Lcom/google/inject/internal/MembersInjectorImpl;+3
j  com.google.inject.internal.MembersInjectorStore$1.create(Lcom/google/inject/TypeLiteral;Lcom/google/inject/internal/Errors;)Lcom/google/inject/internal/MembersInjectorImpl;+6
j  com.google.inject.internal.MembersInjectorStore$1.create(Ljava/lang/Object;Lcom/google/inject/internal/Errors;)Ljava/lang/Object;+6
j  com.google.inject.internal.FailableCache$1.load(Ljava/lang/Object;)Ljava/lang/Object;+16
j  com.google.common.cache.LocalCache$LoadingValueReference.loadFuture(Ljava/lang/Object;Lcom/google/common/cache/CacheLoader;)Lcom/google/common/util/concurrent/ListenableFuture;+24
j  com.google.common.cache.LocalCache$Segment.loadSync(Ljava/lang/Object;ILcom/google/common/cache/LocalCache$LoadingValueReference;Lcom/google/common/cache/CacheLoader;)Ljava/lang/Object;+4
j  com.google.common.cache.LocalCache$Segment.lockedGetOrLoad(Ljava/lang/Object;ILcom/google/common/cache/CacheLoader;)Ljava/lang/Object;+393
J 2044 c1 com.google.common.cache.LocalCache$Segment.get(Ljava/lang/Object;ILcom/google/common/cache/CacheLoader;)Ljava/lang/Object; (210 bytes) @ 0x0000022ab417894c [0x0000022ab4177f60+0x00000000000009ec]
J 1790 c1 com.google.common.cache.LocalCache.get(Ljava/lang/Object;Lcom/google/common/cache/CacheLoader;)Ljava/lang/Object; (21 bytes) @ 0x0000022ab4108614 [0x0000022ab4108300+0x0000000000000314]
J 2041 c1 com.google.common.cache.LocalCache$LocalLoadingCache.getUnchecked(Ljava/lang/Object;)Ljava/lang/Object; (19 bytes) @ 0x0000022ab417c26c [0x0000022ab417c160+0x000000000000010c]
j  com.google.inject.internal.FailableCache.get(Ljava/lang/Object;Lcom/google/inject/internal/Errors;)Ljava/lang/Object;+5
j  com.google.inject.internal.MembersInjectorStore.get(Lcom/google/inject/TypeLiteral;Lcom/google/inject/internal/Errors;)Lcom/google/inject/internal/MembersInjectorImpl;+6
j  com.google.inject.internal.ConstructorInjectorStore.createConstructor(Lcom/google/inject/spi/InjectionPoint;Lcom/google/inject/internal/Errors;)Lcom/google/inject/internal/ConstructorInjector;+31
j  com.google.inject.internal.ConstructorInjectorStore.access$000(Lcom/google/inject/internal/ConstructorInjectorStore;Lcom/google/inject/spi/InjectionPoint;Lcom/google/inject/internal/Errors;)Lcom/google/inject/internal/ConstructorInjector;+3
j  com.google.inject.internal.ConstructorInjectorStore$1.create(Lcom/google/inject/spi/InjectionPoint;Lcom/google/inject/internal/Errors;)Lcom/google/inject/internal/ConstructorInjector;+6
j  com.google.inject.internal.ConstructorInjectorStore$1.create(Ljava/lang/Object;Lcom/google/inject/internal/Errors;)Ljava/lang/Object;+6
j  com.google.inject.internal.FailableCache$1.load(Ljava/lang/Object;)Ljava/lang/Object;+16
j  com.google.common.cache.LocalCache$LoadingValueReference.loadFuture(Ljava/lang/Object;Lcom/google/common/cache/CacheLoader;)Lcom/google/common/util/concurrent/ListenableFuture;+24
j  com.google.common.cache.LocalCache$Segment.loadSync(Ljava/lang/Object;ILcom/google/common/cache/LocalCache$LoadingValueReference;Lcom/google/common/cache/CacheLoader;)Ljava/lang/Object;+4
j  com.google.common.cache.LocalCache$Segment.lockedGetOrLoad(Ljava/lang/Object;ILcom/google/common/cache/CacheLoader;)Ljava/lang/Object;+393
J 2044 c1 com.google.common.cache.LocalCache$Segment.get(Ljava/lang/Object;ILcom/google/common/cache/CacheLoader;)Ljava/lang/Object; (210 bytes) @ 0x0000022ab417894c [0x0000022ab4177f60+0x00000000000009ec]
J 1790 c1 com.google.common.cache.LocalCache.get(Ljava/lang/Object;Lcom/google/common/cache/CacheLoader;)Ljava/lang/Object; (21 bytes) @ 0x0000022ab4108614 [0x0000022ab4108300+0x0000000000000314]
J 2041 c1 com.google.common.cache.LocalCache$LocalLoadingCache.getUnchecked(Ljava/lang/Object;)Ljava/lang/Object; (19 bytes) @ 0x0000022ab417c26c [0x0000022ab417c160+0x000000000000010c]
j  com.google.inject.internal.FailableCache.get(Ljava/lang/Object;Lcom/google/inject/internal/Errors;)Ljava/lang/Object;+5
j  com.google.inject.internal.ConstructorInjectorStore.get(Lcom/google/inject/spi/InjectionPoint;Lcom/google/inject/internal/Errors;)Lcom/google/inject/internal/ConstructorInjector;+6
j  com.google.inject.internal.ConstructorBindingImpl.initialize(Lcom/google/inject/internal/InjectorImpl;Lcom/google/inject/internal/Errors;)V+13
j  com.google.inject.internal.InjectorImpl.initializeBinding(Lcom/google/inject/internal/BindingImpl;Lcom/google/inject/internal/Errors;)V+13
j  com.google.inject.internal.AbstractBindingProcessor$Processor.initializeBinding(Lcom/google/inject/internal/BindingImpl;)V+19
j  com.google.inject.internal.AbstractBindingProcessor$Processor.lambda$scheduleInitialization$0(Lcom/google/inject/internal/BindingImpl;)V+2
j  com.google.inject.internal.AbstractBindingProcessor$Processor$$Lambda$99+0x00000008011608e0.run()V+8
j  com.google.inject.internal.ProcessedBindingData.initializeBindings()V+30
j  com.google.inject.internal.InternalInjectorCreator.initializeStatically()V+4
j  com.google.inject.internal.InternalInjectorCreator.build()Lcom/google/inject/Injector;+64
j  com.google.inject.Guice.createInjector(Lcom/google/inject/Stage;Ljava/lang/Iterable;)Lcom/google/inject/Injector;+15
j  com.google.inject.Guice.createInjector(Ljava/lang/Iterable;)Lcom/google/inject/Injector;+4
j  com.google.inject.Guice.createInjector([Lcom/google/inject/Module;)Lcom/google/inject/Injector;+4
j  org.codehaus.plexus.DefaultPlexusContainer.addPlexusInjector(Ljava/util/List;[Lcom/google/inject/Module;)Lcom/google/inject/Injector;+88
j  org.codehaus.plexus.DefaultPlexusContainer.<init>(Lorg/codehaus/plexus/ContainerConfiguration;[Lcom/google/inject/Module;)V+400
j  org.apache.maven.cli.MavenCli.container(Lorg/apache/maven/cli/CliRequest;)Lorg/codehaus/plexus/PlexusContainer;+279
j  org.apache.maven.cli.MavenCli.doMain(Lorg/apache/maven/cli/CliRequest;)I+34
j  org.apache.maven.cli.MavenCli.main([Ljava/lang/String;Lorg/codehaus/plexus/classworlds/ClassWorld;)I+24
j  java.lang.invoke.DirectMethodHandle$Holder.invokeStatic(Ljava/lang/Object;Ljava/lang/Object;Ljava/lang/Object;)I+11 java.base@20.0.1
j  java.lang.invoke.LambdaForm$MH+0x0000000801009400.invoke(Ljava/lang/Object;Ljava/lang/Object;Ljava/lang/Object;Ljava/lang/Object;)Ljava/lang/Object;+54 java.base@20.0.1
j  java.lang.invoke.LambdaForm$MH+0x0000000801009800.invokeExact_MT(Ljava/lang/Object;Ljava/lang/Object;Ljava/lang/Object;Ljava/lang/Object;Ljava/lang/Object;)Ljava/lang/Object;+22 java.base@20.0.1
j  jdk.internal.reflect.DirectMethodHandleAccessor.invokeImpl(Ljava/lang/Object;[Ljava/lang/Object;)Ljava/lang/Object;+72 java.base@20.0.1
j  jdk.internal.reflect.DirectMethodHandleAccessor.invoke(Ljava/lang/Object;[Ljava/lang/Object;)Ljava/lang/Object;+23 java.base@20.0.1
j  java.lang.reflect.Method.invoke(Ljava/lang/Object;[Ljava/lang/Object;)Ljava/lang/Object;+102 java.base@20.0.1
j  org.codehaus.plexus.classworlds.launcher.Launcher.launchEnhanced([Ljava/lang/String;)V+45
j  org.codehaus.plexus.classworlds.launcher.Launcher.launch([Ljava/lang/String;)V+2
j  org.codehaus.plexus.classworlds.launcher.Launcher.mainWithExitCode([Ljava/lang/String;)I+108
j  org.codehaus.plexus.classworlds.launcher.Launcher.main([Ljava/lang/String;)V+1
v  ~StubRoutines::call_stub 0x0000022abb2d10e7

Compiled method (n/a)  163993  912     n 0       java.lang.ClassLoader::defineClass1 (native)
 total in heap  [0x0000022abb8b2010,0x0000022abb8b2740] = 1840
 relocation     [0x0000022abb8b2158,0x0000022abb8b2190] = 56
 main code      [0x0000022abb8b21a0,0x0000022abb8b273e] = 1438
 stub code      [0x0000022abb8b273e,0x0000022abb8b2740] = 2

[Constant Pool (empty)]

[MachCode]
[Entry Point]
  # {method} {0x00000008004365c8} 'defineClass1' '(Ljava/lang/ClassLoader;Ljava/lang/String;[BIILjava/security/ProtectionDomain;Ljava/lang/String;)Ljava/lang/Class;' in 'java/lang/ClassLoader'
  # parm0:    rdx:rdx   = 'java/lang/ClassLoader'
  # parm1:    r8:r8     = 'java/lang/String'
  # parm2:    r9:r9     = '[B'
  # parm3:    rdi       = int
  # parm4:    rsi       = int
  # parm5:    rcx:rcx   = 'java/security/ProtectionDomain'
  # parm6:    [sp+0xa0]   = 'java/lang/String'  (sp of caller)
  0x0000022abb8b21a0: 448b 5208 | 49bb 0000 | 0000 0800 | 0000 4d03 | d349 3bc2 | 0f84 0600 

  0x0000022abb8b21b8: ;   {runtime_call ic_miss_stub}
  0x0000022abb8b21b8: 0000 e941 | 23a8 ff90 
[Verified Entry Point]
  0x0000022abb8b21c0: 8984 2400 | 80ff ff55 | 488b ec48 | 81ec 9000 | 0000 6690 | 4181 7f20 | 0100 0000 

  0x0000022abb8b21dc: ;   {runtime_call StubRoutines (2)}
  0x0000022abb8b21dc: 7405 e85d | c1a6 ff48 | 837d 1000 | 488d 4510 | 480f 4445 | 1048 8944 | 2440 4889 | 4c24 7048 
  0x0000022abb8b21fc: 83f9 0048 | 8d44 2470 | 480f 4444 | 2470 4889 | 4424 3848 | 8974 2430 | 4889 7c24 | 284c 894c 
  0x0000022abb8b221c: 2458 4983 | f900 488d | 4424 5848 | 0f44 4424 | 5848 8944 | 2420 4c89 | 4424 5049 | 83f8 004c 
  0x0000022abb8b223c: 8d4c 2450 | 4c0f 444c | 2450 4889 | 5424 4848 | 83fa 004c | 8d44 2448 | 4c0f 4444 

  0x0000022abb8b2258: ;   {oop(a 'java/lang/Class'{0x00000000845fb3b8} = 'java/lang/ClassLoader')}
  0x0000022abb8b2258: 2448 49be | b8b3 5f84 | 0000 0000 | 4c89 7424 | 784c 8d74 | 2478 498b | d6c5 f877 

  0x0000022abb8b2274: ;   {internal_word}
  0x0000022abb8b2274: 49ba 7122 | 8bbb 2a02 | 0000 4d89 | 97c8 0200 | 0049 89a7 | c002 0000 

  0x0000022abb8b228c: ;   {external_word}
  0x0000022abb8b228c: 49ba e109 | c801 fe7f | 0000 4180 | 3a00 0f84 | 4e00 0000 | 5241 5041 

  0x0000022abb8b22a4: ;   {metadata({method} {0x00000008004365c8} 'defineClass1' '(Ljava/lang/ClassLoader;Ljava/lang/String;[BIILjava/security/ProtectionDomain;Ljava/lang/String;)Ljava/lang/Class;' in 'java/lang/ClassLoader')}
  0x0000022abb8b22a4: 5148 bac0 | 6543 0008 | 0000 0049 | 8bcf 4883 | ec20 40f6 | c40f 0f84 | 1900 0000 | 4883 ec08 
  0x0000022abb8b22c4: ;   {runtime_call}
  0x0000022abb8b22c4: 48b8 a006 | 7f01 fe7f | 0000 ffd0 | 4883 c408 | e90c 0000 

  0x0000022abb8b22d8: ;   {runtime_call}
  0x0000022abb8b22d8: 0048 b8a0 | 067f 01fe | 7f00 00ff | d048 83c4 | 2041 5941 | 585a 498d | 8fe0 0200 | 0041 c787 
  0x0000022abb8b22f8: 7403 0000 | 0400 0000 

  0x0000022abb8b2300: ;   {runtime_call}
  0x0000022abb8b2300: 48b8 ac16 | 2953 fe7f | 0000 ffd0 | c5f8 7741 | c787 7403 | 0000 0500 | 0000 f083 | 4424 c000 
  0x0000022abb8b2320: 493b af78 | 0300 000f | 870e 0000 | 0041 83bf | 7003 0000 | 000f 842b | 0000 00c5 | f877 4889 
  0x0000022abb8b2340: 45f8 498b | cf4c 8be4 | 4883 ec20 | 4883 e4f0 

  0x0000022abb8b2350: ;   {runtime_call}
  0x0000022abb8b2350: 48b8 60fc | 4b01 fe7f | 0000 ffd0 | 498b e44d | 33e4 488b | 45f8 41c7 | 8774 0300 | 0008 0000 
  0x0000022abb8b2370: 0041 83bf | f003 0000 | 020f 8492 

  0x0000022abb8b237c: ;   {external_word}
  0x0000022abb8b237c: 0300 0049 | bae1 09c8 | 01fe 7f00 | 0041 803a | 000f 844c | 0000 0048 

  0x0000022abb8b2394: ;   {metadata({method} {0x00000008004365c8} 'defineClass1' '(Ljava/lang/ClassLoader;Ljava/lang/String;[BIILjava/security/ProtectionDomain;Ljava/lang/String;)Ljava/lang/Class;' in 'java/lang/ClassLoader')}
  0x0000022abb8b2394: 8945 f848 | bac0 6543 | 0008 0000 | 0049 8bcf | 4883 ec20 | 40f6 c40f | 0f84 1900 | 0000 4883 
  0x0000022abb8b23b4: ;   {runtime_call}
  0x0000022abb8b23b4: ec08 48b8 | a006 7f01 | fe7f 0000 | ffd0 4883 | c408 e90c 

  0x0000022abb8b23c8: ;   {runtime_call}
  0x0000022abb8b23c8: 0000 0048 | b8a0 067f | 01fe 7f00 | 00ff d048 | 83c4 2048 | 8b45 f849 | c787 c002 | 0000 0000 
  0x0000022abb8b23e8: 0000 49c7 | 87c8 0200 | 0000 0000 | 00c5 f877 | 4885 c00f | 84ed 0200 | 00a8 010f | 84e2 0200 
  0x0000022abb8b2408: 0048 8b40 | ff41 807f | 4000 0f84 | ce02 0000 | 4883 f800 | 0f84 c402 | 0000 498b | 4f28 4883 
  0x0000022abb8b2428: f900 0f84 | 1400 0000 | 4883 e908 | 4989 4f28 | 4903 4f38 | 4889 01e9 | a202 0000 | 4881 ec50 
  0x0000022abb8b2448: 0100 0048 | 8904 2448 | 894c 2408 | 4889 5424 | 1048 8974 | 2418 4889 | 7c24 204c | 8944 2428 
  0x0000022abb8b2468: 4c89 4c24 | 304c 8954 | 2438 4c89 | 5c24 40c5 | fb11 4424 | 50c5 fb11 | 4c24 58c5 | fb11 5424 
  0x0000022abb8b2488: 60c5 fb11 | 5c24 68c5 | fb11 6424 | 70c5 fb11 | 6c24 78c5 | fb11 b424 | 8000 0000 | c5fb 11bc 
  0x0000022abb8b24a8: 2488 0000 | 00c5 7b11 | 8424 9000 | 0000 c57b | 118c 2498 | 0000 00c5 | 7b11 9424 | a000 0000 
  0x0000022abb8b24c8: c57b 119c | 24a8 0000 | 00c5 7b11 | a424 b000 | 0000 c57b | 11ac 24b8 | 0000 00c5 | 7b11 b424 
  0x0000022abb8b24e8: c000 0000 | c57b 11bc | 24c8 0000 | 0062 e1ff | 0811 4424 | 1a62 e1ff | 0811 4c24 | 1b62 e1ff 
  0x0000022abb8b2508: 0811 5424 | 1c62 e1ff | 0811 5c24 | 1d62 e1ff | 0811 6424 | 1e62 e1ff | 0811 6c24 | 1f62 e1ff 
  0x0000022abb8b2528: 0811 7424 | 2062 e1ff | 0811 7c24 | 2162 61ff | 0811 4424 | 2262 61ff | 0811 4c24 | 2362 61ff 
  0x0000022abb8b2548: 0811 5424 | 2462 61ff | 0811 5c24 | 2562 61ff | 0811 6424 | 2662 61ff | 0811 6c24 | 2762 61ff 
  0x0000022abb8b2568: 0811 7424 | 2862 61ff | 0811 7c24 | 2949 8bd7 | 488b c848 | 83ec 2040 | f6c4 0f0f | 8419 0000 
  0x0000022abb8b2588: 0048 83ec 

  0x0000022abb8b258c: ;   {runtime_call}
  0x0000022abb8b258c: 0848 b800 | 3d3f 01fe | 7f00 00ff | d048 83c4 | 08e9 0c00 

  0x0000022abb8b25a0: ;   {runtime_call}
  0x0000022abb8b25a0: 0000 48b8 | 003d 3f01 | fe7f 0000 | ffd0 4883 | c420 6261 | ff08 107c | 2429 6261 | ff08 1074 
  0x0000022abb8b25c0: 2428 6261 | ff08 106c | 2427 6261 | ff08 1064 | 2426 6261 | ff08 105c | 2425 6261 | ff08 1054 
  0x0000022abb8b25e0: 2424 6261 | ff08 104c | 2423 6261 | ff08 1044 | 2422 62e1 | ff08 107c | 2421 62e1 | ff08 1074 
  0x0000022abb8b2600: 2420 62e1 | ff08 106c | 241f 62e1 | ff08 1064 | 241e 62e1 | ff08 105c | 241d 62e1 | ff08 1054 
  0x0000022abb8b2620: 241c 62e1 | ff08 104c | 241b 62e1 | ff08 1044 | 241a c57b | 10bc 24c8 | 0000 00c5 | 7b10 b424 
  0x0000022abb8b2640: c000 0000 | c57b 10ac | 24b8 0000 | 00c5 7b10 | a424 b000 | 0000 c57b | 109c 24a8 | 0000 00c5 
  0x0000022abb8b2660: 7b10 9424 | a000 0000 | c57b 108c | 2498 0000 | 00c5 7b10 | 8424 9000 | 0000 c5fb | 10bc 2488 
  0x0000022abb8b2680: 0000 00c5 | fb10 b424 | 8000 0000 | c5fb 106c | 2478 c5fb | 1064 2470 | c5fb 105c | 2468 c5fb 
  0x0000022abb8b26a0: 1054 2460 | c5fb 104c | 2458 c5fb | 1044 2450 | 4c8b 5c24 | 404c 8b54 | 2438 4c8b | 4c24 304c 
  0x0000022abb8b26c0: 8b44 2428 | 488b 7c24 | 2048 8b74 | 2418 488b | 5424 1048 | 8b4c 2408 | 488b 0424 | 4881 c450 
  0x0000022abb8b26e0: 0100 00c5 | f877 e903 | 0000 0048 | 8b00 498b | 8f50 0300 | 00c7 8100 | 0100 0000 | 0000 00c9 
  0x0000022abb8b2700: 4983 7f08 | 000f 8501 | 0000 00c3 

  0x0000022abb8b270c: ;   {runtime_call StubRoutines (1)}
  0x0000022abb8b270c: e9ef e7a1 | ffc5 f877 | 4889 45f8 | 4c8b e448 | 83ec 2048 

  0x0000022abb8b2720: ;   {runtime_call}
  0x0000022abb8b2720: 83e4 f048 | b840 3d7f | 01fe 7f00 | 00ff d049 | 8be4 4d33 | e448 8b45 | f8e9 41fc | ffff f4f4 
[/MachCode]


Compiled method (c1)  164225  914       3       java.lang.ClassLoader::defineClass (43 bytes)
 total in heap  [0x0000022ab3f54010,0x0000022ab3f54938] = 2344
 relocation     [0x0000022ab3f54158,0x0000022ab3f541f0] = 152
 main code      [0x0000022ab3f54200,0x0000022ab3f54690] = 1168
 stub code      [0x0000022ab3f54690,0x0000022ab3f54708] = 120
 metadata       [0x0000022ab3f54708,0x0000022ab3f54738] = 48
 scopes data    [0x0000022ab3f54738,0x0000022ab3f54828] = 240
 scopes pcs     [0x0000022ab3f54828,0x0000022ab3f54908] = 224
 dependencies   [0x0000022ab3f54908,0x0000022ab3f54910] = 8
 nul chk table  [0x0000022ab3f54910,0x0000022ab3f54938] = 40

[Constant Pool (empty)]

[MachCode]
[Entry Point]
  # {method} {0x00000008004368f0} 'defineClass' '(Ljava/lang/String;[BIILjava/security/ProtectionDomain;)Ljava/lang/Class;' in 'java/lang/ClassLoader'
  # this:     rdx:rdx   = 'java/lang/ClassLoader'
  # parm0:    r8:r8     = 'java/lang/String'
  # parm1:    r9:r9     = '[B'
  # parm2:    rdi       = int
  # parm3:    rsi       = int
  # parm4:    rcx:rcx   = 'java/security/ProtectionDomain'
  #           [sp+0xc0]  (sp of caller)
  0x0000022ab3f54200: 448b 5208 | 49bb 0000 | 0000 0800 | 0000 4d03 | d34c 3bd0 

  0x0000022ab3f54214: ;   {runtime_call ic_miss_stub}
  0x0000022ab3f54214: 0f85 e602 | 3e07 660f | 1f44 0000 
[Verified Entry Point]
  0x0000022ab3f54220: 8984 2400 | 80ff ff55 | 4881 ecb0 | 0000 0090 | 4181 7f20 | 0100 0000 

  0x0000022ab3f54238: ;   {runtime_call StubRoutines (2)}
  0x0000022ab3f54238: 7405 e801 | a13c 0748 | 8954 2478 

  0x0000022ab3f54244: ;   {metadata(method data for {method} {0x00000008004368f0} 'defineClass' '(Ljava/lang/String;[BIILjava/security/ProtectionDomain;)Ljava/lang/Class;' in 'java/lang/ClassLoader')}
  0x0000022ab3f54244: 48bb 2819 | 19c9 2a02 | 0000 8b83 | cc00 0000 | 83c0 0289 | 83cc 0000 | 0025 fe07 | 0000 83f8 
  0x0000022ab3f54264: 000f 8447 | 0300 0089 | b424 9400 | 0000 89bc | 2490 0000 | 004c 898c | 2488 0000 | 0048 8bda 
  0x0000022ab3f54284: ;   {metadata(method data for {method} {0x00000008004368f0} 'defineClass' '(Ljava/lang/String;[BIILjava/security/ProtectionDomain;)Ljava/lang/Class;' in 'java/lang/ClassLoader')}
  0x0000022ab3f54284: 48b8 2819 | 19c9 2a02 | 0000 4883 | 8010 0100 | 0001 498b | d84c 8bc3 | 4c8b c948 | 8bca 488b 
  0x0000022ab3f542a4: d148 899c | 2480 0000 

  0x0000022ab3f542ac: ;   {optimized virtual_call}
  0x0000022ab3f542ac: 0066 90e8 

  0x0000022ab3f542b0: ; ImmutableOopMap {[120]=Oop [128]=Oop [136]=Oop }
                      ;*invokevirtual preDefineClass {reexecute=0 rethrow=0 return_oop=0}
                      ; - java.lang.ClassLoader::defineClass@4 (line 1011)
  0x0000022ab3f542b0: 2cf5 fdff | 4889 8424 | 9800 0000 | 488b 5424 

  0x0000022ab3f542c0: ;   {metadata(method data for {method} {0x00000008004368f0} 'defineClass' '(Ljava/lang/String;[BIILjava/security/ProtectionDomain;)Ljava/lang/Class;' in 'java/lang/ClassLoader')}
  0x0000022ab3f542c0: 7849 b828 | 1919 c92a | 0200 0049 | 8380 4801 

  0x0000022ab3f542d0: ;   {metadata(method data for {method} {0x0000000800436630} 'defineClassSourceLocation' '(Ljava/security/ProtectionDomain;)Ljava/lang/String;' in 'java/lang/ClassLoader')}
  0x0000022ab3f542d0: 0000 0149 | b8e0 bd1b | c92a 0200 | 0041 8b90 | cc00 0000 | 83c2 0241 | 8990 cc00 | 0000 81e2 
  0x0000022ab3f542f0: feff 1f00 | 83fa 000f | 84d6 0200 | 0048 3b00 

  0x0000022ab3f54300: ;   {metadata(method data for {method} {0x0000000800436630} 'defineClassSourceLocation' '(Ljava/security/ProtectionDomain;)Ljava/lang/String;' in 'java/lang/ClassLoader')}
  0x0000022ab3f54300: 4c8b c048 | bae0 bd1b | c92a 0200 | 0048 8382 | 1001 0000 | 0144 8b40 | 1049 83f8 

  0x0000022ab3f5431c: ;   {metadata(method data for {method} {0x0000000800436630} 'defineClassSourceLocation' '(Ljava/security/ProtectionDomain;)Ljava/lang/String;' in 'java/lang/ClassLoader')}
  0x0000022ab3f5431c: 0048 bae0 | bd1b c92a | 0200 0048 | be58 0100 | 0000 0000 | 000f 850a | 0000 0048 | be48 0100 
  0x0000022ab3f5433c: 0000 0000 | 0048 8b3c | 3248 8d7f | 0148 893c | 320f 850f 

  0x0000022ab3f54350: ;   {oop(NULL)}
  0x0000022ab3f54350: 0000 0048 | bb00 0000 | 0000 0000 | 00e9 a501 | 0000 493b | 0049 8bd0 

  0x0000022ab3f54368: ;   {metadata(method data for {method} {0x0000000800436630} 'defineClassSourceLocation' '(Ljava/security/ProtectionDomain;)Ljava/lang/String;' in 'java/lang/ClassLoader')}
  0x0000022ab3f54368: 48be e0bd | 1bc9 2a02 | 0000 4883 | 8668 0100 | 0001 418b | 500c 4883 

  0x0000022ab3f54380: ;   {metadata(method data for {method} {0x0000000800436630} 'defineClassSourceLocation' '(Ljava/security/ProtectionDomain;)Ljava/lang/String;' in 'java/lang/ClassLoader')}
  0x0000022ab3f54380: fa00 48be | e0bd 1bc9 | 2a02 0000 | 48bf b001 | 0000 0000 | 0000 0f85 | 0a00 0000 | 48bf a001 
  0x0000022ab3f543a0: 0000 0000 | 0000 488b | 1c3e 488d | 5b01 4889 | 1c3e 0f85 | 0f00 0000 

  0x0000022ab3f543b8: ;   {oop(NULL)}
  0x0000022ab3f543b8: 48bb 0000 | 0000 0000 | 0000 e940 

  0x0000022ab3f543c4: ;   {metadata(method data for {method} {0x0000000800436630} 'defineClassSourceLocation' '(Ljava/security/ProtectionDomain;)Ljava/lang/String;' in 'java/lang/ClassLoader')}
  0x0000022ab3f543c4: 0100 0048 | bee0 bd1b | c92a 0200 | 0048 8386 | c001 0000 | 0148 3b02 

  0x0000022ab3f543dc: ;   {metadata(method data for {method} {0x0000000800436630} 'defineClassSourceLocation' '(Ljava/security/ProtectionDomain;)Ljava/lang/String;' in 'java/lang/ClassLoader')}
  0x0000022ab3f543dc: 4c8b c248 | bee0 bd1b | c92a 0200 | 0048 8386 | f801 0000 

  0x0000022ab3f543f0: ;   {metadata(method data for {method} {0x000000080001b3e0} 'toString' '()Ljava/lang/String;' in 'java/net/URL')}
  0x0000022ab3f543f0: 0149 b8a0 | 1e17 c92a | 0200 0041 | 8bb0 cc00 | 0000 83c6 | 0241 89b0 | cc00 0000 | 81e6 feff 
  0x0000022ab3f54410: 1f00 83fe | 000f 84e8 | 0100 004c 

  0x0000022ab3f5441c: ;   {metadata(method data for {method} {0x000000080001b3e0} 'toString' '()Ljava/lang/String;' in 'java/net/URL')}
  0x0000022ab3f5441c: 8bc2 48be | a01e 17c9 | 2a02 0000 | 4883 8610 | 0100 0001 

  0x0000022ab3f54430: ;   {metadata(method data for {method} {0x000000080042a128} 'toExternalForm' '()Ljava/lang/String;' in 'java/net/URL')}
  0x0000022ab3f54430: 49b8 d0e3 | 12c9 2a02 | 0000 418b | b0cc 0000 | 0083 c602 | 4189 b0cc | 0000 0081 | e6fe ff1f 
  0x0000022ab3f54450: 0083 fe00 | 0f84 ca01 | 0000 8b72 | 3848 3b06 

  0x0000022ab3f54460: ;   {metadata(method data for {method} {0x000000080042a128} 'toExternalForm' '()Ljava/lang/String;' in 'java/net/URL')}
  0x0000022ab3f54460: 4c8b c648 | bfd0 e312 | c92a 0200 | 0045 8b40 | 0849 ba00 | 0000 0008 | 0000 004d | 03c2 4c3b 
  0x0000022ab3f54480: 8720 0100 | 0075 0d48 | 8387 2801 | 0000 01e9 | 6000 0000 | 4c3b 8730 | 0100 0075 | 0d48 8387 
  0x0000022ab3f544a0: 3801 0000 | 01e9 4a00 | 0000 4883 | bf20 0100 | 0000 7517 | 4c89 8720 | 0100 0048 | c787 2801 
  0x0000022ab3f544c0: 0000 0100 | 0000 e929 | 0000 0048 | 83bf 3001 | 0000 0075 | 174c 8987 | 3001 0000 | 48c7 8738 
  0x0000022ab3f544e0: 0100 0001 | 0000 00e9 | 0800 0000 | 4883 8710 | 0100 0001 | 4c8b c248 | 8bd6 0f1f 

  0x0000022ab3f544fc: ;   {optimized virtual_call}
  0x0000022ab3f544fc: 4400 00e8 

  0x0000022ab3f54500: ; ImmutableOopMap {[120]=Oop [128]=Oop [136]=Oop [152]=Oop }
                      ;*invokevirtual toExternalForm {reexecute=0 rethrow=0 return_oop=0}
                      ; - java.net.URL::toExternalForm@5 (line 1195)
                      ; - java.net.URL::toString@1 (line 1181)
                      ; - java.lang.ClassLoader::defineClassSourceLocation@22 (line 913)
                      ; - java.lang.ClassLoader::defineClass@12 (line 1012)
  0x0000022ab3f54500: dcf2 f1ff | 488b d848 | 8b84 2498 | 0000 008b | b424 9400 | 0000 8bbc | 2490 0000 | 004c 8b8c 
  0x0000022ab3f54520: 2488 0000 | 004c 8b84 | 2480 0000 | 0048 8b54 

  0x0000022ab3f54530: ;   {metadata(method data for {method} {0x00000008004368f0} 'defineClass' '(Ljava/lang/String;[BIILjava/security/ProtectionDomain;)Ljava/lang/Class;' in 'java/lang/ClassLoader')}
  0x0000022ab3f54530: 2478 48b9 | 2819 19c9 | 2a02 0000 | 4883 8180 | 0100 0001 | 4c8b da49 | 8bd3 488b | c848 891c 
  0x0000022ab3f54550: 2466 0f1f 

  0x0000022ab3f54554: ;   {static_call}
  0x0000022ab3f54554: 4400 00e8 

  0x0000022ab3f54558: ; ImmutableOopMap {[120]=Oop [152]=Oop }
                      ;*invokestatic defineClass1 {reexecute=0 rethrow=0 return_oop=0}
                      ; - java.lang.ClassLoader::defineClass@27 (line 1013)
  0x0000022ab3f54558: 64dc 9507 | 488b 5424 

  0x0000022ab3f54560: ;   {metadata(method data for {method} {0x00000008004368f0} 'defineClass' '(Ljava/lang/String;[BIILjava/security/ProtectionDomain;)Ljava/lang/Class;' in 'java/lang/ClassLoader')}
  0x0000022ab3f54560: 7849 b828 | 1919 c92a | 0200 0049 | 8380 9001 | 0000 014c | 8bc0 4c8b | 8c24 9800 | 0000 488b 
  0x0000022ab3f54580: 5424 7848 | 8984 24a0 | 0000 000f 

  0x0000022ab3f5458c: ;   {optimized virtual_call}
  0x0000022ab3f5458c: 1f40 00e8 

  0x0000022ab3f54590: ; ImmutableOopMap {[160]=Oop }
                      ;*invokevirtual postDefineClass {reexecute=0 rethrow=0 return_oop=0}
                      ; - java.lang.ClassLoader::defineClass@37 (line 1014)
  0x0000022ab3f54590: ec2d feff | 488b 8424 | a000 0000 | 4881 c4b0 | 0000 005d 

  0x0000022ab3f545a4: ;   {poll_return}
  0x0000022ab3f545a4: 493b a778 | 0300 000f | 8799 0000 

  0x0000022ab3f545b0: ;   {metadata({method} {0x00000008004368f0} 'defineClass' '(Ljava/lang/String;[BIILjava/security/ProtectionDomain;)Ljava/lang/Class;' in 'java/lang/ClassLoader')}
  0x0000022ab3f545b0: 00c3 49ba | e868 4300 | 0800 0000 | 4c89 5424 | 0848 c704 | 24ff ffff 

  0x0000022ab3f545c8: ;   {runtime_call counter_overflow Runtime1 stub}
  0x0000022ab3f545c8: ffe8 3213 

  0x0000022ab3f545cc: ; ImmutableOopMap {rdx=Oop r8=Oop r9=Oop rcx=Oop [120]=Oop }
                      ;*synchronization entry
                      ; - java.lang.ClassLoader::defineClass@-1 (line 1011)
  0x0000022ab3f545cc: 4b07 e998 

  0x0000022ab3f545d0: ;   {metadata({method} {0x0000000800436630} 'defineClassSourceLocation' '(Ljava/security/ProtectionDomain;)Ljava/lang/String;' in 'java/lang/ClassLoader')}
  0x0000022ab3f545d0: fcff ff49 | ba28 6643 | 0008 0000 | 004c 8954 | 2408 48c7 | 0424 ffff 

  0x0000022ab3f545e8: ;   {runtime_call counter_overflow Runtime1 stub}
  0x0000022ab3f545e8: ffff e811 

  0x0000022ab3f545ec: ; ImmutableOopMap {rax=Oop [120]=Oop [128]=Oop [136]=Oop [152]=Oop }
                      ;*synchronization entry
                      ; - java.lang.ClassLoader::defineClassSourceLocation@-1 (line 910)
                      ; - java.lang.ClassLoader::defineClass@12 (line 1012)
  0x0000022ab3f545ec: 134b 07e9 | 09fd ffff 

  0x0000022ab3f545f4: ;   {runtime_call throw_null_pointer_exception Runtime1 stub}
  0x0000022ab3f545f4: e887 ce41 

  0x0000022ab3f545f8: ; ImmutableOopMap {rax=Oop [120]=Oop [128]=Oop [136]=Oop [152]=Oop }
                      ;*invokevirtual getCodeSource {reexecute=0 rethrow=0 return_oop=0}
                      ; - java.lang.ClassLoader::defineClassSourceLocation@1 (line 910)
                      ; - java.lang.ClassLoader::defineClass@12 (line 1012)
                      ;   {runtime_call throw_null_pointer_exception Runtime1 stub}
  0x0000022ab3f545f8: 07e8 82ce 

  0x0000022ab3f545fc: ; ImmutableOopMap {rax=Oop r8=Oop [120]=Oop [128]=Oop [136]=Oop [152]=Oop }
                      ;*invokevirtual getLocation {reexecute=0 rethrow=0 return_oop=0}
                      ; - java.lang.ClassLoader::defineClassSourceLocation@12 (line 912)
                      ; - java.lang.ClassLoader::defineClass@12 (line 1012)
                      ;   {runtime_call throw_null_pointer_exception Runtime1 stub}
  0x0000022ab3f545fc: 4107 e87d 

  0x0000022ab3f54600: ; ImmutableOopMap {rdx=Oop [120]=Oop [128]=Oop [136]=Oop [152]=Oop }
                      ;*invokevirtual toString {reexecute=0 rethrow=0 return_oop=0}
                      ; - java.lang.ClassLoader::defineClassSourceLocation@22 (line 913)
                      ; - java.lang.ClassLoader::defineClass@12 (line 1012)
                      ;   {metadata({method} {0x000000080001b3e0} 'toString' '()Ljava/lang/String;' in 'java/net/URL')}
  0x0000022ab3f54600: ce41 0749 | bad8 b301 | 0008 0000 | 004c 8954 | 2408 48c7 | 0424 ffff 

  0x0000022ab3f54618: ;   {runtime_call counter_overflow Runtime1 stub}
  0x0000022ab3f54618: ffff e8e1 

  0x0000022ab3f5461c: ; ImmutableOopMap {rdx=Oop [120]=Oop [128]=Oop [136]=Oop [152]=Oop }
                      ;*synchronization entry
                      ; - java.net.URL::toString@-1 (line 1181)
                      ; - java.lang.ClassLoader::defineClassSourceLocation@22 (line 913)
                      ; - java.lang.ClassLoader::defineClass@12 (line 1012)
  0x0000022ab3f5461c: 124b 07e9 | f7fd ffff 

  0x0000022ab3f54624: ;   {metadata({method} {0x000000080042a128} 'toExternalForm' '()Ljava/lang/String;' in 'java/net/URL')}
  0x0000022ab3f54624: 49ba 20a1 | 4200 0800 | 0000 4c89 | 5424 0848 | c704 24ff 

  0x0000022ab3f54638: ;   {runtime_call counter_overflow Runtime1 stub}
  0x0000022ab3f54638: ffff ffe8 

  0x0000022ab3f5463c: ; ImmutableOopMap {rdx=Oop [120]=Oop [128]=Oop [136]=Oop [152]=Oop }
                      ;*synchronization entry
                      ; - java.net.URL::toExternalForm@-1 (line 1195)
                      ; - java.net.URL::toString@1 (line 1181)
                      ; - java.lang.ClassLoader::defineClassSourceLocation@22 (line 913)
                      ; - java.lang.ClassLoader::defineClass@12 (line 1012)
  0x0000022ab3f5463c: c012 4b07 | e915 feff 

  0x0000022ab3f54644: ;   {runtime_call throw_null_pointer_exception Runtime1 stub}
  0x0000022ab3f54644: ffe8 36ce 

  0x0000022ab3f54648: ; ImmutableOopMap {rdx=Oop rsi=Oop [120]=Oop [128]=Oop [136]=Oop [152]=Oop }
                      ;*invokevirtual toExternalForm {reexecute=0 rethrow=0 return_oop=0}
                      ; - java.net.URL::toExternalForm@5 (line 1195)
                      ; - java.net.URL::toString@1 (line 1181)
                      ; - java.lang.ClassLoader::defineClassSourceLocation@22 (line 913)
                      ; - java.lang.ClassLoader::defineClass@12 (line 1012)
                      ;   {internal_word}
  0x0000022ab3f54648: 4107 49ba | a445 f5b3 | 2a02 0000 | 4d89 9790 

  0x0000022ab3f54658: ;   {runtime_call SafepointBlob}
  0x0000022ab3f54658: 0300 00e9 | a080 3e07 | 498b 8728 | 0400 0049 | c787 2804 | 0000 0000 | 0000 49c7 | 8730 0400 
  0x0000022ab3f54678: 0000 0000 | 0048 81c4 | b000 0000 

  0x0000022ab3f54684: ;   {runtime_call unwind_exception Runtime1 stub}
  0x0000022ab3f54684: 5de9 f6dc | 4107 f4f4 | f4f4 f4f4 
[Stub Code]
  0x0000022ab3f54690: ;   {no_reloc}
  0x0000022ab3f54690: 0f1f 4400 

  0x0000022ab3f54694: ;   {static_stub}
  0x0000022ab3f54694: 0048 bb00 | 0000 0000 

  0x0000022ab3f5469c: ;   {runtime_call}
  0x0000022ab3f5469c: 0000 00e9 | fbff ffff 
[Exception Handler]
  0x0000022ab3f546a4: ;   {runtime_call handle_exception_from_callee Runtime1 stub}
  0x0000022ab3f546a4: e8d7 d54a 

  0x0000022ab3f546a8: ;   {external_word}
  0x0000022ab3f546a8: 0748 b9b0 | 23a2 01fe | 7f00 0048 

  0x0000022ab3f546b4: ;   {runtime_call}
  0x0000022ab3f546b4: 83e4 f048 | b820 166e | 01fe 7f00 | 00ff d0f4 
[Deopt Handler Code]
  0x0000022ab3f546c4: ;   {section_word}
  0x0000022ab3f546c4: 49ba c446 | f5b3 2a02 | 0000 4152 

  0x0000022ab3f546d0: ;   {runtime_call DeoptimizationBlob}
  0x0000022ab3f546d0: e9cb 943e 

  0x0000022ab3f546d4: ;   {static_stub}
  0x0000022ab3f546d4: 0748 bb00 | 0000 0000 

  0x0000022ab3f546dc: ;   {runtime_call}
  0x0000022ab3f546dc: 0000 00e9 | fbff ffff 

  0x0000022ab3f546e4: ;   {static_stub}
  0x0000022ab3f546e4: 48bb 0000 | 0000 0000 

  0x0000022ab3f546ec: ;   {runtime_call}
  0x0000022ab3f546ec: 0000 e9fb 

  0x0000022ab3f546f0: ;   {static_stub}
  0x0000022ab3f546f0: ffff ff48 | bb00 0000 | 0000 0000 

  0x0000022ab3f546fc: ;   {runtime_call}
  0x0000022ab3f546fc: 00e9 fbff | ffff f4f4 | f4f4 f4f4 
[/MachCode]


Compiled method (c1)  164663  865       3       java.security.SecureClassLoader::defineClass (16 bytes)
 total in heap  [0x0000022ab3f3e810,0x0000022ab3f3ebe0] = 976
 relocation     [0x0000022ab3f3e958,0x0000022ab3f3e9a0] = 72
 main code      [0x0000022ab3f3e9a0,0x0000022ab3f3eae8] = 328
 stub code      [0x0000022ab3f3eae8,0x0000022ab3f3eb38] = 80
 metadata       [0x0000022ab3f3eb38,0x0000022ab3f3eb40] = 8
 scopes data    [0x0000022ab3f3eb40,0x0000022ab3f3eb88] = 72
 scopes pcs     [0x0000022ab3f3eb88,0x0000022ab3f3ebd8] = 80
 dependencies   [0x0000022ab3f3ebd8,0x0000022ab3f3ebe0] = 8

[Constant Pool (empty)]

[MachCode]
[Entry Point]
  # {method} {0x000000080004dc48} 'defineClass' '(Ljava/lang/String;[BIILjava/security/CodeSource;)Ljava/lang/Class;' in 'java/security/SecureClassLoader'
  # this:     rdx:rdx   = 'java/security/SecureClassLoader'
  # parm0:    r8:r8     = 'java/lang/String'
  # parm1:    r9:r9     = '[B'
  # parm2:    rdi       = int
  # parm3:    rsi       = int
  # parm4:    rcx:rcx   = 'java/security/CodeSource'
  #           [sp+0x80]  (sp of caller)
  0x0000022ab3f3e9a0: 448b 5208 | 49bb 0000 | 0000 0800 | 0000 4d03 | d34c 3bd0 

  0x0000022ab3f3e9b4: ;   {runtime_call ic_miss_stub}
  0x0000022ab3f3e9b4: 0f85 465b | 3f07 660f | 1f44 0000 
[Verified Entry Point]
  0x0000022ab3f3e9c0: 8984 2400 | 80ff ff55 | 4883 ec70 | 4181 7f20 | 0100 0000 

  0x0000022ab3f3e9d4: ;   {runtime_call StubRoutines (2)}
  0x0000022ab3f3e9d4: 7405 e865 

  0x0000022ab3f3e9d8: ;   {metadata(method data for {method} {0x000000080004dc48} 'defineClass' '(Ljava/lang/String;[BIILjava/security/CodeSource;)Ljava/lang/Class;' in 'java/security/SecureClassLoader')}
  0x0000022ab3f3e9d8: f93d 0748 | bb28 ad17 | c92a 0200 | 008b 83cc | 0000 0083 | c002 8983 | cc00 0000 | 25fe 0700 
  0x0000022ab3f3e9f8: 0083 f800 | 0f84 8500 | 0000 8974 | 245c 897c | 2458 4c89 | 4c24 504c | 8944 2448 

  0x0000022ab3f3ea14: ;   {metadata(method data for {method} {0x000000080004dc48} 'defineClass' '(Ljava/lang/String;[BIILjava/security/CodeSource;)Ljava/lang/Class;' in 'java/security/SecureClassLoader')}
  0x0000022ab3f3ea14: 488b da48 | b828 ad17 | c92a 0200 | 0048 8380 | 1001 0000 | 014c 8bc1 | 488b c248 | 8bd0 4889 
  0x0000022ab3f3ea34: ;   {optimized virtual_call}
  0x0000022ab3f3ea34: 4424 40e8 

  0x0000022ab3f3ea38: ; ImmutableOopMap {[64]=Oop [72]=Oop [80]=Oop }
                      ;*invokevirtual getProtectionDomain {reexecute=0 rethrow=0 return_oop=0}
                      ; - java.security.SecureClassLoader::defineClass@9 (line 150)
  0x0000022ab3f3ea38: e434 ffff | 488b 5424 

  0x0000022ab3f3ea40: ;   {metadata(method data for {method} {0x000000080004dc48} 'defineClass' '(Ljava/lang/String;[BIILjava/security/CodeSource;)Ljava/lang/Class;' in 'java/security/SecureClassLoader')}
  0x0000022ab3f3ea40: 4049 b828 | ad17 c92a | 0200 0049 | 8380 4801 | 0000 014c | 8b44 2448 | 4c8b 4c24 | 508b 7c24 
  0x0000022ab3f3ea60: 588b 7424 | 5c48 8bc8 | 488b 5424 

  0x0000022ab3f3ea6c: ;   {optimized virtual_call}
  0x0000022ab3f3ea6c: 4066 90e8 

  0x0000022ab3f3ea70: ; ImmutableOopMap {}
                      ;*invokevirtual defineClass {reexecute=0 rethrow=0 return_oop=0}
                      ; - java.security.SecureClassLoader::defineClass@12 (line 150)
  0x0000022ab3f3ea70: ac57 0100 | 4883 c470 

  0x0000022ab3f3ea78: ;   {poll_return}
  0x0000022ab3f3ea78: 5d49 3ba7 | 7803 0000 | 0f87 2200 

  0x0000022ab3f3ea84: ;   {metadata({method} {0x000000080004dc48} 'defineClass' '(Ljava/lang/String;[BIILjava/security/CodeSource;)Ljava/lang/Class;' in 'java/security/SecureClassLoader')}
  0x0000022ab3f3ea84: 0000 c349 | ba40 dc04 | 0008 0000 | 004c 8954 | 2408 48c7 | 0424 ffff 

  0x0000022ab3f3ea9c: ;   {runtime_call counter_overflow Runtime1 stub}
  0x0000022ab3f3ea9c: ffff e85d 

  0x0000022ab3f3eaa0: ; ImmutableOopMap {rdx=Oop r8=Oop r9=Oop rcx=Oop }
                      ;*synchronization entry
                      ; - java.security.SecureClassLoader::defineClass@-1 (line 150)
  0x0000022ab3f3eaa0: 6e4c 07e9 | 5aff ffff 

  0x0000022ab3f3eaa8: ;   {internal_word}
  0x0000022ab3f3eaa8: 49ba 79ea | f3b3 2a02 | 0000 4d89 | 9790 0300 

  0x0000022ab3f3eab8: ;   {runtime_call SafepointBlob}
  0x0000022ab3f3eab8: 00e9 42dc | 3f07 498b | 8728 0400 | 0049 c787 | 2804 0000 | 0000 0000 | 49c7 8730 | 0400 0000 
  0x0000022ab3f3ead8: 0000 0048 | 83c4 705d 

  0x0000022ab3f3eae0: ;   {runtime_call unwind_exception Runtime1 stub}
  0x0000022ab3f3eae0: e99b 3843 | 07f4 f4f4 
[Exception Handler]
  0x0000022ab3f3eae8: ;   {no_reloc}
  0x0000022ab3f3eae8: e893 314c 

  0x0000022ab3f3eaec: ;   {external_word}
  0x0000022ab3f3eaec: 0748 b9b0 | 23a2 01fe | 7f00 0048 

  0x0000022ab3f3eaf8: ;   {runtime_call}
  0x0000022ab3f3eaf8: 83e4 f048 | b820 166e | 01fe 7f00 | 00ff d0f4 
[Deopt Handler Code]
  0x0000022ab3f3eb08: ;   {section_word}
  0x0000022ab3f3eb08: 49ba 08eb | f3b3 2a02 | 0000 4152 

  0x0000022ab3f3eb14: ;   {runtime_call DeoptimizationBlob}
  0x0000022ab3f3eb14: e987 f03f 

  0x0000022ab3f3eb18: ;   {static_stub}
  0x0000022ab3f3eb18: 0748 bb00 | 0000 0000 

  0x0000022ab3f3eb20: ;   {runtime_call}
  0x0000022ab3f3eb20: 0000 00e9 | fbff ffff 

  0x0000022ab3f3eb28: ;   {static_stub}
  0x0000022ab3f3eb28: 48bb e868 | 4300 0800 

  0x0000022ab3f3eb30: ;   {runtime_call I2C/C2I adapters}
  0x0000022ab3f3eb30: 0000 e92e | 5f3e 07f4 
[/MachCode]


---------------  P R O C E S S  ---------------

Threads class SMR info:
_java_thread_list=0x0000022acd0d56b0, length=11, elements={
0x0000022aaa49e7c0, 0x0000022ac8d61f00, 0x0000022ac8d63030, 0x0000022ac8d684e0,
0x0000022ac8d69f20, 0x0000022ac8d6a950, 0x0000022ac8d6b380, 0x0000022ac8d6d000,
0x0000022acd028910, 0x0000022acd14c550, 0x0000022acd14ffc0
}

Java Threads: ( => current thread )
=>0x0000022aaa49e7c0 JavaThread "main" [_thread_in_vm, id=297844, stack(0x0000006150000000,0x0000006150100000)]
  0x0000022ac8d61f00 JavaThread "Reference Handler" daemon [_thread_blocked, id=300520, stack(0x0000006150700000,0x0000006150800000)]
  0x0000022ac8d63030 JavaThread "Finalizer" daemon [_thread_blocked, id=299648, stack(0x0000006150800000,0x0000006150900000)]
  0x0000022ac8d684e0 JavaThread "Signal Dispatcher" daemon [_thread_blocked, id=296352, stack(0x0000006150900000,0x0000006150a00000)]
  0x0000022ac8d69f20 JavaThread "Attach Listener" daemon [_thread_blocked, id=300420, stack(0x0000006150a00000,0x0000006150b00000)]
  0x0000022ac8d6a950 JavaThread "Service Thread" daemon [_thread_blocked, id=300412, stack(0x0000006150b00000,0x0000006150c00000)]
  0x0000022ac8d6b380 JavaThread "Monitor Deflation Thread" daemon [_thread_blocked, id=300416, stack(0x0000006150c00000,0x0000006150d00000)]
  0x0000022ac8d6d000 JavaThread "C2 CompilerThread0" daemon [_thread_blocked, id=300404, stack(0x0000006150d00000,0x0000006150e00000)]
  0x0000022acd028910 JavaThread "C1 CompilerThread0" daemon [_thread_blocked, id=297740, stack(0x0000006150e00000,0x0000006150f00000)]
  0x0000022acd14c550 JavaThread "Notification Thread" daemon [_thread_blocked, id=290468, stack(0x0000006150f00000,0x0000006151000000)]
  0x0000022acd14ffc0 JavaThread "Common-Cleaner" daemon [_thread_blocked, id=302008, stack(0x0000006151100000,0x0000006151200000)]

Other Threads:
  0x0000022ac8d41820 VMThread "VM Thread" [stack: 0x0000006150600000,0x0000006150700000] [id=294416] _threads_hazard_ptr=0x0000022acd0d56b0
  0x0000022acd14edb0 WatcherThread "VM Periodic Task Thread" [stack: 0x0000006151000000,0x0000006151100000] [id=295872]
  0x0000022aaa548e60 WorkerThread "GC Thread#0" [stack: 0x0000006150100000,0x0000006150200000] [id=294760]
  0x0000022acd1f85c0 WorkerThread "GC Thread#1" [stack: 0x000000614fd00000,0x000000614fe00000] [id=314900]
  0x0000022acd9bc820 WorkerThread "GC Thread#2" [stack: 0x000000614fe00000,0x000000614ff00000] [id=298696]
  0x0000022acd40e1d0 WorkerThread "GC Thread#3" [stack: 0x000000614ff00000,0x0000006150000000] [id=257676]
  0x0000022acd40df00 WorkerThread "GC Thread#4" [stack: 0x0000006151200000,0x0000006151300000] [id=303428]
  0x0000022acd40d960 WorkerThread "GC Thread#5" [stack: 0x0000006151300000,0x0000006151400000] [id=311152]
  0x0000022acd40e4a0 WorkerThread "GC Thread#6" [stack: 0x0000006151400000,0x0000006151500000] [id=308860]
  0x0000022acd40ea40 WorkerThread "GC Thread#7" [stack: 0x0000006151500000,0x0000006151600000] [id=280072]
  0x0000022aaa5594f0 ConcurrentGCThread "G1 Main Marker" [stack: 0x0000006150200000,0x0000006150300000] [id=295932]
  0x0000022aaa559f20 WorkerThread "G1 Conc#0" [stack: 0x0000006150300000,0x0000006150400000] [id=295876]
  0x0000022ac8bfd530 ConcurrentGCThread "G1 Refine#0" [stack: 0x0000006150400000,0x0000006150500000] [id=289648]
  0x0000022ac8bffee0 ConcurrentGCThread "G1 Service" [stack: 0x0000006150500000,0x0000006150600000] [id=294472]

Threads with active compile tasks:

VM state: synchronizing (normal execution)

VM Mutex/Monitor currently owned by a thread:  ([mutex/lock_event])
[0x0000022aaa49a7b0] Metaspace_lock - owner thread: 0x0000022aaa49e7c0
[0x0000022aaa49b220] Threads_lock - owner thread: 0x0000022ac8d41820

Heap address: 0x0000000084400000, size: 1980 MB, Compressed Oops mode: 32-bit

CDS archive(s) mapped at: [0x0000000800000000-0x0000000800c60000-0x0000000800c60000), size 12976128, SharedBaseAddress: 0x0000000800000000, ArchiveRelocationMode: 0.
Compressed class space mapped at: 0x0000000801000000-0x0000000841000000, reserved size: 1073741824
Narrow klass base: 0x0000000800000000, Narrow klass shift: 0, Narrow klass range: 0x100000000

GC Precious Log:
 CardTable entry size: 512
 Card Set container configuration: InlinePtr #cards 5 size 8 Array Of Cards #cards 12 size 40 Howl #buckets 4 coarsen threshold 1843 Howl Bitmap #cards 512 size 80 coarsen threshold 460 Card regions per heap region 1 cards per card region 2048
 CPUs: 8 total, 8 available
 Memory: 7914M
 Large Page Support: Disabled
 NUMA Support: Disabled
 Compressed Oops: Enabled (32-bit)
 Heap Region Size: 1M
 Heap Min Capacity: 8M
 Heap Initial Capacity: 124M
 Heap Max Capacity: 1980M
 Pre-touch: Disabled
 Parallel Workers: 8
 Concurrent Workers: 2
 Concurrent Refinement Workers: 8
 Periodic GC: Disabled

Heap:
 garbage-first heap   total 126976K, used 16527K [0x0000000084400000, 0x0000000100000000)
  region size 1024K, 14 young (14336K), 2 survivors (2048K)
 Metaspace       used 11581K, committed 11776K, reserved 1114112K
  class space    used 1370K, committed 1472K, reserved 1048576K

Heap Regions: E=young(eden), S=young(survivor), O=old, HS=humongous(starts), HC=humongous(continues), CS=collection set, F=free, OA=open archive, CA=closed archive, TAMS=top-at-mark-start, PB=parsable bottom
|   0|0x0000000084400000, 0x0000000084500000, 0x0000000084500000|100%| O|  |TAMS 0x0000000084400000| PB 0x0000000084400000| Untracked 
|   1|0x0000000084500000, 0x0000000084600000, 0x0000000084600000|100%| O|  |TAMS 0x0000000084500000| PB 0x0000000084500000| Untracked 
|   2|0x0000000084600000, 0x0000000084700000, 0x0000000084700000|100%| O|  |TAMS 0x0000000084600000| PB 0x0000000084600000| Untracked 
|   3|0x0000000084700000, 0x00000000847d2000, 0x0000000084800000| 82%| O|  |TAMS 0x0000000084700000| PB 0x0000000084700000| Untracked 
|   4|0x0000000084800000, 0x0000000084800000, 0x0000000084900000|  0%| F|  |TAMS 0x0000000084800000| PB 0x0000000084800000| Untracked 
|   5|0x0000000084900000, 0x0000000084900000, 0x0000000084a00000|  0%| F|  |TAMS 0x0000000084900000| PB 0x0000000084900000| Untracked 
|   6|0x0000000084a00000, 0x0000000084a00000, 0x0000000084b00000|  0%| F|  |TAMS 0x0000000084a00000| PB 0x0000000084a00000| Untracked 
|   7|0x0000000084b00000, 0x0000000084b00000, 0x0000000084c00000|  0%| F|  |TAMS 0x0000000084b00000| PB 0x0000000084b00000| Untracked 
|   8|0x0000000084c00000, 0x0000000084c00000, 0x0000000084d00000|  0%| F|  |TAMS 0x0000000084c00000| PB 0x0000000084c00000| Untracked 
|   9|0x0000000084d00000, 0x0000000084d00000, 0x0000000084e00000|  0%| F|  |TAMS 0x0000000084d00000| PB 0x0000000084d00000| Untracked 
|  10|0x0000000084e00000, 0x0000000084e00000, 0x0000000084f00000|  0%| F|  |TAMS 0x0000000084e00000| PB 0x0000000084e00000| Untracked 
|  11|0x0000000084f00000, 0x0000000084f00000, 0x0000000085000000|  0%| F|  |TAMS 0x0000000084f00000| PB 0x0000000084f00000| Untracked 
|  12|0x0000000085000000, 0x0000000085000000, 0x0000000085100000|  0%| F|  |TAMS 0x0000000085000000| PB 0x0000000085000000| Untracked 
|  13|0x0000000085100000, 0x0000000085100000, 0x0000000085200000|  0%| F|  |TAMS 0x0000000085100000| PB 0x0000000085100000| Untracked 
|  14|0x0000000085200000, 0x0000000085200000, 0x0000000085300000|  0%| F|  |TAMS 0x0000000085200000| PB 0x0000000085200000| Untracked 
|  15|0x0000000085300000, 0x0000000085300000, 0x0000000085400000|  0%| F|  |TAMS 0x0000000085300000| PB 0x0000000085300000| Untracked 
|  16|0x0000000085400000, 0x0000000085400000, 0x0000000085500000|  0%| F|  |TAMS 0x0000000085400000| PB 0x0000000085400000| Untracked 
|  17|0x0000000085500000, 0x0000000085500000, 0x0000000085600000|  0%| F|  |TAMS 0x0000000085500000| PB 0x0000000085500000| Untracked 
|  18|0x0000000085600000, 0x0000000085600000, 0x0000000085700000|  0%| F|  |TAMS 0x0000000085600000| PB 0x0000000085600000| Untracked 
|  19|0x0000000085700000, 0x0000000085700000, 0x0000000085800000|  0%| F|  |TAMS 0x0000000085700000| PB 0x0000000085700000| Untracked 
|  20|0x0000000085800000, 0x0000000085800000, 0x0000000085900000|  0%| F|  |TAMS 0x0000000085800000| PB 0x0000000085800000| Untracked 
|  21|0x0000000085900000, 0x0000000085900000, 0x0000000085a00000|  0%| F|  |TAMS 0x0000000085900000| PB 0x0000000085900000| Untracked 
|  22|0x0000000085a00000, 0x0000000085a00000, 0x0000000085b00000|  0%| F|  |TAMS 0x0000000085a00000| PB 0x0000000085a00000| Untracked 
|  23|0x0000000085b00000, 0x0000000085b00000, 0x0000000085c00000|  0%| F|  |TAMS 0x0000000085b00000| PB 0x0000000085b00000| Untracked 
|  24|0x0000000085c00000, 0x0000000085c00000, 0x0000000085d00000|  0%| F|  |TAMS 0x0000000085c00000| PB 0x0000000085c00000| Untracked 
|  25|0x0000000085d00000, 0x0000000085d00000, 0x0000000085e00000|  0%| F|  |TAMS 0x0000000085d00000| PB 0x0000000085d00000| Untracked 
|  26|0x0000000085e00000, 0x0000000085e00000, 0x0000000085f00000|  0%| F|  |TAMS 0x0000000085e00000| PB 0x0000000085e00000| Untracked 
|  27|0x0000000085f00000, 0x0000000085f00000, 0x0000000086000000|  0%| F|  |TAMS 0x0000000085f00000| PB 0x0000000085f00000| Untracked 
|  28|0x0000000086000000, 0x0000000086000000, 0x0000000086100000|  0%| F|  |TAMS 0x0000000086000000| PB 0x0000000086000000| Untracked 
|  29|0x0000000086100000, 0x0000000086100000, 0x0000000086200000|  0%| F|  |TAMS 0x0000000086100000| PB 0x0000000086100000| Untracked 
|  30|0x0000000086200000, 0x0000000086200000, 0x0000000086300000|  0%| F|  |TAMS 0x0000000086200000| PB 0x0000000086200000| Untracked 
|  31|0x0000000086300000, 0x0000000086300000, 0x0000000086400000|  0%| F|  |TAMS 0x0000000086300000| PB 0x0000000086300000| Untracked 
|  32|0x0000000086400000, 0x0000000086400000, 0x0000000086500000|  0%| F|  |TAMS 0x0000000086400000| PB 0x0000000086400000| Untracked 
|  33|0x0000000086500000, 0x0000000086500000, 0x0000000086600000|  0%| F|  |TAMS 0x0000000086500000| PB 0x0000000086500000| Untracked 
|  34|0x0000000086600000, 0x0000000086600000, 0x0000000086700000|  0%| F|  |TAMS 0x0000000086600000| PB 0x0000000086600000| Untracked 
|  35|0x0000000086700000, 0x0000000086700000, 0x0000000086800000|  0%| F|  |TAMS 0x0000000086700000| PB 0x0000000086700000| Untracked 
|  36|0x0000000086800000, 0x0000000086800000, 0x0000000086900000|  0%| F|  |TAMS 0x0000000086800000| PB 0x0000000086800000| Untracked 
|  37|0x0000000086900000, 0x0000000086900000, 0x0000000086a00000|  0%| F|  |TAMS 0x0000000086900000| PB 0x0000000086900000| Untracked 
|  38|0x0000000086a00000, 0x0000000086a00000, 0x0000000086b00000|  0%| F|  |TAMS 0x0000000086a00000| PB 0x0000000086a00000| Untracked 
|  39|0x0000000086b00000, 0x0000000086b00000, 0x0000000086c00000|  0%| F|  |TAMS 0x0000000086b00000| PB 0x0000000086b00000| Untracked 
|  40|0x0000000086c00000, 0x0000000086c00000, 0x0000000086d00000|  0%| F|  |TAMS 0x0000000086c00000| PB 0x0000000086c00000| Untracked 
|  41|0x0000000086d00000, 0x0000000086d00000, 0x0000000086e00000|  0%| F|  |TAMS 0x0000000086d00000| PB 0x0000000086d00000| Untracked 
|  42|0x0000000086e00000, 0x0000000086e00000, 0x0000000086f00000|  0%| F|  |TAMS 0x0000000086e00000| PB 0x0000000086e00000| Untracked 
|  43|0x0000000086f00000, 0x0000000086f00000, 0x0000000087000000|  0%| F|  |TAMS 0x0000000086f00000| PB 0x0000000086f00000| Untracked 
|  44|0x0000000087000000, 0x0000000087000000, 0x0000000087100000|  0%| F|  |TAMS 0x0000000087000000| PB 0x0000000087000000| Untracked 
|  45|0x0000000087100000, 0x0000000087100000, 0x0000000087200000|  0%| F|  |TAMS 0x0000000087100000| PB 0x0000000087100000| Untracked 
|  46|0x0000000087200000, 0x0000000087200000, 0x0000000087300000|  0%| F|  |TAMS 0x0000000087200000| PB 0x0000000087200000| Untracked 
|  47|0x0000000087300000, 0x0000000087300000, 0x0000000087400000|  0%| F|  |TAMS 0x0000000087300000| PB 0x0000000087300000| Untracked 
|  48|0x0000000087400000, 0x0000000087400000, 0x0000000087500000|  0%| F|  |TAMS 0x0000000087400000| PB 0x0000000087400000| Untracked 
|  49|0x0000000087500000, 0x0000000087500000, 0x0000000087600000|  0%| F|  |TAMS 0x0000000087500000| PB 0x0000000087500000| Untracked 
|  50|0x0000000087600000, 0x0000000087600000, 0x0000000087700000|  0%| F|  |TAMS 0x0000000087600000| PB 0x0000000087600000| Untracked 
|  51|0x0000000087700000, 0x0000000087700000, 0x0000000087800000|  0%| F|  |TAMS 0x0000000087700000| PB 0x0000000087700000| Untracked 
|  52|0x0000000087800000, 0x0000000087800000, 0x0000000087900000|  0%| F|  |TAMS 0x0000000087800000| PB 0x0000000087800000| Untracked 
|  53|0x0000000087900000, 0x0000000087900000, 0x0000000087a00000|  0%| F|  |TAMS 0x0000000087900000| PB 0x0000000087900000| Untracked 
|  54|0x0000000087a00000, 0x0000000087a00000, 0x0000000087b00000|  0%| F|  |TAMS 0x0000000087a00000| PB 0x0000000087a00000| Untracked 
|  55|0x0000000087b00000, 0x0000000087b00000, 0x0000000087c00000|  0%| F|  |TAMS 0x0000000087b00000| PB 0x0000000087b00000| Untracked 
|  56|0x0000000087c00000, 0x0000000087c00000, 0x0000000087d00000|  0%| F|  |TAMS 0x0000000087c00000| PB 0x0000000087c00000| Untracked 
|  57|0x0000000087d00000, 0x0000000087d00000, 0x0000000087e00000|  0%| F|  |TAMS 0x0000000087d00000| PB 0x0000000087d00000| Untracked 
|  58|0x0000000087e00000, 0x0000000087e00000, 0x0000000087f00000|  0%| F|  |TAMS 0x0000000087e00000| PB 0x0000000087e00000| Untracked 
|  59|0x0000000087f00000, 0x0000000087f00000, 0x0000000088000000|  0%| F|  |TAMS 0x0000000087f00000| PB 0x0000000087f00000| Untracked 
|  60|0x0000000088000000, 0x0000000088000000, 0x0000000088100000|  0%| F|  |TAMS 0x0000000088000000| PB 0x0000000088000000| Untracked 
|  61|0x0000000088100000, 0x0000000088100000, 0x0000000088200000|  0%| F|  |TAMS 0x0000000088100000| PB 0x0000000088100000| Untracked 
|  62|0x0000000088200000, 0x0000000088200000, 0x0000000088300000|  0%| F|  |TAMS 0x0000000088200000| PB 0x0000000088200000| Untracked 
|  63|0x0000000088300000, 0x0000000088300000, 0x0000000088400000|  0%| F|  |TAMS 0x0000000088300000| PB 0x0000000088300000| Untracked 
|  64|0x0000000088400000, 0x0000000088400000, 0x0000000088500000|  0%| F|  |TAMS 0x0000000088400000| PB 0x0000000088400000| Untracked 
|  65|0x0000000088500000, 0x0000000088500000, 0x0000000088600000|  0%| F|  |TAMS 0x0000000088500000| PB 0x0000000088500000| Untracked 
|  66|0x0000000088600000, 0x0000000088600000, 0x0000000088700000|  0%| F|  |TAMS 0x0000000088600000| PB 0x0000000088600000| Untracked 
|  67|0x0000000088700000, 0x0000000088700000, 0x0000000088800000|  0%| F|  |TAMS 0x0000000088700000| PB 0x0000000088700000| Untracked 
|  68|0x0000000088800000, 0x0000000088800000, 0x0000000088900000|  0%| F|  |TAMS 0x0000000088800000| PB 0x0000000088800000| Untracked 
|  69|0x0000000088900000, 0x0000000088900000, 0x0000000088a00000|  0%| F|  |TAMS 0x0000000088900000| PB 0x0000000088900000| Untracked 
|  70|0x0000000088a00000, 0x0000000088a00000, 0x0000000088b00000|  0%| F|  |TAMS 0x0000000088a00000| PB 0x0000000088a00000| Untracked 
|  71|0x0000000088b00000, 0x0000000088b00000, 0x0000000088c00000|  0%| F|  |TAMS 0x0000000088b00000| PB 0x0000000088b00000| Untracked 
|  72|0x0000000088c00000, 0x0000000088c00000, 0x0000000088d00000|  0%| F|  |TAMS 0x0000000088c00000| PB 0x0000000088c00000| Untracked 
|  73|0x0000000088d00000, 0x0000000088d00000, 0x0000000088e00000|  0%| F|  |TAMS 0x0000000088d00000| PB 0x0000000088d00000| Untracked 
|  74|0x0000000088e00000, 0x0000000088e00000, 0x0000000088f00000|  0%| F|  |TAMS 0x0000000088e00000| PB 0x0000000088e00000| Untracked 
|  75|0x0000000088f00000, 0x0000000088f00000, 0x0000000089000000|  0%| F|  |TAMS 0x0000000088f00000| PB 0x0000000088f00000| Untracked 
|  76|0x0000000089000000, 0x0000000089000000, 0x0000000089100000|  0%| F|  |TAMS 0x0000000089000000| PB 0x0000000089000000| Untracked 
|  77|0x0000000089100000, 0x0000000089100000, 0x0000000089200000|  0%| F|  |TAMS 0x0000000089100000| PB 0x0000000089100000| Untracked 
|  78|0x0000000089200000, 0x0000000089200000, 0x0000000089300000|  0%| F|  |TAMS 0x0000000089200000| PB 0x0000000089200000| Untracked 
|  79|0x0000000089300000, 0x0000000089300000, 0x0000000089400000|  0%| F|  |TAMS 0x0000000089300000| PB 0x0000000089300000| Untracked 
|  80|0x0000000089400000, 0x0000000089400000, 0x0000000089500000|  0%| F|  |TAMS 0x0000000089400000| PB 0x0000000089400000| Untracked 
|  81|0x0000000089500000, 0x0000000089500000, 0x0000000089600000|  0%| F|  |TAMS 0x0000000089500000| PB 0x0000000089500000| Untracked 
|  82|0x0000000089600000, 0x0000000089600000, 0x0000000089700000|  0%| F|  |TAMS 0x0000000089600000| PB 0x0000000089600000| Untracked 
|  83|0x0000000089700000, 0x0000000089700000, 0x0000000089800000|  0%| F|  |TAMS 0x0000000089700000| PB 0x0000000089700000| Untracked 
|  84|0x0000000089800000, 0x0000000089800000, 0x0000000089900000|  0%| F|  |TAMS 0x0000000089800000| PB 0x0000000089800000| Untracked 
|  85|0x0000000089900000, 0x0000000089900000, 0x0000000089a00000|  0%| F|  |TAMS 0x0000000089900000| PB 0x0000000089900000| Untracked 
|  86|0x0000000089a00000, 0x0000000089a00000, 0x0000000089b00000|  0%| F|  |TAMS 0x0000000089a00000| PB 0x0000000089a00000| Untracked 
|  87|0x0000000089b00000, 0x0000000089b00000, 0x0000000089c00000|  0%| F|  |TAMS 0x0000000089b00000| PB 0x0000000089b00000| Untracked 
|  88|0x0000000089c00000, 0x0000000089c00000, 0x0000000089d00000|  0%| F|  |TAMS 0x0000000089c00000| PB 0x0000000089c00000| Untracked 
|  89|0x0000000089d00000, 0x0000000089d00000, 0x0000000089e00000|  0%| F|  |TAMS 0x0000000089d00000| PB 0x0000000089d00000| Untracked 
|  90|0x0000000089e00000, 0x0000000089e00000, 0x0000000089f00000|  0%| F|  |TAMS 0x0000000089e00000| PB 0x0000000089e00000| Untracked 
|  91|0x0000000089f00000, 0x0000000089f00000, 0x000000008a000000|  0%| F|  |TAMS 0x0000000089f00000| PB 0x0000000089f00000| Untracked 
|  92|0x000000008a000000, 0x000000008a000000, 0x000000008a100000|  0%| F|  |TAMS 0x000000008a000000| PB 0x000000008a000000| Untracked 
|  93|0x000000008a100000, 0x000000008a100000, 0x000000008a200000|  0%| F|  |TAMS 0x000000008a100000| PB 0x000000008a100000| Untracked 
|  94|0x000000008a200000, 0x000000008a200000, 0x000000008a300000|  0%| F|  |TAMS 0x000000008a200000| PB 0x000000008a200000| Untracked 
|  95|0x000000008a300000, 0x000000008a300000, 0x000000008a400000|  0%| F|  |TAMS 0x000000008a300000| PB 0x000000008a300000| Untracked 
|  96|0x000000008a400000, 0x000000008a400000, 0x000000008a500000|  0%| F|  |TAMS 0x000000008a400000| PB 0x000000008a400000| Untracked 
|  97|0x000000008a500000, 0x000000008a500000, 0x000000008a600000|  0%| F|  |TAMS 0x000000008a500000| PB 0x000000008a500000| Untracked 
|  98|0x000000008a600000, 0x000000008a600000, 0x000000008a700000|  0%| F|  |TAMS 0x000000008a600000| PB 0x000000008a600000| Untracked 
|  99|0x000000008a700000, 0x000000008a751ed0, 0x000000008a800000| 32%| S|CS|TAMS 0x000000008a700000| PB 0x000000008a700000| Complete 
| 100|0x000000008a800000, 0x000000008a900000, 0x000000008a900000|100%| S|CS|TAMS 0x000000008a800000| PB 0x000000008a800000| Complete 
| 101|0x000000008a900000, 0x000000008a900000, 0x000000008aa00000|  0%| F|  |TAMS 0x000000008a900000| PB 0x000000008a900000| Untracked 
| 102|0x000000008aa00000, 0x000000008aa00000, 0x000000008ab00000|  0%| F|  |TAMS 0x000000008aa00000| PB 0x000000008aa00000| Untracked 
| 103|0x000000008ab00000, 0x000000008ab00000, 0x000000008ac00000|  0%| F|  |TAMS 0x000000008ab00000| PB 0x000000008ab00000| Untracked 
| 104|0x000000008ac00000, 0x000000008ac00000, 0x000000008ad00000|  0%| F|  |TAMS 0x000000008ac00000| PB 0x000000008ac00000| Untracked 
| 105|0x000000008ad00000, 0x000000008ad00000, 0x000000008ae00000|  0%| F|  |TAMS 0x000000008ad00000| PB 0x000000008ad00000| Untracked 
| 106|0x000000008ae00000, 0x000000008ae00000, 0x000000008af00000|  0%| F|  |TAMS 0x000000008ae00000| PB 0x000000008ae00000| Untracked 
| 107|0x000000008af00000, 0x000000008af00000, 0x000000008b000000|  0%| F|  |TAMS 0x000000008af00000| PB 0x000000008af00000| Untracked 
| 108|0x000000008b000000, 0x000000008b000000, 0x000000008b100000|  0%| F|  |TAMS 0x000000008b000000| PB 0x000000008b000000| Untracked 
| 109|0x000000008b100000, 0x000000008b100000, 0x000000008b200000|  0%| F|  |TAMS 0x000000008b100000| PB 0x000000008b100000| Untracked 
| 110|0x000000008b200000, 0x000000008b200000, 0x000000008b300000|  0%| F|  |TAMS 0x000000008b200000| PB 0x000000008b200000| Untracked 
| 111|0x000000008b300000, 0x000000008b300000, 0x000000008b400000|  0%| F|  |TAMS 0x000000008b300000| PB 0x000000008b300000| Untracked 
| 112|0x000000008b400000, 0x000000008b4cdbf0, 0x000000008b500000| 80%| E|  |TAMS 0x000000008b400000| PB 0x000000008b400000| Complete 
| 113|0x000000008b500000, 0x000000008b600000, 0x000000008b600000|100%| E|CS|TAMS 0x000000008b500000| PB 0x000000008b500000| Complete 
| 114|0x000000008b600000, 0x000000008b700000, 0x000000008b700000|100%| E|CS|TAMS 0x000000008b600000| PB 0x000000008b600000| Complete 
| 115|0x000000008b700000, 0x000000008b800000, 0x000000008b800000|100%| E|CS|TAMS 0x000000008b700000| PB 0x000000008b700000| Complete 
| 116|0x000000008b800000, 0x000000008b900000, 0x000000008b900000|100%| E|CS|TAMS 0x000000008b800000| PB 0x000000008b800000| Complete 
| 117|0x000000008b900000, 0x000000008ba00000, 0x000000008ba00000|100%| E|CS|TAMS 0x000000008b900000| PB 0x000000008b900000| Complete 
| 118|0x000000008ba00000, 0x000000008bb00000, 0x000000008bb00000|100%| E|CS|TAMS 0x000000008ba00000| PB 0x000000008ba00000| Complete 
| 119|0x000000008bb00000, 0x000000008bc00000, 0x000000008bc00000|100%| E|CS|TAMS 0x000000008bb00000| PB 0x000000008bb00000| Complete 
| 120|0x000000008bc00000, 0x000000008bd00000, 0x000000008bd00000|100%| E|CS|TAMS 0x000000008bc00000| PB 0x000000008bc00000| Complete 
| 121|0x000000008bd00000, 0x000000008be00000, 0x000000008be00000|100%| E|CS|TAMS 0x000000008bd00000| PB 0x000000008bd00000| Complete 
| 122|0x000000008be00000, 0x000000008bf00000, 0x000000008bf00000|100%| E|CS|TAMS 0x000000008be00000| PB 0x000000008be00000| Complete 
| 123|0x000000008bf00000, 0x000000008c000000, 0x000000008c000000|100%| E|CS|TAMS 0x000000008bf00000| PB 0x000000008bf00000| Complete 

Card table byte_map: [0x0000022ac3bf0000,0x0000022ac3fd0000] _byte_map_base: 0x0000022ac37ce000

Marking Bits: (CMBitMap*) 0x0000022aaa549490
 Bits: [0x0000022ac43b0000, 0x0000022ac62a0000)

Polling page: 0x0000022aaa390000

Metaspace:

Usage:
  Non-class:      9.97 MB used.
      Class:      1.34 MB used.
       Both:     11.31 MB used.

Virtual space:
  Non-class space:       64.00 MB reserved,      10.06 MB ( 16%) committed,  1 nodes.
      Class space:        1.00 GB reserved,       1.44 MB ( <1%) committed,  1 nodes.
             Both:        1.06 GB reserved,      11.50 MB (  1%) committed. 

Chunk freelists:
   Non-Class:  624.00 KB
       Class:  2.59 MB
        Both:  3.20 MB

MaxMetaspaceSize: unlimited
CompressedClassSpaceSize: 1.00 GB
Initial GC threshold: 21.00 MB
Current GC threshold: 21.00 MB
CDS: on
MetaspaceReclaimPolicy: balanced
 - commit_granule_bytes: 65536.
 - commit_granule_words: 8192.
 - virtual_space_node_default_size: 8388608.
 - enlarge_chunks_in_place: 1.
 - new_chunks_are_fully_committed: 0.
 - uncommit_free_chunks: 1.
 - use_allocation_guard: 0.


Internal statistics:

num_allocs_failed_limit: 0.
num_arena_births: 108.
num_arena_deaths: 0.
num_vsnodes_births: 2.
num_vsnodes_deaths: 0.
num_space_committed: 184.
num_space_uncommitted: 0.
num_chunks_returned_to_freelist: 0.
num_chunks_taken_from_freelist: 484.
num_chunk_merges: 0.
num_chunk_splits: 350.
num_chunks_enlarged: 287.
num_inconsistent_stats: 0.

CodeHeap 'non-profiled nmethods': size=120000Kb used=747Kb max_used=747Kb free=119252Kb
 bounds [0x0000022abb870000, 0x0000022abbae0000, 0x0000022ac2da0000]
CodeHeap 'profiled nmethods': size=120000Kb used=4156Kb max_used=4156Kb free=115843Kb
 bounds [0x0000022ab3da0000, 0x0000022ab41b0000, 0x0000022abb2d0000]
CodeHeap 'non-nmethods': size=5760Kb used=1530Kb max_used=1546Kb free=4229Kb
 bounds [0x0000022abb2d0000, 0x0000022abb540000, 0x0000022abb870000]
 total_blobs=2600 nmethods=2138 adapters=372
 compilation: enabled
              stopped_count=0, restarted_count=0
 full_count=0

Compilation events (20 events):
Event: 158.941 Thread 0x0000022acd028910 2131       3       java.lang.Class::copyConstructors (38 bytes)
Event: 158.942 Thread 0x0000022acd028910 nmethod 2131 0x0000022ab41aaa10 code [0x0000022ab41aac60, 0x0000022ab41ab7b0]
Event: 158.942 Thread 0x0000022acd028910 2132       3       com.google.inject.internal.KotlinSupport$KotlinUnsupported::checkConstructorParameterAnnotations (1 bytes)
Event: 158.942 Thread 0x0000022acd028910 nmethod 2132 0x0000022ab41abc10 code [0x0000022ab41abda0, 0x0000022ab41abeb0]
Event: 158.942 Thread 0x0000022acd028910 2133       3       java.lang.reflect.Constructor::getParameterAnnotations (13 bytes)
Event: 158.942 Thread 0x0000022acd028910 nmethod 2133 0x0000022ab41abf90 code [0x0000022ab41ac120, 0x0000022ab41ac2e8]
Event: 158.942 Thread 0x0000022acd028910 2134       3       com.google.inject.internal.KotlinSupport$KotlinUnsupported::getIsParameterKotlinNullablePredicate (4 bytes)
Event: 158.942 Thread 0x0000022acd028910 nmethod 2134 0x0000022ab41ac390 code [0x0000022ab41ac520, 0x0000022ab41ac638]
Event: 158.942 Thread 0x0000022acd028910 2135       3       java.util.stream.ReferencePipeline::forEach (11 bytes)
Event: 158.943 Thread 0x0000022acd028910 nmethod 2135 0x0000022ab41ac710 code [0x0000022ab41ac8e0, 0x0000022ab41acdc8]
Event: 158.943 Thread 0x0000022acd028910 2136       3       java.util.stream.ForEachOps::makeRef (15 bytes)
Event: 158.943 Thread 0x0000022acd028910 nmethod 2136 0x0000022ab41ad010 code [0x0000022ab41ad1e0, 0x0000022ab41ad618]
Event: 159.713 Thread 0x0000022acd028910 2137   !   3       java.lang.invoke.MethodHandle::setVarargs (25 bytes)
Event: 159.713 Thread 0x0000022acd028910 nmethod 2137 0x0000022ab41ad810 code [0x0000022ab41ada00, 0x0000022ab41adf98]
Event: 159.713 Thread 0x0000022acd028910 2138       3       java.lang.invoke.MemberName::isVarargs (23 bytes)
Event: 159.714 Thread 0x0000022acd028910 nmethod 2138 0x0000022ab41ae190 code [0x0000022ab41ae340, 0x0000022ab41ae6c8]
Event: 159.900 Thread 0x0000022acd028910 2139       3       sun.reflect.generics.parser.SignatureParser::make (8 bytes)
Event: 159.900 Thread 0x0000022acd028910 nmethod 2139 0x0000022ab41ae810 code [0x0000022ab41ae9a0, 0x0000022ab41aeba8]
Event: 159.900 Thread 0x0000022acd028910 2140       3       sun.reflect.generics.parser.SignatureParser::<init> (5 bytes)
Event: 159.901 Thread 0x0000022acd028910 nmethod 2140 0x0000022ab41aec90 code [0x0000022ab41aee20, 0x0000022ab41aef88]

GC Heap History (6 events):
Event: 127.339 GC heap before
{Heap before GC invocations=0 (full 0):
 garbage-first heap   total 126976K, used 23552K [0x0000000084400000, 0x0000000100000000)
  region size 1024K, 23 young (23552K), 0 survivors (0K)
 Metaspace       used 5734K, committed 5952K, reserved 1114112K
  class space    used 660K, committed 768K, reserved 1048576K
}
Event: 128.762 GC heap after
{Heap after GC invocations=1 (full 0):
 garbage-first heap   total 126976K, used 3792K [0x0000000084400000, 0x0000000100000000)
  region size 1024K, 3 young (3072K), 3 survivors (3072K)
 Metaspace       used 5734K, committed 5952K, reserved 1114112K
  class space    used 660K, committed 768K, reserved 1048576K
}
Event: 129.003 GC heap before
{Heap before GC invocations=1 (full 0):
 garbage-first heap   total 126976K, used 6864K [0x0000000084400000, 0x0000000100000000)
  region size 1024K, 6 young (6144K), 3 survivors (3072K)
 Metaspace       used 5896K, committed 6080K, reserved 1114112K
  class space    used 685K, committed 768K, reserved 1048576K
}
Event: 129.025 GC heap after
{Heap after GC invocations=2 (full 0):
 garbage-first heap   total 126976K, used 4181K [0x0000000084400000, 0x0000000100000000)
  region size 1024K, 1 young (1024K), 1 survivors (1024K)
 Metaspace       used 5896K, committed 6080K, reserved 1114112K
  class space    used 685K, committed 768K, reserved 1048576K
}
Event: 153.186 GC heap before
{Heap before GC invocations=2 (full 0):
 garbage-first heap   total 126976K, used 25685K [0x0000000084400000, 0x0000000100000000)
  region size 1024K, 23 young (23552K), 1 survivors (1024K)
 Metaspace       used 9270K, committed 9408K, reserved 1114112K
  class space    used 1071K, committed 1152K, reserved 1048576K
}
Event: 153.190 GC heap after
{Heap after GC invocations=3 (full 0):
 garbage-first heap   total 126976K, used 5263K [0x0000000084400000, 0x0000000100000000)
  region size 1024K, 2 young (2048K), 2 survivors (2048K)
 Metaspace       used 9270K, committed 9408K, reserved 1114112K
  class space    used 1071K, committed 1152K, reserved 1048576K
}

Dll operation events (8 events):
Event: 0.328 Loaded shared library C:\Program Files\Java\jdk-20\bin\java.dll
Event: 0.582 Loaded shared library C:\Program Files\Java\jdk-20\bin\jsvml.dll
Event: 3.904 Loaded shared library C:\Program Files\Java\jdk-20\bin\net.dll
Event: 4.005 Loaded shared library C:\Program Files\Java\jdk-20\bin\nio.dll
Event: 4.454 Loaded shared library C:\Program Files\Java\jdk-20\bin\zip.dll
Event: 110.878 Loaded shared library C:\Program Files\Java\jdk-20\bin\jimage.dll
Event: 112.340 Loaded shared library C:\Program Files\NetBeans-21\netbeans\java\maven\lib\jansi-native\Windows\x86_64\jansi.dll
Event: 112.406 Loaded shared library C:\Program Files\Java\jdk-20\bin\verify.dll

Deoptimization events (20 events):
Event: 154.632 Thread 0x0000022aaa49e7c0 DEOPT PACKING pc=0x0000022abb90ea20 sp=0x00000061500fe360
Event: 154.632 Thread 0x0000022aaa49e7c0 DEOPT UNPACKING pc=0x0000022abb2ed2a2 sp=0x00000061500fe268 mode 2
Event: 154.667 Thread 0x0000022aaa49e7c0 Uncommon trap: trap_request=0xffffffc6 fr.pc=0x0000022abb8faaf0 relative=0x00000000000002b0
Event: 154.667 Thread 0x0000022aaa49e7c0 Uncommon trap: reason=bimorphic_or_optimized_type_check action=maybe_recompile pc=0x0000022abb8faaf0 method=java.util.HashMap.getNode(Ljava/lang/Object;)Ljava/util/HashMap$Node; @ 128 c2
Event: 154.667 Thread 0x0000022aaa49e7c0 DEOPT PACKING pc=0x0000022abb8faaf0 sp=0x00000061500fe2f0
Event: 154.667 Thread 0x0000022aaa49e7c0 DEOPT UNPACKING pc=0x0000022abb2ed2a2 sp=0x00000061500fe268 mode 2
Event: 156.193 Thread 0x0000022aaa49e7c0 Uncommon trap: trap_request=0xffffff45 fr.pc=0x0000022abb8df694 relative=0x0000000000000274
Event: 156.193 Thread 0x0000022aaa49e7c0 Uncommon trap: reason=unstable_if action=reinterpret pc=0x0000022abb8df694 method=java.util.concurrent.ConcurrentHashMap.get(Ljava/lang/Object;)Ljava/lang/Object; @ 76 c2
Event: 156.193 Thread 0x0000022aaa49e7c0 DEOPT PACKING pc=0x0000022abb8df694 sp=0x00000061500fb340
Event: 156.193 Thread 0x0000022aaa49e7c0 DEOPT UNPACKING pc=0x0000022abb2ed2a2 sp=0x00000061500fb2b8 mode 2
Event: 156.580 Thread 0x0000022aaa49e7c0 Uncommon trap: trap_request=0xffffff45 fr.pc=0x0000022abb8db70c relative=0x000000000000018c
Event: 156.580 Thread 0x0000022aaa49e7c0 Uncommon trap: reason=unstable_if action=reinterpret pc=0x0000022abb8db70c method=java.lang.ClassLoader.checkName(Ljava/lang/String;)Z @ 1 c2
Event: 156.580 Thread 0x0000022aaa49e7c0 DEOPT PACKING pc=0x0000022abb8db70c sp=0x00000061500fda80
Event: 156.580 Thread 0x0000022aaa49e7c0 DEOPT UNPACKING pc=0x0000022abb2ed2a2 sp=0x00000061500fda18 mode 2
Event: 156.708 Thread 0x0000022aaa49e7c0 Uncommon trap: trap_request=0xffffff45 fr.pc=0x0000022abb91b6c8 relative=0x00000000000002c8
Event: 156.712 Thread 0x0000022aaa49e7c0 Uncommon trap: reason=unstable_if action=reinterpret pc=0x0000022abb91b6c8 method=jdk.internal.org.objectweb.asm.SymbolTable.put(Ljdk/internal/org/objectweb/asm/SymbolTable$Entry;)Ljdk/internal/org/objectweb/asm/SymbolTable$Entry; @ 13 c2
Event: 156.712 Thread 0x0000022aaa49e7c0 DEOPT PACKING pc=0x0000022abb91b6c8 sp=0x00000061500fd730
Event: 156.713 Thread 0x0000022aaa49e7c0 DEOPT UNPACKING pc=0x0000022abb2ed2a2 sp=0x00000061500fd6b0 mode 2
Event: 156.909 Thread 0x0000022aaa49e7c0 DEOPT PACKING pc=0x0000022ab4138cc4 sp=0x00000061500fdf50
Event: 156.909 Thread 0x0000022aaa49e7c0 DEOPT UNPACKING pc=0x0000022abb33e462 sp=0x00000061500fd4b0 mode 0

Classes loaded (20 events):
Event: 154.152 Loading class java/util/concurrent/atomic/AtomicBoolean
Event: 154.152 Loading class java/util/concurrent/atomic/AtomicBoolean done
Event: 155.109 Loading class sun/reflect/generics/repository/FieldRepository
Event: 155.109 Loading class sun/reflect/generics/repository/FieldRepository done
Event: 155.156 Loading class java/io/UncheckedIOException
Event: 155.156 Loading class java/io/UncheckedIOException done
Event: 155.203 Loading class java/nio/channels/OverlappingFileLockException
Event: 155.203 Loading class java/nio/channels/OverlappingFileLockException done
Event: 155.203 Loading class java/nio/channels/FileLock
Event: 155.203 Loading class java/nio/channels/FileLock done
Event: 155.582 Loading class java/nio/file/AccessDeniedException
Event: 155.582 Loading class java/nio/file/AccessDeniedException done
Event: 156.175 Loading class java/lang/ExceptionInInitializerError
Event: 156.175 Loading class java/lang/ExceptionInInitializerError done
Event: 156.192 Loading class jdk/internal/vm/annotation/ForceInline
Event: 156.192 Loading class jdk/internal/vm/annotation/ForceInline done
Event: 156.544 Loading class sun/invoke/util/ValueConversions$1
Event: 156.544 Loading class sun/invoke/util/ValueConversions$1 done
Event: 156.545 Loading class java/lang/invoke/BoundMethodHandle$Species_LI
Event: 156.545 Loading class java/lang/invoke/BoundMethodHandle$Species_LI done

Classes unloaded (0 events):
No events

Classes redefined (0 events):
No events

Internal exceptions (20 events):
Event: 112.478 Thread 0x0000022aaa49e7c0 Exception <a 'java/lang/NoSuchMethodError'{0x000000008ba8edb8}: 'void java.lang.invoke.DirectMethodHandle$Holder.invokeStatic(java.lang.Object, java.lang.Object, java.lang.Object)'> (0x000000008ba8edb8) 
thrown [s\open\src\hotspot\share\interpreter\linkResolver.cpp, line 773]
Event: 114.969 Thread 0x0000022aaa49e7c0 Exception <a 'java/lang/NoSuchMethodError'{0x000000008b84abe0}: 'java.lang.Object java.lang.invoke.DirectMethodHandle$Holder.invokeSpecialIFC(java.lang.Object, java.lang.Object, java.lang.Object, java.lang.Object)'> (0x000000008b84abe0) 
thrown [s\open\src\hotspot\share\interpreter\linkResolver.cpp, line 773]
Event: 119.053 Thread 0x0000022aaa49e7c0 Exception <a 'java/lang/NoSuchMethodError'{0x000000008b3b4c50}: 'void java.lang.invoke.DirectMethodHandle$Holder.invokeSpecial(java.lang.Object, java.lang.Object, java.lang.Object)'> (0x000000008b3b4c50) 
thrown [s\open\src\hotspot\share\interpreter\linkResolver.cpp, line 773]
Event: 119.829 Thread 0x0000022aaa49e7c0 Exception <a 'java/lang/NoSuchMethodError'{0x000000008b2f91b8}: 'java.lang.Object java.lang.invoke.DirectMethodHandle$Holder.invokeInterface(java.lang.Object, java.lang.Object)'> (0x000000008b2f91b8) 
thrown [s\open\src\hotspot\share\interpreter\linkResolver.cpp, line 773]
Event: 119.875 Thread 0x0000022aaa49e7c0 Exception <a 'java/lang/NoSuchMethodError'{0x000000008b18e598}: 'int java.lang.invoke.DirectMethodHandle$Holder.invokeStatic(java.lang.Object, java.lang.Object, java.lang.Object, java.lang.Object)'> (0x000000008b18e598) 
thrown [s\open\src\hotspot\share\interpreter\linkResolver.cpp, line 773]
Event: 119.876 Thread 0x0000022aaa49e7c0 Exception <a 'java/lang/NoSuchMethodError'{0x000000008b191c18}: 'java.lang.Object java.lang.invoke.Invokers$Holder.invokeExact_MT(java.lang.Object, java.lang.Object, java.lang.Object, java.lang.Object, java.lang.Object, java.lang.Object)'> (0x000000008b191c18) 
thrown [s\open\src\hotspot\share\interpreter\linkResolver.cpp, line 773]
Event: 119.880 Thread 0x0000022aaa49e7c0 Exception <a 'java/lang/NoSuchMethodError'{0x000000008b1a2068}: 'int java.lang.invoke.DirectMethodHandle$Holder.invokeSpecialIFC(java.lang.Object, java.lang.Object, java.lang.Object, java.lang.Object, java.lang.Object)'> (0x000000008b1a2068) 
thrown [s\open\src\hotspot\share\interpreter\linkResolver.cpp, line 773]
Event: 121.833 Thread 0x0000022aaa49e7c0 Exception <a 'java/lang/NoSuchMethodError'{0x000000008af1ee70}: 'java.lang.Object java.lang.invoke.DirectMethodHandle$Holder.newInvokeSpecial(java.lang.Object, java.lang.Object, java.lang.Object, java.lang.Object, java.lang.Object)'> (0x000000008af1ee70) 
thrown [s\open\src\hotspot\share\interpreter\linkResolver.cpp, line 773]
Event: 126.628 Thread 0x0000022aaa49e7c0 Exception <a 'java/lang/NoSuchMethodError'{0x000000008ae16bb8}: 'int java.lang.invoke.DirectMethodHandle$Holder.invokeStaticInit(java.lang.Object, java.lang.Object)'> (0x000000008ae16bb8) 
thrown [s\open\src\hotspot\share\interpreter\linkResolver.cpp, line 773]
Event: 126.821 Thread 0x0000022aaa49e7c0 Exception <a 'java/lang/NoClassDefFoundError'{0x000000008ae4b448}: javax/enterprise/inject/Typed> (0x000000008ae4b448) 
thrown [s\open\src\hotspot\share\classfile\systemDictionary.cpp, line 294]
Event: 156.171 Thread 0x0000022aaa49e7c0 Exception <a 'java/lang/NoSuchMethodError'{0x000000008b815a40}: 'void java.lang.invoke.DirectMethodHandle$Holder.invokeStaticInit(java.lang.Object, java.lang.Object, java.lang.Object)'> (0x000000008b815a40) 
thrown [s\open\src\hotspot\share\interpreter\linkResolver.cpp, line 773]
Event: 156.178 Thread 0x0000022aaa49e7c0 Exception <a 'java/lang/ExceptionInInitializerError'{0x000000008b83ee48}> (0x000000008b83ee48) 
thrown [s\open\src\hotspot\share\oops\instanceKlass.cpp, line 1160]
Event: 156.545 Thread 0x0000022aaa49e7c0 Exception <a 'java/lang/NoSuchMethodError'{0x000000008b74ae20}: 'long java.lang.invoke.DirectMethodHandle$Holder.invokeStatic(java.lang.Object, java.lang.Object, int)'> (0x000000008b74ae20) 
thrown [s\open\src\hotspot\share\interpreter\linkResolver.cpp, line 773]
Event: 156.547 Thread 0x0000022aaa49e7c0 Exception <a 'java/lang/NoSuchMethodError'{0x000000008b75deb8}: 'java.lang.Object java.lang.invoke.DirectMethodHandle$Holder.invokeStatic(java.lang.Object, java.lang.Object, java.lang.Object, java.lang.Object, int)'> (0x000000008b75deb8) 
thrown [s\open\src\hotspot\share\interpreter\linkResolver.cpp, line 773]
Event: 156.548 Thread 0x0000022aaa49e7c0 Exception <a 'java/lang/NoSuchMethodError'{0x000000008b765dd0}: 'java.lang.Object java.lang.invoke.DirectMethodHandle$Holder.invokeSpecial(java.lang.Object, java.lang.Object, java.lang.Object, java.lang.Object, long)'> (0x000000008b765dd0) 
thrown [s\open\src\hotspot\share\interpreter\linkResolver.cpp, line 773]
Event: 156.549 Thread 0x0000022aaa49e7c0 Exception <a 'java/lang/NoSuchMethodError'{0x000000008b7718b0}: 'java.lang.Object java.lang.invoke.DirectMethodHandle$Holder.invokeSpecial(java.lang.Object, java.lang.Object, java.lang.Object, int, java.lang.Object)'> (0x000000008b7718b0) 
thrown [s\open\src\hotspot\share\interpreter\linkResolver.cpp, line 773]
Event: 156.550 Thread 0x0000022aaa49e7c0 Exception <a 'java/lang/NoSuchMethodError'{0x000000008b7799d0}: 'int java.lang.invoke.DirectMethodHandle$Holder.invokeSpecial(java.lang.Object, java.lang.Object, java.lang.Object, int)'> (0x000000008b7799d0) 
thrown [s\open\src\hotspot\share\interpreter\linkResolver.cpp, line 773]
Event: 156.580 Thread 0x0000022aaa49e7c0 Implicit null exception at 0x0000022abb8db59d to 0x0000022abb8db6fc
Event: 156.582 Thread 0x0000022aaa49e7c0 Exception <a 'java/lang/NoSuchMethodError'{0x000000008b79e248}: 'java.lang.Object java.lang.invoke.Invokers$Holder.invokeExact_MT(java.lang.Object, int, java.lang.Object)'> (0x000000008b79e248) 
thrown [s\open\src\hotspot\share\interpreter\linkResolver.cpp, line 773]
Event: 156.719 Thread 0x0000022aaa49e7c0 Exception <a 'java/lang/NoSuchMethodError'{0x000000008b61f530}: 'void java.lang.invoke.DirectMethodHandle$Holder.invokeStatic(java.lang.Object, java.lang.Object)'> (0x000000008b61f530) 
thrown [s\open\src\hotspot\share\interpreter\linkResolver.cpp, line 773]

VM Operations (20 events):
Event: 151.963 Executing VM operation: Cleanup
Event: 151.963 Executing VM operation: Cleanup done
Event: 152.967 Executing VM operation: Cleanup
Event: 152.967 Executing VM operation: Cleanup done
Event: 153.186 Executing VM operation: G1CollectForAllocation
Event: 153.190 Executing VM operation: G1CollectForAllocation done
Event: 154.191 Executing VM operation: Cleanup
Event: 154.319 Executing VM operation: Cleanup done
Event: 155.328 Executing VM operation: Cleanup
Event: 155.328 Executing VM operation: Cleanup done
Event: 156.248 Executing VM operation: HandshakeAllThreads
Event: 156.248 Executing VM operation: HandshakeAllThreads done
Event: 156.894 Executing VM operation: HandshakeAllThreads
Event: 156.894 Executing VM operation: HandshakeAllThreads done
Event: 156.894 Executing VM operation: Cleanup
Event: 156.894 Executing VM operation: Cleanup done
Event: 156.908 Executing VM operation: HandshakeAllThreads
Event: 156.908 Executing VM operation: HandshakeAllThreads done
Event: 157.909 Executing VM operation: Cleanup
Event: 157.911 Executing VM operation: Cleanup done

Events (11 events):
Event: 0.583 Thread 0x0000022aaa49e7c0 Thread added: 0x0000022aaa49e7c0
Event: 1.653 Thread 0x0000022ac8d61f00 Thread added: 0x0000022ac8d61f00
Event: 1.654 Thread 0x0000022ac8d63030 Thread added: 0x0000022ac8d63030
Event: 1.654 Thread 0x0000022ac8d684e0 Thread added: 0x0000022ac8d684e0
Event: 1.654 Thread 0x0000022ac8d69f20 Thread added: 0x0000022ac8d69f20
Event: 1.654 Thread 0x0000022ac8d6a950 Thread added: 0x0000022ac8d6a950
Event: 1.655 Thread 0x0000022ac8d6b380 Thread added: 0x0000022ac8d6b380
Event: 1.655 Thread 0x0000022ac8d6d000 Thread added: 0x0000022ac8d6d000
Event: 1.762 Thread 0x0000022acd028910 Thread added: 0x0000022acd028910
Event: 3.333 Thread 0x0000022acd14c550 Thread added: 0x0000022acd14c550
Event: 3.399 Thread 0x0000022acd14ffc0 Thread added: 0x0000022acd14ffc0


Dynamic libraries:
0x00007ff611c50000 - 0x00007ff611c60000 	C:\Program Files\Java\jdk-20\bin\java.exe
0x00007ffe64a30000 - 0x00007ffe64c47000 	C:\WINDOWS\SYSTEM32\ntdll.dll
0x00007ffe1a310000 - 0x00007ffe1a32a000 	C:\Program Files\AVG\Antivirus\aswhook.dll
0x00007ffe63050000 - 0x00007ffe63114000 	C:\WINDOWS\System32\KERNEL32.DLL
0x00007ffe61d50000 - 0x00007ffe620fd000 	C:\WINDOWS\System32\KERNELBASE.dll
0x00007ffe62640000 - 0x00007ffe62751000 	C:\WINDOWS\System32\ucrtbase.dll
0x00007ffe531c0000 - 0x00007ffe531d9000 	C:\Program Files\Java\jdk-20\bin\jli.dll
0x00007ffe543d0000 - 0x00007ffe543eb000 	C:\Program Files\Java\jdk-20\bin\VCRUNTIME140.dll
0x00007ffe63370000 - 0x00007ffe63422000 	C:\WINDOWS\System32\ADVAPI32.dll
0x00007ffe62810000 - 0x00007ffe628b7000 	C:\WINDOWS\System32\msvcrt.dll
0x00007ffe62db0000 - 0x00007ffe62e59000 	C:\WINDOWS\System32\sechost.dll
0x00007ffe622e0000 - 0x00007ffe62308000 	C:\WINDOWS\System32\bcrypt.dll
0x00007ffe62e80000 - 0x00007ffe62f94000 	C:\WINDOWS\System32\RPCRT4.dll
0x00007ffe635d0000 - 0x00007ffe6377e000 	C:\WINDOWS\System32\USER32.dll
0x00007ffe62310000 - 0x00007ffe62336000 	C:\WINDOWS\System32\win32u.dll
0x00007ffe63020000 - 0x00007ffe63049000 	C:\WINDOWS\System32\GDI32.dll
0x00007ffe4a1a0000 - 0x00007ffe4a433000 	C:\WINDOWS\WinSxS\amd64_microsoft.windows.common-controls_6595b64144ccf1df_6.0.22621.3672_none_2713b9d173822955\COMCTL32.dll
0x00007ffe62100000 - 0x00007ffe62219000 	C:\WINDOWS\System32\gdi32full.dll
0x00007ffe62520000 - 0x00007ffe625ba000 	C:\WINDOWS\System32\msvcp_win.dll
0x00007ffe59090000 - 0x00007ffe5909a000 	C:\WINDOWS\SYSTEM32\VERSION.dll
0x00007ffe63c70000 - 0x00007ffe63ca1000 	C:\WINDOWS\System32\IMM32.DLL
0x00007ffe590e0000 - 0x00007ffe590ec000 	C:\Program Files\Java\jdk-20\bin\vcruntime140_1.dll
0x00007ffe22320000 - 0x00007ffe223ae000 	C:\Program Files\Java\jdk-20\bin\msvcp140.dll
0x00007ffe010d0000 - 0x00007ffe01d67000 	C:\Program Files\Java\jdk-20\bin\server\jvm.dll
0x00007ffe3a250000 - 0x00007ffe3a259000 	C:\WINDOWS\SYSTEM32\WSOCK32.dll
0x00007ffe63e60000 - 0x00007ffe63ed1000 	C:\WINDOWS\System32\WS2_32.dll
0x00007ffe5ed10000 - 0x00007ffe5ed44000 	C:\WINDOWS\SYSTEM32\WINMM.dll
0x00007ffe60e50000 - 0x00007ffe60e68000 	C:\WINDOWS\SYSTEM32\kernel.appcore.dll
0x00007ffe54450000 - 0x00007ffe5445a000 	C:\Program Files\Java\jdk-20\bin\jimage.dll
0x00007ffe5f780000 - 0x00007ffe5f9b2000 	C:\WINDOWS\SYSTEM32\DBGHELP.DLL
0x00007ffe628c0000 - 0x00007ffe62c4e000 	C:\WINDOWS\System32\combase.dll
0x00007ffe63ef0000 - 0x00007ffe63fc7000 	C:\WINDOWS\System32\OLEAUT32.dll
0x00007ffe5ecd0000 - 0x00007ffe5ed02000 	C:\WINDOWS\SYSTEM32\dbgcore.DLL
0x00007ffe625c0000 - 0x00007ffe6263b000 	C:\WINDOWS\System32\bcryptPrimitives.dll
0x00007ffe53290000 - 0x00007ffe532b6000 	C:\Program Files\Java\jdk-20\bin\java.dll
0x00007ffe15ae0000 - 0x00007ffe15bb7000 	C:\Program Files\Java\jdk-20\bin\jsvml.dll
0x00007ffe64180000 - 0x00007ffe649e7000 	C:\WINDOWS\System32\SHELL32.dll
0x00007ffe5fc90000 - 0x00007ffe6058f000 	C:\WINDOWS\SYSTEM32\windows.storage.dll
0x00007ffe5fb50000 - 0x00007ffe5fc8f000 	C:\WINDOWS\SYSTEM32\wintypes.dll
0x00007ffe63440000 - 0x00007ffe63539000 	C:\WINDOWS\System32\SHCORE.dll
0x00007ffe63120000 - 0x00007ffe6317e000 	C:\WINDOWS\System32\shlwapi.dll
0x00007ffe61c80000 - 0x00007ffe61ca7000 	C:\WINDOWS\SYSTEM32\profapi.dll
0x00007ffe53200000 - 0x00007ffe53213000 	C:\Program Files\Java\jdk-20\bin\net.dll
0x00007ffe5cf10000 - 0x00007ffe5d046000 	C:\WINDOWS\SYSTEM32\WINHTTP.dll
0x00007ffe612b0000 - 0x00007ffe61319000 	C:\WINDOWS\system32\mswsock.dll
0x00007ffe53060000 - 0x00007ffe53076000 	C:\Program Files\Java\jdk-20\bin\nio.dll
0x00007ffe53040000 - 0x00007ffe53058000 	C:\Program Files\Java\jdk-20\bin\zip.dll
0x0000000069ac0000 - 0x0000000069ae4000 	C:\Program Files\NetBeans-21\netbeans\java\maven\lib\jansi-native\Windows\x86_64\jansi.dll
0x00007ffe58da0000 - 0x00007ffe58db0000 	C:\Program Files\Java\jdk-20\bin\verify.dll

dbghelp: loaded successfully - version: 4.0.5 - missing functions: none
symbol engine: initialized successfully - sym options: 0x614 - pdb path: .;C:\Program Files\Java\jdk-20\bin;C:\WINDOWS\SYSTEM32;C:\Program Files\AVG\Antivirus;C:\WINDOWS\WinSxS\amd64_microsoft.windows.common-controls_6595b64144ccf1df_6.0.22621.3672_none_2713b9d173822955;C:\Program Files\Java\jdk-20\bin\server;C:\Program Files\NetBeans-21\netbeans\java\maven\lib\jansi-native\Windows\x86_64

VM Arguments:
jvm_args: -Dclassworlds.conf=C:\Program Files\NetBeans-21\netbeans\java\maven\bin\m2.conf -Dmaven.home=C:\Program Files\NetBeans-21\netbeans\java\maven -Dlibrary.jansi.path=C:\Program Files\NetBeans-21\netbeans\java\maven\lib\jansi-native -Dmaven.multiModuleProjectDirectory=C:\trilhaJava\pos-graduacao\utfpr-pos-graduacao\8-java-redes\atividade04\servidorclientethread 
java_command: org.codehaus.plexus.classworlds.launcher.Launcher -Dexec.vmArgs= -Dexec.args=${exec.vmArgs} -classpath %classpath ${exec.mainClass} ${exec.appArgs} -Dexec.appArgs= -Dexec.mainClass=local.javaredes.Servidorclientethread -Dexec.executable=C:\Program Files\Java\jdk-20\bin\java.exe -Dmaven.ext.class.path=C:\Program Files\NetBeans-21\netbeans\java\maven-nblib\netbeans-eventspy.jar --no-transfer-progress process-classes org.codehaus.mojo:exec-maven-plugin:3.1.0:exec
java_class_path (initial): C:\Program Files\NetBeans-21\netbeans\java\maven\boot\plexus-classworlds-2.7.0.jar
Launcher Type: SUN_STANDARD

[Global flags]
     intx CICompilerCount                          = 4                                         {product} {ergonomic}
     uint ConcGCThreads                            = 2                                         {product} {ergonomic}
     uint G1ConcRefinementThreads                  = 8                                         {product} {ergonomic}
   size_t G1HeapRegionSize                         = 1048576                                   {product} {ergonomic}
    uintx GCDrainStackTargetSize                   = 64                                        {product} {ergonomic}
   size_t InitialHeapSize                          = 130023424                                 {product} {ergonomic}
   size_t MarkStackSize                            = 4194304                                   {product} {ergonomic}
   size_t MaxHeapSize                              = 2076180480                                {product} {ergonomic}
   size_t MaxNewSize                               = 1245708288                                {product} {ergonomic}
   size_t MinHeapDeltaBytes                        = 1048576                                   {product} {ergonomic}
   size_t MinHeapSize                              = 8388608                                   {product} {ergonomic}
    uintx NonNMethodCodeHeapSize                   = 5839372                                {pd product} {ergonomic}
    uintx NonProfiledCodeHeapSize                  = 122909434                              {pd product} {ergonomic}
    uintx ProfiledCodeHeapSize                     = 122909434                              {pd product} {ergonomic}
    uintx ReservedCodeCacheSize                    = 251658240                              {pd product} {ergonomic}
     bool SegmentedCodeCache                       = true                                      {product} {ergonomic}
   size_t SoftMaxHeapSize                          = 2076180480                             {manageable} {ergonomic}
     bool UseCompressedClassPointers               = true                           {product lp64_product} {ergonomic}
     bool UseCompressedOops                        = true                           {product lp64_product} {ergonomic}
     bool UseG1GC                                  = true                                      {product} {ergonomic}
     bool UseLargePagesIndividualAllocation        = false                                  {pd product} {ergonomic}

Logging:
Log output configuration:
 #0: stdout all=warning uptime,level,tags foldmultilines=false
 #1: stderr all=off uptime,level,tags foldmultilines=false

Environment Variables:
JAVA_HOME=C:\Program Files\Java\jdk-20
PATH=C:\Program Files\Common Files\Oracle\Java\javapath;C:\Program Files (x86)\Common Files\Oracle\Java\java8path;C:\Program Files (x86)\Common Files\Oracle\Java\javapath;C:\WINDOWS\system32;C:\WINDOWS;C:\WINDOWS\System32\Wbem;C:\WINDOWS\System32\WindowsPowerShell\v1.0\;C:\WINDOWS\System32\OpenSSH\;C:\Program Files\dotnet\;C:\Program Files\Git\cmd;C:\Program Files\Java\jdk-20\bin;C:\trilhaJava\devtools\apache-maven-3.8.8-bin\apache-maven-3.8.8\bin;C:\Program Files\Java\jdk11.0.20_9;;C:\Program Files\Docker\Docker\resources\bin;C:\Program Files\Amazon\AWSCLIV2\;C:\Program Files\nodejs\;C:\Users\engen\anaconda3;C:\Users\engen\anaconda3\Library\mingw-w64\bin;C:\Users\engen\anaconda3\Library\usr\bin;C:\Users\engen\anaconda3\Library\bin;C:\Users\engen\anaconda3\Scripts;C:\Program Files\MySQL\MySQL Shell 8.0\bin\;C:\Users\engen\AppData\Local\Microsoft\WindowsApps;C:\Users\engen\AppData\Local\Programs\Microsoft VS Code\bin;C:\Program Files\Java\jdk-20\bin;C:\Users\engen\.dotnet\tools;C:\Users\engen\AppData\Roaming\npm
USERNAME=engen
OS=Windows_NT
PROCESSOR_IDENTIFIER=Intel64 Family 6 Model 140 Stepping 1, GenuineIntel
TMP=C:\Users\engen\AppData\Local\Temp
TEMP=C:\Users\engen\AppData\Local\Temp




---------------  S Y S T E M  ---------------

OS:
 Windows 11 , 64 bit Build 22621 (10.0.22621.3958)
OS uptime: 5 days 5:42 hours
Hyper-V role detected

CPU: total 8 (initial active 8) (4 cores per cpu, 2 threads per core) family 6 model 140 stepping 1 microcode 0xb8, cx8, cmov, fxsr, ht, mmx, 3dnowpref, sse, sse2, sse3, ssse3, sse4.1, sse4.2, popcnt, lzcnt, tsc, tscinvbit, avx, avx2, aes, erms, clmul, bmi1, bmi2, adx, avx512f, avx512dq, avx512cd, avx512bw, avx512vl, sha, fma, vzeroupper, avx512_vpopcntdq, avx512_vpclmulqdq, avx512_vaes, avx512_vnni, clflush, clflushopt, clwb, avx512_vbmi2, avx512_vbmi, hv, rdtscp, rdpid, fsrm, gfni, avx512_bitalg, f16c, cet_ibt, cet_ss, avx512_ifma

Memory: 4k page, system-wide physical 7914M (891M free)
TotalPageFile size 30794M (AvailPageFile size 3600M)
current process WorkingSet (physical memory assigned to process): 78M, peak: 78M
current process commit charge ("private bytes"): 229M, peak: 229M

vm_info: Java HotSpot(TM) 64-Bit Server VM (20.0.1+9-29) for windows-amd64 JRE (20.0.1+9-29), built on 2023-03-07T13:56:11Z by "mach5one" with MS VC++ 17.1 (VS2022)

END.
