#
# There is insufficient memory for the Java Runtime Environment to continue.
# Native memory allocation (malloc) failed to allocate 32744 bytes for Chunk::new
# Possible reasons:
#   The system is out of physical RAM or swap space
#   The process is running with CompressedOops enabled, and the Java Heap may be blocking the growth of the native heap
# Possible solutions:
#   Reduce memory load on the system
#   Increase physical memory or swap space
#   Check if swap backing store is full
#   Decrease Java heap size (-Xmx/-Xms)
#   Decrease number of Java threads
#   Decrease Java thread stack sizes (-Xss)
#   Set larger code cache with -XX:ReservedCodeCacheSize=
#   JVM is running with Unscaled Compressed Oops mode in which the Java heap is
#     placed in the first 4GB address space. The Java Heap base address is the
#     maximum limit for the native heap growth. Please use -XX:HeapBaseMinAddress
#     to set the Java Heap base and to place the Java Heap above 4GB virtual address.
# This output file may be truncated or incomplete.
#
#  Out of Memory Error (arena.cpp:184), pid=284752, tid=299904
#
# JRE version: Java(TM) SE Runtime Environment (20.0.1+9) (build 20.0.1+9-29)
# Java VM: Java HotSpot(TM) 64-Bit Server VM (20.0.1+9-29, mixed mode, sharing, tiered, compressed oops, compressed class ptrs, g1 gc, windows-amd64)
# No core dump will be written. Minidumps are not enabled by default on client versions of Windows
#

---------------  S U M M A R Y ------------

Command Line: -Dclassworlds.conf=C:\Program Files\NetBeans-21\netbeans\java\maven\bin\m2.conf -Dmaven.home=C:\Program Files\NetBeans-21\netbeans\java\maven -Dlibrary.jansi.path=C:\Program Files\NetBeans-21\netbeans\java\maven\lib\jansi-native -Dmaven.multiModuleProjectDirectory=C:\trilhaJava\pos-graduacao\utfpr-pos-graduacao\8-java-redes\atividade04\servidorclientethread org.codehaus.plexus.classworlds.launcher.Launcher -Dexec.vmArgs= -Dexec.args=${exec.vmArgs} -classpath %classpath ${exec.mainClass} ${exec.appArgs} -Dexec.appArgs= -Dexec.mainClass=local.javaredes.Servidorclientethread -Dexec.executable=C:\Program Files\Java\jdk-20\bin\java.exe -Dmaven.ext.class.path=C:\Program Files\NetBeans-21\netbeans\java\maven-nblib\netbeans-eventspy.jar --no-transfer-progress process-classes org.codehaus.mojo:exec-maven-plugin:3.1.0:exec

Host: 11th Gen Intel(R) Core(TM) i5-1135G7 @ 2.40GHz, 8 cores, 7G,  Windows 11 , 64 bit Build 22621 (10.0.22621.3958)
Time: Wed Oct  2 17:04:59 2024 Hora oficial do Brasil elapsed time: 161.700223 seconds (0d 0h 2m 41s)

---------------  T H R E A D  ---------------

Current thread (0x00000209d8f497f0):  JavaThread "C2 CompilerThread0" daemon [_thread_in_native, id=299904, stack(0x0000000b5e000000,0x0000000b5e100000)]


Current CompileTask:
C2: 161700 1812   !   4       java.util.WeakHashMap::expungeStaleEntries (139 bytes)

Stack: [0x0000000b5e000000,0x0000000b5e100000]
Native frames: (J=compiled Java code, j=interpreted, Vv=VM code, C=native code)
V  [jvm.dll+0x6bb95a]
V  [jvm.dll+0x8485fa]
V  [jvm.dll+0x84a1f5]
V  [jvm.dll+0x84a8f3]
V  [jvm.dll+0x280b0f]
V  [jvm.dll+0xc2b11]
V  [jvm.dll+0xc2e35]
V  [jvm.dll+0x645c6e]
V  [jvm.dll+0x645e0f]
V  [jvm.dll+0x645e0f]
V  [jvm.dll+0x645e0f]
V  [jvm.dll+0x64becc]
V  [jvm.dll+0x64cefc]
V  [jvm.dll+0x64b2b0]
V  [jvm.dll+0x24b0de]
V  [jvm.dll+0x24a651]
V  [jvm.dll+0x1ce491]
V  [jvm.dll+0x259e1b]
V  [jvm.dll+0x2584f0]
V  [jvm.dll+0x3f2895]
V  [jvm.dll+0x7f4b56]
V  [jvm.dll+0x6ba5cb]
C  [ucrtbase.dll+0x29333]
C  [KERNEL32.DLL+0x1257d]
C  [ntdll.dll+0x5af28]


---------------  P R O C E S S  ---------------

Threads class SMR info:
_java_thread_list=0x00000209dd2210d0, length=11, elements={
0x00000209ba6db750, 0x00000209d8f416d0, 0x00000209d8f43090, 0x00000209d8f44cd0,
0x00000209d8f46710, 0x00000209d8f47140, 0x00000209d8f47b70, 0x00000209d8f497f0,
0x00000209d8f8b940, 0x00000209dd21d070, 0x00000209dd2285f0
}

Java Threads: ( => current thread )
  0x00000209ba6db750 JavaThread "main" [_thread_in_vm, id=292388, stack(0x0000000b5d300000,0x0000000b5d400000)]
  0x00000209d8f416d0 JavaThread "Reference Handler" daemon [_thread_blocked, id=23796, stack(0x0000000b5da00000,0x0000000b5db00000)]
  0x00000209d8f43090 JavaThread "Finalizer" daemon [_thread_blocked, id=294524, stack(0x0000000b5db00000,0x0000000b5dc00000)]
  0x00000209d8f44cd0 JavaThread "Signal Dispatcher" daemon [_thread_blocked, id=300068, stack(0x0000000b5dc00000,0x0000000b5dd00000)]
  0x00000209d8f46710 JavaThread "Attach Listener" daemon [_thread_blocked, id=298964, stack(0x0000000b5dd00000,0x0000000b5de00000)]
  0x00000209d8f47140 JavaThread "Service Thread" daemon [_thread_blocked, id=300192, stack(0x0000000b5de00000,0x0000000b5df00000)]
  0x00000209d8f47b70 JavaThread "Monitor Deflation Thread" daemon [_thread_blocked, id=295232, stack(0x0000000b5df00000,0x0000000b5e000000)]
=>0x00000209d8f497f0 JavaThread "C2 CompilerThread0" daemon [_thread_in_native, id=299904, stack(0x0000000b5e000000,0x0000000b5e100000)]
  0x00000209d8f8b940 JavaThread "C1 CompilerThread0" daemon [_thread_in_native, id=286452, stack(0x0000000b5e100000,0x0000000b5e200000)]
  0x00000209dd21d070 JavaThread "Notification Thread" daemon [_thread_blocked, id=296500, stack(0x0000000b5e200000,0x0000000b5e300000)]
  0x00000209dd2285f0 JavaThread "Common-Cleaner" daemon [_thread_blocked, id=302312, stack(0x0000000b5e400000,0x0000000b5e500000)]

Other Threads:
  0x00000209d8f1f700 VMThread "VM Thread" [stack: 0x0000000b5d900000,0x0000000b5da00000] [id=294732] _threads_hazard_ptr=0x00000209dd2210d0
  0x00000209dd2279f0 WatcherThread "VM Periodic Task Thread" [stack: 0x0000000b5e300000,0x0000000b5e400000] [id=292372]
  0x00000209ba739b30 WorkerThread "GC Thread#0" [stack: 0x0000000b5d400000,0x0000000b5d500000] [id=297376]
  0x00000209ddab7670 WorkerThread "GC Thread#1" [stack: 0x0000000b5d000000,0x0000000b5d100000] [id=314356]
  0x00000209ddab6860 WorkerThread "GC Thread#2" [stack: 0x0000000b5d100000,0x0000000b5d200000] [id=263396]
  0x00000209ddab70d0 WorkerThread "GC Thread#3" [stack: 0x0000000b5d200000,0x0000000b5d300000] [id=313776]
  0x00000209ddab73a0 WorkerThread "GC Thread#4" [stack: 0x0000000b5e500000,0x0000000b5e600000] [id=313780]
  0x00000209ddab7940 WorkerThread "GC Thread#5" [stack: 0x0000000b5e600000,0x0000000b5e700000] [id=313784]
  0x00000209ddab7c10 WorkerThread "GC Thread#6" [stack: 0x0000000b5e700000,0x0000000b5e800000] [id=313792]
  0x00000209ddab7ee0 WorkerThread "GC Thread#7" [stack: 0x0000000b5e800000,0x0000000b5e900000] [id=313800]
  0x00000209ba74a1c0 ConcurrentGCThread "G1 Main Marker" [stack: 0x0000000b5d500000,0x0000000b5d600000] [id=289520]
  0x00000209ba74c610 WorkerThread "G1 Conc#0" [stack: 0x0000000b5d600000,0x0000000b5d700000] [id=295500]
  0x00000209ba78ead0 ConcurrentGCThread "G1 Refine#0" [stack: 0x0000000b5d700000,0x0000000b5d800000] [id=289236]
  0x00000209d8dde790 ConcurrentGCThread "G1 Service" [stack: 0x0000000b5d800000,0x0000000b5d900000] [id=289024]

Threads with active compile tasks:
C2 CompilerThread0   163216 1812   !   4       java.util.WeakHashMap::expungeStaleEntries (139 bytes)
C1 CompilerThread0   163216 1813       3       sun.reflect.annotation.AnnotatedTypeFactory$AnnotatedTypeBaseImpl::<init> (39 bytes)

VM state: synchronizing (normal execution)

VM Mutex/Monitor currently owned by a thread:  ([mutex/lock_event])
[0x00000209ba6d53c0] Metaspace_lock - owner thread: 0x00000209ba6db750
[0x00000209ba6d7300] Threads_lock - owner thread: 0x00000209d8f1f700

Heap address: 0x0000000084400000, size: 1980 MB, Compressed Oops mode: 32-bit

CDS archive(s) mapped at: [0x0000000800000000-0x0000000800c60000-0x0000000800c60000), size 12976128, SharedBaseAddress: 0x0000000800000000, ArchiveRelocationMode: 0.
Compressed class space mapped at: 0x0000000801000000-0x0000000841000000, reserved size: 1073741824
Narrow klass base: 0x0000000800000000, Narrow klass shift: 0, Narrow klass range: 0x100000000

GC Precious Log:
 CardTable entry size: 512
 Card Set container configuration: InlinePtr #cards 5 size 8 Array Of Cards #cards 12 size 40 Howl #buckets 4 coarsen threshold 1843 Howl Bitmap #cards 512 size 80 coarsen threshold 460 Card regions per heap region 1 cards per card region 2048
 CPUs: 8 total, 8 available
 Memory: 7914M
 Large Page Support: Disabled
 NUMA Support: Disabled
 Compressed Oops: Enabled (32-bit)
 Heap Region Size: 1M
 Heap Min Capacity: 8M
 Heap Initial Capacity: 124M
 Heap Max Capacity: 1980M
 Pre-touch: Disabled
 Parallel Workers: 8
 Concurrent Workers: 2
 Concurrent Refinement Workers: 8
 Periodic GC: Disabled

Heap:
 garbage-first heap   total 126976K, used 11227K [0x0000000084400000, 0x0000000100000000)
  region size 1024K, 9 young (9216K), 2 survivors (2048K)
 Metaspace       used 9894K, committed 9984K, reserved 1114112K
  class space    used 1159K, committed 1216K, reserved 1048576K

Heap Regions: E=young(eden), S=young(survivor), O=old, HS=humongous(starts), HC=humongous(continues), CS=collection set, F=free, OA=open archive, CA=closed archive, TAMS=top-at-mark-start, PB=parsable bottom
|   0|0x0000000084400000, 0x0000000084500000, 0x0000000084500000|100%| O|  |TAMS 0x0000000084400000| PB 0x0000000084400000| Untracked 
|   1|0x0000000084500000, 0x0000000084600000, 0x0000000084600000|100%| O|  |TAMS 0x0000000084500000| PB 0x0000000084500000| Untracked 
|   2|0x0000000084600000, 0x0000000084700000, 0x0000000084700000|100%| O|  |TAMS 0x0000000084600000| PB 0x0000000084600000| Untracked 
|   3|0x0000000084700000, 0x00000000847d1a00, 0x0000000084800000| 81%| O|  |TAMS 0x0000000084700000| PB 0x0000000084700000| Untracked 
|   4|0x0000000084800000, 0x0000000084800000, 0x0000000084900000|  0%| F|  |TAMS 0x0000000084800000| PB 0x0000000084800000| Untracked 
|   5|0x0000000084900000, 0x0000000084900000, 0x0000000084a00000|  0%| F|  |TAMS 0x0000000084900000| PB 0x0000000084900000| Untracked 
|   6|0x0000000084a00000, 0x0000000084a00000, 0x0000000084b00000|  0%| F|  |TAMS 0x0000000084a00000| PB 0x0000000084a00000| Untracked 
|   7|0x0000000084b00000, 0x0000000084b00000, 0x0000000084c00000|  0%| F|  |TAMS 0x0000000084b00000| PB 0x0000000084b00000| Untracked 
|   8|0x0000000084c00000, 0x0000000084c00000, 0x0000000084d00000|  0%| F|  |TAMS 0x0000000084c00000| PB 0x0000000084c00000| Untracked 
|   9|0x0000000084d00000, 0x0000000084d00000, 0x0000000084e00000|  0%| F|  |TAMS 0x0000000084d00000| PB 0x0000000084d00000| Untracked 
|  10|0x0000000084e00000, 0x0000000084e00000, 0x0000000084f00000|  0%| F|  |TAMS 0x0000000084e00000| PB 0x0000000084e00000| Untracked 
|  11|0x0000000084f00000, 0x0000000084f00000, 0x0000000085000000|  0%| F|  |TAMS 0x0000000084f00000| PB 0x0000000084f00000| Untracked 
|  12|0x0000000085000000, 0x0000000085000000, 0x0000000085100000|  0%| F|  |TAMS 0x0000000085000000| PB 0x0000000085000000| Untracked 
|  13|0x0000000085100000, 0x0000000085100000, 0x0000000085200000|  0%| F|  |TAMS 0x0000000085100000| PB 0x0000000085100000| Untracked 
|  14|0x0000000085200000, 0x0000000085200000, 0x0000000085300000|  0%| F|  |TAMS 0x0000000085200000| PB 0x0000000085200000| Untracked 
|  15|0x0000000085300000, 0x0000000085300000, 0x0000000085400000|  0%| F|  |TAMS 0x0000000085300000| PB 0x0000000085300000| Untracked 
|  16|0x0000000085400000, 0x0000000085400000, 0x0000000085500000|  0%| F|  |TAMS 0x0000000085400000| PB 0x0000000085400000| Untracked 
|  17|0x0000000085500000, 0x0000000085500000, 0x0000000085600000|  0%| F|  |TAMS 0x0000000085500000| PB 0x0000000085500000| Untracked 
|  18|0x0000000085600000, 0x0000000085600000, 0x0000000085700000|  0%| F|  |TAMS 0x0000000085600000| PB 0x0000000085600000| Untracked 
|  19|0x0000000085700000, 0x0000000085700000, 0x0000000085800000|  0%| F|  |TAMS 0x0000000085700000| PB 0x0000000085700000| Untracked 
|  20|0x0000000085800000, 0x0000000085800000, 0x0000000085900000|  0%| F|  |TAMS 0x0000000085800000| PB 0x0000000085800000| Untracked 
|  21|0x0000000085900000, 0x0000000085900000, 0x0000000085a00000|  0%| F|  |TAMS 0x0000000085900000| PB 0x0000000085900000| Untracked 
|  22|0x0000000085a00000, 0x0000000085a00000, 0x0000000085b00000|  0%| F|  |TAMS 0x0000000085a00000| PB 0x0000000085a00000| Untracked 
|  23|0x0000000085b00000, 0x0000000085b00000, 0x0000000085c00000|  0%| F|  |TAMS 0x0000000085b00000| PB 0x0000000085b00000| Untracked 
|  24|0x0000000085c00000, 0x0000000085c00000, 0x0000000085d00000|  0%| F|  |TAMS 0x0000000085c00000| PB 0x0000000085c00000| Untracked 
|  25|0x0000000085d00000, 0x0000000085d00000, 0x0000000085e00000|  0%| F|  |TAMS 0x0000000085d00000| PB 0x0000000085d00000| Untracked 
|  26|0x0000000085e00000, 0x0000000085e00000, 0x0000000085f00000|  0%| F|  |TAMS 0x0000000085e00000| PB 0x0000000085e00000| Untracked 
|  27|0x0000000085f00000, 0x0000000085f00000, 0x0000000086000000|  0%| F|  |TAMS 0x0000000085f00000| PB 0x0000000085f00000| Untracked 
|  28|0x0000000086000000, 0x0000000086000000, 0x0000000086100000|  0%| F|  |TAMS 0x0000000086000000| PB 0x0000000086000000| Untracked 
|  29|0x0000000086100000, 0x0000000086100000, 0x0000000086200000|  0%| F|  |TAMS 0x0000000086100000| PB 0x0000000086100000| Untracked 
|  30|0x0000000086200000, 0x0000000086200000, 0x0000000086300000|  0%| F|  |TAMS 0x0000000086200000| PB 0x0000000086200000| Untracked 
|  31|0x0000000086300000, 0x0000000086300000, 0x0000000086400000|  0%| F|  |TAMS 0x0000000086300000| PB 0x0000000086300000| Untracked 
|  32|0x0000000086400000, 0x0000000086400000, 0x0000000086500000|  0%| F|  |TAMS 0x0000000086400000| PB 0x0000000086400000| Untracked 
|  33|0x0000000086500000, 0x0000000086500000, 0x0000000086600000|  0%| F|  |TAMS 0x0000000086500000| PB 0x0000000086500000| Untracked 
|  34|0x0000000086600000, 0x0000000086600000, 0x0000000086700000|  0%| F|  |TAMS 0x0000000086600000| PB 0x0000000086600000| Untracked 
|  35|0x0000000086700000, 0x0000000086700000, 0x0000000086800000|  0%| F|  |TAMS 0x0000000086700000| PB 0x0000000086700000| Untracked 
|  36|0x0000000086800000, 0x0000000086800000, 0x0000000086900000|  0%| F|  |TAMS 0x0000000086800000| PB 0x0000000086800000| Untracked 
|  37|0x0000000086900000, 0x0000000086900000, 0x0000000086a00000|  0%| F|  |TAMS 0x0000000086900000| PB 0x0000000086900000| Untracked 
|  38|0x0000000086a00000, 0x0000000086a00000, 0x0000000086b00000|  0%| F|  |TAMS 0x0000000086a00000| PB 0x0000000086a00000| Untracked 
|  39|0x0000000086b00000, 0x0000000086b00000, 0x0000000086c00000|  0%| F|  |TAMS 0x0000000086b00000| PB 0x0000000086b00000| Untracked 
|  40|0x0000000086c00000, 0x0000000086c00000, 0x0000000086d00000|  0%| F|  |TAMS 0x0000000086c00000| PB 0x0000000086c00000| Untracked 
|  41|0x0000000086d00000, 0x0000000086d00000, 0x0000000086e00000|  0%| F|  |TAMS 0x0000000086d00000| PB 0x0000000086d00000| Untracked 
|  42|0x0000000086e00000, 0x0000000086e00000, 0x0000000086f00000|  0%| F|  |TAMS 0x0000000086e00000| PB 0x0000000086e00000| Untracked 
|  43|0x0000000086f00000, 0x0000000086f00000, 0x0000000087000000|  0%| F|  |TAMS 0x0000000086f00000| PB 0x0000000086f00000| Untracked 
|  44|0x0000000087000000, 0x0000000087000000, 0x0000000087100000|  0%| F|  |TAMS 0x0000000087000000| PB 0x0000000087000000| Untracked 
|  45|0x0000000087100000, 0x0000000087100000, 0x0000000087200000|  0%| F|  |TAMS 0x0000000087100000| PB 0x0000000087100000| Untracked 
|  46|0x0000000087200000, 0x0000000087200000, 0x0000000087300000|  0%| F|  |TAMS 0x0000000087200000| PB 0x0000000087200000| Untracked 
|  47|0x0000000087300000, 0x0000000087300000, 0x0000000087400000|  0%| F|  |TAMS 0x0000000087300000| PB 0x0000000087300000| Untracked 
|  48|0x0000000087400000, 0x0000000087400000, 0x0000000087500000|  0%| F|  |TAMS 0x0000000087400000| PB 0x0000000087400000| Untracked 
|  49|0x0000000087500000, 0x0000000087500000, 0x0000000087600000|  0%| F|  |TAMS 0x0000000087500000| PB 0x0000000087500000| Untracked 
|  50|0x0000000087600000, 0x0000000087600000, 0x0000000087700000|  0%| F|  |TAMS 0x0000000087600000| PB 0x0000000087600000| Untracked 
|  51|0x0000000087700000, 0x0000000087700000, 0x0000000087800000|  0%| F|  |TAMS 0x0000000087700000| PB 0x0000000087700000| Untracked 
|  52|0x0000000087800000, 0x0000000087800000, 0x0000000087900000|  0%| F|  |TAMS 0x0000000087800000| PB 0x0000000087800000| Untracked 
|  53|0x0000000087900000, 0x0000000087900000, 0x0000000087a00000|  0%| F|  |TAMS 0x0000000087900000| PB 0x0000000087900000| Untracked 
|  54|0x0000000087a00000, 0x0000000087a00000, 0x0000000087b00000|  0%| F|  |TAMS 0x0000000087a00000| PB 0x0000000087a00000| Untracked 
|  55|0x0000000087b00000, 0x0000000087b00000, 0x0000000087c00000|  0%| F|  |TAMS 0x0000000087b00000| PB 0x0000000087b00000| Untracked 
|  56|0x0000000087c00000, 0x0000000087c00000, 0x0000000087d00000|  0%| F|  |TAMS 0x0000000087c00000| PB 0x0000000087c00000| Untracked 
|  57|0x0000000087d00000, 0x0000000087d00000, 0x0000000087e00000|  0%| F|  |TAMS 0x0000000087d00000| PB 0x0000000087d00000| Untracked 
|  58|0x0000000087e00000, 0x0000000087e00000, 0x0000000087f00000|  0%| F|  |TAMS 0x0000000087e00000| PB 0x0000000087e00000| Untracked 
|  59|0x0000000087f00000, 0x0000000087f00000, 0x0000000088000000|  0%| F|  |TAMS 0x0000000087f00000| PB 0x0000000087f00000| Untracked 
|  60|0x0000000088000000, 0x0000000088000000, 0x0000000088100000|  0%| F|  |TAMS 0x0000000088000000| PB 0x0000000088000000| Untracked 
|  61|0x0000000088100000, 0x0000000088100000, 0x0000000088200000|  0%| F|  |TAMS 0x0000000088100000| PB 0x0000000088100000| Untracked 
|  62|0x0000000088200000, 0x0000000088200000, 0x0000000088300000|  0%| F|  |TAMS 0x0000000088200000| PB 0x0000000088200000| Untracked 
|  63|0x0000000088300000, 0x0000000088300000, 0x0000000088400000|  0%| F|  |TAMS 0x0000000088300000| PB 0x0000000088300000| Untracked 
|  64|0x0000000088400000, 0x0000000088400000, 0x0000000088500000|  0%| F|  |TAMS 0x0000000088400000| PB 0x0000000088400000| Untracked 
|  65|0x0000000088500000, 0x0000000088500000, 0x0000000088600000|  0%| F|  |TAMS 0x0000000088500000| PB 0x0000000088500000| Untracked 
|  66|0x0000000088600000, 0x0000000088600000, 0x0000000088700000|  0%| F|  |TAMS 0x0000000088600000| PB 0x0000000088600000| Untracked 
|  67|0x0000000088700000, 0x0000000088700000, 0x0000000088800000|  0%| F|  |TAMS 0x0000000088700000| PB 0x0000000088700000| Untracked 
|  68|0x0000000088800000, 0x0000000088800000, 0x0000000088900000|  0%| F|  |TAMS 0x0000000088800000| PB 0x0000000088800000| Untracked 
|  69|0x0000000088900000, 0x0000000088900000, 0x0000000088a00000|  0%| F|  |TAMS 0x0000000088900000| PB 0x0000000088900000| Untracked 
|  70|0x0000000088a00000, 0x0000000088a00000, 0x0000000088b00000|  0%| F|  |TAMS 0x0000000088a00000| PB 0x0000000088a00000| Untracked 
|  71|0x0000000088b00000, 0x0000000088b00000, 0x0000000088c00000|  0%| F|  |TAMS 0x0000000088b00000| PB 0x0000000088b00000| Untracked 
|  72|0x0000000088c00000, 0x0000000088c00000, 0x0000000088d00000|  0%| F|  |TAMS 0x0000000088c00000| PB 0x0000000088c00000| Untracked 
|  73|0x0000000088d00000, 0x0000000088d00000, 0x0000000088e00000|  0%| F|  |TAMS 0x0000000088d00000| PB 0x0000000088d00000| Untracked 
|  74|0x0000000088e00000, 0x0000000088e00000, 0x0000000088f00000|  0%| F|  |TAMS 0x0000000088e00000| PB 0x0000000088e00000| Untracked 
|  75|0x0000000088f00000, 0x0000000088f00000, 0x0000000089000000|  0%| F|  |TAMS 0x0000000088f00000| PB 0x0000000088f00000| Untracked 
|  76|0x0000000089000000, 0x0000000089000000, 0x0000000089100000|  0%| F|  |TAMS 0x0000000089000000| PB 0x0000000089000000| Untracked 
|  77|0x0000000089100000, 0x0000000089100000, 0x0000000089200000|  0%| F|  |TAMS 0x0000000089100000| PB 0x0000000089100000| Untracked 
|  78|0x0000000089200000, 0x0000000089200000, 0x0000000089300000|  0%| F|  |TAMS 0x0000000089200000| PB 0x0000000089200000| Untracked 
|  79|0x0000000089300000, 0x0000000089300000, 0x0000000089400000|  0%| F|  |TAMS 0x0000000089300000| PB 0x0000000089300000| Untracked 
|  80|0x0000000089400000, 0x0000000089400000, 0x0000000089500000|  0%| F|  |TAMS 0x0000000089400000| PB 0x0000000089400000| Untracked 
|  81|0x0000000089500000, 0x0000000089500000, 0x0000000089600000|  0%| F|  |TAMS 0x0000000089500000| PB 0x0000000089500000| Untracked 
|  82|0x0000000089600000, 0x0000000089600000, 0x0000000089700000|  0%| F|  |TAMS 0x0000000089600000| PB 0x0000000089600000| Untracked 
|  83|0x0000000089700000, 0x0000000089700000, 0x0000000089800000|  0%| F|  |TAMS 0x0000000089700000| PB 0x0000000089700000| Untracked 
|  84|0x0000000089800000, 0x0000000089800000, 0x0000000089900000|  0%| F|  |TAMS 0x0000000089800000| PB 0x0000000089800000| Untracked 
|  85|0x0000000089900000, 0x0000000089900000, 0x0000000089a00000|  0%| F|  |TAMS 0x0000000089900000| PB 0x0000000089900000| Untracked 
|  86|0x0000000089a00000, 0x0000000089a00000, 0x0000000089b00000|  0%| F|  |TAMS 0x0000000089a00000| PB 0x0000000089a00000| Untracked 
|  87|0x0000000089b00000, 0x0000000089b00000, 0x0000000089c00000|  0%| F|  |TAMS 0x0000000089b00000| PB 0x0000000089b00000| Untracked 
|  88|0x0000000089c00000, 0x0000000089c00000, 0x0000000089d00000|  0%| F|  |TAMS 0x0000000089c00000| PB 0x0000000089c00000| Untracked 
|  89|0x0000000089d00000, 0x0000000089d00000, 0x0000000089e00000|  0%| F|  |TAMS 0x0000000089d00000| PB 0x0000000089d00000| Untracked 
|  90|0x0000000089e00000, 0x0000000089e00000, 0x0000000089f00000|  0%| F|  |TAMS 0x0000000089e00000| PB 0x0000000089e00000| Untracked 
|  91|0x0000000089f00000, 0x0000000089f00000, 0x000000008a000000|  0%| F|  |TAMS 0x0000000089f00000| PB 0x0000000089f00000| Untracked 
|  92|0x000000008a000000, 0x000000008a000000, 0x000000008a100000|  0%| F|  |TAMS 0x000000008a000000| PB 0x000000008a000000| Untracked 
|  93|0x000000008a100000, 0x000000008a100000, 0x000000008a200000|  0%| F|  |TAMS 0x000000008a100000| PB 0x000000008a100000| Untracked 
|  94|0x000000008a200000, 0x000000008a200000, 0x000000008a300000|  0%| F|  |TAMS 0x000000008a200000| PB 0x000000008a200000| Untracked 
|  95|0x000000008a300000, 0x000000008a300000, 0x000000008a400000|  0%| F|  |TAMS 0x000000008a300000| PB 0x000000008a300000| Untracked 
|  96|0x000000008a400000, 0x000000008a400000, 0x000000008a500000|  0%| F|  |TAMS 0x000000008a400000| PB 0x000000008a400000| Untracked 
|  97|0x000000008a500000, 0x000000008a500000, 0x000000008a600000|  0%| F|  |TAMS 0x000000008a500000| PB 0x000000008a500000| Untracked 
|  98|0x000000008a600000, 0x000000008a600000, 0x000000008a700000|  0%| F|  |TAMS 0x000000008a600000| PB 0x000000008a600000| Untracked 
|  99|0x000000008a700000, 0x000000008a700000, 0x000000008a800000|  0%| F|  |TAMS 0x000000008a700000| PB 0x000000008a700000| Untracked 
| 100|0x000000008a800000, 0x000000008a800000, 0x000000008a900000|  0%| F|  |TAMS 0x000000008a800000| PB 0x000000008a800000| Untracked 
| 101|0x000000008a900000, 0x000000008a900000, 0x000000008aa00000|  0%| F|  |TAMS 0x000000008a900000| PB 0x000000008a900000| Untracked 
| 102|0x000000008aa00000, 0x000000008aa254a0, 0x000000008ab00000| 14%| S|CS|TAMS 0x000000008aa00000| PB 0x000000008aa00000| Complete 
| 103|0x000000008ab00000, 0x000000008ac00000, 0x000000008ac00000|100%| S|CS|TAMS 0x000000008ab00000| PB 0x000000008ab00000| Complete 
| 104|0x000000008ac00000, 0x000000008ac00000, 0x000000008ad00000|  0%| F|  |TAMS 0x000000008ac00000| PB 0x000000008ac00000| Untracked 
| 105|0x000000008ad00000, 0x000000008ad00000, 0x000000008ae00000|  0%| F|  |TAMS 0x000000008ad00000| PB 0x000000008ad00000| Untracked 
| 106|0x000000008ae00000, 0x000000008ae00000, 0x000000008af00000|  0%| F|  |TAMS 0x000000008ae00000| PB 0x000000008ae00000| Untracked 
| 107|0x000000008af00000, 0x000000008af00000, 0x000000008b000000|  0%| F|  |TAMS 0x000000008af00000| PB 0x000000008af00000| Untracked 
| 108|0x000000008b000000, 0x000000008b000000, 0x000000008b100000|  0%| F|  |TAMS 0x000000008b000000| PB 0x000000008b000000| Untracked 
| 109|0x000000008b100000, 0x000000008b100000, 0x000000008b200000|  0%| F|  |TAMS 0x000000008b100000| PB 0x000000008b100000| Untracked 
| 110|0x000000008b200000, 0x000000008b200000, 0x000000008b300000|  0%| F|  |TAMS 0x000000008b200000| PB 0x000000008b200000| Untracked 
| 111|0x000000008b300000, 0x000000008b300000, 0x000000008b400000|  0%| F|  |TAMS 0x000000008b300000| PB 0x000000008b300000| Untracked 
| 112|0x000000008b400000, 0x000000008b400000, 0x000000008b500000|  0%| F|  |TAMS 0x000000008b400000| PB 0x000000008b400000| Untracked 
| 113|0x000000008b500000, 0x000000008b500000, 0x000000008b600000|  0%| F|  |TAMS 0x000000008b500000| PB 0x000000008b500000| Untracked 
| 114|0x000000008b600000, 0x000000008b600000, 0x000000008b700000|  0%| F|  |TAMS 0x000000008b600000| PB 0x000000008b600000| Untracked 
| 115|0x000000008b700000, 0x000000008b700000, 0x000000008b800000|  0%| F|  |TAMS 0x000000008b700000| PB 0x000000008b700000| Untracked 
| 116|0x000000008b800000, 0x000000008b800000, 0x000000008b900000|  0%| F|  |TAMS 0x000000008b800000| PB 0x000000008b800000| Untracked 
| 117|0x000000008b900000, 0x000000008b95a388, 0x000000008ba00000| 35%| E|  |TAMS 0x000000008b900000| PB 0x000000008b900000| Complete 
| 118|0x000000008ba00000, 0x000000008bb00000, 0x000000008bb00000|100%| E|CS|TAMS 0x000000008ba00000| PB 0x000000008ba00000| Complete 
| 119|0x000000008bb00000, 0x000000008bc00000, 0x000000008bc00000|100%| E|CS|TAMS 0x000000008bb00000| PB 0x000000008bb00000| Complete 
| 120|0x000000008bc00000, 0x000000008bd00000, 0x000000008bd00000|100%| E|CS|TAMS 0x000000008bc00000| PB 0x000000008bc00000| Complete 
| 121|0x000000008bd00000, 0x000000008be00000, 0x000000008be00000|100%| E|CS|TAMS 0x000000008bd00000| PB 0x000000008bd00000| Complete 
| 122|0x000000008be00000, 0x000000008bf00000, 0x000000008bf00000|100%| E|CS|TAMS 0x000000008be00000| PB 0x000000008be00000| Complete 
| 123|0x000000008bf00000, 0x000000008c000000, 0x000000008c000000|100%| E|CS|TAMS 0x000000008bf00000| PB 0x000000008bf00000| Complete 

Card table byte_map: [0x00000209d3de0000,0x00000209d41c0000] _byte_map_base: 0x00000209d39be000

Marking Bits: (CMBitMap*) 0x00000209ba73a160
 Bits: [0x00000209d45a0000, 0x00000209d6490000)

Polling page: 0x00000209ba790000

Metaspace:

Usage:
  Non-class:      8.53 MB used.
      Class:      1.13 MB used.
       Both:      9.66 MB used.

Virtual space:
  Non-class space:       64.00 MB reserved,       8.56 MB ( 13%) committed,  1 nodes.
      Class space:        1.00 GB reserved,       1.19 MB ( <1%) committed,  1 nodes.
             Both:        1.06 GB reserved,       9.75 MB ( <1%) committed. 

Chunk freelists:
   Non-Class:  1.92 MB
       Class:  2.81 MB
        Both:  4.73 MB

MaxMetaspaceSize: unlimited
CompressedClassSpaceSize: 1.00 GB
Initial GC threshold: 21.00 MB
Current GC threshold: 21.00 MB
CDS: on
MetaspaceReclaimPolicy: balanced
 - commit_granule_bytes: 65536.
 - commit_granule_words: 8192.
 - virtual_space_node_default_size: 8388608.
 - enlarge_chunks_in_place: 1.
 - new_chunks_are_fully_committed: 0.
 - uncommit_free_chunks: 1.
 - use_allocation_guard: 0.


Internal statistics:

num_allocs_failed_limit: 0.
num_arena_births: 62.
num_arena_deaths: 0.
num_vsnodes_births: 2.
num_vsnodes_deaths: 0.
num_space_committed: 156.
num_space_uncommitted: 0.
num_chunks_returned_to_freelist: 0.
num_chunks_taken_from_freelist: 376.
num_chunk_merges: 0.
num_chunk_splits: 268.
num_chunks_enlarged: 225.
num_inconsistent_stats: 0.

CodeHeap 'non-profiled nmethods': size=120000Kb used=627Kb max_used=627Kb free=119372Kb
 bounds [0x00000209cba60000, 0x00000209cbcd0000, 0x00000209d2f90000]
CodeHeap 'profiled nmethods': size=120000Kb used=3477Kb max_used=3477Kb free=116522Kb
 bounds [0x00000209c3f90000, 0x00000209c4300000, 0x00000209cb4c0000]
CodeHeap 'non-nmethods': size=5760Kb used=1523Kb max_used=1541Kb free=4236Kb
 bounds [0x00000209cb4c0000, 0x00000209cb730000, 0x00000209cba60000]
 total_blobs=2254 nmethods=1794 adapters=371
 compilation: enabled
              stopped_count=0, restarted_count=0
 full_count=0

Compilation events (20 events):
Event: 159.798 Thread 0x00000209d8f8b940 nmethod 1802 0x00000209c42f1690 code [0x00000209c42f1820, 0x00000209c42f1930]
Event: 159.798 Thread 0x00000209d8f8b940 1803       3       com.google.common.cache.LocalCache$Segment::scheduleRefresh (66 bytes)
Event: 159.799 Thread 0x00000209d8f8b940 nmethod 1803 0x00000209c42f1a10 code [0x00000209c42f1bc0, 0x00000209c42f1fb0]
Event: 159.799 Thread 0x00000209d8f8b940 1804       3       java.util.stream.ReferencePipeline$2::opWrapSink (10 bytes)
Event: 159.799 Thread 0x00000209d8f8b940 nmethod 1804 0x00000209c42f2210 code [0x00000209c42f23e0, 0x00000209c42f2998]
Event: 159.799 Thread 0x00000209d8f8b940 1805       3       java.util.stream.ReferencePipeline$2$1::<init> (11 bytes)
Event: 159.799 Thread 0x00000209d8f8b940 nmethod 1805 0x00000209c42f2b90 code [0x00000209c42f2d60, 0x00000209c42f3250]
Event: 159.916 Thread 0x00000209d8f8b940 1806   !   3       java.nio.ByteBuffer::wrap (21 bytes)
Event: 159.916 Thread 0x00000209d8f8b940 nmethod 1806 0x00000209c42f3410 code [0x00000209c42f35c0, 0x00000209c42f3860]
Event: 159.959 Thread 0x00000209d8f8b940 1807       3       com.google.common.collect.ImmutableList::iterator (5 bytes)
Event: 159.959 Thread 0x00000209d8f8b940 nmethod 1807 0x00000209c42f3990 code [0x00000209c42f3b20, 0x00000209c42f3ce8]
Event: 159.959 Thread 0x00000209d8f8b940 1808       3       com.google.common.collect.ImmutableList::iterator (5 bytes)
Event: 159.959 Thread 0x00000209d8f8b940 nmethod 1808 0x00000209c42f3d90 code [0x00000209c42f3f20, 0x00000209c42f41c8]
Event: 159.959 Thread 0x00000209d8f8b940 1809       3       com.google.common.collect.ImmutableList::listIterator (6 bytes)
Event: 159.959 Thread 0x00000209d8f8b940 nmethod 1809 0x00000209c42f4290 code [0x00000209c42f4420, 0x00000209c42f45f0]
Event: 159.982 Thread 0x00000209d8f8b940 1810       3       com.google.inject.spi.Elements$RecordingBinder::<init> (151 bytes)
Event: 159.984 Thread 0x00000209d8f8b940 nmethod 1810 0x00000209c42f4690 code [0x00000209c42f4880, 0x00000209c42f5180]
Event: 159.984 Thread 0x00000209d8f8b940 1811       3       com.google.inject.spi.Elements$RecordingBinder::bind (6 bytes)
Event: 159.984 Thread 0x00000209d8f8b940 nmethod 1811 0x00000209c42f5310 code [0x00000209c42f54a0, 0x00000209c42f55f0]
Event: 159.985 Thread 0x00000209d8f497f0 1812   !   4       java.util.WeakHashMap::expungeStaleEntries (139 bytes)

GC Heap History (6 events):
Event: 126.571 GC heap before
{Heap before GC invocations=0 (full 0):
 garbage-first heap   total 126976K, used 22528K [0x0000000084400000, 0x0000000100000000)
  region size 1024K, 23 young (23552K), 0 survivors (0K)
 Metaspace       used 5754K, committed 5952K, reserved 1114112K
  class space    used 662K, committed 768K, reserved 1048576K
}
Event: 127.497 GC heap after
{Heap after GC invocations=1 (full 0):
 garbage-first heap   total 126976K, used 3792K [0x0000000084400000, 0x0000000100000000)
  region size 1024K, 3 young (3072K), 3 survivors (3072K)
 Metaspace       used 5754K, committed 5952K, reserved 1114112K
  class space    used 662K, committed 768K, reserved 1048576K
}
Event: 127.614 GC heap before
{Heap before GC invocations=1 (full 0):
 garbage-first heap   total 126976K, used 6864K [0x0000000084400000, 0x0000000100000000)
  region size 1024K, 6 young (6144K), 3 survivors (3072K)
 Metaspace       used 5942K, committed 6080K, reserved 1114112K
  class space    used 689K, committed 768K, reserved 1048576K
}
Event: 127.670 GC heap after
{Heap after GC invocations=2 (full 0):
 garbage-first heap   total 126976K, used 4450K [0x0000000084400000, 0x0000000100000000)
  region size 1024K, 1 young (1024K), 1 survivors (1024K)
 Metaspace       used 5942K, committed 6080K, reserved 1114112K
  class space    used 689K, committed 768K, reserved 1048576K
}
Event: 151.446 GC heap before
{Heap before GC invocations=2 (full 0):
 garbage-first heap   total 126976K, used 22882K [0x0000000084400000, 0x0000000100000000)
  region size 1024K, 20 young (20480K), 1 survivors (1024K)
 Metaspace       used 8665K, committed 8832K, reserved 1114112K
  class space    used 1000K, committed 1088K, reserved 1048576K
}
Event: 151.618 GC heap after
{Heap after GC invocations=3 (full 0):
 garbage-first heap   total 126976K, used 5083K [0x0000000084400000, 0x0000000100000000)
  region size 1024K, 2 young (2048K), 2 survivors (2048K)
 Metaspace       used 8665K, committed 8832K, reserved 1114112K
  class space    used 1000K, committed 1088K, reserved 1048576K
}

Dll operation events (8 events):
Event: 0.290 Loaded shared library C:\Program Files\Java\jdk-20\bin\java.dll
Event: 0.588 Loaded shared library C:\Program Files\Java\jdk-20\bin\jsvml.dll
Event: 3.901 Loaded shared library C:\Program Files\Java\jdk-20\bin\net.dll
Event: 4.004 Loaded shared library C:\Program Files\Java\jdk-20\bin\nio.dll
Event: 4.325 Loaded shared library C:\Program Files\Java\jdk-20\bin\zip.dll
Event: 110.933 Loaded shared library C:\Program Files\Java\jdk-20\bin\jimage.dll
Event: 111.944 Loaded shared library C:\Program Files\NetBeans-21\netbeans\java\maven\lib\jansi-native\Windows\x86_64\jansi.dll
Event: 112.066 Loaded shared library C:\Program Files\Java\jdk-20\bin\verify.dll

Deoptimization events (20 events):
Event: 159.465 Thread 0x00000209ba6db750 Uncommon trap: trap_request=0xffffffd6 fr.pc=0x00000209cbafb7dc relative=0x00000000000001dc
Event: 159.465 Thread 0x00000209ba6db750 Uncommon trap: reason=array_check action=maybe_recompile pc=0x00000209cbafb7dc method=java.util.stream.Nodes$FixedNodeBuilder.accept(Ljava/lang/Object;)V @ 28 c2
Event: 159.465 Thread 0x00000209ba6db750 DEOPT PACKING pc=0x00000209cbafb7dc sp=0x0000000b5d3fdf50
Event: 159.465 Thread 0x00000209ba6db750 DEOPT UNPACKING pc=0x00000209cb4dd2a2 sp=0x0000000b5d3fdef0 mode 2
Event: 159.465 Thread 0x00000209ba6db750 Uncommon trap: trap_request=0xffffffd6 fr.pc=0x00000209cbafb7dc relative=0x00000000000001dc
Event: 159.465 Thread 0x00000209ba6db750 Uncommon trap: reason=array_check action=maybe_recompile pc=0x00000209cbafb7dc method=java.util.stream.Nodes$FixedNodeBuilder.accept(Ljava/lang/Object;)V @ 28 c2
Event: 159.465 Thread 0x00000209ba6db750 DEOPT PACKING pc=0x00000209cbafb7dc sp=0x0000000b5d3fdf50
Event: 159.465 Thread 0x00000209ba6db750 DEOPT UNPACKING pc=0x00000209cb4dd2a2 sp=0x0000000b5d3fdef0 mode 2
Event: 159.467 Thread 0x00000209ba6db750 Uncommon trap: trap_request=0xffffffd6 fr.pc=0x00000209cbafb7dc relative=0x00000000000001dc
Event: 159.467 Thread 0x00000209ba6db750 Uncommon trap: reason=array_check action=maybe_recompile pc=0x00000209cbafb7dc method=java.util.stream.Nodes$FixedNodeBuilder.accept(Ljava/lang/Object;)V @ 28 c2
Event: 159.467 Thread 0x00000209ba6db750 DEOPT PACKING pc=0x00000209cbafb7dc sp=0x0000000b5d3fdf30
Event: 159.498 Thread 0x00000209ba6db750 DEOPT UNPACKING pc=0x00000209cb4dd2a2 sp=0x0000000b5d3fded0 mode 2
Event: 159.916 Thread 0x00000209ba6db750 Uncommon trap: trap_request=0xffffffc6 fr.pc=0x00000209cbace174 relative=0x00000000000002b4
Event: 159.916 Thread 0x00000209ba6db750 Uncommon trap: reason=bimorphic_or_optimized_type_check action=maybe_recompile pc=0x00000209cbace174 method=java.util.HashMap.getNode(Ljava/lang/Object;)Ljava/util/HashMap$Node; @ 63 c2
Event: 159.916 Thread 0x00000209ba6db750 DEOPT PACKING pc=0x00000209cbace174 sp=0x0000000b5d3fe550
Event: 159.917 Thread 0x00000209ba6db750 DEOPT UNPACKING pc=0x00000209cb4dd2a2 sp=0x0000000b5d3fe4b8 mode 2
Event: 159.959 Thread 0x00000209ba6db750 Uncommon trap: trap_request=0xffffffc6 fr.pc=0x00000209cbafa7c8 relative=0x0000000000000288
Event: 159.959 Thread 0x00000209ba6db750 Uncommon trap: reason=bimorphic_or_optimized_type_check action=maybe_recompile pc=0x00000209cbafa7c8 method=java.util.HashMap.getNode(Ljava/lang/Object;)Ljava/util/HashMap$Node; @ 128 c2
Event: 159.959 Thread 0x00000209ba6db750 DEOPT PACKING pc=0x00000209cbafa7c8 sp=0x0000000b5d3fe430
Event: 159.959 Thread 0x00000209ba6db750 DEOPT UNPACKING pc=0x00000209cb4dd2a2 sp=0x0000000b5d3fe338 mode 2

Classes loaded (20 events):
Event: 147.509 Loading class java/util/EventObject
Event: 147.557 Loading class java/util/EventObject done
Event: 148.816 Loading class java/util/concurrent/CompletionService
Event: 148.871 Loading class java/util/concurrent/CompletionService done
Event: 153.200 Loading class java/lang/reflect/Executable$ParameterData
Event: 153.200 Loading class java/lang/reflect/Executable$ParameterData done
Event: 153.200 Loading class sun/reflect/generics/scope/ConstructorScope
Event: 153.201 Loading class sun/reflect/generics/scope/ConstructorScope done
Event: 153.201 Loading class sun/reflect/generics/repository/ConstructorRepository
Event: 153.201 Loading class sun/reflect/generics/repository/ConstructorRepository done
Event: 153.201 Loading class sun/reflect/generics/tree/VoidDescriptor
Event: 153.201 Loading class sun/reflect/generics/tree/VoidDescriptor done
Event: 153.201 Loading class sun/reflect/generics/tree/MethodTypeSignature
Event: 153.201 Loading class sun/reflect/generics/tree/MethodTypeSignature done
Event: 155.337 Loading class java/security/NoSuchAlgorithmException
Event: 155.337 Loading class java/security/GeneralSecurityException
Event: 155.337 Loading class java/security/GeneralSecurityException done
Event: 155.337 Loading class java/security/NoSuchAlgorithmException done
Event: 158.854 Loading class java/util/concurrent/atomic/AtomicBoolean
Event: 158.854 Loading class java/util/concurrent/atomic/AtomicBoolean done

Classes unloaded (0 events):
No events

Classes redefined (0 events):
No events

Internal exceptions (20 events):
Event: 112.034 Thread 0x00000209ba6db750 Exception <a 'java/lang/NullPointerException'{0x000000008bbeed48}> (0x000000008bbeed48) 
thrown [s\open\src\hotspot\share\interpreter\linkResolver.cpp, line 1373]
Event: 112.034 Thread 0x00000209ba6db750 Exception <a 'java/lang/NullPointerException'{0x000000008bbef028}> (0x000000008bbef028) 
thrown [s\open\src\hotspot\share\interpreter\linkResolver.cpp, line 1373]
Event: 112.034 Thread 0x00000209ba6db750 Exception <a 'java/lang/NullPointerException'{0x000000008bbef308}> (0x000000008bbef308) 
thrown [s\open\src\hotspot\share\interpreter\linkResolver.cpp, line 1373]
Event: 112.062 Thread 0x00000209ba6db750 Exception <a 'sun/nio/fs/WindowsException'{0x000000008ba1b410}> (0x000000008ba1b410) 
thrown [s\open\src\hotspot\share\prims\jni.cpp, line 519]
Event: 112.062 Thread 0x00000209ba6db750 Exception <a 'sun/nio/fs/WindowsException'{0x000000008ba1bc20}> (0x000000008ba1bc20) 
thrown [s\open\src\hotspot\share\prims\jni.cpp, line 519]
Event: 112.062 Thread 0x00000209ba6db750 Exception <a 'sun/nio/fs/WindowsException'{0x000000008ba1c2e0}> (0x000000008ba1c2e0) 
thrown [s\open\src\hotspot\share\prims\jni.cpp, line 519]
Event: 112.062 Thread 0x00000209ba6db750 Exception <a 'sun/nio/fs/WindowsException'{0x000000008ba1c930}> (0x000000008ba1c930) 
thrown [s\open\src\hotspot\share\prims\jni.cpp, line 519]
Event: 112.062 Thread 0x00000209ba6db750 Exception <a 'sun/nio/fs/WindowsException'{0x000000008ba1ceb8}> (0x000000008ba1ceb8) 
thrown [s\open\src\hotspot\share\prims\jni.cpp, line 519]
Event: 112.063 Thread 0x00000209ba6db750 Exception <a 'sun/nio/fs/WindowsException'{0x000000008ba1d410}> (0x000000008ba1d410) 
thrown [s\open\src\hotspot\share\prims\jni.cpp, line 519]
Event: 112.063 Thread 0x00000209ba6db750 Exception <a 'sun/nio/fs/WindowsException'{0x000000008ba1d8d0}> (0x000000008ba1d8d0) 
thrown [s\open\src\hotspot\share\prims\jni.cpp, line 519]
Event: 112.502 Thread 0x00000209ba6db750 Exception <a 'java/lang/NoSuchMethodError'{0x000000008ba918d8}: 'void java.lang.invoke.DirectMethodHandle$Holder.invokeStatic(java.lang.Object, java.lang.Object, java.lang.Object)'> (0x000000008ba918d8) 
thrown [s\open\src\hotspot\share\interpreter\linkResolver.cpp, line 773]
Event: 115.563 Thread 0x00000209ba6db750 Exception <a 'java/lang/NoSuchMethodError'{0x000000008b84d730}: 'java.lang.Object java.lang.invoke.DirectMethodHandle$Holder.invokeSpecialIFC(java.lang.Object, java.lang.Object, java.lang.Object, java.lang.Object)'> (0x000000008b84d730) 
thrown [s\open\src\hotspot\share\interpreter\linkResolver.cpp, line 773]
Event: 119.506 Thread 0x00000209ba6db750 Exception <a 'java/lang/NoSuchMethodError'{0x000000008b3b5190}: 'void java.lang.invoke.DirectMethodHandle$Holder.invokeSpecial(java.lang.Object, java.lang.Object, java.lang.Object)'> (0x000000008b3b5190) 
thrown [s\open\src\hotspot\share\interpreter\linkResolver.cpp, line 773]
Event: 119.610 Thread 0x00000209ba6db750 Exception <a 'java/lang/NoSuchMethodError'{0x000000008b2f91c8}: 'java.lang.Object java.lang.invoke.DirectMethodHandle$Holder.invokeInterface(java.lang.Object, java.lang.Object)'> (0x000000008b2f91c8) 
thrown [s\open\src\hotspot\share\interpreter\linkResolver.cpp, line 773]
Event: 121.174 Thread 0x00000209ba6db750 Exception <a 'java/lang/NoSuchMethodError'{0x000000008b18e7f0}: 'int java.lang.invoke.DirectMethodHandle$Holder.invokeStatic(java.lang.Object, java.lang.Object, java.lang.Object, java.lang.Object)'> (0x000000008b18e7f0) 
thrown [s\open\src\hotspot\share\interpreter\linkResolver.cpp, line 773]
Event: 121.175 Thread 0x00000209ba6db750 Exception <a 'java/lang/NoSuchMethodError'{0x000000008b191e70}: 'java.lang.Object java.lang.invoke.Invokers$Holder.invokeExact_MT(java.lang.Object, java.lang.Object, java.lang.Object, java.lang.Object, java.lang.Object, java.lang.Object)'> (0x000000008b191e70) 
thrown [s\open\src\hotspot\share\interpreter\linkResolver.cpp, line 773]
Event: 121.181 Thread 0x00000209ba6db750 Exception <a 'java/lang/NoSuchMethodError'{0x000000008b1a22c0}: 'int java.lang.invoke.DirectMethodHandle$Holder.invokeSpecialIFC(java.lang.Object, java.lang.Object, java.lang.Object, java.lang.Object, java.lang.Object)'> (0x000000008b1a22c0) 
thrown [s\open\src\hotspot\share\interpreter\linkResolver.cpp, line 773]
Event: 122.661 Thread 0x00000209ba6db750 Exception <a 'java/lang/NoSuchMethodError'{0x000000008af1ef98}: 'java.lang.Object java.lang.invoke.DirectMethodHandle$Holder.newInvokeSpecial(java.lang.Object, java.lang.Object, java.lang.Object, java.lang.Object, java.lang.Object)'> (0x000000008af1ef98) 
thrown [s\open\src\hotspot\share\interpreter\linkResolver.cpp, line 773]
Event: 123.091 Thread 0x00000209ba6db750 Exception <a 'java/lang/NoSuchMethodError'{0x000000008ae16bb8}: 'int java.lang.invoke.DirectMethodHandle$Holder.invokeStaticInit(java.lang.Object, java.lang.Object)'> (0x000000008ae16bb8) 
thrown [s\open\src\hotspot\share\interpreter\linkResolver.cpp, line 773]
Event: 123.123 Thread 0x00000209ba6db750 Exception <a 'java/lang/NoClassDefFoundError'{0x000000008ae4b4d8}: javax/enterprise/inject/Typed> (0x000000008ae4b4d8) 
thrown [s\open\src\hotspot\share\classfile\systemDictionary.cpp, line 294]

VM Operations (20 events):
Event: 148.517 Executing VM operation: HandshakeAllThreads
Event: 148.517 Executing VM operation: HandshakeAllThreads done
Event: 149.520 Executing VM operation: Cleanup
Event: 149.520 Executing VM operation: Cleanup done
Event: 150.527 Executing VM operation: Cleanup
Event: 150.527 Executing VM operation: Cleanup done
Event: 151.445 Executing VM operation: G1CollectForAllocation
Event: 151.618 Executing VM operation: G1CollectForAllocation done
Event: 153.634 Executing VM operation: Cleanup
Event: 153.634 Executing VM operation: Cleanup done
Event: 155.647 Executing VM operation: Cleanup
Event: 155.694 Executing VM operation: Cleanup done
Event: 156.704 Executing VM operation: Cleanup
Event: 156.853 Executing VM operation: Cleanup done
Event: 157.863 Executing VM operation: Cleanup
Event: 157.899 Executing VM operation: Cleanup done
Event: 158.906 Executing VM operation: Cleanup
Event: 158.906 Executing VM operation: Cleanup done
Event: 159.912 Executing VM operation: Cleanup
Event: 159.912 Executing VM operation: Cleanup done

Events (11 events):
Event: 0.588 Thread 0x00000209ba6db750 Thread added: 0x00000209ba6db750
Event: 1.617 Thread 0x00000209d8f416d0 Thread added: 0x00000209d8f416d0
Event: 1.629 Thread 0x00000209d8f43090 Thread added: 0x00000209d8f43090
Event: 1.640 Thread 0x00000209d8f44cd0 Thread added: 0x00000209d8f44cd0
Event: 1.641 Thread 0x00000209d8f46710 Thread added: 0x00000209d8f46710
Event: 1.641 Thread 0x00000209d8f47140 Thread added: 0x00000209d8f47140
Event: 1.641 Thread 0x00000209d8f47b70 Thread added: 0x00000209d8f47b70
Event: 1.641 Thread 0x00000209d8f497f0 Thread added: 0x00000209d8f497f0
Event: 1.740 Thread 0x00000209d8f8b940 Thread added: 0x00000209d8f8b940
Event: 3.300 Thread 0x00000209dd21d070 Thread added: 0x00000209dd21d070
Event: 3.398 Thread 0x00000209dd2285f0 Thread added: 0x00000209dd2285f0


Dynamic libraries:
0x00007ff611c50000 - 0x00007ff611c60000 	C:\Program Files\Java\jdk-20\bin\java.exe
0x00007ffe64a30000 - 0x00007ffe64c47000 	C:\WINDOWS\SYSTEM32\ntdll.dll
0x00007ffe1a310000 - 0x00007ffe1a32a000 	C:\Program Files\AVG\Antivirus\aswhook.dll
0x00007ffe63050000 - 0x00007ffe63114000 	C:\WINDOWS\System32\KERNEL32.DLL
0x00007ffe61d50000 - 0x00007ffe620fd000 	C:\WINDOWS\System32\KERNELBASE.dll
0x00007ffe62640000 - 0x00007ffe62751000 	C:\WINDOWS\System32\ucrtbase.dll
0x00007ffe531c0000 - 0x00007ffe531d9000 	C:\Program Files\Java\jdk-20\bin\jli.dll
0x00007ffe63370000 - 0x00007ffe63422000 	C:\WINDOWS\System32\ADVAPI32.dll
0x00007ffe62810000 - 0x00007ffe628b7000 	C:\WINDOWS\System32\msvcrt.dll
0x00007ffe62db0000 - 0x00007ffe62e59000 	C:\WINDOWS\System32\sechost.dll
0x00007ffe622e0000 - 0x00007ffe62308000 	C:\WINDOWS\System32\bcrypt.dll
0x00007ffe62e80000 - 0x00007ffe62f94000 	C:\WINDOWS\System32\RPCRT4.dll
0x00007ffe635d0000 - 0x00007ffe6377e000 	C:\WINDOWS\System32\USER32.dll
0x00007ffe62310000 - 0x00007ffe62336000 	C:\WINDOWS\System32\win32u.dll
0x00007ffe63020000 - 0x00007ffe63049000 	C:\WINDOWS\System32\GDI32.dll
0x00007ffe62100000 - 0x00007ffe62219000 	C:\WINDOWS\System32\gdi32full.dll
0x00007ffe62520000 - 0x00007ffe625ba000 	C:\WINDOWS\System32\msvcp_win.dll
0x00007ffe543d0000 - 0x00007ffe543eb000 	C:\Program Files\Java\jdk-20\bin\VCRUNTIME140.dll
0x00007ffe4a1a0000 - 0x00007ffe4a433000 	C:\WINDOWS\WinSxS\amd64_microsoft.windows.common-controls_6595b64144ccf1df_6.0.22621.3672_none_2713b9d173822955\COMCTL32.dll
0x00007ffe59090000 - 0x00007ffe5909a000 	C:\WINDOWS\SYSTEM32\VERSION.dll
0x00007ffe63c70000 - 0x00007ffe63ca1000 	C:\WINDOWS\System32\IMM32.DLL
0x00007ffe590e0000 - 0x00007ffe590ec000 	C:\Program Files\Java\jdk-20\bin\vcruntime140_1.dll
0x00007ffe22320000 - 0x00007ffe223ae000 	C:\Program Files\Java\jdk-20\bin\msvcp140.dll
0x00007ffe010d0000 - 0x00007ffe01d67000 	C:\Program Files\Java\jdk-20\bin\server\jvm.dll
0x00007ffe3a250000 - 0x00007ffe3a259000 	C:\WINDOWS\SYSTEM32\WSOCK32.dll
0x00007ffe63e60000 - 0x00007ffe63ed1000 	C:\WINDOWS\System32\WS2_32.dll
0x00007ffe5ed10000 - 0x00007ffe5ed44000 	C:\WINDOWS\SYSTEM32\WINMM.dll
0x00007ffe60e50000 - 0x00007ffe60e68000 	C:\WINDOWS\SYSTEM32\kernel.appcore.dll
0x00007ffe54450000 - 0x00007ffe5445a000 	C:\Program Files\Java\jdk-20\bin\jimage.dll
0x00007ffe5f780000 - 0x00007ffe5f9b2000 	C:\WINDOWS\SYSTEM32\DBGHELP.DLL
0x00007ffe628c0000 - 0x00007ffe62c4e000 	C:\WINDOWS\System32\combase.dll
0x00007ffe63ef0000 - 0x00007ffe63fc7000 	C:\WINDOWS\System32\OLEAUT32.dll
0x00007ffe5ecd0000 - 0x00007ffe5ed02000 	C:\WINDOWS\SYSTEM32\dbgcore.DLL
0x00007ffe625c0000 - 0x00007ffe6263b000 	C:\WINDOWS\System32\bcryptPrimitives.dll
0x00007ffe53290000 - 0x00007ffe532b6000 	C:\Program Files\Java\jdk-20\bin\java.dll
0x00007ffe15ae0000 - 0x00007ffe15bb7000 	C:\Program Files\Java\jdk-20\bin\jsvml.dll
0x00007ffe64180000 - 0x00007ffe649e7000 	C:\WINDOWS\System32\SHELL32.dll
0x00007ffe5fc90000 - 0x00007ffe6058f000 	C:\WINDOWS\SYSTEM32\windows.storage.dll
0x00007ffe5fb50000 - 0x00007ffe5fc8f000 	C:\WINDOWS\SYSTEM32\wintypes.dll
0x00007ffe63440000 - 0x00007ffe63539000 	C:\WINDOWS\System32\SHCORE.dll
0x00007ffe63120000 - 0x00007ffe6317e000 	C:\WINDOWS\System32\shlwapi.dll
0x00007ffe61c80000 - 0x00007ffe61ca7000 	C:\WINDOWS\SYSTEM32\profapi.dll
0x00007ffe53200000 - 0x00007ffe53213000 	C:\Program Files\Java\jdk-20\bin\net.dll
0x00007ffe5cf10000 - 0x00007ffe5d046000 	C:\WINDOWS\SYSTEM32\WINHTTP.dll
0x00007ffe612b0000 - 0x00007ffe61319000 	C:\WINDOWS\system32\mswsock.dll
0x00007ffe53060000 - 0x00007ffe53076000 	C:\Program Files\Java\jdk-20\bin\nio.dll
0x00007ffe53040000 - 0x00007ffe53058000 	C:\Program Files\Java\jdk-20\bin\zip.dll
0x0000000069ac0000 - 0x0000000069ae4000 	C:\Program Files\NetBeans-21\netbeans\java\maven\lib\jansi-native\Windows\x86_64\jansi.dll
0x00007ffe58da0000 - 0x00007ffe58db0000 	C:\Program Files\Java\jdk-20\bin\verify.dll

dbghelp: loaded successfully - version: 4.0.5 - missing functions: none
symbol engine: initialized successfully - sym options: 0x614 - pdb path: .;C:\Program Files\Java\jdk-20\bin;C:\WINDOWS\SYSTEM32;C:\Program Files\AVG\Antivirus;C:\WINDOWS\WinSxS\amd64_microsoft.windows.common-controls_6595b64144ccf1df_6.0.22621.3672_none_2713b9d173822955;C:\Program Files\Java\jdk-20\bin\server;C:\Program Files\NetBeans-21\netbeans\java\maven\lib\jansi-native\Windows\x86_64

VM Arguments:
jvm_args: -Dclassworlds.conf=C:\Program Files\NetBeans-21\netbeans\java\maven\bin\m2.conf -Dmaven.home=C:\Program Files\NetBeans-21\netbeans\java\maven -Dlibrary.jansi.path=C:\Program Files\NetBeans-21\netbeans\java\maven\lib\jansi-native -Dmaven.multiModuleProjectDirectory=C:\trilhaJava\pos-graduacao\utfpr-pos-graduacao\8-java-redes\atividade04\servidorclientethread 
java_command: org.codehaus.plexus.classworlds.launcher.Launcher -Dexec.vmArgs= -Dexec.args=${exec.vmArgs} -classpath %classpath ${exec.mainClass} ${exec.appArgs} -Dexec.appArgs= -Dexec.mainClass=local.javaredes.Servidorclientethread -Dexec.executable=C:\Program Files\Java\jdk-20\bin\java.exe -Dmaven.ext.class.path=C:\Program Files\NetBeans-21\netbeans\java\maven-nblib\netbeans-eventspy.jar --no-transfer-progress process-classes org.codehaus.mojo:exec-maven-plugin:3.1.0:exec
java_class_path (initial): C:\Program Files\NetBeans-21\netbeans\java\maven\boot\plexus-classworlds-2.7.0.jar
Launcher Type: SUN_STANDARD

[Global flags]
     intx CICompilerCount                          = 4                                         {product} {ergonomic}
     uint ConcGCThreads                            = 2                                         {product} {ergonomic}
     uint G1ConcRefinementThreads                  = 8                                         {product} {ergonomic}
   size_t G1HeapRegionSize                         = 1048576                                   {product} {ergonomic}
    uintx GCDrainStackTargetSize                   = 64                                        {product} {ergonomic}
   size_t InitialHeapSize                          = 130023424                                 {product} {ergonomic}
   size_t MarkStackSize                            = 4194304                                   {product} {ergonomic}
   size_t MaxHeapSize                              = 2076180480                                {product} {ergonomic}
   size_t MaxNewSize                               = 1245708288                                {product} {ergonomic}
   size_t MinHeapDeltaBytes                        = 1048576                                   {product} {ergonomic}
   size_t MinHeapSize                              = 8388608                                   {product} {ergonomic}
    uintx NonNMethodCodeHeapSize                   = 5839372                                {pd product} {ergonomic}
    uintx NonProfiledCodeHeapSize                  = 122909434                              {pd product} {ergonomic}
    uintx ProfiledCodeHeapSize                     = 122909434                              {pd product} {ergonomic}
    uintx ReservedCodeCacheSize                    = 251658240                              {pd product} {ergonomic}
     bool SegmentedCodeCache                       = true                                      {product} {ergonomic}
   size_t SoftMaxHeapSize                          = 2076180480                             {manageable} {ergonomic}
     bool UseCompressedClassPointers               = true                           {product lp64_product} {ergonomic}
     bool UseCompressedOops                        = true                           {product lp64_product} {ergonomic}
     bool UseG1GC                                  = true                                      {product} {ergonomic}
     bool UseLargePagesIndividualAllocation        = false                                  {pd product} {ergonomic}

Logging:
Log output configuration:
 #0: stdout all=warning uptime,level,tags foldmultilines=false
 #1: stderr all=off uptime,level,tags foldmultilines=false

Environment Variables:
JAVA_HOME=C:\Program Files\Java\jdk-20
PATH=C:\Program Files\Common Files\Oracle\Java\javapath;C:\Program Files (x86)\Common Files\Oracle\Java\java8path;C:\Program Files (x86)\Common Files\Oracle\Java\javapath;C:\WINDOWS\system32;C:\WINDOWS;C:\WINDOWS\System32\Wbem;C:\WINDOWS\System32\WindowsPowerShell\v1.0\;C:\WINDOWS\System32\OpenSSH\;C:\Program Files\dotnet\;C:\Program Files\Git\cmd;C:\Program Files\Java\jdk-20\bin;C:\trilhaJava\devtools\apache-maven-3.8.8-bin\apache-maven-3.8.8\bin;C:\Program Files\Java\jdk11.0.20_9;;C:\Program Files\Docker\Docker\resources\bin;C:\Program Files\Amazon\AWSCLIV2\;C:\Program Files\nodejs\;C:\Users\engen\anaconda3;C:\Users\engen\anaconda3\Library\mingw-w64\bin;C:\Users\engen\anaconda3\Library\usr\bin;C:\Users\engen\anaconda3\Library\bin;C:\Users\engen\anaconda3\Scripts;C:\Program Files\MySQL\MySQL Shell 8.0\bin\;C:\Users\engen\AppData\Local\Microsoft\WindowsApps;C:\Users\engen\AppData\Local\Programs\Microsoft VS Code\bin;C:\Program Files\Java\jdk-20\bin;C:\Users\engen\.dotnet\tools;C:\Users\engen\AppData\Roaming\npm
USERNAME=engen
OS=Windows_NT
PROCESSOR_IDENTIFIER=Intel64 Family 6 Model 140 Stepping 1, GenuineIntel
TMP=C:\Users\engen\AppData\Local\Temp
TEMP=C:\Users\engen\AppData\Local\Temp




---------------  S Y S T E M  ---------------

OS:
 Windows 11 , 64 bit Build 22621 (10.0.22621.3958)
OS uptime: 5 days 5:42 hours
Hyper-V role detected

CPU: total 8 (initial active 8) (4 cores per cpu, 2 threads per core) family 6 model 140 stepping 1 microcode 0xb8, cx8, cmov, fxsr, ht, mmx, 3dnowpref, sse, sse2, sse3, ssse3, sse4.1, sse4.2, popcnt, lzcnt, tsc, tscinvbit, avx, avx2, aes, erms, clmul, bmi1, bmi2, adx, avx512f, avx512dq, avx512cd, avx512bw, avx512vl, sha, fma, vzeroupper, avx512_vpopcntdq, avx512_vpclmulqdq, avx512_vaes, avx512_vnni, clflush, clflushopt, clwb, avx512_vbmi2, avx512_vbmi, hv, rdtscp, rdpid, fsrm, gfni, avx512_bitalg, f16c, cet_ibt, cet_ss, avx512_ifma

Memory: 4k page, system-wide physical 7914M (204M free)
TotalPageFile size 30794M (AvailPageFile size 7M)
current process WorkingSet (physical memory assigned to process): 48M, peak: 74M
current process commit charge ("private bytes"): 222M, peak: 224M

vm_info: Java HotSpot(TM) 64-Bit Server VM (20.0.1+9-29) for windows-amd64 JRE (20.0.1+9-29), built on 2023-03-07T13:56:11Z by "mach5one" with MS VC++ 17.1 (VS2022)

END.
