#
# There is insufficient memory for the Java Runtime Environment to continue.
# Native memory allocation (malloc) failed to allocate 175840 bytes for Chunk::new
# Possible reasons:
#   The system is out of physical RAM or swap space
#   The process is running with CompressedOops enabled, and the Java Heap may be blocking the growth of the native heap
# Possible solutions:
#   Reduce memory load on the system
#   Increase physical memory or swap space
#   Check if swap backing store is full
#   Decrease Java heap size (-Xmx/-Xms)
#   Decrease number of Java threads
#   Decrease Java thread stack sizes (-Xss)
#   Set larger code cache with -XX:ReservedCodeCacheSize=
#   JVM is running with Unscaled Compressed Oops mode in which the Java heap is
#     placed in the first 4GB address space. The Java Heap base address is the
#     maximum limit for the native heap growth. Please use -XX:HeapBaseMinAddress
#     to set the Java Heap base and to place the Java Heap above 4GB virtual address.
# This output file may be truncated or incomplete.
#
#  Out of Memory Error (arena.cpp:184), pid=302444, tid=302064
#
# JRE version: Java(TM) SE Runtime Environment (20.0.1+9) (build 20.0.1+9-29)
# Java VM: Java HotSpot(TM) 64-Bit Server VM (20.0.1+9-29, mixed mode, sharing, tiered, compressed oops, compressed class ptrs, g1 gc, windows-amd64)
# No core dump will be written. Minidumps are not enabled by default on client versions of Windows
#

---------------  S U M M A R Y ------------

Command Line: -Dclassworlds.conf=C:\Program Files\NetBeans-21\netbeans\java\maven\bin\m2.conf -Dmaven.home=C:\Program Files\NetBeans-21\netbeans\java\maven -Dlibrary.jansi.path=C:\Program Files\NetBeans-21\netbeans\java\maven\lib\jansi-native -Dmaven.multiModuleProjectDirectory=C:\trilhaJava\pos-graduacao\utfpr-pos-graduacao\8-java-redes\atividade04\servidorclientethread org.codehaus.plexus.classworlds.launcher.Launcher -Dexec.vmArgs= -Dexec.args=${exec.vmArgs} -classpath %classpath ${exec.mainClass} ${exec.appArgs} -Dexec.appArgs= -Dexec.mainClass=local.javaredes.Servidorclientethread -Dexec.executable=C:\Program Files\Java\jdk-20\bin\java.exe -Dmaven.ext.class.path=C:\Program Files\NetBeans-21\netbeans\java\maven-nblib\netbeans-eventspy.jar --no-transfer-progress process-classes org.codehaus.mojo:exec-maven-plugin:3.1.0:exec

Host: 11th Gen Intel(R) Core(TM) i5-1135G7 @ 2.40GHz, 8 cores, 7G,  Windows 11 , 64 bit Build 22621 (10.0.22621.3958)
Time: Wed Oct  2 17:04:59 2024 Hora oficial do Brasil elapsed time: 156.750454 seconds (0d 0h 2m 36s)

---------------  T H R E A D  ---------------

Current thread (0x000001cc7f249050):  JavaThread "C2 CompilerThread0" daemon [_thread_in_native, id=302064, stack(0x0000004131100000,0x0000004131200000)]


Current CompileTask:
C2: 156750 1550       4       org.eclipse.sisu.space.asm.ClassReader::readUtf (44 bytes)

Stack: [0x0000004131100000,0x0000004131200000]
Native frames: (J=compiled Java code, j=interpreted, Vv=VM code, C=native code)
V  [jvm.dll+0x6bb95a]
V  [jvm.dll+0x8485fa]
V  [jvm.dll+0x84a1f5]
V  [jvm.dll+0x84a8f3]
V  [jvm.dll+0x280b0f]
V  [jvm.dll+0xc2b11]
V  [jvm.dll+0xc2e35]
V  [jvm.dll+0x3bb17c]
V  [jvm.dll+0x3857f5]
V  [jvm.dll+0x384c6a]
V  [jvm.dll+0x24b259]
V  [jvm.dll+0x24a651]
V  [jvm.dll+0x1ce491]
V  [jvm.dll+0x259e1b]
V  [jvm.dll+0x2584f0]
V  [jvm.dll+0x3f2895]
V  [jvm.dll+0x7f4b56]
V  [jvm.dll+0x6ba5cb]
C  [ucrtbase.dll+0x29333]
C  [KERNEL32.DLL+0x1257d]
C  [ntdll.dll+0x5af28]


---------------  P R O C E S S  ---------------

Threads class SMR info:
_java_thread_list=0x000001cc0869c3a0, length=11, elements={
0x000001cc66879d40, 0x000001cc7f241e80, 0x000001cc7f242960, 0x000001cc7f243530,
0x000001cc7f243f60, 0x000001cc7f244990, 0x000001cc7f2453c0, 0x000001cc7f249050,
0x000001cc081401e0, 0x000001cc081be670, 0x000001cc081cda50
}

Java Threads: ( => current thread )
  0x000001cc66879d40 JavaThread "main" [_thread_in_vm, id=304064, stack(0x0000004130400000,0x0000004130500000)]
  0x000001cc7f241e80 JavaThread "Reference Handler" daemon [_thread_blocked, id=305444, stack(0x0000004130b00000,0x0000004130c00000)]
  0x000001cc7f242960 JavaThread "Finalizer" daemon [_thread_blocked, id=300344, stack(0x0000004130c00000,0x0000004130d00000)]
  0x000001cc7f243530 JavaThread "Signal Dispatcher" daemon [_thread_blocked, id=305452, stack(0x0000004130d00000,0x0000004130e00000)]
  0x000001cc7f243f60 JavaThread "Attach Listener" daemon [_thread_blocked, id=298188, stack(0x0000004130e00000,0x0000004130f00000)]
  0x000001cc7f244990 JavaThread "Service Thread" daemon [_thread_blocked, id=303764, stack(0x0000004130f00000,0x0000004131000000)]
  0x000001cc7f2453c0 JavaThread "Monitor Deflation Thread" daemon [_thread_blocked, id=305552, stack(0x0000004131000000,0x0000004131100000)]
=>0x000001cc7f249050 JavaThread "C2 CompilerThread0" daemon [_thread_in_native, id=302064, stack(0x0000004131100000,0x0000004131200000)]
  0x000001cc081401e0 JavaThread "C1 CompilerThread0" daemon [_thread_in_native, id=304828, stack(0x0000004131200000,0x0000004131300000)]
  0x000001cc081be670 JavaThread "Notification Thread" daemon [_thread_blocked, id=305792, stack(0x0000004131300000,0x0000004131400000)]
  0x000001cc081cda50 JavaThread "Common-Cleaner" daemon [_thread_blocked, id=300316, stack(0x0000004131500000,0x0000004131600000)]

Other Threads:
  0x000001cc7f21d270 VMThread "VM Thread" [stack: 0x0000004130a00000,0x0000004130b00000] [id=302812]
  0x000001cc081bf360 WatcherThread "VM Periodic Task Thread" [stack: 0x0000004131400000,0x0000004131500000] [id=305812]
  0x000001cc668d80f0 WorkerThread "GC Thread#0" [stack: 0x0000004130500000,0x0000004130600000] [id=302828]
  0x000001cc08ce29a0 WorkerThread "GC Thread#1" [stack: 0x0000004130100000,0x0000004130200000] [id=311408]
  0x000001cc08ce3d50 WorkerThread "GC Thread#2" [stack: 0x0000004130200000,0x0000004130300000] [id=279988]
  0x000001cc08ce37b0 WorkerThread "GC Thread#3" [stack: 0x0000004130300000,0x0000004130400000] [id=312856]
  0x000001cc08ce3a80 WorkerThread "GC Thread#4" [stack: 0x0000004131600000,0x0000004131700000] [id=313216]
  0x000001cc08ce26d0 WorkerThread "GC Thread#5" [stack: 0x0000004131700000,0x0000004131800000] [id=312632]
  0x000001cc08ce3210 WorkerThread "GC Thread#6" [stack: 0x0000004131800000,0x0000004131900000] [id=311896]
  0x000001cc08ce4020 WorkerThread "GC Thread#7" [stack: 0x0000004131900000,0x0000004131a00000] [id=257212]
  0x000001cc668e8780 ConcurrentGCThread "G1 Main Marker" [stack: 0x0000004130600000,0x0000004130700000] [id=304444]
  0x000001cc668e91b0 WorkerThread "G1 Conc#0" [stack: 0x0000004130700000,0x0000004130800000] [id=301080]
  0x000001cc6692e990 ConcurrentGCThread "G1 Refine#0" [stack: 0x0000004130800000,0x0000004130900000] [id=301492]
  0x000001cc7f0dca70 ConcurrentGCThread "G1 Service" [stack: 0x0000004130900000,0x0000004130a00000] [id=301076]

Threads with active compile tasks:
C2 CompilerThread0   158597 1550       4       org.eclipse.sisu.space.asm.ClassReader::readUtf (44 bytes)
C1 CompilerThread0   158597 1553   !   3       sun.reflect.annotation.AnnotationParser::parseAnnotation2 (275 bytes)

VM state: not at safepoint (normal execution)

VM Mutex/Monitor currently owned by a thread:  ([mutex/lock_event])
[0x000001cc6484a470] Metaspace_lock - owner thread: 0x000001cc66879d40

Heap address: 0x0000000084400000, size: 1980 MB, Compressed Oops mode: 32-bit

CDS archive(s) mapped at: [0x0000000800000000-0x0000000800c60000-0x0000000800c60000), size 12976128, SharedBaseAddress: 0x0000000800000000, ArchiveRelocationMode: 0.
Compressed class space mapped at: 0x0000000801000000-0x0000000841000000, reserved size: 1073741824
Narrow klass base: 0x0000000800000000, Narrow klass shift: 0, Narrow klass range: 0x100000000

GC Precious Log:
 CardTable entry size: 512
 Card Set container configuration: InlinePtr #cards 5 size 8 Array Of Cards #cards 12 size 40 Howl #buckets 4 coarsen threshold 1843 Howl Bitmap #cards 512 size 80 coarsen threshold 460 Card regions per heap region 1 cards per card region 2048
 CPUs: 8 total, 8 available
 Memory: 7914M
 Large Page Support: Disabled
 NUMA Support: Disabled
 Compressed Oops: Enabled (32-bit)
 Heap Region Size: 1M
 Heap Min Capacity: 8M
 Heap Initial Capacity: 124M
 Heap Max Capacity: 1980M
 Pre-touch: Disabled
 Parallel Workers: 8
 Concurrent Workers: 2
 Concurrent Refinement Workers: 8
 Periodic GC: Disabled

Heap:
 garbage-first heap   total 126976K, used 20192K [0x0000000084400000, 0x0000000100000000)
  region size 1024K, 20 young (20480K), 3 survivors (3072K)
 Metaspace       used 7264K, committed 7424K, reserved 1114112K
  class space    used 836K, committed 896K, reserved 1048576K

Heap Regions: E=young(eden), S=young(survivor), O=old, HS=humongous(starts), HC=humongous(continues), CS=collection set, F=free, OA=open archive, CA=closed archive, TAMS=top-at-mark-start, PB=parsable bottom
|   0|0x0000000084400000, 0x00000000844b8000, 0x0000000084500000| 71%| O|  |TAMS 0x0000000084400000| PB 0x0000000084400000| Untracked 
|   1|0x0000000084500000, 0x0000000084500000, 0x0000000084600000|  0%| F|  |TAMS 0x0000000084500000| PB 0x0000000084500000| Untracked 
|   2|0x0000000084600000, 0x0000000084600000, 0x0000000084700000|  0%| F|  |TAMS 0x0000000084600000| PB 0x0000000084600000| Untracked 
|   3|0x0000000084700000, 0x0000000084700000, 0x0000000084800000|  0%| F|  |TAMS 0x0000000084700000| PB 0x0000000084700000| Untracked 
|   4|0x0000000084800000, 0x0000000084800000, 0x0000000084900000|  0%| F|  |TAMS 0x0000000084800000| PB 0x0000000084800000| Untracked 
|   5|0x0000000084900000, 0x0000000084900000, 0x0000000084a00000|  0%| F|  |TAMS 0x0000000084900000| PB 0x0000000084900000| Untracked 
|   6|0x0000000084a00000, 0x0000000084a00000, 0x0000000084b00000|  0%| F|  |TAMS 0x0000000084a00000| PB 0x0000000084a00000| Untracked 
|   7|0x0000000084b00000, 0x0000000084b00000, 0x0000000084c00000|  0%| F|  |TAMS 0x0000000084b00000| PB 0x0000000084b00000| Untracked 
|   8|0x0000000084c00000, 0x0000000084c00000, 0x0000000084d00000|  0%| F|  |TAMS 0x0000000084c00000| PB 0x0000000084c00000| Untracked 
|   9|0x0000000084d00000, 0x0000000084d00000, 0x0000000084e00000|  0%| F|  |TAMS 0x0000000084d00000| PB 0x0000000084d00000| Untracked 
|  10|0x0000000084e00000, 0x0000000084e00000, 0x0000000084f00000|  0%| F|  |TAMS 0x0000000084e00000| PB 0x0000000084e00000| Untracked 
|  11|0x0000000084f00000, 0x0000000084f00000, 0x0000000085000000|  0%| F|  |TAMS 0x0000000084f00000| PB 0x0000000084f00000| Untracked 
|  12|0x0000000085000000, 0x0000000085000000, 0x0000000085100000|  0%| F|  |TAMS 0x0000000085000000| PB 0x0000000085000000| Untracked 
|  13|0x0000000085100000, 0x0000000085100000, 0x0000000085200000|  0%| F|  |TAMS 0x0000000085100000| PB 0x0000000085100000| Untracked 
|  14|0x0000000085200000, 0x0000000085200000, 0x0000000085300000|  0%| F|  |TAMS 0x0000000085200000| PB 0x0000000085200000| Untracked 
|  15|0x0000000085300000, 0x0000000085300000, 0x0000000085400000|  0%| F|  |TAMS 0x0000000085300000| PB 0x0000000085300000| Untracked 
|  16|0x0000000085400000, 0x0000000085400000, 0x0000000085500000|  0%| F|  |TAMS 0x0000000085400000| PB 0x0000000085400000| Untracked 
|  17|0x0000000085500000, 0x0000000085500000, 0x0000000085600000|  0%| F|  |TAMS 0x0000000085500000| PB 0x0000000085500000| Untracked 
|  18|0x0000000085600000, 0x0000000085600000, 0x0000000085700000|  0%| F|  |TAMS 0x0000000085600000| PB 0x0000000085600000| Untracked 
|  19|0x0000000085700000, 0x0000000085700000, 0x0000000085800000|  0%| F|  |TAMS 0x0000000085700000| PB 0x0000000085700000| Untracked 
|  20|0x0000000085800000, 0x0000000085800000, 0x0000000085900000|  0%| F|  |TAMS 0x0000000085800000| PB 0x0000000085800000| Untracked 
|  21|0x0000000085900000, 0x0000000085900000, 0x0000000085a00000|  0%| F|  |TAMS 0x0000000085900000| PB 0x0000000085900000| Untracked 
|  22|0x0000000085a00000, 0x0000000085a00000, 0x0000000085b00000|  0%| F|  |TAMS 0x0000000085a00000| PB 0x0000000085a00000| Untracked 
|  23|0x0000000085b00000, 0x0000000085b00000, 0x0000000085c00000|  0%| F|  |TAMS 0x0000000085b00000| PB 0x0000000085b00000| Untracked 
|  24|0x0000000085c00000, 0x0000000085c00000, 0x0000000085d00000|  0%| F|  |TAMS 0x0000000085c00000| PB 0x0000000085c00000| Untracked 
|  25|0x0000000085d00000, 0x0000000085d00000, 0x0000000085e00000|  0%| F|  |TAMS 0x0000000085d00000| PB 0x0000000085d00000| Untracked 
|  26|0x0000000085e00000, 0x0000000085e00000, 0x0000000085f00000|  0%| F|  |TAMS 0x0000000085e00000| PB 0x0000000085e00000| Untracked 
|  27|0x0000000085f00000, 0x0000000085f00000, 0x0000000086000000|  0%| F|  |TAMS 0x0000000085f00000| PB 0x0000000085f00000| Untracked 
|  28|0x0000000086000000, 0x0000000086000000, 0x0000000086100000|  0%| F|  |TAMS 0x0000000086000000| PB 0x0000000086000000| Untracked 
|  29|0x0000000086100000, 0x0000000086100000, 0x0000000086200000|  0%| F|  |TAMS 0x0000000086100000| PB 0x0000000086100000| Untracked 
|  30|0x0000000086200000, 0x0000000086200000, 0x0000000086300000|  0%| F|  |TAMS 0x0000000086200000| PB 0x0000000086200000| Untracked 
|  31|0x0000000086300000, 0x0000000086300000, 0x0000000086400000|  0%| F|  |TAMS 0x0000000086300000| PB 0x0000000086300000| Untracked 
|  32|0x0000000086400000, 0x0000000086400000, 0x0000000086500000|  0%| F|  |TAMS 0x0000000086400000| PB 0x0000000086400000| Untracked 
|  33|0x0000000086500000, 0x0000000086500000, 0x0000000086600000|  0%| F|  |TAMS 0x0000000086500000| PB 0x0000000086500000| Untracked 
|  34|0x0000000086600000, 0x0000000086600000, 0x0000000086700000|  0%| F|  |TAMS 0x0000000086600000| PB 0x0000000086600000| Untracked 
|  35|0x0000000086700000, 0x0000000086700000, 0x0000000086800000|  0%| F|  |TAMS 0x0000000086700000| PB 0x0000000086700000| Untracked 
|  36|0x0000000086800000, 0x0000000086800000, 0x0000000086900000|  0%| F|  |TAMS 0x0000000086800000| PB 0x0000000086800000| Untracked 
|  37|0x0000000086900000, 0x0000000086900000, 0x0000000086a00000|  0%| F|  |TAMS 0x0000000086900000| PB 0x0000000086900000| Untracked 
|  38|0x0000000086a00000, 0x0000000086a00000, 0x0000000086b00000|  0%| F|  |TAMS 0x0000000086a00000| PB 0x0000000086a00000| Untracked 
|  39|0x0000000086b00000, 0x0000000086b00000, 0x0000000086c00000|  0%| F|  |TAMS 0x0000000086b00000| PB 0x0000000086b00000| Untracked 
|  40|0x0000000086c00000, 0x0000000086c00000, 0x0000000086d00000|  0%| F|  |TAMS 0x0000000086c00000| PB 0x0000000086c00000| Untracked 
|  41|0x0000000086d00000, 0x0000000086d00000, 0x0000000086e00000|  0%| F|  |TAMS 0x0000000086d00000| PB 0x0000000086d00000| Untracked 
|  42|0x0000000086e00000, 0x0000000086e00000, 0x0000000086f00000|  0%| F|  |TAMS 0x0000000086e00000| PB 0x0000000086e00000| Untracked 
|  43|0x0000000086f00000, 0x0000000086f00000, 0x0000000087000000|  0%| F|  |TAMS 0x0000000086f00000| PB 0x0000000086f00000| Untracked 
|  44|0x0000000087000000, 0x0000000087000000, 0x0000000087100000|  0%| F|  |TAMS 0x0000000087000000| PB 0x0000000087000000| Untracked 
|  45|0x0000000087100000, 0x0000000087100000, 0x0000000087200000|  0%| F|  |TAMS 0x0000000087100000| PB 0x0000000087100000| Untracked 
|  46|0x0000000087200000, 0x0000000087200000, 0x0000000087300000|  0%| F|  |TAMS 0x0000000087200000| PB 0x0000000087200000| Untracked 
|  47|0x0000000087300000, 0x0000000087300000, 0x0000000087400000|  0%| F|  |TAMS 0x0000000087300000| PB 0x0000000087300000| Untracked 
|  48|0x0000000087400000, 0x0000000087400000, 0x0000000087500000|  0%| F|  |TAMS 0x0000000087400000| PB 0x0000000087400000| Untracked 
|  49|0x0000000087500000, 0x0000000087500000, 0x0000000087600000|  0%| F|  |TAMS 0x0000000087500000| PB 0x0000000087500000| Untracked 
|  50|0x0000000087600000, 0x0000000087600000, 0x0000000087700000|  0%| F|  |TAMS 0x0000000087600000| PB 0x0000000087600000| Untracked 
|  51|0x0000000087700000, 0x0000000087700000, 0x0000000087800000|  0%| F|  |TAMS 0x0000000087700000| PB 0x0000000087700000| Untracked 
|  52|0x0000000087800000, 0x0000000087800000, 0x0000000087900000|  0%| F|  |TAMS 0x0000000087800000| PB 0x0000000087800000| Untracked 
|  53|0x0000000087900000, 0x0000000087900000, 0x0000000087a00000|  0%| F|  |TAMS 0x0000000087900000| PB 0x0000000087900000| Untracked 
|  54|0x0000000087a00000, 0x0000000087a00000, 0x0000000087b00000|  0%| F|  |TAMS 0x0000000087a00000| PB 0x0000000087a00000| Untracked 
|  55|0x0000000087b00000, 0x0000000087b00000, 0x0000000087c00000|  0%| F|  |TAMS 0x0000000087b00000| PB 0x0000000087b00000| Untracked 
|  56|0x0000000087c00000, 0x0000000087c00000, 0x0000000087d00000|  0%| F|  |TAMS 0x0000000087c00000| PB 0x0000000087c00000| Untracked 
|  57|0x0000000087d00000, 0x0000000087d00000, 0x0000000087e00000|  0%| F|  |TAMS 0x0000000087d00000| PB 0x0000000087d00000| Untracked 
|  58|0x0000000087e00000, 0x0000000087e00000, 0x0000000087f00000|  0%| F|  |TAMS 0x0000000087e00000| PB 0x0000000087e00000| Untracked 
|  59|0x0000000087f00000, 0x0000000087f00000, 0x0000000088000000|  0%| F|  |TAMS 0x0000000087f00000| PB 0x0000000087f00000| Untracked 
|  60|0x0000000088000000, 0x0000000088000000, 0x0000000088100000|  0%| F|  |TAMS 0x0000000088000000| PB 0x0000000088000000| Untracked 
|  61|0x0000000088100000, 0x0000000088100000, 0x0000000088200000|  0%| F|  |TAMS 0x0000000088100000| PB 0x0000000088100000| Untracked 
|  62|0x0000000088200000, 0x0000000088200000, 0x0000000088300000|  0%| F|  |TAMS 0x0000000088200000| PB 0x0000000088200000| Untracked 
|  63|0x0000000088300000, 0x0000000088300000, 0x0000000088400000|  0%| F|  |TAMS 0x0000000088300000| PB 0x0000000088300000| Untracked 
|  64|0x0000000088400000, 0x0000000088400000, 0x0000000088500000|  0%| F|  |TAMS 0x0000000088400000| PB 0x0000000088400000| Untracked 
|  65|0x0000000088500000, 0x0000000088500000, 0x0000000088600000|  0%| F|  |TAMS 0x0000000088500000| PB 0x0000000088500000| Untracked 
|  66|0x0000000088600000, 0x0000000088600000, 0x0000000088700000|  0%| F|  |TAMS 0x0000000088600000| PB 0x0000000088600000| Untracked 
|  67|0x0000000088700000, 0x0000000088700000, 0x0000000088800000|  0%| F|  |TAMS 0x0000000088700000| PB 0x0000000088700000| Untracked 
|  68|0x0000000088800000, 0x0000000088800000, 0x0000000088900000|  0%| F|  |TAMS 0x0000000088800000| PB 0x0000000088800000| Untracked 
|  69|0x0000000088900000, 0x0000000088900000, 0x0000000088a00000|  0%| F|  |TAMS 0x0000000088900000| PB 0x0000000088900000| Untracked 
|  70|0x0000000088a00000, 0x0000000088a00000, 0x0000000088b00000|  0%| F|  |TAMS 0x0000000088a00000| PB 0x0000000088a00000| Untracked 
|  71|0x0000000088b00000, 0x0000000088b00000, 0x0000000088c00000|  0%| F|  |TAMS 0x0000000088b00000| PB 0x0000000088b00000| Untracked 
|  72|0x0000000088c00000, 0x0000000088c00000, 0x0000000088d00000|  0%| F|  |TAMS 0x0000000088c00000| PB 0x0000000088c00000| Untracked 
|  73|0x0000000088d00000, 0x0000000088d00000, 0x0000000088e00000|  0%| F|  |TAMS 0x0000000088d00000| PB 0x0000000088d00000| Untracked 
|  74|0x0000000088e00000, 0x0000000088e00000, 0x0000000088f00000|  0%| F|  |TAMS 0x0000000088e00000| PB 0x0000000088e00000| Untracked 
|  75|0x0000000088f00000, 0x0000000088f00000, 0x0000000089000000|  0%| F|  |TAMS 0x0000000088f00000| PB 0x0000000088f00000| Untracked 
|  76|0x0000000089000000, 0x0000000089000000, 0x0000000089100000|  0%| F|  |TAMS 0x0000000089000000| PB 0x0000000089000000| Untracked 
|  77|0x0000000089100000, 0x0000000089100000, 0x0000000089200000|  0%| F|  |TAMS 0x0000000089100000| PB 0x0000000089100000| Untracked 
|  78|0x0000000089200000, 0x0000000089200000, 0x0000000089300000|  0%| F|  |TAMS 0x0000000089200000| PB 0x0000000089200000| Untracked 
|  79|0x0000000089300000, 0x0000000089300000, 0x0000000089400000|  0%| F|  |TAMS 0x0000000089300000| PB 0x0000000089300000| Untracked 
|  80|0x0000000089400000, 0x0000000089400000, 0x0000000089500000|  0%| F|  |TAMS 0x0000000089400000| PB 0x0000000089400000| Untracked 
|  81|0x0000000089500000, 0x0000000089500000, 0x0000000089600000|  0%| F|  |TAMS 0x0000000089500000| PB 0x0000000089500000| Untracked 
|  82|0x0000000089600000, 0x0000000089600000, 0x0000000089700000|  0%| F|  |TAMS 0x0000000089600000| PB 0x0000000089600000| Untracked 
|  83|0x0000000089700000, 0x0000000089700000, 0x0000000089800000|  0%| F|  |TAMS 0x0000000089700000| PB 0x0000000089700000| Untracked 
|  84|0x0000000089800000, 0x0000000089800000, 0x0000000089900000|  0%| F|  |TAMS 0x0000000089800000| PB 0x0000000089800000| Untracked 
|  85|0x0000000089900000, 0x0000000089900000, 0x0000000089a00000|  0%| F|  |TAMS 0x0000000089900000| PB 0x0000000089900000| Untracked 
|  86|0x0000000089a00000, 0x0000000089a00000, 0x0000000089b00000|  0%| F|  |TAMS 0x0000000089a00000| PB 0x0000000089a00000| Untracked 
|  87|0x0000000089b00000, 0x0000000089b00000, 0x0000000089c00000|  0%| F|  |TAMS 0x0000000089b00000| PB 0x0000000089b00000| Untracked 
|  88|0x0000000089c00000, 0x0000000089c00000, 0x0000000089d00000|  0%| F|  |TAMS 0x0000000089c00000| PB 0x0000000089c00000| Untracked 
|  89|0x0000000089d00000, 0x0000000089d00000, 0x0000000089e00000|  0%| F|  |TAMS 0x0000000089d00000| PB 0x0000000089d00000| Untracked 
|  90|0x0000000089e00000, 0x0000000089e00000, 0x0000000089f00000|  0%| F|  |TAMS 0x0000000089e00000| PB 0x0000000089e00000| Untracked 
|  91|0x0000000089f00000, 0x0000000089f00000, 0x000000008a000000|  0%| F|  |TAMS 0x0000000089f00000| PB 0x0000000089f00000| Untracked 
|  92|0x000000008a000000, 0x000000008a000000, 0x000000008a100000|  0%| F|  |TAMS 0x000000008a000000| PB 0x000000008a000000| Untracked 
|  93|0x000000008a100000, 0x000000008a100000, 0x000000008a200000|  0%| F|  |TAMS 0x000000008a100000| PB 0x000000008a100000| Untracked 
|  94|0x000000008a200000, 0x000000008a200000, 0x000000008a300000|  0%| F|  |TAMS 0x000000008a200000| PB 0x000000008a200000| Untracked 
|  95|0x000000008a300000, 0x000000008a300000, 0x000000008a400000|  0%| F|  |TAMS 0x000000008a300000| PB 0x000000008a300000| Untracked 
|  96|0x000000008a400000, 0x000000008a400000, 0x000000008a500000|  0%| F|  |TAMS 0x000000008a400000| PB 0x000000008a400000| Untracked 
|  97|0x000000008a500000, 0x000000008a500000, 0x000000008a600000|  0%| F|  |TAMS 0x000000008a500000| PB 0x000000008a500000| Untracked 
|  98|0x000000008a600000, 0x000000008a700000, 0x000000008a700000|100%| S|CS|TAMS 0x000000008a600000| PB 0x000000008a600000| Complete 
|  99|0x000000008a700000, 0x000000008a800000, 0x000000008a800000|100%| S|CS|TAMS 0x000000008a700000| PB 0x000000008a700000| Complete 
| 100|0x000000008a800000, 0x000000008a900000, 0x000000008a900000|100%| S|CS|TAMS 0x000000008a800000| PB 0x000000008a800000| Complete 
| 101|0x000000008a900000, 0x000000008a900000, 0x000000008aa00000|  0%| F|  |TAMS 0x000000008a900000| PB 0x000000008a900000| Untracked 
| 102|0x000000008aa00000, 0x000000008aa00000, 0x000000008ab00000|  0%| F|  |TAMS 0x000000008aa00000| PB 0x000000008aa00000| Untracked 
| 103|0x000000008ab00000, 0x000000008ab00000, 0x000000008ac00000|  0%| F|  |TAMS 0x000000008ab00000| PB 0x000000008ab00000| Untracked 
| 104|0x000000008ac00000, 0x000000008ac00000, 0x000000008ad00000|  0%| F|  |TAMS 0x000000008ac00000| PB 0x000000008ac00000| Untracked 
| 105|0x000000008ad00000, 0x000000008ad00000, 0x000000008ae00000|  0%| F|  |TAMS 0x000000008ad00000| PB 0x000000008ad00000| Untracked 
| 106|0x000000008ae00000, 0x000000008ae00000, 0x000000008af00000|  0%| F|  |TAMS 0x000000008ae00000| PB 0x000000008ae00000| Untracked 
| 107|0x000000008af00000, 0x000000008af66c70, 0x000000008b000000| 40%| E|  |TAMS 0x000000008af00000| PB 0x000000008af00000| Complete 
| 108|0x000000008b000000, 0x000000008b100000, 0x000000008b100000|100%| E|CS|TAMS 0x000000008b000000| PB 0x000000008b000000| Complete 
| 109|0x000000008b100000, 0x000000008b200000, 0x000000008b200000|100%| E|CS|TAMS 0x000000008b100000| PB 0x000000008b100000| Complete 
| 110|0x000000008b200000, 0x000000008b300000, 0x000000008b300000|100%| E|CS|TAMS 0x000000008b200000| PB 0x000000008b200000| Complete 
| 111|0x000000008b300000, 0x000000008b400000, 0x000000008b400000|100%| E|CS|TAMS 0x000000008b300000| PB 0x000000008b300000| Complete 
| 112|0x000000008b400000, 0x000000008b500000, 0x000000008b500000|100%| E|CS|TAMS 0x000000008b400000| PB 0x000000008b400000| Complete 
| 113|0x000000008b500000, 0x000000008b600000, 0x000000008b600000|100%| E|CS|TAMS 0x000000008b500000| PB 0x000000008b500000| Complete 
| 114|0x000000008b600000, 0x000000008b700000, 0x000000008b700000|100%| E|CS|TAMS 0x000000008b600000| PB 0x000000008b600000| Complete 
| 115|0x000000008b700000, 0x000000008b800000, 0x000000008b800000|100%| E|CS|TAMS 0x000000008b700000| PB 0x000000008b700000| Complete 
| 116|0x000000008b800000, 0x000000008b900000, 0x000000008b900000|100%| E|CS|TAMS 0x000000008b800000| PB 0x000000008b800000| Complete 
| 117|0x000000008b900000, 0x000000008ba00000, 0x000000008ba00000|100%| E|CS|TAMS 0x000000008b900000| PB 0x000000008b900000| Complete 
| 118|0x000000008ba00000, 0x000000008bb00000, 0x000000008bb00000|100%| E|CS|TAMS 0x000000008ba00000| PB 0x000000008ba00000| Complete 
| 119|0x000000008bb00000, 0x000000008bc00000, 0x000000008bc00000|100%| E|CS|TAMS 0x000000008bb00000| PB 0x000000008bb00000| Complete 
| 120|0x000000008bc00000, 0x000000008bd00000, 0x000000008bd00000|100%| E|CS|TAMS 0x000000008bc00000| PB 0x000000008bc00000| Complete 
| 121|0x000000008bd00000, 0x000000008be00000, 0x000000008be00000|100%| E|CS|TAMS 0x000000008bd00000| PB 0x000000008bd00000| Complete 
| 122|0x000000008be00000, 0x000000008bf00000, 0x000000008bf00000|100%| E|CS|TAMS 0x000000008be00000| PB 0x000000008be00000| Complete 
| 123|0x000000008bf00000, 0x000000008c000000, 0x000000008c000000|100%| E|CS|TAMS 0x000000008bf00000| PB 0x000000008bf00000| Complete 

Card table byte_map: [0x000001cc7e040000,0x000001cc7e420000] _byte_map_base: 0x000001cc7dc1e000

Marking Bits: (CMBitMap*) 0x000001cc668d8720
 Bits: [0x000001cc00000000, 0x000001cc01ef0000)

Polling page: 0x000001cc66030000

Metaspace:

Usage:
  Non-class:      6.28 MB used.
      Class:    836.15 KB used.
       Both:      7.09 MB used.

Virtual space:
  Non-class space:       64.00 MB reserved,       6.38 MB ( 10%) committed,  1 nodes.
      Class space:        1.00 GB reserved,     896.00 KB ( <1%) committed,  1 nodes.
             Both:        1.06 GB reserved,       7.25 MB ( <1%) committed. 

Chunk freelists:
   Non-Class:  48.00 KB
       Class:  3.11 MB
        Both:  3.16 MB

MaxMetaspaceSize: unlimited
CompressedClassSpaceSize: 1.00 GB
Initial GC threshold: 21.00 MB
Current GC threshold: 21.00 MB
CDS: on
MetaspaceReclaimPolicy: balanced
 - commit_granule_bytes: 65536.
 - commit_granule_words: 8192.
 - virtual_space_node_default_size: 8388608.
 - enlarge_chunks_in_place: 1.
 - new_chunks_are_fully_committed: 0.
 - uncommit_free_chunks: 1.
 - use_allocation_guard: 0.


Internal statistics:

num_allocs_failed_limit: 0.
num_arena_births: 54.
num_arena_deaths: 0.
num_vsnodes_births: 2.
num_vsnodes_deaths: 0.
num_space_committed: 116.
num_space_uncommitted: 0.
num_chunks_returned_to_freelist: 0.
num_chunks_taken_from_freelist: 265.
num_chunk_merges: 0.
num_chunk_splits: 184.
num_chunks_enlarged: 152.
num_inconsistent_stats: 0.

CodeHeap 'non-profiled nmethods': size=120000Kb used=539Kb max_used=539Kb free=119461Kb
 bounds [0x000001cc763f0000, 0x000001cc76660000, 0x000001cc7d920000]
CodeHeap 'profiled nmethods': size=120000Kb used=2889Kb max_used=2889Kb free=117110Kb
 bounds [0x000001cc6e920000, 0x000001cc6ec00000, 0x000001cc75e50000]
CodeHeap 'non-nmethods': size=5760Kb used=1514Kb max_used=1540Kb free=4245Kb
 bounds [0x000001cc75e50000, 0x000001cc760c0000, 0x000001cc763f0000]
 total_blobs=1994 nmethods=1539 adapters=366
 compilation: enabled
              stopped_count=0, restarted_count=0
 full_count=0

Compilation events (20 events):
Event: 149.546 Thread 0x000001cc081401e0 nmethod 1539 0x000001cc76476310 code [0x000001cc76476480, 0x000001cc76476548]
Event: 149.851 Thread 0x000001cc081401e0 1540       3       java.nio.charset.CharsetDecoder::implReplaceWith (1 bytes)
Event: 149.851 Thread 0x000001cc081401e0 nmethod 1540 0x000001cc6ebec690 code [0x000001cc6ebec820, 0x000001cc6ebec930]
Event: 150.416 Thread 0x000001cc081401e0 1541       3       java.lang.Class::getInterfaces (49 bytes)
Event: 150.417 Thread 0x000001cc081401e0 nmethod 1541 0x000001cc6ebec990 code [0x000001cc6ebecb80, 0x000001cc6ebed068]
Event: 150.417 Thread 0x000001cc081401e0 1542       3       java.util.concurrent.atomic.AtomicReferenceArray::get (12 bytes)
Event: 150.461 Thread 0x000001cc081401e0 nmethod 1542 0x000001cc6ebed210 code [0x000001cc6ebed440, 0x000001cc6ebee008]
Event: 150.461 Thread 0x000001cc081401e0 1543       3       java.lang.invoke.VarHandleGuards::guard_LI_L (89 bytes)
Event: 150.473 Thread 0x000001cc081401e0 nmethod 1543 0x000001cc6ebee310 code [0x000001cc6ebee660, 0x000001cc6ebf0360]
Event: 150.954 Thread 0x000001cc081401e0 1545       3       java.util.AbstractQueue::add (20 bytes)
Event: 150.988 Thread 0x000001cc081401e0 nmethod 1545 0x000001cc6ebf0b90 code [0x000001cc6ebf0d40, 0x000001cc6ebf1020]
Event: 151.421 Thread 0x000001cc081401e0 1546       3       jdk.internal.loader.AbstractClassLoaderValue::extractValue (17 bytes)
Event: 151.422 Thread 0x000001cc081401e0 nmethod 1546 0x000001cc6ebf1110 code [0x000001cc6ebf12c0, 0x000001cc6ebf1650]
Event: 154.279 Thread 0x000001cc081401e0 1547       3       java.net.URLConnection::setUseCaches (10 bytes)
Event: 154.280 Thread 0x000001cc081401e0 nmethod 1547 0x000001cc6ebf1710 code [0x000001cc6ebf18c0, 0x000001cc6ebf1b58]
Event: 154.280 Thread 0x000001cc081401e0 1549       3       java.nio.HeapCharBuffer::<init> (21 bytes)
Event: 154.337 Thread 0x000001cc081401e0 nmethod 1549 0x000001cc6ebf1c90 code [0x000001cc6ebf1e20, 0x000001cc6ebf2040]
Event: 154.504 Thread 0x000001cc7f249050 1550       4       org.eclipse.sisu.space.asm.ClassReader::readUtf (44 bytes)
Event: 154.620 Thread 0x000001cc081401e0 1551       3       sun.net.www.protocol.jar.JarURLConnection::getUseCaches (8 bytes)
Event: 154.620 Thread 0x000001cc081401e0 nmethod 1551 0x000001cc6ebf2110 code [0x000001cc6ebf22a0, 0x000001cc6ebf2470]

GC Heap History (2 events):
Event: 118.913 GC heap before
{Heap before GC invocations=0 (full 0):
 garbage-first heap   total 126976K, used 23552K [0x0000000084400000, 0x0000000100000000)
  region size 1024K, 23 young (23552K), 0 survivors (0K)
 Metaspace       used 5740K, committed 5952K, reserved 1114112K
  class space    used 660K, committed 768K, reserved 1048576K
}
Event: 119.164 GC heap after
{Heap after GC invocations=1 (full 0):
 garbage-first heap   total 126976K, used 3808K [0x0000000084400000, 0x0000000100000000)
  region size 1024K, 3 young (3072K), 3 survivors (3072K)
 Metaspace       used 5740K, committed 5952K, reserved 1114112K
  class space    used 660K, committed 768K, reserved 1048576K
}

Dll operation events (8 events):
Event: 0.516 Loaded shared library C:\Program Files\Java\jdk-20\bin\java.dll
Event: 0.919 Loaded shared library C:\Program Files\Java\jdk-20\bin\jsvml.dll
Event: 2.456 Loaded shared library C:\Program Files\Java\jdk-20\bin\net.dll
Event: 2.463 Loaded shared library C:\Program Files\Java\jdk-20\bin\nio.dll
Event: 2.472 Loaded shared library C:\Program Files\Java\jdk-20\bin\zip.dll
Event: 104.807 Loaded shared library C:\Program Files\Java\jdk-20\bin\jimage.dll
Event: 106.415 Loaded shared library C:\Program Files\NetBeans-21\netbeans\java\maven\lib\jansi-native\Windows\x86_64\jansi.dll
Event: 106.515 Loaded shared library C:\Program Files\Java\jdk-20\bin\verify.dll

Deoptimization events (20 events):
Event: 120.026 Thread 0x000001cc66879d40 Uncommon trap: trap_request=0xffffffc6 fr.pc=0x000001cc76430588 relative=0x00000000000002c8
Event: 120.026 Thread 0x000001cc66879d40 Uncommon trap: reason=bimorphic_or_optimized_type_check action=maybe_recompile pc=0x000001cc76430588 method=java.util.concurrent.ConcurrentHashMap.get(Ljava/lang/Object;)Ljava/lang/Object; @ 149 c2
Event: 120.026 Thread 0x000001cc66879d40 DEOPT PACKING pc=0x000001cc76430588 sp=0x00000041304fd810
Event: 120.026 Thread 0x000001cc66879d40 DEOPT UNPACKING pc=0x000001cc75e6d2a2 sp=0x00000041304fd780 mode 2
Event: 120.405 Thread 0x000001cc66879d40 Uncommon trap: trap_request=0xffffffc6 fr.pc=0x000001cc76430588 relative=0x00000000000002c8
Event: 120.405 Thread 0x000001cc66879d40 Uncommon trap: reason=bimorphic_or_optimized_type_check action=maybe_recompile pc=0x000001cc76430588 method=java.util.concurrent.ConcurrentHashMap.get(Ljava/lang/Object;)Ljava/lang/Object; @ 149 c2
Event: 120.405 Thread 0x000001cc66879d40 DEOPT PACKING pc=0x000001cc76430588 sp=0x00000041304fd7e0
Event: 120.405 Thread 0x000001cc66879d40 DEOPT UNPACKING pc=0x000001cc75e6d2a2 sp=0x00000041304fd750 mode 2
Event: 124.990 Thread 0x000001cc66879d40 Uncommon trap: trap_request=0xffffff45 fr.pc=0x000001cc76462650 relative=0x00000000000006b0
Event: 124.990 Thread 0x000001cc66879d40 Uncommon trap: reason=unstable_if action=reinterpret pc=0x000001cc76462650 method=java.lang.String.<init>([CIILjava/lang/Void;)V @ 5 c2
Event: 124.990 Thread 0x000001cc66879d40 DEOPT PACKING pc=0x000001cc76462650 sp=0x00000041304fe060
Event: 124.990 Thread 0x000001cc66879d40 DEOPT UNPACKING pc=0x000001cc75e6d2a2 sp=0x00000041304fdf00 mode 2
Event: 125.615 Thread 0x000001cc66879d40 DEOPT PACKING pc=0x000001cc6e961158 sp=0x00000041304fd620
Event: 125.615 Thread 0x000001cc66879d40 DEOPT UNPACKING pc=0x000001cc75ebe462 sp=0x00000041304fcab0 mode 0
Event: 125.615 Thread 0x000001cc66879d40 DEOPT PACKING pc=0x000001cc6e961158 sp=0x00000041304fd620
Event: 125.615 Thread 0x000001cc66879d40 DEOPT UNPACKING pc=0x000001cc75ebe462 sp=0x00000041304fcab0 mode 0
Event: 133.574 Thread 0x000001cc66879d40 DEOPT PACKING pc=0x000001cc6eb36d24 sp=0x00000041304fe220
Event: 133.574 Thread 0x000001cc66879d40 DEOPT UNPACKING pc=0x000001cc75ebe462 sp=0x00000041304fd690 mode 0
Event: 135.773 Thread 0x000001cc66879d40 DEOPT PACKING pc=0x000001cc6ebc0733 sp=0x00000041304fe070
Event: 135.773 Thread 0x000001cc66879d40 DEOPT UNPACKING pc=0x000001cc75ebe462 sp=0x00000041304fd4e0 mode 0

Classes loaded (20 events):
Event: 117.106 Loading class sun/reflect/generics/tree/TypeVariableSignature
Event: 117.106 Loading class sun/reflect/generics/tree/TypeVariableSignature done
Event: 117.996 Loading class java/lang/annotation/IncompleteAnnotationException
Event: 117.996 Loading class java/lang/annotation/IncompleteAnnotationException done
Event: 118.396 Loading class java/lang/foreign/MemorySegment
Event: 118.396 Loading class java/lang/foreign/MemorySegment done
Event: 119.513 Loading class sun/reflect/generics/reflectiveObjects/TypeVariableImpl
Event: 119.513 Loading class sun/reflect/generics/reflectiveObjects/LazyReflectiveObjectGenerator
Event: 119.513 Loading class sun/reflect/generics/reflectiveObjects/LazyReflectiveObjectGenerator done
Event: 119.513 Loading class sun/reflect/generics/reflectiveObjects/TypeVariableImpl done
Event: 119.514 Loading class sun/reflect/generics/reflectiveObjects/ParameterizedTypeImpl
Event: 119.514 Loading class sun/reflect/generics/reflectiveObjects/ParameterizedTypeImpl done
Event: 119.818 Loading class jdk/internal/foreign/MemorySessionImpl
Event: 119.818 Loading class java/lang/foreign/SegmentScope
Event: 119.818 Loading class java/lang/foreign/SegmentScope done
Event: 119.818 Loading class java/lang/foreign/SegmentAllocator
Event: 119.818 Loading class java/lang/foreign/SegmentAllocator done
Event: 119.818 Loading class jdk/internal/foreign/MemorySessionImpl done
Event: 148.845 Loading class java/lang/Deprecated
Event: 148.845 Loading class java/lang/Deprecated done

Classes unloaded (0 events):
No events

Classes redefined (0 events):
No events

Internal exceptions (20 events):
Event: 106.452 Thread 0x000001cc66879d40 Exception <a 'java/lang/NullPointerException'{0x000000008bbee6b0}> (0x000000008bbee6b0) 
thrown [s\open\src\hotspot\share\interpreter\linkResolver.cpp, line 1373]
Event: 106.452 Thread 0x000001cc66879d40 Exception <a 'java/lang/NullPointerException'{0x000000008bbeec50}> (0x000000008bbeec50) 
thrown [s\open\src\hotspot\share\interpreter\linkResolver.cpp, line 1373]
Event: 106.452 Thread 0x000001cc66879d40 Exception <a 'java/lang/NullPointerException'{0x000000008bbeef30}> (0x000000008bbeef30) 
thrown [s\open\src\hotspot\share\interpreter\linkResolver.cpp, line 1373]
Event: 106.512 Thread 0x000001cc66879d40 Exception <a 'sun/nio/fs/WindowsException'{0x000000008ba1a340}> (0x000000008ba1a340) 
thrown [s\open\src\hotspot\share\prims\jni.cpp, line 519]
Event: 106.513 Thread 0x000001cc66879d40 Exception <a 'sun/nio/fs/WindowsException'{0x000000008ba1ab50}> (0x000000008ba1ab50) 
thrown [s\open\src\hotspot\share\prims\jni.cpp, line 519]
Event: 106.513 Thread 0x000001cc66879d40 Exception <a 'sun/nio/fs/WindowsException'{0x000000008ba1b210}> (0x000000008ba1b210) 
thrown [s\open\src\hotspot\share\prims\jni.cpp, line 519]
Event: 106.513 Thread 0x000001cc66879d40 Exception <a 'sun/nio/fs/WindowsException'{0x000000008ba1b860}> (0x000000008ba1b860) 
thrown [s\open\src\hotspot\share\prims\jni.cpp, line 519]
Event: 106.513 Thread 0x000001cc66879d40 Exception <a 'sun/nio/fs/WindowsException'{0x000000008ba1bde8}> (0x000000008ba1bde8) 
thrown [s\open\src\hotspot\share\prims\jni.cpp, line 519]
Event: 106.513 Thread 0x000001cc66879d40 Exception <a 'sun/nio/fs/WindowsException'{0x000000008ba1c340}> (0x000000008ba1c340) 
thrown [s\open\src\hotspot\share\prims\jni.cpp, line 519]
Event: 106.513 Thread 0x000001cc66879d40 Exception <a 'sun/nio/fs/WindowsException'{0x000000008ba1c800}> (0x000000008ba1c800) 
thrown [s\open\src\hotspot\share\prims\jni.cpp, line 519]
Event: 106.601 Thread 0x000001cc66879d40 Exception <a 'java/lang/NoSuchMethodError'{0x000000008ba8edb8}: 'void java.lang.invoke.DirectMethodHandle$Holder.invokeStatic(java.lang.Object, java.lang.Object, java.lang.Object)'> (0x000000008ba8edb8) 
thrown [s\open\src\hotspot\share\interpreter\linkResolver.cpp, line 773]
Event: 109.519 Thread 0x000001cc66879d40 Exception <a 'java/lang/NoSuchMethodError'{0x000000008b84ab10}: 'java.lang.Object java.lang.invoke.DirectMethodHandle$Holder.invokeSpecialIFC(java.lang.Object, java.lang.Object, java.lang.Object, java.lang.Object)'> (0x000000008b84ab10) 
thrown [s\open\src\hotspot\share\interpreter\linkResolver.cpp, line 773]
Event: 112.330 Thread 0x000001cc66879d40 Exception <a 'java/lang/NoSuchMethodError'{0x000000008b3b30c8}: 'void java.lang.invoke.DirectMethodHandle$Holder.invokeSpecial(java.lang.Object, java.lang.Object, java.lang.Object)'> (0x000000008b3b30c8) 
thrown [s\open\src\hotspot\share\interpreter\linkResolver.cpp, line 773]
Event: 113.571 Thread 0x000001cc66879d40 Exception <a 'java/lang/NoSuchMethodError'{0x000000008b2f8a80}: 'java.lang.Object java.lang.invoke.DirectMethodHandle$Holder.invokeInterface(java.lang.Object, java.lang.Object)'> (0x000000008b2f8a80) 
thrown [s\open\src\hotspot\share\interpreter\linkResolver.cpp, line 773]
Event: 114.405 Thread 0x000001cc66879d40 Exception <a 'java/lang/NoSuchMethodError'{0x000000008b18de78}: 'int java.lang.invoke.DirectMethodHandle$Holder.invokeStatic(java.lang.Object, java.lang.Object, java.lang.Object, java.lang.Object)'> (0x000000008b18de78) 
thrown [s\open\src\hotspot\share\interpreter\linkResolver.cpp, line 773]
Event: 114.406 Thread 0x000001cc66879d40 Exception <a 'java/lang/NoSuchMethodError'{0x000000008b1914f8}: 'java.lang.Object java.lang.invoke.Invokers$Holder.invokeExact_MT(java.lang.Object, java.lang.Object, java.lang.Object, java.lang.Object, java.lang.Object, java.lang.Object)'> (0x000000008b1914f8) 
thrown [s\open\src\hotspot\share\interpreter\linkResolver.cpp, line 773]
Event: 114.410 Thread 0x000001cc66879d40 Exception <a 'java/lang/NoSuchMethodError'{0x000000008b1a1948}: 'int java.lang.invoke.DirectMethodHandle$Holder.invokeSpecialIFC(java.lang.Object, java.lang.Object, java.lang.Object, java.lang.Object, java.lang.Object)'> (0x000000008b1a1948) 
thrown [s\open\src\hotspot\share\interpreter\linkResolver.cpp, line 773]
Event: 116.443 Thread 0x000001cc66879d40 Exception <a 'java/lang/NoSuchMethodError'{0x000000008af1ef98}: 'java.lang.Object java.lang.invoke.DirectMethodHandle$Holder.newInvokeSpecial(java.lang.Object, java.lang.Object, java.lang.Object, java.lang.Object, java.lang.Object)'> (0x000000008af1ef98) 
thrown [s\open\src\hotspot\share\interpreter\linkResolver.cpp, line 773]
Event: 117.987 Thread 0x000001cc66879d40 Exception <a 'java/lang/NoSuchMethodError'{0x000000008ae16bb8}: 'int java.lang.invoke.DirectMethodHandle$Holder.invokeStaticInit(java.lang.Object, java.lang.Object)'> (0x000000008ae16bb8) 
thrown [s\open\src\hotspot\share\interpreter\linkResolver.cpp, line 773]
Event: 117.996 Thread 0x000001cc66879d40 Exception <a 'java/lang/NoClassDefFoundError'{0x000000008ae4b4d8}: javax/enterprise/inject/Typed> (0x000000008ae4b4d8) 
thrown [s\open\src\hotspot\share\classfile\systemDictionary.cpp, line 294]

VM Operations (20 events):
Event: 129.413 Executing VM operation: Cleanup
Event: 130.921 Executing VM operation: Cleanup done
Event: 131.926 Executing VM operation: Cleanup
Event: 131.961 Executing VM operation: Cleanup done
Event: 134.986 Executing VM operation: Cleanup
Event: 135.069 Executing VM operation: Cleanup done
Event: 137.085 Executing VM operation: Cleanup
Event: 137.106 Executing VM operation: Cleanup done
Event: 140.151 Executing VM operation: Cleanup
Event: 140.231 Executing VM operation: Cleanup done
Event: 141.249 Executing VM operation: Cleanup
Event: 141.287 Executing VM operation: Cleanup done
Event: 143.308 Executing VM operation: Cleanup
Event: 143.406 Executing VM operation: Cleanup done
Event: 144.413 Executing VM operation: Cleanup
Event: 144.430 Executing VM operation: Cleanup done
Event: 149.478 Executing VM operation: Cleanup
Event: 149.546 Executing VM operation: Cleanup done
Event: 150.582 Executing VM operation: Cleanup
Event: 150.598 Executing VM operation: Cleanup done

Events (13 events):
Event: 0.919 Thread 0x000001cc66879d40 Thread added: 0x000001cc66879d40
Event: 1.685 Thread 0x000001cc7f241e80 Thread added: 0x000001cc7f241e80
Event: 1.686 Thread 0x000001cc7f242960 Thread added: 0x000001cc7f242960
Event: 1.687 Thread 0x000001cc7f243530 Thread added: 0x000001cc7f243530
Event: 1.687 Thread 0x000001cc7f243f60 Thread added: 0x000001cc7f243f60
Event: 1.688 Thread 0x000001cc7f244990 Thread added: 0x000001cc7f244990
Event: 1.688 Thread 0x000001cc7f2453c0 Thread added: 0x000001cc7f2453c0
Event: 1.688 Thread 0x000001cc7f249050 Thread added: 0x000001cc7f249050
Event: 1.731 Thread 0x000001cc081401e0 Thread added: 0x000001cc081401e0
Event: 1.870 Thread 0x000001cc081be670 Thread added: 0x000001cc081be670
Event: 2.400 Thread 0x000001cc081cda50 Thread added: 0x000001cc081cda50
Event: 110.603 Thread 0x000001cc08b50ae0 Thread added: 0x000001cc08b50ae0
Event: 111.459 Thread 0x000001cc08b50ae0 Thread exited: 0x000001cc08b50ae0


Dynamic libraries:
0x00007ff611c50000 - 0x00007ff611c60000 	C:\Program Files\Java\jdk-20\bin\java.exe
0x00007ffe64a30000 - 0x00007ffe64c47000 	C:\WINDOWS\SYSTEM32\ntdll.dll
0x00007ffe1a310000 - 0x00007ffe1a32a000 	C:\Program Files\AVG\Antivirus\aswhook.dll
0x00007ffe63050000 - 0x00007ffe63114000 	C:\WINDOWS\System32\KERNEL32.DLL
0x00007ffe61d50000 - 0x00007ffe620fd000 	C:\WINDOWS\System32\KERNELBASE.dll
0x00007ffe62640000 - 0x00007ffe62751000 	C:\WINDOWS\System32\ucrtbase.dll
0x00007ffe531c0000 - 0x00007ffe531d9000 	C:\Program Files\Java\jdk-20\bin\jli.dll
0x00007ffe543d0000 - 0x00007ffe543eb000 	C:\Program Files\Java\jdk-20\bin\VCRUNTIME140.dll
0x00007ffe63370000 - 0x00007ffe63422000 	C:\WINDOWS\System32\ADVAPI32.dll
0x00007ffe62810000 - 0x00007ffe628b7000 	C:\WINDOWS\System32\msvcrt.dll
0x00007ffe62db0000 - 0x00007ffe62e59000 	C:\WINDOWS\System32\sechost.dll
0x00007ffe622e0000 - 0x00007ffe62308000 	C:\WINDOWS\System32\bcrypt.dll
0x00007ffe62e80000 - 0x00007ffe62f94000 	C:\WINDOWS\System32\RPCRT4.dll
0x00007ffe635d0000 - 0x00007ffe6377e000 	C:\WINDOWS\System32\USER32.dll
0x00007ffe62310000 - 0x00007ffe62336000 	C:\WINDOWS\System32\win32u.dll
0x00007ffe63020000 - 0x00007ffe63049000 	C:\WINDOWS\System32\GDI32.dll
0x00007ffe62100000 - 0x00007ffe62219000 	C:\WINDOWS\System32\gdi32full.dll
0x00007ffe62520000 - 0x00007ffe625ba000 	C:\WINDOWS\System32\msvcp_win.dll
0x00007ffe59090000 - 0x00007ffe5909a000 	C:\WINDOWS\SYSTEM32\VERSION.dll
0x00007ffe4a1a0000 - 0x00007ffe4a433000 	C:\WINDOWS\WinSxS\amd64_microsoft.windows.common-controls_6595b64144ccf1df_6.0.22621.3672_none_2713b9d173822955\COMCTL32.dll
0x00007ffe63c70000 - 0x00007ffe63ca1000 	C:\WINDOWS\System32\IMM32.DLL
0x00007ffe590e0000 - 0x00007ffe590ec000 	C:\Program Files\Java\jdk-20\bin\vcruntime140_1.dll
0x00007ffe22320000 - 0x00007ffe223ae000 	C:\Program Files\Java\jdk-20\bin\msvcp140.dll
0x00007ffe010d0000 - 0x00007ffe01d67000 	C:\Program Files\Java\jdk-20\bin\server\jvm.dll
0x00007ffe3a250000 - 0x00007ffe3a259000 	C:\WINDOWS\SYSTEM32\WSOCK32.dll
0x00007ffe63e60000 - 0x00007ffe63ed1000 	C:\WINDOWS\System32\WS2_32.dll
0x00007ffe5ed10000 - 0x00007ffe5ed44000 	C:\WINDOWS\SYSTEM32\WINMM.dll
0x00007ffe60e50000 - 0x00007ffe60e68000 	C:\WINDOWS\SYSTEM32\kernel.appcore.dll
0x00007ffe54450000 - 0x00007ffe5445a000 	C:\Program Files\Java\jdk-20\bin\jimage.dll
0x00007ffe5f780000 - 0x00007ffe5f9b2000 	C:\WINDOWS\SYSTEM32\DBGHELP.DLL
0x00007ffe628c0000 - 0x00007ffe62c4e000 	C:\WINDOWS\System32\combase.dll
0x00007ffe63ef0000 - 0x00007ffe63fc7000 	C:\WINDOWS\System32\OLEAUT32.dll
0x00007ffe5ecd0000 - 0x00007ffe5ed02000 	C:\WINDOWS\SYSTEM32\dbgcore.DLL
0x00007ffe625c0000 - 0x00007ffe6263b000 	C:\WINDOWS\System32\bcryptPrimitives.dll
0x00007ffe53290000 - 0x00007ffe532b6000 	C:\Program Files\Java\jdk-20\bin\java.dll
0x00007ffe15ae0000 - 0x00007ffe15bb7000 	C:\Program Files\Java\jdk-20\bin\jsvml.dll
0x00007ffe64180000 - 0x00007ffe649e7000 	C:\WINDOWS\System32\SHELL32.dll
0x00007ffe5fc90000 - 0x00007ffe6058f000 	C:\WINDOWS\SYSTEM32\windows.storage.dll
0x00007ffe5fb50000 - 0x00007ffe5fc8f000 	C:\WINDOWS\SYSTEM32\wintypes.dll
0x00007ffe63440000 - 0x00007ffe63539000 	C:\WINDOWS\System32\SHCORE.dll
0x00007ffe63120000 - 0x00007ffe6317e000 	C:\WINDOWS\System32\shlwapi.dll
0x00007ffe61c80000 - 0x00007ffe61ca7000 	C:\WINDOWS\SYSTEM32\profapi.dll
0x00007ffe53200000 - 0x00007ffe53213000 	C:\Program Files\Java\jdk-20\bin\net.dll
0x00007ffe5cf10000 - 0x00007ffe5d046000 	C:\WINDOWS\SYSTEM32\WINHTTP.dll
0x00007ffe612b0000 - 0x00007ffe61319000 	C:\WINDOWS\system32\mswsock.dll
0x00007ffe53060000 - 0x00007ffe53076000 	C:\Program Files\Java\jdk-20\bin\nio.dll
0x00007ffe53040000 - 0x00007ffe53058000 	C:\Program Files\Java\jdk-20\bin\zip.dll
0x0000000069ac0000 - 0x0000000069ae4000 	C:\Program Files\NetBeans-21\netbeans\java\maven\lib\jansi-native\Windows\x86_64\jansi.dll
0x00007ffe58da0000 - 0x00007ffe58db0000 	C:\Program Files\Java\jdk-20\bin\verify.dll

dbghelp: loaded successfully - version: 4.0.5 - missing functions: none
symbol engine: initialized successfully - sym options: 0x614 - pdb path: .;C:\Program Files\Java\jdk-20\bin;C:\WINDOWS\SYSTEM32;C:\Program Files\AVG\Antivirus;C:\WINDOWS\WinSxS\amd64_microsoft.windows.common-controls_6595b64144ccf1df_6.0.22621.3672_none_2713b9d173822955;C:\Program Files\Java\jdk-20\bin\server;C:\Program Files\NetBeans-21\netbeans\java\maven\lib\jansi-native\Windows\x86_64

VM Arguments:
jvm_args: -Dclassworlds.conf=C:\Program Files\NetBeans-21\netbeans\java\maven\bin\m2.conf -Dmaven.home=C:\Program Files\NetBeans-21\netbeans\java\maven -Dlibrary.jansi.path=C:\Program Files\NetBeans-21\netbeans\java\maven\lib\jansi-native -Dmaven.multiModuleProjectDirectory=C:\trilhaJava\pos-graduacao\utfpr-pos-graduacao\8-java-redes\atividade04\servidorclientethread 
java_command: org.codehaus.plexus.classworlds.launcher.Launcher -Dexec.vmArgs= -Dexec.args=${exec.vmArgs} -classpath %classpath ${exec.mainClass} ${exec.appArgs} -Dexec.appArgs= -Dexec.mainClass=local.javaredes.Servidorclientethread -Dexec.executable=C:\Program Files\Java\jdk-20\bin\java.exe -Dmaven.ext.class.path=C:\Program Files\NetBeans-21\netbeans\java\maven-nblib\netbeans-eventspy.jar --no-transfer-progress process-classes org.codehaus.mojo:exec-maven-plugin:3.1.0:exec
java_class_path (initial): C:\Program Files\NetBeans-21\netbeans\java\maven\boot\plexus-classworlds-2.7.0.jar
Launcher Type: SUN_STANDARD

[Global flags]
     intx CICompilerCount                          = 4                                         {product} {ergonomic}
     uint ConcGCThreads                            = 2                                         {product} {ergonomic}
     uint G1ConcRefinementThreads                  = 8                                         {product} {ergonomic}
   size_t G1HeapRegionSize                         = 1048576                                   {product} {ergonomic}
    uintx GCDrainStackTargetSize                   = 64                                        {product} {ergonomic}
   size_t InitialHeapSize                          = 130023424                                 {product} {ergonomic}
   size_t MarkStackSize                            = 4194304                                   {product} {ergonomic}
   size_t MaxHeapSize                              = 2076180480                                {product} {ergonomic}
   size_t MaxNewSize                               = 1245708288                                {product} {ergonomic}
   size_t MinHeapDeltaBytes                        = 1048576                                   {product} {ergonomic}
   size_t MinHeapSize                              = 8388608                                   {product} {ergonomic}
    uintx NonNMethodCodeHeapSize                   = 5839372                                {pd product} {ergonomic}
    uintx NonProfiledCodeHeapSize                  = 122909434                              {pd product} {ergonomic}
    uintx ProfiledCodeHeapSize                     = 122909434                              {pd product} {ergonomic}
    uintx ReservedCodeCacheSize                    = 251658240                              {pd product} {ergonomic}
     bool SegmentedCodeCache                       = true                                      {product} {ergonomic}
   size_t SoftMaxHeapSize                          = 2076180480                             {manageable} {ergonomic}
     bool UseCompressedClassPointers               = true                           {product lp64_product} {ergonomic}
     bool UseCompressedOops                        = true                           {product lp64_product} {ergonomic}
     bool UseG1GC                                  = true                                      {product} {ergonomic}
     bool UseLargePagesIndividualAllocation        = false                                  {pd product} {ergonomic}

Logging:
Log output configuration:
 #0: stdout all=warning uptime,level,tags foldmultilines=false
 #1: stderr all=off uptime,level,tags foldmultilines=false

Environment Variables:
JAVA_HOME=C:\Program Files\Java\jdk-20
PATH=C:\Program Files\Common Files\Oracle\Java\javapath;C:\Program Files (x86)\Common Files\Oracle\Java\java8path;C:\Program Files (x86)\Common Files\Oracle\Java\javapath;C:\WINDOWS\system32;C:\WINDOWS;C:\WINDOWS\System32\Wbem;C:\WINDOWS\System32\WindowsPowerShell\v1.0\;C:\WINDOWS\System32\OpenSSH\;C:\Program Files\dotnet\;C:\Program Files\Git\cmd;C:\Program Files\Java\jdk-20\bin;C:\trilhaJava\devtools\apache-maven-3.8.8-bin\apache-maven-3.8.8\bin;C:\Program Files\Java\jdk11.0.20_9;;C:\Program Files\Docker\Docker\resources\bin;C:\Program Files\Amazon\AWSCLIV2\;C:\Program Files\nodejs\;C:\Users\engen\anaconda3;C:\Users\engen\anaconda3\Library\mingw-w64\bin;C:\Users\engen\anaconda3\Library\usr\bin;C:\Users\engen\anaconda3\Library\bin;C:\Users\engen\anaconda3\Scripts;C:\Program Files\MySQL\MySQL Shell 8.0\bin\;C:\Users\engen\AppData\Local\Microsoft\WindowsApps;C:\Users\engen\AppData\Local\Programs\Microsoft VS Code\bin;C:\Program Files\Java\jdk-20\bin;C:\Users\engen\.dotnet\tools;C:\Users\engen\AppData\Roaming\npm
USERNAME=engen
OS=Windows_NT
PROCESSOR_IDENTIFIER=Intel64 Family 6 Model 140 Stepping 1, GenuineIntel
TMP=C:\Users\engen\AppData\Local\Temp
TEMP=C:\Users\engen\AppData\Local\Temp




---------------  S Y S T E M  ---------------

OS:
 Windows 11 , 64 bit Build 22621 (10.0.22621.3958)
OS uptime: 5 days 5:42 hours
Hyper-V role detected

CPU: total 8 (initial active 8) (4 cores per cpu, 2 threads per core) family 6 model 140 stepping 1 microcode 0xb8, cx8, cmov, fxsr, ht, mmx, 3dnowpref, sse, sse2, sse3, ssse3, sse4.1, sse4.2, popcnt, lzcnt, tsc, tscinvbit, avx, avx2, aes, erms, clmul, bmi1, bmi2, adx, avx512f, avx512dq, avx512cd, avx512bw, avx512vl, sha, fma, vzeroupper, avx512_vpopcntdq, avx512_vpclmulqdq, avx512_vaes, avx512_vnni, clflush, clflushopt, clwb, avx512_vbmi2, avx512_vbmi, hv, rdtscp, rdpid, fsrm, gfni, avx512_bitalg, f16c, cet_ibt, cet_ss, avx512_ifma

Memory: 4k page, system-wide physical 7914M (206M free)
TotalPageFile size 30794M (AvailPageFile size 6M)
current process WorkingSet (physical memory assigned to process): 43M, peak: 81M
current process commit charge ("private bytes"): 219M, peak: 222M

vm_info: Java HotSpot(TM) 64-Bit Server VM (20.0.1+9-29) for windows-amd64 JRE (20.0.1+9-29), built on 2023-03-07T13:56:11Z by "mach5one" with MS VC++ 17.1 (VS2022)

END.
