#
# There is insufficient memory for the Java Runtime Environment to continue.
# Native memory allocation (mmap) failed to map 70254592 bytes for G1 virtual space
# Possible reasons:
#   The system is out of physical RAM or swap space
#   The process is running with CompressedOops enabled, and the Java Heap may be blocking the growth of the native heap
# Possible solutions:
#   Reduce memory load on the system
#   Increase physical memory or swap space
#   Check if swap backing store is full
#   Decrease Java heap size (-Xmx/-Xms)
#   Decrease number of Java threads
#   Decrease Java thread stack sizes (-Xss)
#   Set larger code cache with -XX:ReservedCodeCacheSize=
#   JVM is running with Unscaled Compressed Oops mode in which the Java heap is
#     placed in the first 4GB address space. The Java Heap base address is the
#     maximum limit for the native heap growth. Please use -XX:HeapBaseMinAddress
#     to set the Java Heap base and to place the Java Heap above 4GB virtual address.
# This output file may be truncated or incomplete.
#
#  Out of Memory Error (os_windows.cpp:3528), pid=297528, tid=294520
#
# JRE version: Java(TM) SE Runtime Environment (20.0.1+9) (build 20.0.1+9-29)
# Java VM: Java HotSpot(TM) 64-Bit Server VM (20.0.1+9-29, mixed mode, sharing, tiered, compressed oops, compressed class ptrs, g1 gc, windows-amd64)
# No core dump will be written. Minidumps are not enabled by default on client versions of Windows
#

---------------  S U M M A R Y ------------

Command Line: -Dclassworlds.conf=C:\Program Files\NetBeans-21\netbeans\java\maven\bin\m2.conf -Dmaven.home=C:\Program Files\NetBeans-21\netbeans\java\maven -Dlibrary.jansi.path=C:\Program Files\NetBeans-21\netbeans\java\maven\lib\jansi-native -Dmaven.multiModuleProjectDirectory=C:\trilhaJava\pos-graduacao\utfpr-pos-graduacao\8-java-redes\atividade04\servidorclientethread org.codehaus.plexus.classworlds.launcher.Launcher -Dexec.vmArgs= -Dexec.args=${exec.vmArgs} -classpath %classpath ${exec.mainClass} ${exec.appArgs} -Dexec.appArgs= -Dexec.mainClass=local.javaredes.Servidorclientethread -Dexec.executable=C:\Program Files\Java\jdk-20\bin\java.exe -Dmaven.ext.class.path=C:\Program Files\NetBeans-21\netbeans\java\maven-nblib\netbeans-eventspy.jar --no-transfer-progress process-classes org.codehaus.mojo:exec-maven-plugin:3.1.0:exec

Host: 11th Gen Intel(R) Core(TM) i5-1135G7 @ 2.40GHz, 8 cores, 7G,  Windows 11 , 64 bit Build 22621 (10.0.22621.3958)
Time: Wed Oct  2 17:04:59 2024 Hora oficial do Brasil elapsed time: 161.390759 seconds (0d 0h 2m 41s)

---------------  T H R E A D  ---------------

Current thread (0x00000201c780e330):  VMThread "VM Thread" [stack: 0x0000004cea700000,0x0000004cea800000] [id=294520]

Stack: [0x0000004cea700000,0x0000004cea800000]
Native frames: (J=compiled Java code, j=interpreted, Vv=VM code, C=native code)
V  [jvm.dll+0x6bb95a]
V  [jvm.dll+0x8485fa]
V  [jvm.dll+0x84a1f5]
V  [jvm.dll+0x84a8f3]
V  [jvm.dll+0x280b0f]
V  [jvm.dll+0x6b86e9]
V  [jvm.dll+0x6ad2da]
V  [jvm.dll+0x35adf5]
V  [jvm.dll+0x363016]
V  [jvm.dll+0x3b3b3e]
V  [jvm.dll+0x3b3dc5]
V  [jvm.dll+0x32b50a]
V  [jvm.dll+0x32b5b7]
V  [jvm.dll+0x373942]
V  [jvm.dll+0x372140]
V  [jvm.dll+0x32ac51]
V  [jvm.dll+0x371836]
V  [jvm.dll+0x85023e]
V  [jvm.dll+0x851351]
V  [jvm.dll+0x851859]
V  [jvm.dll+0x851ad3]
V  [jvm.dll+0x7f4b56]
V  [jvm.dll+0x6ba5cb]
C  [ucrtbase.dll+0x29333]
C  [KERNEL32.DLL+0x1257d]
C  [ntdll.dll+0x5af28]

VM_Operation (0x0000004cea1fcb60): G1CollectForAllocation, mode: safepoint, requested by thread 0x00000201a8f2e7d0


---------------  P R O C E S S  ---------------

Threads class SMR info:
_java_thread_list=0x00000201cbd023a0, length=11, elements={
0x00000201a8f2e7d0, 0x00000201c7831e50, 0x00000201c7832a50, 0x00000201c7833740,
0x00000201c7835180, 0x00000201c7835bb0, 0x00000201c78365e0, 0x00000201c7838260,
0x00000201c7839710, 0x00000201cbcff010, 0x00000201cbd0b9f0
}

Java Threads: ( => current thread )
  0x00000201a8f2e7d0 JavaThread "main" [_thread_blocked, id=298888, stack(0x0000004cea100000,0x0000004cea200000)]
  0x00000201c7831e50 JavaThread "Reference Handler" daemon [_thread_blocked, id=301052, stack(0x0000004cea800000,0x0000004cea900000)]
  0x00000201c7832a50 JavaThread "Finalizer" daemon [_thread_blocked, id=297896, stack(0x0000004cea900000,0x0000004ceaa00000)]
  0x00000201c7833740 JavaThread "Signal Dispatcher" daemon [_thread_blocked, id=297860, stack(0x0000004ceaa00000,0x0000004ceab00000)]
  0x00000201c7835180 JavaThread "Attach Listener" daemon [_thread_blocked, id=299672, stack(0x0000004ceab00000,0x0000004ceac00000)]
  0x00000201c7835bb0 JavaThread "Service Thread" daemon [_thread_blocked, id=297900, stack(0x0000004ceac00000,0x0000004cead00000)]
  0x00000201c78365e0 JavaThread "Monitor Deflation Thread" daemon [_thread_blocked, id=301044, stack(0x0000004cead00000,0x0000004ceae00000)]
  0x00000201c7838260 JavaThread "C2 CompilerThread0" daemon [_thread_blocked, id=298020, stack(0x0000004ceae00000,0x0000004ceaf00000)]
  0x00000201c7839710 JavaThread "C1 CompilerThread0" daemon [_thread_blocked, id=298276, stack(0x0000004ceaf00000,0x0000004ceb000000)]
  0x00000201cbcff010 JavaThread "Notification Thread" daemon [_thread_blocked, id=301468, stack(0x0000004ceb000000,0x0000004ceb100000)]
  0x00000201cbd0b9f0 JavaThread "Common-Cleaner" daemon [_thread_blocked, id=301908, stack(0x0000004ceb200000,0x0000004ceb300000)]

Other Threads:
=>0x00000201c780e330 VMThread "VM Thread" [stack: 0x0000004cea700000,0x0000004cea800000] [id=294520]
  0x00000201cbd01570 WatcherThread "VM Periodic Task Thread" [stack: 0x0000004ceb100000,0x0000004ceb200000] [id=300480]
  0x00000201aaff8af0 WorkerThread "GC Thread#0" [stack: 0x0000004cea200000,0x0000004cea300000] [id=295360]
  0x00000201cbf91bc0 WorkerThread "GC Thread#1" [stack: 0x0000004ce9e00000,0x0000004ce9f00000] [id=312212]
  0x00000201cbf91080 WorkerThread "GC Thread#2" [stack: 0x0000004ce9f00000,0x0000004cea000000] [id=311396]
  0x00000201cbf92160 WorkerThread "GC Thread#3" [stack: 0x0000004cea000000,0x0000004cea100000] [id=280940]
  0x00000201cbf918f0 WorkerThread "GC Thread#4" [stack: 0x0000004ceb300000,0x0000004ceb400000] [id=282648]
  0x00000201cbf90ae0 WorkerThread "GC Thread#5" [stack: 0x0000004ceb400000,0x0000004ceb500000] [id=280916]
  0x00000201cbf90db0 WorkerThread "GC Thread#6" [stack: 0x0000004ceb500000,0x0000004ceb600000] [id=280100]
  0x00000201cbf91e90 WorkerThread "GC Thread#7" [stack: 0x0000004ceb600000,0x0000004ceb700000] [id=281744]
  0x00000201ab009180 ConcurrentGCThread "G1 Main Marker" [stack: 0x0000004cea300000,0x0000004cea400000] [id=297176]
  0x00000201ab009bb0 WorkerThread "G1 Conc#0" [stack: 0x0000004cea400000,0x0000004cea500000] [id=299036]
  0x00000201c76cd530 ConcurrentGCThread "G1 Refine#0" [stack: 0x0000004cea500000,0x0000004cea600000] [id=284840]
  0x00000201ab04e470 ConcurrentGCThread "G1 Service" [stack: 0x0000004cea600000,0x0000004cea700000] [id=295300]

Threads with active compile tasks:

VM state: at safepoint (normal execution)

VM Mutex/Monitor currently owned by a thread:  ([mutex/lock_event])
[0x00000201a8f2caf0] Threads_lock - owner thread: 0x00000201c780e330
[0x00000201a8f2bce0] Heap_lock - owner thread: 0x00000201a8f2e7d0

Heap address: 0x0000000084400000, size: 1980 MB, Compressed Oops mode: 32-bit

CDS archive(s) mapped at: [0x0000000800000000-0x0000000800c60000-0x0000000800c60000), size 12976128, SharedBaseAddress: 0x0000000800000000, ArchiveRelocationMode: 0.
Compressed class space mapped at: 0x0000000801000000-0x0000000841000000, reserved size: 1073741824
Narrow klass base: 0x0000000800000000, Narrow klass shift: 0, Narrow klass range: 0x100000000

GC Precious Log:
 CardTable entry size: 512
 Card Set container configuration: InlinePtr #cards 5 size 8 Array Of Cards #cards 12 size 40 Howl #buckets 4 coarsen threshold 1843 Howl Bitmap #cards 512 size 80 coarsen threshold 460 Card regions per heap region 1 cards per card region 2048
 CPUs: 8 total, 8 available
 Memory: 7914M
 Large Page Support: Disabled
 NUMA Support: Disabled
 Compressed Oops: Enabled (32-bit)
 Heap Region Size: 1M
 Heap Min Capacity: 8M
 Heap Initial Capacity: 124M
 Heap Max Capacity: 1980M
 Pre-touch: Disabled
 Parallel Workers: 8
 Concurrent Workers: 2
 Concurrent Refinement Workers: 8
 Periodic GC: Disabled

Heap:
 garbage-first heap   total 126976K, used 6125K [0x0000000084400000, 0x0000000100000000)
  region size 1024K, 1 young (1024K), 1 survivors (1024K)
 Metaspace       used 10902K, committed 11072K, reserved 1114112K
  class space    used 1279K, committed 1344K, reserved 1048576K

Heap Regions: E=young(eden), S=young(survivor), O=old, HS=humongous(starts), HC=humongous(continues), CS=collection set, F=free, OA=open archive, CA=closed archive, TAMS=top-at-mark-start, PB=parsable bottom
|   0|0x0000000084400000, 0x0000000084500000, 0x0000000084500000|100%| O|  |TAMS 0x0000000084400000| PB 0x0000000084400000| Untracked 
|   1|0x0000000084500000, 0x0000000084600000, 0x0000000084600000|100%| O|  |TAMS 0x0000000084500000| PB 0x0000000084500000| Untracked 
|   2|0x0000000084600000, 0x0000000084700000, 0x0000000084700000|100%| O|  |TAMS 0x0000000084600000| PB 0x0000000084600000| Untracked 
|   3|0x0000000084700000, 0x0000000084800000, 0x0000000084800000|100%| O|  |TAMS 0x0000000084700000| PB 0x0000000084700000| Untracked 
|   4|0x0000000084800000, 0x00000000848fb600, 0x0000000084900000| 98%| O|  |TAMS 0x0000000084800000| PB 0x0000000084800000| Untracked 
|   5|0x0000000084900000, 0x0000000084900000, 0x0000000084a00000|  0%| F|  |TAMS 0x0000000084900000| PB 0x0000000084900000| Untracked 
|   6|0x0000000084a00000, 0x0000000084a00000, 0x0000000084b00000|  0%| F|  |TAMS 0x0000000084a00000| PB 0x0000000084a00000| Untracked 
|   7|0x0000000084b00000, 0x0000000084b00000, 0x0000000084c00000|  0%| F|  |TAMS 0x0000000084b00000| PB 0x0000000084b00000| Untracked 
|   8|0x0000000084c00000, 0x0000000084c00000, 0x0000000084d00000|  0%| F|  |TAMS 0x0000000084c00000| PB 0x0000000084c00000| Untracked 
|   9|0x0000000084d00000, 0x0000000084d00000, 0x0000000084e00000|  0%| F|  |TAMS 0x0000000084d00000| PB 0x0000000084d00000| Untracked 
|  10|0x0000000084e00000, 0x0000000084e00000, 0x0000000084f00000|  0%| F|  |TAMS 0x0000000084e00000| PB 0x0000000084e00000| Untracked 
|  11|0x0000000084f00000, 0x0000000084f00000, 0x0000000085000000|  0%| F|  |TAMS 0x0000000084f00000| PB 0x0000000084f00000| Untracked 
|  12|0x0000000085000000, 0x0000000085000000, 0x0000000085100000|  0%| F|  |TAMS 0x0000000085000000| PB 0x0000000085000000| Untracked 
|  13|0x0000000085100000, 0x0000000085100000, 0x0000000085200000|  0%| F|  |TAMS 0x0000000085100000| PB 0x0000000085100000| Untracked 
|  14|0x0000000085200000, 0x0000000085200000, 0x0000000085300000|  0%| F|  |TAMS 0x0000000085200000| PB 0x0000000085200000| Untracked 
|  15|0x0000000085300000, 0x0000000085300000, 0x0000000085400000|  0%| F|  |TAMS 0x0000000085300000| PB 0x0000000085300000| Untracked 
|  16|0x0000000085400000, 0x0000000085400000, 0x0000000085500000|  0%| F|  |TAMS 0x0000000085400000| PB 0x0000000085400000| Untracked 
|  17|0x0000000085500000, 0x0000000085500000, 0x0000000085600000|  0%| F|  |TAMS 0x0000000085500000| PB 0x0000000085500000| Untracked 
|  18|0x0000000085600000, 0x0000000085600000, 0x0000000085700000|  0%| F|  |TAMS 0x0000000085600000| PB 0x0000000085600000| Untracked 
|  19|0x0000000085700000, 0x0000000085700000, 0x0000000085800000|  0%| F|  |TAMS 0x0000000085700000| PB 0x0000000085700000| Untracked 
|  20|0x0000000085800000, 0x0000000085800000, 0x0000000085900000|  0%| F|  |TAMS 0x0000000085800000| PB 0x0000000085800000| Untracked 
|  21|0x0000000085900000, 0x0000000085900000, 0x0000000085a00000|  0%| F|  |TAMS 0x0000000085900000| PB 0x0000000085900000| Untracked 
|  22|0x0000000085a00000, 0x0000000085a00000, 0x0000000085b00000|  0%| F|  |TAMS 0x0000000085a00000| PB 0x0000000085a00000| Untracked 
|  23|0x0000000085b00000, 0x0000000085b00000, 0x0000000085c00000|  0%| F|  |TAMS 0x0000000085b00000| PB 0x0000000085b00000| Untracked 
|  24|0x0000000085c00000, 0x0000000085c00000, 0x0000000085d00000|  0%| F|  |TAMS 0x0000000085c00000| PB 0x0000000085c00000| Untracked 
|  25|0x0000000085d00000, 0x0000000085d00000, 0x0000000085e00000|  0%| F|  |TAMS 0x0000000085d00000| PB 0x0000000085d00000| Untracked 
|  26|0x0000000085e00000, 0x0000000085e00000, 0x0000000085f00000|  0%| F|  |TAMS 0x0000000085e00000| PB 0x0000000085e00000| Untracked 
|  27|0x0000000085f00000, 0x0000000085f00000, 0x0000000086000000|  0%| F|  |TAMS 0x0000000085f00000| PB 0x0000000085f00000| Untracked 
|  28|0x0000000086000000, 0x0000000086000000, 0x0000000086100000|  0%| F|  |TAMS 0x0000000086000000| PB 0x0000000086000000| Untracked 
|  29|0x0000000086100000, 0x0000000086100000, 0x0000000086200000|  0%| F|  |TAMS 0x0000000086100000| PB 0x0000000086100000| Untracked 
|  30|0x0000000086200000, 0x0000000086200000, 0x0000000086300000|  0%| F|  |TAMS 0x0000000086200000| PB 0x0000000086200000| Untracked 
|  31|0x0000000086300000, 0x0000000086300000, 0x0000000086400000|  0%| F|  |TAMS 0x0000000086300000| PB 0x0000000086300000| Untracked 
|  32|0x0000000086400000, 0x0000000086400000, 0x0000000086500000|  0%| F|  |TAMS 0x0000000086400000| PB 0x0000000086400000| Untracked 
|  33|0x0000000086500000, 0x0000000086500000, 0x0000000086600000|  0%| F|  |TAMS 0x0000000086500000| PB 0x0000000086500000| Untracked 
|  34|0x0000000086600000, 0x0000000086600000, 0x0000000086700000|  0%| F|  |TAMS 0x0000000086600000| PB 0x0000000086600000| Untracked 
|  35|0x0000000086700000, 0x0000000086700000, 0x0000000086800000|  0%| F|  |TAMS 0x0000000086700000| PB 0x0000000086700000| Untracked 
|  36|0x0000000086800000, 0x0000000086800000, 0x0000000086900000|  0%| F|  |TAMS 0x0000000086800000| PB 0x0000000086800000| Untracked 
|  37|0x0000000086900000, 0x0000000086900000, 0x0000000086a00000|  0%| F|  |TAMS 0x0000000086900000| PB 0x0000000086900000| Untracked 
|  38|0x0000000086a00000, 0x0000000086a00000, 0x0000000086b00000|  0%| F|  |TAMS 0x0000000086a00000| PB 0x0000000086a00000| Untracked 
|  39|0x0000000086b00000, 0x0000000086b00000, 0x0000000086c00000|  0%| F|  |TAMS 0x0000000086b00000| PB 0x0000000086b00000| Untracked 
|  40|0x0000000086c00000, 0x0000000086c00000, 0x0000000086d00000|  0%| F|  |TAMS 0x0000000086c00000| PB 0x0000000086c00000| Untracked 
|  41|0x0000000086d00000, 0x0000000086d00000, 0x0000000086e00000|  0%| F|  |TAMS 0x0000000086d00000| PB 0x0000000086d00000| Untracked 
|  42|0x0000000086e00000, 0x0000000086e00000, 0x0000000086f00000|  0%| F|  |TAMS 0x0000000086e00000| PB 0x0000000086e00000| Untracked 
|  43|0x0000000086f00000, 0x0000000086f00000, 0x0000000087000000|  0%| F|  |TAMS 0x0000000086f00000| PB 0x0000000086f00000| Untracked 
|  44|0x0000000087000000, 0x0000000087000000, 0x0000000087100000|  0%| F|  |TAMS 0x0000000087000000| PB 0x0000000087000000| Untracked 
|  45|0x0000000087100000, 0x0000000087100000, 0x0000000087200000|  0%| F|  |TAMS 0x0000000087100000| PB 0x0000000087100000| Untracked 
|  46|0x0000000087200000, 0x0000000087200000, 0x0000000087300000|  0%| F|  |TAMS 0x0000000087200000| PB 0x0000000087200000| Untracked 
|  47|0x0000000087300000, 0x0000000087300000, 0x0000000087400000|  0%| F|  |TAMS 0x0000000087300000| PB 0x0000000087300000| Untracked 
|  48|0x0000000087400000, 0x0000000087400000, 0x0000000087500000|  0%| F|  |TAMS 0x0000000087400000| PB 0x0000000087400000| Untracked 
|  49|0x0000000087500000, 0x0000000087500000, 0x0000000087600000|  0%| F|  |TAMS 0x0000000087500000| PB 0x0000000087500000| Untracked 
|  50|0x0000000087600000, 0x0000000087600000, 0x0000000087700000|  0%| F|  |TAMS 0x0000000087600000| PB 0x0000000087600000| Untracked 
|  51|0x0000000087700000, 0x0000000087700000, 0x0000000087800000|  0%| F|  |TAMS 0x0000000087700000| PB 0x0000000087700000| Untracked 
|  52|0x0000000087800000, 0x0000000087800000, 0x0000000087900000|  0%| F|  |TAMS 0x0000000087800000| PB 0x0000000087800000| Untracked 
|  53|0x0000000087900000, 0x0000000087900000, 0x0000000087a00000|  0%| F|  |TAMS 0x0000000087900000| PB 0x0000000087900000| Untracked 
|  54|0x0000000087a00000, 0x0000000087a00000, 0x0000000087b00000|  0%| F|  |TAMS 0x0000000087a00000| PB 0x0000000087a00000| Untracked 
|  55|0x0000000087b00000, 0x0000000087b00000, 0x0000000087c00000|  0%| F|  |TAMS 0x0000000087b00000| PB 0x0000000087b00000| Untracked 
|  56|0x0000000087c00000, 0x0000000087c00000, 0x0000000087d00000|  0%| F|  |TAMS 0x0000000087c00000| PB 0x0000000087c00000| Untracked 
|  57|0x0000000087d00000, 0x0000000087d00000, 0x0000000087e00000|  0%| F|  |TAMS 0x0000000087d00000| PB 0x0000000087d00000| Untracked 
|  58|0x0000000087e00000, 0x0000000087e00000, 0x0000000087f00000|  0%| F|  |TAMS 0x0000000087e00000| PB 0x0000000087e00000| Untracked 
|  59|0x0000000087f00000, 0x0000000087f00000, 0x0000000088000000|  0%| F|  |TAMS 0x0000000087f00000| PB 0x0000000087f00000| Untracked 
|  60|0x0000000088000000, 0x0000000088000000, 0x0000000088100000|  0%| F|  |TAMS 0x0000000088000000| PB 0x0000000088000000| Untracked 
|  61|0x0000000088100000, 0x0000000088100000, 0x0000000088200000|  0%| F|  |TAMS 0x0000000088100000| PB 0x0000000088100000| Untracked 
|  62|0x0000000088200000, 0x0000000088200000, 0x0000000088300000|  0%| F|  |TAMS 0x0000000088200000| PB 0x0000000088200000| Untracked 
|  63|0x0000000088300000, 0x0000000088300000, 0x0000000088400000|  0%| F|  |TAMS 0x0000000088300000| PB 0x0000000088300000| Untracked 
|  64|0x0000000088400000, 0x0000000088400000, 0x0000000088500000|  0%| F|  |TAMS 0x0000000088400000| PB 0x0000000088400000| Untracked 
|  65|0x0000000088500000, 0x0000000088500000, 0x0000000088600000|  0%| F|  |TAMS 0x0000000088500000| PB 0x0000000088500000| Untracked 
|  66|0x0000000088600000, 0x0000000088600000, 0x0000000088700000|  0%| F|  |TAMS 0x0000000088600000| PB 0x0000000088600000| Untracked 
|  67|0x0000000088700000, 0x0000000088700000, 0x0000000088800000|  0%| F|  |TAMS 0x0000000088700000| PB 0x0000000088700000| Untracked 
|  68|0x0000000088800000, 0x0000000088800000, 0x0000000088900000|  0%| F|  |TAMS 0x0000000088800000| PB 0x0000000088800000| Untracked 
|  69|0x0000000088900000, 0x0000000088900000, 0x0000000088a00000|  0%| F|  |TAMS 0x0000000088900000| PB 0x0000000088900000| Untracked 
|  70|0x0000000088a00000, 0x0000000088a00000, 0x0000000088b00000|  0%| F|  |TAMS 0x0000000088a00000| PB 0x0000000088a00000| Untracked 
|  71|0x0000000088b00000, 0x0000000088b00000, 0x0000000088c00000|  0%| F|  |TAMS 0x0000000088b00000| PB 0x0000000088b00000| Untracked 
|  72|0x0000000088c00000, 0x0000000088c00000, 0x0000000088d00000|  0%| F|  |TAMS 0x0000000088c00000| PB 0x0000000088c00000| Untracked 
|  73|0x0000000088d00000, 0x0000000088d00000, 0x0000000088e00000|  0%| F|  |TAMS 0x0000000088d00000| PB 0x0000000088d00000| Untracked 
|  74|0x0000000088e00000, 0x0000000088e00000, 0x0000000088f00000|  0%| F|  |TAMS 0x0000000088e00000| PB 0x0000000088e00000| Untracked 
|  75|0x0000000088f00000, 0x0000000088f00000, 0x0000000089000000|  0%| F|  |TAMS 0x0000000088f00000| PB 0x0000000088f00000| Untracked 
|  76|0x0000000089000000, 0x0000000089000000, 0x0000000089100000|  0%| F|  |TAMS 0x0000000089000000| PB 0x0000000089000000| Untracked 
|  77|0x0000000089100000, 0x0000000089100000, 0x0000000089200000|  0%| F|  |TAMS 0x0000000089100000| PB 0x0000000089100000| Untracked 
|  78|0x0000000089200000, 0x0000000089200000, 0x0000000089300000|  0%| F|  |TAMS 0x0000000089200000| PB 0x0000000089200000| Untracked 
|  79|0x0000000089300000, 0x0000000089300000, 0x0000000089400000|  0%| F|  |TAMS 0x0000000089300000| PB 0x0000000089300000| Untracked 
|  80|0x0000000089400000, 0x0000000089400000, 0x0000000089500000|  0%| F|  |TAMS 0x0000000089400000| PB 0x0000000089400000| Untracked 
|  81|0x0000000089500000, 0x0000000089500000, 0x0000000089600000|  0%| F|  |TAMS 0x0000000089500000| PB 0x0000000089500000| Untracked 
|  82|0x0000000089600000, 0x0000000089600000, 0x0000000089700000|  0%| F|  |TAMS 0x0000000089600000| PB 0x0000000089600000| Untracked 
|  83|0x0000000089700000, 0x0000000089700000, 0x0000000089800000|  0%| F|  |TAMS 0x0000000089700000| PB 0x0000000089700000| Untracked 
|  84|0x0000000089800000, 0x0000000089800000, 0x0000000089900000|  0%| F|  |TAMS 0x0000000089800000| PB 0x0000000089800000| Untracked 
|  85|0x0000000089900000, 0x0000000089900000, 0x0000000089a00000|  0%| F|  |TAMS 0x0000000089900000| PB 0x0000000089900000| Untracked 
|  86|0x0000000089a00000, 0x0000000089a00000, 0x0000000089b00000|  0%| F|  |TAMS 0x0000000089a00000| PB 0x0000000089a00000| Untracked 
|  87|0x0000000089b00000, 0x0000000089b00000, 0x0000000089c00000|  0%| F|  |TAMS 0x0000000089b00000| PB 0x0000000089b00000| Untracked 
|  88|0x0000000089c00000, 0x0000000089c00000, 0x0000000089d00000|  0%| F|  |TAMS 0x0000000089c00000| PB 0x0000000089c00000| Untracked 
|  89|0x0000000089d00000, 0x0000000089d00000, 0x0000000089e00000|  0%| F|  |TAMS 0x0000000089d00000| PB 0x0000000089d00000| Untracked 
|  90|0x0000000089e00000, 0x0000000089e00000, 0x0000000089f00000|  0%| F|  |TAMS 0x0000000089e00000| PB 0x0000000089e00000| Untracked 
|  91|0x0000000089f00000, 0x0000000089f00000, 0x000000008a000000|  0%| F|  |TAMS 0x0000000089f00000| PB 0x0000000089f00000| Untracked 
|  92|0x000000008a000000, 0x000000008a000000, 0x000000008a100000|  0%| F|  |TAMS 0x000000008a000000| PB 0x000000008a000000| Untracked 
|  93|0x000000008a100000, 0x000000008a100000, 0x000000008a200000|  0%| F|  |TAMS 0x000000008a100000| PB 0x000000008a100000| Untracked 
|  94|0x000000008a200000, 0x000000008a200000, 0x000000008a300000|  0%| F|  |TAMS 0x000000008a200000| PB 0x000000008a200000| Untracked 
|  95|0x000000008a300000, 0x000000008a300000, 0x000000008a400000|  0%| F|  |TAMS 0x000000008a300000| PB 0x000000008a300000| Untracked 
|  96|0x000000008a400000, 0x000000008a400000, 0x000000008a500000|  0%| F|  |TAMS 0x000000008a400000| PB 0x000000008a400000| Untracked 
|  97|0x000000008a500000, 0x000000008a500000, 0x000000008a600000|  0%| F|  |TAMS 0x000000008a500000| PB 0x000000008a500000| Untracked 
|  98|0x000000008a600000, 0x000000008a600000, 0x000000008a700000|  0%| F|  |TAMS 0x000000008a600000| PB 0x000000008a600000| Untracked 
|  99|0x000000008a700000, 0x000000008a700000, 0x000000008a800000|  0%| F|  |TAMS 0x000000008a700000| PB 0x000000008a700000| Untracked 
| 100|0x000000008a800000, 0x000000008a800000, 0x000000008a900000|  0%| F|  |TAMS 0x000000008a800000| PB 0x000000008a800000| Untracked 
| 101|0x000000008a900000, 0x000000008a900000, 0x000000008aa00000|  0%| F|  |TAMS 0x000000008a900000| PB 0x000000008a900000| Untracked 
| 102|0x000000008aa00000, 0x000000008aa00000, 0x000000008ab00000|  0%| F|  |TAMS 0x000000008aa00000| PB 0x000000008aa00000| Untracked 
| 103|0x000000008ab00000, 0x000000008ab00000, 0x000000008ac00000|  0%| F|  |TAMS 0x000000008ab00000| PB 0x000000008ab00000| Untracked 
| 104|0x000000008ac00000, 0x000000008ac00000, 0x000000008ad00000|  0%| F|  |TAMS 0x000000008ac00000| PB 0x000000008ac00000| Untracked 
| 105|0x000000008ad00000, 0x000000008ad00000, 0x000000008ae00000|  0%| F|  |TAMS 0x000000008ad00000| PB 0x000000008ad00000| Untracked 
| 106|0x000000008ae00000, 0x000000008ae00000, 0x000000008af00000|  0%| F|  |TAMS 0x000000008ae00000| PB 0x000000008ae00000| Untracked 
| 107|0x000000008af00000, 0x000000008af00000, 0x000000008b000000|  0%| F|  |TAMS 0x000000008af00000| PB 0x000000008af00000| Untracked 
| 108|0x000000008b000000, 0x000000008b000000, 0x000000008b100000|  0%| F|  |TAMS 0x000000008b000000| PB 0x000000008b000000| Untracked 
| 109|0x000000008b100000, 0x000000008b100000, 0x000000008b200000|  0%| F|  |TAMS 0x000000008b100000| PB 0x000000008b100000| Untracked 
| 110|0x000000008b200000, 0x000000008b200000, 0x000000008b300000|  0%| F|  |TAMS 0x000000008b200000| PB 0x000000008b200000| Untracked 
| 111|0x000000008b300000, 0x000000008b300000, 0x000000008b400000|  0%| F|  |TAMS 0x000000008b300000| PB 0x000000008b300000| Untracked 
| 112|0x000000008b400000, 0x000000008b400000, 0x000000008b500000|  0%| F|  |TAMS 0x000000008b400000| PB 0x000000008b400000| Untracked 
| 113|0x000000008b500000, 0x000000008b500000, 0x000000008b600000|  0%| F|  |TAMS 0x000000008b500000| PB 0x000000008b500000| Untracked 
| 114|0x000000008b600000, 0x000000008b600000, 0x000000008b700000|  0%| F|  |TAMS 0x000000008b600000| PB 0x000000008b600000| Untracked 
| 115|0x000000008b700000, 0x000000008b700000, 0x000000008b800000|  0%| F|  |TAMS 0x000000008b700000| PB 0x000000008b700000| Untracked 
| 116|0x000000008b800000, 0x000000008b800000, 0x000000008b900000|  0%| F|  |TAMS 0x000000008b800000| PB 0x000000008b800000| Untracked 
| 117|0x000000008b900000, 0x000000008b900000, 0x000000008ba00000|  0%| F|  |TAMS 0x000000008b900000| PB 0x000000008b900000| Untracked 
| 118|0x000000008ba00000, 0x000000008bb00000, 0x000000008bb00000|100%| S|CS|TAMS 0x000000008ba00000| PB 0x000000008ba00000| Complete 
| 119|0x000000008bb00000, 0x000000008bb00000, 0x000000008bc00000|  0%| F|  |TAMS 0x000000008bb00000| PB 0x000000008bb00000| Untracked 
| 120|0x000000008bc00000, 0x000000008bc00000, 0x000000008bd00000|  0%| F|  |TAMS 0x000000008bc00000| PB 0x000000008bc00000| Untracked 
| 121|0x000000008bd00000, 0x000000008bd00000, 0x000000008be00000|  0%| F|  |TAMS 0x000000008bd00000| PB 0x000000008bd00000| Untracked 
| 122|0x000000008be00000, 0x000000008be00000, 0x000000008bf00000|  0%| F|  |TAMS 0x000000008be00000| PB 0x000000008be00000| Untracked 
| 123|0x000000008bf00000, 0x000000008bf00000, 0x000000008c000000|  0%| F|  |TAMS 0x000000008bf00000| PB 0x000000008bf00000| Untracked 

Card table byte_map: [0x00000201c2750000,0x00000201c2b30000] _byte_map_base: 0x00000201c232e000

Marking Bits: (CMBitMap*) 0x00000201aaff9120
 Bits: [0x00000201c2f10000, 0x00000201c4e00000)

Polling page: 0x00000201a8f90000

Metaspace:

Usage:
  Non-class:      9.40 MB used.
      Class:      1.25 MB used.
       Both:     10.65 MB used.

Virtual space:
  Non-class space:       64.00 MB reserved,       9.50 MB ( 15%) committed,  1 nodes.
      Class space:        1.00 GB reserved,       1.31 MB ( <1%) committed,  1 nodes.
             Both:        1.06 GB reserved,      10.81 MB ( <1%) committed. 

Chunk freelists:
   Non-Class:  1.11 MB
       Class:  2.69 MB
        Both:  3.80 MB

MaxMetaspaceSize: unlimited
CompressedClassSpaceSize: 1.00 GB
Initial GC threshold: 21.00 MB
Current GC threshold: 21.00 MB
CDS: on
MetaspaceReclaimPolicy: balanced
 - commit_granule_bytes: 65536.
 - commit_granule_words: 8192.
 - virtual_space_node_default_size: 8388608.
 - enlarge_chunks_in_place: 1.
 - new_chunks_are_fully_committed: 0.
 - uncommit_free_chunks: 1.
 - use_allocation_guard: 0.


Internal statistics:

num_allocs_failed_limit: 0.
num_arena_births: 74.
num_arena_deaths: 0.
num_vsnodes_births: 2.
num_vsnodes_deaths: 0.
num_space_committed: 173.
num_space_uncommitted: 0.
num_chunks_returned_to_freelist: 0.
num_chunks_taken_from_freelist: 423.
num_chunk_merges: 0.
num_chunk_splits: 303.
num_chunks_enlarged: 258.
num_inconsistent_stats: 0.

CodeHeap 'non-profiled nmethods': size=120000Kb used=670Kb max_used=670Kb free=119330Kb
 bounds [0x00000201bab10000, 0x00000201bad80000, 0x00000201c2040000]
CodeHeap 'profiled nmethods': size=120000Kb used=3712Kb max_used=3712Kb free=116287Kb
 bounds [0x00000201b3040000, 0x00000201b33f0000, 0x00000201ba570000]
CodeHeap 'non-nmethods': size=5760Kb used=1525Kb max_used=1542Kb free=4234Kb
 bounds [0x00000201ba570000, 0x00000201ba7e0000, 0x00000201bab10000]
 total_blobs=2381 nmethods=1920 adapters=372
 compilation: enabled
              stopped_count=0, restarted_count=0
 full_count=0

Compilation events (20 events):
Event: 158.533 Thread 0x00000201c7839710 nmethod 1912 0x00000201b33dc090 code [0x00000201b33dc240, 0x00000201b33dc448]
Event: 158.536 Thread 0x00000201c7838260 nmethod 1911 0x00000201babb5890 code [0x00000201babb5a00, 0x00000201babb5d18]
Event: 158.600 Thread 0x00000201c7839710 1913       3       java.lang.invoke.MemberName::changeReferenceKind (46 bytes)
Event: 158.600 Thread 0x00000201c7839710 nmethod 1913 0x00000201b33dc510 code [0x00000201b33dc6a0, 0x00000201b33dc7d0]
Event: 158.701 Thread 0x00000201c7839710 1914       3       java.util.concurrent.ConcurrentHashMap::get (162 bytes)
Event: 158.701 Thread 0x00000201c7838260 1915       4       jdk.internal.org.objectweb.asm.ByteVector::putByte (39 bytes)
Event: 158.702 Thread 0x00000201c7839710 nmethod 1914 0x00000201b33dc890 code [0x00000201b33dcac0, 0x00000201b33dd5a0]
Event: 158.702 Thread 0x00000201c7838260 nmethod 1915 0x00000201babb5e90 code [0x00000201babb6000, 0x00000201babb6148]
Event: 158.723 Thread 0x00000201c7839710 1920       3       java.lang.invoke.LambdaForm$Name::useCount (51 bytes)
Event: 158.723 Thread 0x00000201c7839710 nmethod 1920 0x00000201b33dd890 code [0x00000201b33dda20, 0x00000201b33ddc98]
Event: 158.732 Thread 0x00000201c7839710 1923       3       java.lang.invoke.BoundMethodHandle::<init> (32 bytes)
Event: 158.732 Thread 0x00000201c7839710 nmethod 1923 0x00000201b33ddd90 code [0x00000201b33ddf20, 0x00000201b33de078]
Event: 158.798 Thread 0x00000201c7839710 1924       3       java.lang.invoke.MemberName::getType (19 bytes)
Event: 158.798 Thread 0x00000201c7839710 nmethod 1924 0x00000201b33de110 code [0x00000201b33de2c0, 0x00000201b33de5b8]
Event: 158.800 Thread 0x00000201c7839710 1925       3       java.lang.invoke.MethodType::changeReturnType (20 bytes)
Event: 158.800 Thread 0x00000201c7839710 nmethod 1925 0x00000201b33de690 code [0x00000201b33de820, 0x00000201b33de9e8]
Event: 158.815 Thread 0x00000201c7839710 1926       3       java.util.WeakHashMap::put (160 bytes)
Event: 158.816 Thread 0x00000201c7839710 nmethod 1926 0x00000201b33dea90 code [0x00000201b33ded00, 0x00000201b33dfd28]
Event: 158.822 Thread 0x00000201c7838260 1927       4       java.util.WeakHashMap::getTable (9 bytes)
Event: 158.842 Thread 0x00000201c7838260 nmethod 1927 0x00000201babb7490 code [0x00000201babb7600, 0x00000201babb76f8]

GC Heap History (15 events):
Event: 137.179 GC heap before
{Heap before GC invocations=0 (full 0):
 garbage-first heap   total 126976K, used 22528K [0x0000000084400000, 0x0000000100000000)
  region size 1024K, 23 young (23552K), 0 survivors (0K)
 Metaspace       used 5734K, committed 5888K, reserved 1114112K
  class space    used 658K, committed 768K, reserved 1048576K
}
Event: 142.942 GC heap after
{Heap after GC invocations=1 (full 0):
 garbage-first heap   total 126976K, used 3784K [0x0000000084400000, 0x0000000100000000)
  region size 1024K, 3 young (3072K), 3 survivors (3072K)
 Metaspace       used 5734K, committed 5888K, reserved 1114112K
  class space    used 658K, committed 768K, reserved 1048576K
}
Event: 144.780 GC heap before
{Heap before GC invocations=1 (full 0):
 garbage-first heap   total 126976K, used 6856K [0x0000000084400000, 0x0000000100000000)
  region size 1024K, 6 young (6144K), 3 survivors (3072K)
 Metaspace       used 5843K, committed 6016K, reserved 1114112K
  class space    used 678K, committed 768K, reserved 1048576K
}
Event: 144.956 GC heap after
{Heap after GC invocations=2 (full 0):
 garbage-first heap   total 126976K, used 4511K [0x0000000084400000, 0x0000000100000000)
  region size 1024K, 1 young (1024K), 1 survivors (1024K)
 Metaspace       used 5843K, committed 6016K, reserved 1114112K
  class space    used 678K, committed 768K, reserved 1048576K
}
Event: 149.445 GC heap before
{Heap before GC invocations=2 (full 0):
 garbage-first heap   total 126976K, used 9631K [0x0000000084400000, 0x0000000100000000)
  region size 1024K, 6 young (6144K), 1 survivors (1024K)
 Metaspace       used 6517K, committed 6656K, reserved 1114112K
  class space    used 748K, committed 832K, reserved 1048576K
}
Event: 149.598 GC heap after
{Heap after GC invocations=3 (full 0):
 garbage-first heap   total 126976K, used 4348K [0x0000000084400000, 0x0000000100000000)
  region size 1024K, 1 young (1024K), 1 survivors (1024K)
 Metaspace       used 6517K, committed 6656K, reserved 1114112K
  class space    used 748K, committed 832K, reserved 1048576K
}
Event: 151.716 GC heap before
{Heap before GC invocations=3 (full 0):
 garbage-first heap   total 126976K, used 9468K [0x0000000084400000, 0x0000000100000000)
  region size 1024K, 6 young (6144K), 1 survivors (1024K)
 Metaspace       used 6958K, committed 7168K, reserved 1114112K
  class space    used 800K, committed 896K, reserved 1048576K
}
Event: 151.758 GC heap after
{Heap after GC invocations=4 (full 0):
 garbage-first heap   total 126976K, used 4560K [0x0000000084400000, 0x0000000100000000)
  region size 1024K, 1 young (1024K), 1 survivors (1024K)
 Metaspace       used 6958K, committed 7168K, reserved 1114112K
  class space    used 800K, committed 896K, reserved 1048576K
}
Event: 153.015 GC heap before
{Heap before GC invocations=4 (full 0):
 garbage-first heap   total 126976K, used 8656K [0x0000000084400000, 0x0000000100000000)
  region size 1024K, 6 young (6144K), 1 survivors (1024K)
 Metaspace       used 7538K, committed 7744K, reserved 1114112K
  class space    used 864K, committed 960K, reserved 1048576K
}
Event: 153.019 GC heap after
{Heap after GC invocations=5 (full 0):
 garbage-first heap   total 126976K, used 4760K [0x0000000084400000, 0x0000000100000000)
  region size 1024K, 1 young (1024K), 1 survivors (1024K)
 Metaspace       used 7538K, committed 7744K, reserved 1114112K
  class space    used 864K, committed 960K, reserved 1048576K
}
Event: 154.716 GC heap before
{Heap before GC invocations=5 (full 0):
 garbage-first heap   total 126976K, used 9880K [0x0000000084400000, 0x0000000100000000)
  region size 1024K, 6 young (6144K), 1 survivors (1024K)
 Metaspace       used 8732K, committed 8896K, reserved 1114112K
  class space    used 1008K, committed 1088K, reserved 1048576K
}
Event: 154.721 GC heap after
{Heap after GC invocations=6 (full 0):
 garbage-first heap   total 126976K, used 5195K [0x0000000084400000, 0x0000000100000000)
  region size 1024K, 1 young (1024K), 1 survivors (1024K)
 Metaspace       used 8732K, committed 8896K, reserved 1114112K
  class space    used 1008K, committed 1088K, reserved 1048576K
}
Event: 156.031 GC heap before
{Heap before GC invocations=6 (full 0):
 garbage-first heap   total 126976K, used 9291K [0x0000000084400000, 0x0000000100000000)
  region size 1024K, 6 young (6144K), 1 survivors (1024K)
 Metaspace       used 9739K, committed 9920K, reserved 1114112K
  class space    used 1136K, committed 1216K, reserved 1048576K
}
Event: 156.117 GC heap after
{Heap after GC invocations=7 (full 0):
 garbage-first heap   total 126976K, used 5573K [0x0000000084400000, 0x0000000100000000)
  region size 1024K, 1 young (1024K), 1 survivors (1024K)
 Metaspace       used 9739K, committed 9920K, reserved 1114112K
  class space    used 1136K, committed 1216K, reserved 1048576K
}
Event: 158.859 GC heap before
{Heap before GC invocations=7 (full 0):
 garbage-first heap   total 126976K, used 10693K [0x0000000084400000, 0x0000000100000000)
  region size 1024K, 6 young (6144K), 1 survivors (1024K)
 Metaspace       used 10902K, committed 11072K, reserved 1114112K
  class space    used 1279K, committed 1344K, reserved 1048576K
}

Dll operation events (8 events):
Event: 0.152 Loaded shared library C:\Program Files\Java\jdk-20\bin\java.dll
Event: 0.446 Loaded shared library C:\Program Files\Java\jdk-20\bin\jsvml.dll
Event: 3.766 Loaded shared library C:\Program Files\Java\jdk-20\bin\net.dll
Event: 3.867 Loaded shared library C:\Program Files\Java\jdk-20\bin\nio.dll
Event: 4.538 Loaded shared library C:\Program Files\Java\jdk-20\bin\zip.dll
Event: 109.840 Loaded shared library C:\Program Files\Java\jdk-20\bin\jimage.dll
Event: 111.103 Loaded shared library C:\Program Files\NetBeans-21\netbeans\java\maven\lib\jansi-native\Windows\x86_64\jansi.dll
Event: 111.150 Loaded shared library C:\Program Files\Java\jdk-20\bin\verify.dll

Deoptimization events (20 events):
Event: 156.014 Thread 0x00000201a8f2e7d0 Uncommon trap: trap_request=0xffffffc6 fr.pc=0x00000201bab985f4 relative=0x00000000000002b4
Event: 156.014 Thread 0x00000201a8f2e7d0 Uncommon trap: reason=bimorphic_or_optimized_type_check action=maybe_recompile pc=0x00000201bab985f4 method=java.util.HashMap.getNode(Ljava/lang/Object;)Ljava/util/HashMap$Node; @ 63 c2
Event: 156.014 Thread 0x00000201a8f2e7d0 DEOPT PACKING pc=0x00000201bab985f4 sp=0x0000004cea1fe9a0
Event: 156.014 Thread 0x00000201a8f2e7d0 DEOPT UNPACKING pc=0x00000201ba58d2a2 sp=0x0000004cea1fe908 mode 2
Event: 156.015 Thread 0x00000201a8f2e7d0 Uncommon trap: trap_request=0xffffffc6 fr.pc=0x00000201babad544 relative=0x0000000000000284
Event: 156.015 Thread 0x00000201a8f2e7d0 Uncommon trap: reason=bimorphic_or_optimized_type_check action=maybe_recompile pc=0x00000201babad544 method=java.util.HashMap.getNode(Ljava/lang/Object;)Ljava/util/HashMap$Node; @ 128 c2
Event: 156.015 Thread 0x00000201a8f2e7d0 DEOPT PACKING pc=0x00000201babad544 sp=0x0000004cea1fe880
Event: 156.015 Thread 0x00000201a8f2e7d0 DEOPT UNPACKING pc=0x00000201ba58d2a2 sp=0x0000004cea1fe788 mode 2
Event: 156.019 Thread 0x00000201a8f2e7d0 Uncommon trap: trap_request=0xffffffc6 fr.pc=0x00000201bab985f4 relative=0x00000000000002b4
Event: 156.019 Thread 0x00000201a8f2e7d0 Uncommon trap: reason=bimorphic_or_optimized_type_check action=maybe_recompile pc=0x00000201bab985f4 method=java.util.HashMap.getNode(Ljava/lang/Object;)Ljava/util/HashMap$Node; @ 63 c2
Event: 156.019 Thread 0x00000201a8f2e7d0 DEOPT PACKING pc=0x00000201bab985f4 sp=0x0000004cea1fe6f0
Event: 156.019 Thread 0x00000201a8f2e7d0 DEOPT UNPACKING pc=0x00000201ba58d2a2 sp=0x0000004cea1fe658 mode 2
Event: 156.020 Thread 0x00000201a8f2e7d0 Uncommon trap: trap_request=0xffffffc6 fr.pc=0x00000201babad544 relative=0x0000000000000284
Event: 156.020 Thread 0x00000201a8f2e7d0 Uncommon trap: reason=bimorphic_or_optimized_type_check action=maybe_recompile pc=0x00000201babad544 method=java.util.HashMap.getNode(Ljava/lang/Object;)Ljava/util/HashMap$Node; @ 128 c2
Event: 156.022 Thread 0x00000201a8f2e7d0 DEOPT PACKING pc=0x00000201babad544 sp=0x0000004cea1fe880
Event: 156.022 Thread 0x00000201a8f2e7d0 DEOPT UNPACKING pc=0x00000201ba58d2a2 sp=0x0000004cea1fe788 mode 2
Event: 158.601 Thread 0x00000201a8f2e7d0 Uncommon trap: trap_request=0xffffff45 fr.pc=0x00000201bab7fc70 relative=0x0000000000000250
Event: 158.601 Thread 0x00000201a8f2e7d0 Uncommon trap: reason=unstable_if action=reinterpret pc=0x00000201bab7fc70 method=java.util.concurrent.ConcurrentHashMap.get(Ljava/lang/Object;)Ljava/lang/Object; @ 76 c2
Event: 158.601 Thread 0x00000201a8f2e7d0 DEOPT PACKING pc=0x00000201bab7fc70 sp=0x0000004cea1fb860
Event: 158.601 Thread 0x00000201a8f2e7d0 DEOPT UNPACKING pc=0x00000201ba58d2a2 sp=0x0000004cea1fb7d8 mode 2

Classes loaded (20 events):
Event: 154.795 Loading class java/security/NoSuchAlgorithmException
Event: 154.795 Loading class java/security/GeneralSecurityException
Event: 154.795 Loading class java/security/GeneralSecurityException done
Event: 154.795 Loading class java/security/NoSuchAlgorithmException done
Event: 155.227 Loading class java/util/concurrent/atomic/AtomicBoolean
Event: 155.227 Loading class java/util/concurrent/atomic/AtomicBoolean done
Event: 156.555 Loading class sun/reflect/generics/repository/FieldRepository
Event: 156.555 Loading class sun/reflect/generics/repository/FieldRepository done
Event: 156.871 Loading class java/io/UncheckedIOException
Event: 156.871 Loading class java/io/UncheckedIOException done
Event: 157.106 Loading class java/nio/channels/OverlappingFileLockException
Event: 157.106 Loading class java/nio/channels/OverlappingFileLockException done
Event: 157.162 Loading class java/nio/channels/FileLock
Event: 157.162 Loading class java/nio/channels/FileLock done
Event: 157.249 Loading class java/nio/file/AccessDeniedException
Event: 157.282 Loading class java/nio/file/AccessDeniedException done
Event: 158.391 Loading class java/lang/ExceptionInInitializerError
Event: 158.392 Loading class java/lang/ExceptionInInitializerError done
Event: 158.601 Loading class jdk/internal/vm/annotation/ForceInline
Event: 158.601 Loading class jdk/internal/vm/annotation/ForceInline done

Classes unloaded (0 events):
No events

Classes redefined (0 events):
No events

Internal exceptions (20 events):
Event: 111.128 Thread 0x00000201a8f2e7d0 Exception <a 'java/lang/NullPointerException'{0x000000008bbdbab0}> (0x000000008bbdbab0) 
thrown [s\open\src\hotspot\share\interpreter\linkResolver.cpp, line 1373]
Event: 111.148 Thread 0x00000201a8f2e7d0 Exception <a 'sun/nio/fs/WindowsException'{0x000000008ba06ae0}> (0x000000008ba06ae0) 
thrown [s\open\src\hotspot\share\prims\jni.cpp, line 519]
Event: 111.148 Thread 0x00000201a8f2e7d0 Exception <a 'sun/nio/fs/WindowsException'{0x000000008ba072f0}> (0x000000008ba072f0) 
thrown [s\open\src\hotspot\share\prims\jni.cpp, line 519]
Event: 111.148 Thread 0x00000201a8f2e7d0 Exception <a 'sun/nio/fs/WindowsException'{0x000000008ba079b0}> (0x000000008ba079b0) 
thrown [s\open\src\hotspot\share\prims\jni.cpp, line 519]
Event: 111.148 Thread 0x00000201a8f2e7d0 Exception <a 'sun/nio/fs/WindowsException'{0x000000008ba08000}> (0x000000008ba08000) 
thrown [s\open\src\hotspot\share\prims\jni.cpp, line 519]
Event: 111.148 Thread 0x00000201a8f2e7d0 Exception <a 'sun/nio/fs/WindowsException'{0x000000008ba08588}> (0x000000008ba08588) 
thrown [s\open\src\hotspot\share\prims\jni.cpp, line 519]
Event: 111.148 Thread 0x00000201a8f2e7d0 Exception <a 'sun/nio/fs/WindowsException'{0x000000008ba08ae0}> (0x000000008ba08ae0) 
thrown [s\open\src\hotspot\share\prims\jni.cpp, line 519]
Event: 111.149 Thread 0x00000201a8f2e7d0 Exception <a 'sun/nio/fs/WindowsException'{0x000000008ba08fa0}> (0x000000008ba08fa0) 
thrown [s\open\src\hotspot\share\prims\jni.cpp, line 519]
Event: 112.261 Thread 0x00000201a8f2e7d0 Exception <a 'java/lang/NoSuchMethodError'{0x000000008baf1228}: 'void java.lang.invoke.DirectMethodHandle$Holder.invokeStatic(java.lang.Object, java.lang.Object, java.lang.Object)'> (0x000000008baf1228) 
thrown [s\open\src\hotspot\share\interpreter\linkResolver.cpp, line 773]
Event: 118.463 Thread 0x00000201a8f2e7d0 Exception <a 'java/lang/NoSuchMethodError'{0x000000008b8ac368}: 'java.lang.Object java.lang.invoke.DirectMethodHandle$Holder.invokeSpecialIFC(java.lang.Object, java.lang.Object, java.lang.Object, java.lang.Object)'> (0x000000008b8ac368) 
thrown [s\open\src\hotspot\share\interpreter\linkResolver.cpp, line 773]
Event: 129.223 Thread 0x00000201a8f2e7d0 Exception <a 'java/lang/NoSuchMethodError'{0x000000008b218348}: 'void java.lang.invoke.DirectMethodHandle$Holder.invokeSpecial(java.lang.Object, java.lang.Object, java.lang.Object)'> (0x000000008b218348) 
thrown [s\open\src\hotspot\share\interpreter\linkResolver.cpp, line 773]
Event: 130.371 Thread 0x00000201a8f2e7d0 Exception <a 'java/lang/NoSuchMethodError'{0x000000008b15b100}: 'java.lang.Object java.lang.invoke.DirectMethodHandle$Holder.invokeInterface(java.lang.Object, java.lang.Object)'> (0x000000008b15b100) 
thrown [s\open\src\hotspot\share\interpreter\linkResolver.cpp, line 773]
Event: 130.484 Thread 0x00000201a8f2e7d0 Exception <a 'java/lang/NoSuchMethodError'{0x000000008b1eff90}: 'int java.lang.invoke.DirectMethodHandle$Holder.invokeStatic(java.lang.Object, java.lang.Object, java.lang.Object, java.lang.Object)'> (0x000000008b1eff90) 
thrown [s\open\src\hotspot\share\interpreter\linkResolver.cpp, line 773]
Event: 130.485 Thread 0x00000201a8f2e7d0 Exception <a 'java/lang/NoSuchMethodError'{0x000000008b1f3610}: 'java.lang.Object java.lang.invoke.Invokers$Holder.invokeExact_MT(java.lang.Object, java.lang.Object, java.lang.Object, java.lang.Object, java.lang.Object, java.lang.Object)'> (0x000000008b1f3610) 
thrown [s\open\src\hotspot\share\interpreter\linkResolver.cpp, line 773]
Event: 130.487 Thread 0x00000201a8f2e7d0 Exception <a 'java/lang/NoSuchMethodError'{0x000000008b004498}: 'int java.lang.invoke.DirectMethodHandle$Holder.invokeSpecialIFC(java.lang.Object, java.lang.Object, java.lang.Object, java.lang.Object, java.lang.Object)'> (0x000000008b004498) 
thrown [s\open\src\hotspot\share\interpreter\linkResolver.cpp, line 773]
Event: 131.268 Thread 0x00000201a8f2e7d0 Exception <a 'java/lang/NoSuchMethodError'{0x000000008af81a68}: 'java.lang.Object java.lang.invoke.DirectMethodHandle$Holder.newInvokeSpecial(java.lang.Object, java.lang.Object, java.lang.Object, java.lang.Object, java.lang.Object)'> (0x000000008af81a68) 
thrown [s\open\src\hotspot\share\interpreter\linkResolver.cpp, line 773]
Event: 131.654 Thread 0x00000201a8f2e7d0 Exception <a 'java/lang/NoSuchMethodError'{0x000000008ae79a30}: 'int java.lang.invoke.DirectMethodHandle$Holder.invokeStaticInit(java.lang.Object, java.lang.Object)'> (0x000000008ae79a30) 
thrown [s\open\src\hotspot\share\interpreter\linkResolver.cpp, line 773]
Event: 131.789 Thread 0x00000201a8f2e7d0 Exception <a 'java/lang/NoClassDefFoundError'{0x000000008aeae2c0}: javax/enterprise/inject/Typed> (0x000000008aeae2c0) 
thrown [s\open\src\hotspot\share\classfile\systemDictionary.cpp, line 294]
Event: 158.314 Thread 0x00000201a8f2e7d0 Exception <a 'java/lang/NoSuchMethodError'{0x000000008bce9ef8}: 'void java.lang.invoke.DirectMethodHandle$Holder.invokeStaticInit(java.lang.Object, java.lang.Object, java.lang.Object)'> (0x000000008bce9ef8) 
thrown [s\open\src\hotspot\share\interpreter\linkResolver.cpp, line 773]
Event: 158.598 Thread 0x00000201a8f2e7d0 Exception <a 'java/lang/ExceptionInInitializerError'{0x000000008bb13ba0}> (0x000000008bb13ba0) 
thrown [s\open\src\hotspot\share\oops\instanceKlass.cpp, line 1160]

VM Operations (20 events):
Event: 152.769 Executing VM operation: Cleanup done
Event: 153.015 Executing VM operation: G1CollectForAllocation
Event: 153.019 Executing VM operation: G1CollectForAllocation done
Event: 153.942 Executing VM operation: HandshakeAllThreads
Event: 153.942 Executing VM operation: HandshakeAllThreads done
Event: 154.265 Executing VM operation: HandshakeAllThreads
Event: 154.265 Executing VM operation: HandshakeAllThreads done
Event: 154.265 Executing VM operation: Cleanup
Event: 154.265 Executing VM operation: Cleanup done
Event: 154.716 Executing VM operation: G1CollectForAllocation
Event: 154.721 Executing VM operation: G1CollectForAllocation done
Event: 155.727 Executing VM operation: Cleanup
Event: 155.743 Executing VM operation: Cleanup done
Event: 156.031 Executing VM operation: G1CollectForAllocation
Event: 156.152 Executing VM operation: G1CollectForAllocation done
Event: 158.155 Executing VM operation: Cleanup
Event: 158.197 Executing VM operation: Cleanup done
Event: 158.754 Executing VM operation: HandshakeAllThreads
Event: 158.754 Executing VM operation: HandshakeAllThreads done
Event: 158.859 Executing VM operation: G1CollectForAllocation

Events (11 events):
Event: 0.446 Thread 0x00000201a8f2e7d0 Thread added: 0x00000201a8f2e7d0
Event: 1.584 Thread 0x00000201c7831e50 Thread added: 0x00000201c7831e50
Event: 1.584 Thread 0x00000201c7832a50 Thread added: 0x00000201c7832a50
Event: 1.585 Thread 0x00000201c7833740 Thread added: 0x00000201c7833740
Event: 1.586 Thread 0x00000201c7835180 Thread added: 0x00000201c7835180
Event: 1.586 Thread 0x00000201c7835bb0 Thread added: 0x00000201c7835bb0
Event: 1.586 Thread 0x00000201c78365e0 Thread added: 0x00000201c78365e0
Event: 1.587 Thread 0x00000201c7838260 Thread added: 0x00000201c7838260
Event: 1.680 Thread 0x00000201c7839710 Thread added: 0x00000201c7839710
Event: 3.253 Thread 0x00000201cbcff010 Thread added: 0x00000201cbcff010
Event: 3.256 Thread 0x00000201cbd0b9f0 Thread added: 0x00000201cbd0b9f0


Dynamic libraries:
0x00007ff611c50000 - 0x00007ff611c60000 	C:\Program Files\Java\jdk-20\bin\java.exe
0x00007ffe64a30000 - 0x00007ffe64c47000 	C:\WINDOWS\SYSTEM32\ntdll.dll
0x00007ffe1a310000 - 0x00007ffe1a32a000 	C:\Program Files\AVG\Antivirus\aswhook.dll
0x00007ffe63050000 - 0x00007ffe63114000 	C:\WINDOWS\System32\KERNEL32.DLL
0x00007ffe61d50000 - 0x00007ffe620fd000 	C:\WINDOWS\System32\KERNELBASE.dll
0x00007ffe62640000 - 0x00007ffe62751000 	C:\WINDOWS\System32\ucrtbase.dll
0x00007ffe531c0000 - 0x00007ffe531d9000 	C:\Program Files\Java\jdk-20\bin\jli.dll
0x00007ffe63370000 - 0x00007ffe63422000 	C:\WINDOWS\System32\ADVAPI32.dll
0x00007ffe62810000 - 0x00007ffe628b7000 	C:\WINDOWS\System32\msvcrt.dll
0x00007ffe62db0000 - 0x00007ffe62e59000 	C:\WINDOWS\System32\sechost.dll
0x00007ffe622e0000 - 0x00007ffe62308000 	C:\WINDOWS\System32\bcrypt.dll
0x00007ffe62e80000 - 0x00007ffe62f94000 	C:\WINDOWS\System32\RPCRT4.dll
0x00007ffe543d0000 - 0x00007ffe543eb000 	C:\Program Files\Java\jdk-20\bin\VCRUNTIME140.dll
0x00007ffe635d0000 - 0x00007ffe6377e000 	C:\WINDOWS\System32\USER32.dll
0x00007ffe62310000 - 0x00007ffe62336000 	C:\WINDOWS\System32\win32u.dll
0x00007ffe63020000 - 0x00007ffe63049000 	C:\WINDOWS\System32\GDI32.dll
0x00007ffe62100000 - 0x00007ffe62219000 	C:\WINDOWS\System32\gdi32full.dll
0x00007ffe62520000 - 0x00007ffe625ba000 	C:\WINDOWS\System32\msvcp_win.dll
0x00007ffe4a1a0000 - 0x00007ffe4a433000 	C:\WINDOWS\WinSxS\amd64_microsoft.windows.common-controls_6595b64144ccf1df_6.0.22621.3672_none_2713b9d173822955\COMCTL32.dll
0x00007ffe59090000 - 0x00007ffe5909a000 	C:\WINDOWS\SYSTEM32\VERSION.dll
0x00007ffe63c70000 - 0x00007ffe63ca1000 	C:\WINDOWS\System32\IMM32.DLL
0x00007ffe590e0000 - 0x00007ffe590ec000 	C:\Program Files\Java\jdk-20\bin\vcruntime140_1.dll
0x00007ffe22320000 - 0x00007ffe223ae000 	C:\Program Files\Java\jdk-20\bin\msvcp140.dll
0x00007ffe010d0000 - 0x00007ffe01d67000 	C:\Program Files\Java\jdk-20\bin\server\jvm.dll
0x00007ffe3a250000 - 0x00007ffe3a259000 	C:\WINDOWS\SYSTEM32\WSOCK32.dll
0x00007ffe63e60000 - 0x00007ffe63ed1000 	C:\WINDOWS\System32\WS2_32.dll
0x00007ffe5ed10000 - 0x00007ffe5ed44000 	C:\WINDOWS\SYSTEM32\WINMM.dll
0x00007ffe60e50000 - 0x00007ffe60e68000 	C:\WINDOWS\SYSTEM32\kernel.appcore.dll
0x00007ffe54450000 - 0x00007ffe5445a000 	C:\Program Files\Java\jdk-20\bin\jimage.dll
0x00007ffe5f780000 - 0x00007ffe5f9b2000 	C:\WINDOWS\SYSTEM32\DBGHELP.DLL
0x00007ffe628c0000 - 0x00007ffe62c4e000 	C:\WINDOWS\System32\combase.dll
0x00007ffe63ef0000 - 0x00007ffe63fc7000 	C:\WINDOWS\System32\OLEAUT32.dll
0x00007ffe5ecd0000 - 0x00007ffe5ed02000 	C:\WINDOWS\SYSTEM32\dbgcore.DLL
0x00007ffe625c0000 - 0x00007ffe6263b000 	C:\WINDOWS\System32\bcryptPrimitives.dll
0x00007ffe53290000 - 0x00007ffe532b6000 	C:\Program Files\Java\jdk-20\bin\java.dll
0x00007ffe15ae0000 - 0x00007ffe15bb7000 	C:\Program Files\Java\jdk-20\bin\jsvml.dll
0x00007ffe64180000 - 0x00007ffe649e7000 	C:\WINDOWS\System32\SHELL32.dll
0x00007ffe5fc90000 - 0x00007ffe6058f000 	C:\WINDOWS\SYSTEM32\windows.storage.dll
0x00007ffe5fb50000 - 0x00007ffe5fc8f000 	C:\WINDOWS\SYSTEM32\wintypes.dll
0x00007ffe63440000 - 0x00007ffe63539000 	C:\WINDOWS\System32\SHCORE.dll
0x00007ffe63120000 - 0x00007ffe6317e000 	C:\WINDOWS\System32\shlwapi.dll
0x00007ffe61c80000 - 0x00007ffe61ca7000 	C:\WINDOWS\SYSTEM32\profapi.dll
0x00007ffe53200000 - 0x00007ffe53213000 	C:\Program Files\Java\jdk-20\bin\net.dll
0x00007ffe5cf10000 - 0x00007ffe5d046000 	C:\WINDOWS\SYSTEM32\WINHTTP.dll
0x00007ffe612b0000 - 0x00007ffe61319000 	C:\WINDOWS\system32\mswsock.dll
0x00007ffe53060000 - 0x00007ffe53076000 	C:\Program Files\Java\jdk-20\bin\nio.dll
0x00007ffe53040000 - 0x00007ffe53058000 	C:\Program Files\Java\jdk-20\bin\zip.dll
0x0000000069ac0000 - 0x0000000069ae4000 	C:\Program Files\NetBeans-21\netbeans\java\maven\lib\jansi-native\Windows\x86_64\jansi.dll
0x00007ffe58da0000 - 0x00007ffe58db0000 	C:\Program Files\Java\jdk-20\bin\verify.dll

dbghelp: loaded successfully - version: 4.0.5 - missing functions: none
symbol engine: initialized successfully - sym options: 0x614 - pdb path: .;C:\Program Files\Java\jdk-20\bin;C:\WINDOWS\SYSTEM32;C:\Program Files\AVG\Antivirus;C:\WINDOWS\WinSxS\amd64_microsoft.windows.common-controls_6595b64144ccf1df_6.0.22621.3672_none_2713b9d173822955;C:\Program Files\Java\jdk-20\bin\server;C:\Program Files\NetBeans-21\netbeans\java\maven\lib\jansi-native\Windows\x86_64

VM Arguments:
jvm_args: -Dclassworlds.conf=C:\Program Files\NetBeans-21\netbeans\java\maven\bin\m2.conf -Dmaven.home=C:\Program Files\NetBeans-21\netbeans\java\maven -Dlibrary.jansi.path=C:\Program Files\NetBeans-21\netbeans\java\maven\lib\jansi-native -Dmaven.multiModuleProjectDirectory=C:\trilhaJava\pos-graduacao\utfpr-pos-graduacao\8-java-redes\atividade04\servidorclientethread 
java_command: org.codehaus.plexus.classworlds.launcher.Launcher -Dexec.vmArgs= -Dexec.args=${exec.vmArgs} -classpath %classpath ${exec.mainClass} ${exec.appArgs} -Dexec.appArgs= -Dexec.mainClass=local.javaredes.Servidorclientethread -Dexec.executable=C:\Program Files\Java\jdk-20\bin\java.exe -Dmaven.ext.class.path=C:\Program Files\NetBeans-21\netbeans\java\maven-nblib\netbeans-eventspy.jar --no-transfer-progress process-classes org.codehaus.mojo:exec-maven-plugin:3.1.0:exec
java_class_path (initial): C:\Program Files\NetBeans-21\netbeans\java\maven\boot\plexus-classworlds-2.7.0.jar
Launcher Type: SUN_STANDARD

[Global flags]
     intx CICompilerCount                          = 4                                         {product} {ergonomic}
     uint ConcGCThreads                            = 2                                         {product} {ergonomic}
     uint G1ConcRefinementThreads                  = 8                                         {product} {ergonomic}
   size_t G1HeapRegionSize                         = 1048576                                   {product} {ergonomic}
    uintx GCDrainStackTargetSize                   = 64                                        {product} {ergonomic}
   size_t InitialHeapSize                          = 130023424                                 {product} {ergonomic}
   size_t MarkStackSize                            = 4194304                                   {product} {ergonomic}
   size_t MaxHeapSize                              = 2076180480                                {product} {ergonomic}
   size_t MaxNewSize                               = 1245708288                                {product} {ergonomic}
   size_t MinHeapDeltaBytes                        = 1048576                                   {product} {ergonomic}
   size_t MinHeapSize                              = 8388608                                   {product} {ergonomic}
    uintx NonNMethodCodeHeapSize                   = 5839372                                {pd product} {ergonomic}
    uintx NonProfiledCodeHeapSize                  = 122909434                              {pd product} {ergonomic}
    uintx ProfiledCodeHeapSize                     = 122909434                              {pd product} {ergonomic}
    uintx ReservedCodeCacheSize                    = 251658240                              {pd product} {ergonomic}
     bool SegmentedCodeCache                       = true                                      {product} {ergonomic}
   size_t SoftMaxHeapSize                          = 2076180480                             {manageable} {ergonomic}
     bool UseCompressedClassPointers               = true                           {product lp64_product} {ergonomic}
     bool UseCompressedOops                        = true                           {product lp64_product} {ergonomic}
     bool UseG1GC                                  = true                                      {product} {ergonomic}
     bool UseLargePagesIndividualAllocation        = false                                  {pd product} {ergonomic}

Logging:
Log output configuration:
 #0: stdout all=warning uptime,level,tags foldmultilines=false
 #1: stderr all=off uptime,level,tags foldmultilines=false

Environment Variables:
JAVA_HOME=C:\Program Files\Java\jdk-20
PATH=C:\Program Files\Common Files\Oracle\Java\javapath;C:\Program Files (x86)\Common Files\Oracle\Java\java8path;C:\Program Files (x86)\Common Files\Oracle\Java\javapath;C:\WINDOWS\system32;C:\WINDOWS;C:\WINDOWS\System32\Wbem;C:\WINDOWS\System32\WindowsPowerShell\v1.0\;C:\WINDOWS\System32\OpenSSH\;C:\Program Files\dotnet\;C:\Program Files\Git\cmd;C:\Program Files\Java\jdk-20\bin;C:\trilhaJava\devtools\apache-maven-3.8.8-bin\apache-maven-3.8.8\bin;C:\Program Files\Java\jdk11.0.20_9;;C:\Program Files\Docker\Docker\resources\bin;C:\Program Files\Amazon\AWSCLIV2\;C:\Program Files\nodejs\;C:\Users\engen\anaconda3;C:\Users\engen\anaconda3\Library\mingw-w64\bin;C:\Users\engen\anaconda3\Library\usr\bin;C:\Users\engen\anaconda3\Library\bin;C:\Users\engen\anaconda3\Scripts;C:\Program Files\MySQL\MySQL Shell 8.0\bin\;C:\Users\engen\AppData\Local\Microsoft\WindowsApps;C:\Users\engen\AppData\Local\Programs\Microsoft VS Code\bin;C:\Program Files\Java\jdk-20\bin;C:\Users\engen\.dotnet\tools;C:\Users\engen\AppData\Roaming\npm
USERNAME=engen
OS=Windows_NT
PROCESSOR_IDENTIFIER=Intel64 Family 6 Model 140 Stepping 1, GenuineIntel
TMP=C:\Users\engen\AppData\Local\Temp
TEMP=C:\Users\engen\AppData\Local\Temp




---------------  S Y S T E M  ---------------

OS:
 Windows 11 , 64 bit Build 22621 (10.0.22621.3958)
OS uptime: 5 days 5:42 hours
Hyper-V role detected

CPU: total 8 (initial active 8) (4 cores per cpu, 2 threads per core) family 6 model 140 stepping 1 microcode 0xb8, cx8, cmov, fxsr, ht, mmx, 3dnowpref, sse, sse2, sse3, ssse3, sse4.1, sse4.2, popcnt, lzcnt, tsc, tscinvbit, avx, avx2, aes, erms, clmul, bmi1, bmi2, adx, avx512f, avx512dq, avx512cd, avx512bw, avx512vl, sha, fma, vzeroupper, avx512_vpopcntdq, avx512_vpclmulqdq, avx512_vaes, avx512_vnni, clflush, clflushopt, clwb, avx512_vbmi2, avx512_vbmi, hv, rdtscp, rdpid, fsrm, gfni, avx512_bitalg, f16c, cet_ibt, cet_ss, avx512_ifma

Memory: 4k page, system-wide physical 7914M (202M free)
TotalPageFile size 30794M (AvailPageFile size 7M)
current process WorkingSet (physical memory assigned to process): 70M, peak: 75M
current process commit charge ("private bytes"): 227M, peak: 294M

vm_info: Java HotSpot(TM) 64-Bit Server VM (20.0.1+9-29) for windows-amd64 JRE (20.0.1+9-29), built on 2023-03-07T13:56:11Z by "mach5one" with MS VC++ 17.1 (VS2022)

END.
