#
# There is insufficient memory for the Java Runtime Environment to continue.
# Native memory allocation (mmap) failed to map 65536 bytes for Failed to commit metaspace.
# Possible reasons:
#   The system is out of physical RAM or swap space
#   The process is running with CompressedOops enabled, and the Java Heap may be blocking the growth of the native heap
# Possible solutions:
#   Reduce memory load on the system
#   Increase physical memory or swap space
#   Check if swap backing store is full
#   Decrease Java heap size (-Xmx/-Xms)
#   Decrease number of Java threads
#   Decrease Java thread stack sizes (-Xss)
#   Set larger code cache with -XX:ReservedCodeCacheSize=
#   JVM is running with Unscaled Compressed Oops mode in which the Java heap is
#     placed in the first 4GB address space. The Java Heap base address is the
#     maximum limit for the native heap growth. Please use -XX:HeapBaseMinAddress
#     to set the Java Heap base and to place the Java Heap above 4GB virtual address.
# This output file may be truncated or incomplete.
#
#  Out of Memory Error (virtualSpaceNode.cpp:110), pid=304000, tid=305884
#
# JRE version: Java(TM) SE Runtime Environment (20.0.1+9) (build 20.0.1+9-29)
# Java VM: Java HotSpot(TM) 64-Bit Server VM (20.0.1+9-29, mixed mode, sharing, tiered, compressed oops, compressed class ptrs, g1 gc, windows-amd64)
# No core dump will be written. Minidumps are not enabled by default on client versions of Windows
#

---------------  S U M M A R Y ------------

Command Line: -Dclassworlds.conf=C:\Program Files\NetBeans-21\netbeans\java\maven\bin\m2.conf -Dmaven.home=C:\Program Files\NetBeans-21\netbeans\java\maven -Dlibrary.jansi.path=C:\Program Files\NetBeans-21\netbeans\java\maven\lib\jansi-native -Dmaven.multiModuleProjectDirectory=C:\trilhaJava\pos-graduacao\utfpr-pos-graduacao\8-java-redes\atividade04\servidorclientethread org.codehaus.plexus.classworlds.launcher.Launcher -Dexec.vmArgs= -Dexec.args=${exec.vmArgs} -classpath %classpath ${exec.mainClass} ${exec.appArgs} -Dexec.appArgs= -Dexec.mainClass=local.javaredes.Servidorclientethread -Dexec.executable=C:\Program Files\Java\jdk-20\bin\java.exe -Dmaven.ext.class.path=C:\Program Files\NetBeans-21\netbeans\java\maven-nblib\netbeans-eventspy.jar --no-transfer-progress process-classes org.codehaus.mojo:exec-maven-plugin:3.1.0:exec

Host: 11th Gen Intel(R) Core(TM) i5-1135G7 @ 2.40GHz, 8 cores, 7G,  Windows 11 , 64 bit Build 22621 (10.0.22621.3958)
Time: Wed Oct  2 17:04:59 2024 Hora oficial do Brasil elapsed time: 141.874047 seconds (0d 0h 2m 21s)

---------------  T H R E A D  ---------------

Current thread (0x000002941333dfa0):  JavaThread "main" [_thread_in_vm, id=305884, stack(0x000000e5a0100000,0x000000e5a0200000)]

Stack: [0x000000e5a0100000,0x000000e5a0200000]
Native frames: (J=compiled Java code, j=interpreted, Vv=VM code, C=native code)
V  [jvm.dll+0x6bb95a]
V  [jvm.dll+0x8485fa]
V  [jvm.dll+0x84a1f5]
V  [jvm.dll+0x84a8f3]
V  [jvm.dll+0x280b0f]
V  [jvm.dll+0x84453b]
V  [jvm.dll+0x65fd86]
V  [jvm.dll+0x1eb4e7]
V  [jvm.dll+0x6627a2]
V  [jvm.dll+0x66258e]
V  [jvm.dll+0x66079e]
V  [jvm.dll+0x66ae17]
V  [jvm.dll+0x21b442]
V  [jvm.dll+0x21b975]
V  [jvm.dll+0x21c361]
V  [jvm.dll+0x211780]
V  [jvm.dll+0x59c26c]
V  [jvm.dll+0x7c3693]
V  [jvm.dll+0x7c3774]
V  [jvm.dll+0x46c524]
V  [jvm.dll+0x471a88]
C  [java.dll+0x17ec]

Java frames: (J=compiled Java code, j=interpreted, Vv=VM code)
J 1100  java.lang.ClassLoader.defineClass1(Ljava/lang/ClassLoader;Ljava/lang/String;[BIILjava/security/ProtectionDomain;Ljava/lang/String;)Ljava/lang/Class; java.base@20.0.1 (0 bytes) @ 0x0000029422f00871 [0x0000029422f007a0+0x00000000000000d1]
J 1112 c1 java.lang.ClassLoader.defineClass(Ljava/lang/String;[BIILjava/security/ProtectionDomain;)Ljava/lang/Class; java.base@20.0.1 (43 bytes) @ 0x000002941b5f035c [0x000002941b5f0000+0x000000000000035c]
J 917 c1 java.security.SecureClassLoader.defineClass(Ljava/lang/String;[BIILjava/security/CodeSource;)Ljava/lang/Class; java.base@20.0.1 (16 bytes) @ 0x000002941b586df4 [0x000002941b586d20+0x00000000000000d4]
J 857 c1 java.net.URLClassLoader.defineClass(Ljava/lang/String;Ljdk/internal/loader/Resource;)Ljava/lang/Class; java.base@20.0.1 (224 bytes) @ 0x000002941b559bd4 [0x000002941b558900+0x00000000000012d4]
J 915 c1 java.net.URLClassLoader$1.run()Ljava/lang/Class; java.base@20.0.1 (81 bytes) @ 0x000002941b583f8c [0x000002941b583320+0x0000000000000c6c]
J 856 c1 java.net.URLClassLoader$1.run()Ljava/lang/Object; java.base@20.0.1 (5 bytes) @ 0x000002941b5583b4 [0x000002941b558320+0x0000000000000094]
J 772 c1 java.security.AccessController.doPrivileged(Ljava/security/PrivilegedExceptionAction;Ljava/security/AccessControlContext;)Ljava/lang/Object; java.base@20.0.1 (26 bytes) @ 0x000002941b5286e4 [0x000002941b528500+0x00000000000001e4]
J 854 c1 java.net.URLClassLoader.findClass(Ljava/lang/String;)Ljava/lang/Class; java.base@20.0.1 (47 bytes) @ 0x000002941b55762c [0x000002941b557480+0x00000000000001ac]
J 862 c1 org.codehaus.plexus.classworlds.realm.ClassRealm.loadClassFromSelf(Ljava/lang/String;)Ljava/lang/Class; (40 bytes) @ 0x000002941b55cf94 [0x000002941b55cc00+0x0000000000000394]
J 799 c1 org.codehaus.plexus.classworlds.strategy.SelfFirstStrategy.loadClass(Ljava/lang/String;)Ljava/lang/Class; (50 bytes) @ 0x000002941b5336fc [0x000002941b533320+0x00000000000003dc]
J 539 c1 org.codehaus.plexus.classworlds.realm.ClassRealm.loadClass(Ljava/lang/String;Z)Ljava/lang/Class; (33 bytes) @ 0x000002941b4ab2bc [0x000002941b4ab140+0x000000000000017c]
J 538 c1 org.codehaus.plexus.classworlds.realm.ClassRealm.loadClass(Ljava/lang/String;)Ljava/lang/Class; (7 bytes) @ 0x000002941b4aae24 [0x000002941b4aad20+0x0000000000000104]
v  ~StubRoutines::call_stub 0x00000294229110e7
j  java.lang.Class.getDeclaredMethods0(Z)[Ljava/lang/reflect/Method;+0 java.base@20.0.1
J 1288 c1 java.lang.Class.privateGetDeclaredMethods(Z)[Ljava/lang/reflect/Method; java.base@20.0.1 (64 bytes) @ 0x000002941b645844 [0x000002941b6456a0+0x00000000000001a4]
J 1480 c1 java.lang.Class.getDeclaredMethods()[Ljava/lang/reflect/Method; java.base@20.0.1 (27 bytes) @ 0x000002941b6929f4 [0x000002941b6928c0+0x0000000000000134]
J 1600 c1 com.google.inject.internal.DeclaredMembers.getDeclaredMethods(Ljava/lang/Class;)[Ljava/lang/reflect/Method; (76 bytes) @ 0x000002941b6ebf44 [0x000002941b6ebee0+0x0000000000000064]
J 1625 c1 com.google.inject.spi.InjectionPoint.getInjectionPoints(Lcom/google/inject/TypeLiteral;ZLcom/google/inject/internal/Errors;)Ljava/util/Set; (491 bytes) @ 0x000002941b6fa7b4 [0x000002941b6f9b00+0x0000000000000cb4]
j  com.google.inject.spi.InjectionPoint.forInstanceMethodsAndFields(Lcom/google/inject/TypeLiteral;)Ljava/util/Set;+11
j  org.eclipse.sisu.wire.DependencyAnalyzer.analyzeImplementation(Lcom/google/inject/TypeLiteral;Z)Ljava/lang/Boolean;+44
j  org.eclipse.sisu.wire.DependencyAnalyzer.visit(Lcom/google/inject/spi/ProviderInstanceBinding;)Ljava/lang/Boolean;+33
j  org.eclipse.sisu.wire.DependencyAnalyzer.visit(Lcom/google/inject/spi/ProviderInstanceBinding;)Ljava/lang/Object;+2
j  com.google.inject.internal.ProviderInstanceBindingImpl.acceptTargetVisitor(Lcom/google/inject/spi/BindingTargetVisitor;)Ljava/lang/Object;+27
j  org.eclipse.sisu.wire.ElementAnalyzer.visit(Lcom/google/inject/Binding;)Ljava/lang/Void;+43
j  org.eclipse.sisu.wire.ElementAnalyzer.visit(Lcom/google/inject/Binding;)Ljava/lang/Object;+2
j  com.google.inject.internal.BindingImpl.acceptVisitor(Lcom/google/inject/spi/ElementVisitor;)Ljava/lang/Object;+2
j  org.eclipse.sisu.wire.WireModule.configure(Lcom/google/inject/Binder;)V+45
j  com.google.inject.spi.Elements$RecordingBinder.install(Lcom/google/inject/Module;)V+209
j  com.google.inject.spi.Elements.getElements(Lcom/google/inject/Stage;Ljava/lang/Iterable;)Ljava/util/List;+40
j  com.google.inject.internal.InjectorShell$Builder.build(Lcom/google/inject/internal/Initializer;Lcom/google/inject/internal/ProcessedBindingData;Lcom/google/inject/internal/util/ContinuousStopwatch;Lcom/google/inject/internal/Errors;)Ljava/util/List;+163
j  com.google.inject.internal.InternalInjectorCreator.build()Lcom/google/inject/Injector;+48
j  com.google.inject.Guice.createInjector(Lcom/google/inject/Stage;Ljava/lang/Iterable;)Lcom/google/inject/Injector;+15
j  com.google.inject.Guice.createInjector(Ljava/lang/Iterable;)Lcom/google/inject/Injector;+4
j  com.google.inject.Guice.createInjector([Lcom/google/inject/Module;)Lcom/google/inject/Injector;+4
j  org.codehaus.plexus.DefaultPlexusContainer.addPlexusInjector(Ljava/util/List;[Lcom/google/inject/Module;)Lcom/google/inject/Injector;+88
j  org.codehaus.plexus.DefaultPlexusContainer.<init>(Lorg/codehaus/plexus/ContainerConfiguration;[Lcom/google/inject/Module;)V+400
j  org.apache.maven.cli.MavenCli.container(Lorg/apache/maven/cli/CliRequest;)Lorg/codehaus/plexus/PlexusContainer;+279
j  org.apache.maven.cli.MavenCli.doMain(Lorg/apache/maven/cli/CliRequest;)I+34
j  org.apache.maven.cli.MavenCli.main([Ljava/lang/String;Lorg/codehaus/plexus/classworlds/ClassWorld;)I+24
j  java.lang.invoke.DirectMethodHandle$Holder.invokeStatic(Ljava/lang/Object;Ljava/lang/Object;Ljava/lang/Object;)I+11 java.base@20.0.1
j  java.lang.invoke.LambdaForm$MH+0x0000000801009400.invoke(Ljava/lang/Object;Ljava/lang/Object;Ljava/lang/Object;Ljava/lang/Object;)Ljava/lang/Object;+54 java.base@20.0.1
j  java.lang.invoke.LambdaForm$MH+0x0000000801009800.invokeExact_MT(Ljava/lang/Object;Ljava/lang/Object;Ljava/lang/Object;Ljava/lang/Object;Ljava/lang/Object;)Ljava/lang/Object;+22 java.base@20.0.1
j  jdk.internal.reflect.DirectMethodHandleAccessor.invokeImpl(Ljava/lang/Object;[Ljava/lang/Object;)Ljava/lang/Object;+72 java.base@20.0.1
j  jdk.internal.reflect.DirectMethodHandleAccessor.invoke(Ljava/lang/Object;[Ljava/lang/Object;)Ljava/lang/Object;+23 java.base@20.0.1
j  java.lang.reflect.Method.invoke(Ljava/lang/Object;[Ljava/lang/Object;)Ljava/lang/Object;+102 java.base@20.0.1
j  org.codehaus.plexus.classworlds.launcher.Launcher.launchEnhanced([Ljava/lang/String;)V+45
j  org.codehaus.plexus.classworlds.launcher.Launcher.launch([Ljava/lang/String;)V+2
j  org.codehaus.plexus.classworlds.launcher.Launcher.mainWithExitCode([Ljava/lang/String;)I+108
j  org.codehaus.plexus.classworlds.launcher.Launcher.main([Ljava/lang/String;)V+1
v  ~StubRoutines::call_stub 0x00000294229110e7

Compiled method (n/a)  143975 1100     n 0       java.lang.ClassLoader::defineClass1 (native)
 total in heap  [0x0000029422f00610,0x0000029422f00d40] = 1840
 relocation     [0x0000029422f00758,0x0000029422f00790] = 56
 main code      [0x0000029422f007a0,0x0000029422f00d3e] = 1438
 stub code      [0x0000029422f00d3e,0x0000029422f00d40] = 2

[Constant Pool (empty)]

[MachCode]
[Entry Point]
  # {method} {0x00000008004365c8} 'defineClass1' '(Ljava/lang/ClassLoader;Ljava/lang/String;[BIILjava/security/ProtectionDomain;Ljava/lang/String;)Ljava/lang/Class;' in 'java/lang/ClassLoader'
  # parm0:    rdx:rdx   = 'java/lang/ClassLoader'
  # parm1:    r8:r8     = 'java/lang/String'
  # parm2:    r9:r9     = '[B'
  # parm3:    rdi       = int
  # parm4:    rsi       = int
  # parm5:    rcx:rcx   = 'java/security/ProtectionDomain'
  # parm6:    [sp+0xa0]   = 'java/lang/String'  (sp of caller)
  0x0000029422f007a0: 448b 5208 | 49bb 0000 | 0000 0800 | 0000 4d03 | d349 3bc2 | 0f84 0600 

  0x0000029422f007b8: ;   {runtime_call ic_miss_stub}
  0x0000029422f007b8: 0000 e941 | 3da7 ff90 
[Verified Entry Point]
  0x0000029422f007c0: 8984 2400 | 80ff ff55 | 488b ec48 | 81ec 9000 | 0000 6690 | 4181 7f20 | 0100 0000 

  0x0000029422f007dc: ;   {runtime_call StubRoutines (2)}
  0x0000029422f007dc: 7405 e8fd | d4a5 ff48 | 837d 1000 | 488d 4510 | 480f 4445 | 1048 8944 | 2440 4889 | 4c24 7048 
  0x0000029422f007fc: 83f9 0048 | 8d44 2470 | 480f 4444 | 2470 4889 | 4424 3848 | 8974 2430 | 4889 7c24 | 284c 894c 
  0x0000029422f0081c: 2458 4983 | f900 488d | 4424 5848 | 0f44 4424 | 5848 8944 | 2420 4c89 | 4424 5049 | 83f8 004c 
  0x0000029422f0083c: 8d4c 2450 | 4c0f 444c | 2450 4889 | 5424 4848 | 83fa 004c | 8d44 2448 | 4c0f 4444 

  0x0000029422f00858: ;   {oop(a 'java/lang/Class'{0x000000008a791018} = 'java/lang/ClassLoader')}
  0x0000029422f00858: 2448 49be | 1810 798a | 0000 0000 | 4c89 7424 | 784c 8d74 | 2478 498b | d6c5 f877 

  0x0000029422f00874: ;   {internal_word}
  0x0000029422f00874: 49ba 7108 | f022 9402 | 0000 4d89 | 97c8 0200 | 0049 89a7 | c002 0000 

  0x0000029422f0088c: ;   {external_word}
  0x0000029422f0088c: 49ba e109 | c801 fe7f | 0000 4180 | 3a00 0f84 | 4e00 0000 | 5241 5041 

  0x0000029422f008a4: ;   {metadata({method} {0x00000008004365c8} 'defineClass1' '(Ljava/lang/ClassLoader;Ljava/lang/String;[BIILjava/security/ProtectionDomain;Ljava/lang/String;)Ljava/lang/Class;' in 'java/lang/ClassLoader')}
  0x0000029422f008a4: 5148 bac0 | 6543 0008 | 0000 0049 | 8bcf 4883 | ec20 40f6 | c40f 0f84 | 1900 0000 | 4883 ec08 
  0x0000029422f008c4: ;   {runtime_call}
  0x0000029422f008c4: 48b8 a006 | 7f01 fe7f | 0000 ffd0 | 4883 c408 | e90c 0000 

  0x0000029422f008d8: ;   {runtime_call}
  0x0000029422f008d8: 0048 b8a0 | 067f 01fe | 7f00 00ff | d048 83c4 | 2041 5941 | 585a 498d | 8fe0 0200 | 0041 c787 
  0x0000029422f008f8: 7403 0000 | 0400 0000 

  0x0000029422f00900: ;   {runtime_call}
  0x0000029422f00900: 48b8 ac16 | 2953 fe7f | 0000 ffd0 | c5f8 7741 | c787 7403 | 0000 0500 | 0000 f083 | 4424 c000 
  0x0000029422f00920: 493b af78 | 0300 000f | 870e 0000 | 0041 83bf | 7003 0000 | 000f 842b | 0000 00c5 | f877 4889 
  0x0000029422f00940: 45f8 498b | cf4c 8be4 | 4883 ec20 | 4883 e4f0 

  0x0000029422f00950: ;   {runtime_call}
  0x0000029422f00950: 48b8 60fc | 4b01 fe7f | 0000 ffd0 | 498b e44d | 33e4 488b | 45f8 41c7 | 8774 0300 | 0008 0000 
  0x0000029422f00970: 0041 83bf | f003 0000 | 020f 8492 

  0x0000029422f0097c: ;   {external_word}
  0x0000029422f0097c: 0300 0049 | bae1 09c8 | 01fe 7f00 | 0041 803a | 000f 844c | 0000 0048 

  0x0000029422f00994: ;   {metadata({method} {0x00000008004365c8} 'defineClass1' '(Ljava/lang/ClassLoader;Ljava/lang/String;[BIILjava/security/ProtectionDomain;Ljava/lang/String;)Ljava/lang/Class;' in 'java/lang/ClassLoader')}
  0x0000029422f00994: 8945 f848 | bac0 6543 | 0008 0000 | 0049 8bcf | 4883 ec20 | 40f6 c40f | 0f84 1900 | 0000 4883 
  0x0000029422f009b4: ;   {runtime_call}
  0x0000029422f009b4: ec08 48b8 | a006 7f01 | fe7f 0000 | ffd0 4883 | c408 e90c 

  0x0000029422f009c8: ;   {runtime_call}
  0x0000029422f009c8: 0000 0048 | b8a0 067f | 01fe 7f00 | 00ff d048 | 83c4 2048 | 8b45 f849 | c787 c002 | 0000 0000 
  0x0000029422f009e8: 0000 49c7 | 87c8 0200 | 0000 0000 | 00c5 f877 | 4885 c00f | 84ed 0200 | 00a8 010f | 84e2 0200 
  0x0000029422f00a08: 0048 8b40 | ff41 807f | 4000 0f84 | ce02 0000 | 4883 f800 | 0f84 c402 | 0000 498b | 4f28 4883 
  0x0000029422f00a28: f900 0f84 | 1400 0000 | 4883 e908 | 4989 4f28 | 4903 4f38 | 4889 01e9 | a202 0000 | 4881 ec50 
  0x0000029422f00a48: 0100 0048 | 8904 2448 | 894c 2408 | 4889 5424 | 1048 8974 | 2418 4889 | 7c24 204c | 8944 2428 
  0x0000029422f00a68: 4c89 4c24 | 304c 8954 | 2438 4c89 | 5c24 40c5 | fb11 4424 | 50c5 fb11 | 4c24 58c5 | fb11 5424 
  0x0000029422f00a88: 60c5 fb11 | 5c24 68c5 | fb11 6424 | 70c5 fb11 | 6c24 78c5 | fb11 b424 | 8000 0000 | c5fb 11bc 
  0x0000029422f00aa8: 2488 0000 | 00c5 7b11 | 8424 9000 | 0000 c57b | 118c 2498 | 0000 00c5 | 7b11 9424 | a000 0000 
  0x0000029422f00ac8: c57b 119c | 24a8 0000 | 00c5 7b11 | a424 b000 | 0000 c57b | 11ac 24b8 | 0000 00c5 | 7b11 b424 
  0x0000029422f00ae8: c000 0000 | c57b 11bc | 24c8 0000 | 0062 e1ff | 0811 4424 | 1a62 e1ff | 0811 4c24 | 1b62 e1ff 
  0x0000029422f00b08: 0811 5424 | 1c62 e1ff | 0811 5c24 | 1d62 e1ff | 0811 6424 | 1e62 e1ff | 0811 6c24 | 1f62 e1ff 
  0x0000029422f00b28: 0811 7424 | 2062 e1ff | 0811 7c24 | 2162 61ff | 0811 4424 | 2262 61ff | 0811 4c24 | 2362 61ff 
  0x0000029422f00b48: 0811 5424 | 2462 61ff | 0811 5c24 | 2562 61ff | 0811 6424 | 2662 61ff | 0811 6c24 | 2762 61ff 
  0x0000029422f00b68: 0811 7424 | 2862 61ff | 0811 7c24 | 2949 8bd7 | 488b c848 | 83ec 2040 | f6c4 0f0f | 8419 0000 
  0x0000029422f00b88: 0048 83ec 

  0x0000029422f00b8c: ;   {runtime_call}
  0x0000029422f00b8c: 0848 b800 | 3d3f 01fe | 7f00 00ff | d048 83c4 | 08e9 0c00 

  0x0000029422f00ba0: ;   {runtime_call}
  0x0000029422f00ba0: 0000 48b8 | 003d 3f01 | fe7f 0000 | ffd0 4883 | c420 6261 | ff08 107c | 2429 6261 | ff08 1074 
  0x0000029422f00bc0: 2428 6261 | ff08 106c | 2427 6261 | ff08 1064 | 2426 6261 | ff08 105c | 2425 6261 | ff08 1054 
  0x0000029422f00be0: 2424 6261 | ff08 104c | 2423 6261 | ff08 1044 | 2422 62e1 | ff08 107c | 2421 62e1 | ff08 1074 
  0x0000029422f00c00: 2420 62e1 | ff08 106c | 241f 62e1 | ff08 1064 | 241e 62e1 | ff08 105c | 241d 62e1 | ff08 1054 
  0x0000029422f00c20: 241c 62e1 | ff08 104c | 241b 62e1 | ff08 1044 | 241a c57b | 10bc 24c8 | 0000 00c5 | 7b10 b424 
  0x0000029422f00c40: c000 0000 | c57b 10ac | 24b8 0000 | 00c5 7b10 | a424 b000 | 0000 c57b | 109c 24a8 | 0000 00c5 
  0x0000029422f00c60: 7b10 9424 | a000 0000 | c57b 108c | 2498 0000 | 00c5 7b10 | 8424 9000 | 0000 c5fb | 10bc 2488 
  0x0000029422f00c80: 0000 00c5 | fb10 b424 | 8000 0000 | c5fb 106c | 2478 c5fb | 1064 2470 | c5fb 105c | 2468 c5fb 
  0x0000029422f00ca0: 1054 2460 | c5fb 104c | 2458 c5fb | 1044 2450 | 4c8b 5c24 | 404c 8b54 | 2438 4c8b | 4c24 304c 
  0x0000029422f00cc0: 8b44 2428 | 488b 7c24 | 2048 8b74 | 2418 488b | 5424 1048 | 8b4c 2408 | 488b 0424 | 4881 c450 
  0x0000029422f00ce0: 0100 00c5 | f877 e903 | 0000 0048 | 8b00 498b | 8f50 0300 | 00c7 8100 | 0100 0000 | 0000 00c9 
  0x0000029422f00d00: 4983 7f08 | 000f 8501 | 0000 00c3 

  0x0000029422f00d0c: ;   {runtime_call StubRoutines (1)}
  0x0000029422f00d0c: e9ef 01a1 | ffc5 f877 | 4889 45f8 | 4c8b e448 | 83ec 2048 

  0x0000029422f00d20: ;   {runtime_call}
  0x0000029422f00d20: 83e4 f048 | b840 3d7f | 01fe 7f00 | 00ff d049 | 8be4 4d33 | e448 8b45 | f8e9 41fc | ffff f4f4 
[/MachCode]


Compiled method (c1)  144150 1112       3       java.lang.ClassLoader::defineClass (43 bytes)
 total in heap  [0x000002941b5efe10,0x000002941b5f0738] = 2344
 relocation     [0x000002941b5eff58,0x000002941b5efff0] = 152
 main code      [0x000002941b5f0000,0x000002941b5f0490] = 1168
 stub code      [0x000002941b5f0490,0x000002941b5f0508] = 120
 metadata       [0x000002941b5f0508,0x000002941b5f0538] = 48
 scopes data    [0x000002941b5f0538,0x000002941b5f0628] = 240
 scopes pcs     [0x000002941b5f0628,0x000002941b5f0708] = 224
 dependencies   [0x000002941b5f0708,0x000002941b5f0710] = 8
 nul chk table  [0x000002941b5f0710,0x000002941b5f0738] = 40

[Constant Pool (empty)]

[MachCode]
[Entry Point]
  # {method} {0x00000008004368f0} 'defineClass' '(Ljava/lang/String;[BIILjava/security/ProtectionDomain;)Ljava/lang/Class;' in 'java/lang/ClassLoader'
  # this:     rdx:rdx   = 'java/lang/ClassLoader'
  # parm0:    r8:r8     = 'java/lang/String'
  # parm1:    r9:r9     = '[B'
  # parm2:    rdi       = int
  # parm3:    rsi       = int
  # parm4:    rcx:rcx   = 'java/security/ProtectionDomain'
  #           [sp+0xc0]  (sp of caller)
  0x000002941b5f0000: 448b 5208 | 49bb 0000 | 0000 0800 | 0000 4d03 | d34c 3bd0 

  0x000002941b5f0014: ;   {runtime_call ic_miss_stub}
  0x000002941b5f0014: 0f85 e644 | 3807 660f | 1f44 0000 
[Verified Entry Point]
  0x000002941b5f0020: 8984 2400 | 80ff ff55 | 4881 ecb0 | 0000 0090 | 4181 7f20 | 0100 0000 

  0x000002941b5f0038: ;   {runtime_call StubRoutines (2)}
  0x000002941b5f0038: 7405 e8a1 | dc36 0748 | 8954 2478 

  0x000002941b5f0044: ;   {metadata(method data for {method} {0x00000008004368f0} 'defineClass' '(Ljava/lang/String;[BIILjava/security/ProtectionDomain;)Ljava/lang/Class;' in 'java/lang/ClassLoader')}
  0x000002941b5f0044: 48bb 88da | 1b30 9402 | 0000 8b83 | cc00 0000 | 83c0 0289 | 83cc 0000 | 0025 fe07 | 0000 83f8 
  0x000002941b5f0064: 000f 8447 | 0300 0089 | b424 9400 | 0000 89bc | 2490 0000 | 004c 898c | 2488 0000 | 0048 8bda 
  0x000002941b5f0084: ;   {metadata(method data for {method} {0x00000008004368f0} 'defineClass' '(Ljava/lang/String;[BIILjava/security/ProtectionDomain;)Ljava/lang/Class;' in 'java/lang/ClassLoader')}
  0x000002941b5f0084: 48b8 88da | 1b30 9402 | 0000 4883 | 8010 0100 | 0001 498b | d84c 8bc3 | 4c8b c948 | 8bca 488b 
  0x000002941b5f00a4: d148 899c | 2480 0000 

  0x000002941b5f00ac: ;   {optimized virtual_call}
  0x000002941b5f00ac: 0066 90e8 

  0x000002941b5f00b0: ; ImmutableOopMap {[120]=Oop [128]=Oop [136]=Oop }
                      ;*invokevirtual preDefineClass {reexecute=0 rethrow=0 return_oop=0}
                      ; - java.lang.ClassLoader::defineClass@4 (line 1011)
  0x000002941b5f00b0: acc7 f5ff | 4889 8424 | 9800 0000 | 488b 5424 

  0x000002941b5f00c0: ;   {metadata(method data for {method} {0x00000008004368f0} 'defineClass' '(Ljava/lang/String;[BIILjava/security/ProtectionDomain;)Ljava/lang/Class;' in 'java/lang/ClassLoader')}
  0x000002941b5f00c0: 7849 b888 | da1b 3094 | 0200 0049 | 8380 4801 

  0x000002941b5f00d0: ;   {metadata(method data for {method} {0x0000000800436630} 'defineClassSourceLocation' '(Ljava/security/ProtectionDomain;)Ljava/lang/String;' in 'java/lang/ClassLoader')}
  0x000002941b5f00d0: 0000 0149 | b8c0 cb1b | 3094 0200 | 0041 8b90 | cc00 0000 | 83c2 0241 | 8990 cc00 | 0000 81e2 
  0x000002941b5f00f0: feff 1f00 | 83fa 000f | 84d6 0200 | 0048 3b00 

  0x000002941b5f0100: ;   {metadata(method data for {method} {0x0000000800436630} 'defineClassSourceLocation' '(Ljava/security/ProtectionDomain;)Ljava/lang/String;' in 'java/lang/ClassLoader')}
  0x000002941b5f0100: 4c8b c048 | bac0 cb1b | 3094 0200 | 0048 8382 | 1001 0000 | 0144 8b40 | 1049 83f8 

  0x000002941b5f011c: ;   {metadata(method data for {method} {0x0000000800436630} 'defineClassSourceLocation' '(Ljava/security/ProtectionDomain;)Ljava/lang/String;' in 'java/lang/ClassLoader')}
  0x000002941b5f011c: 0048 bac0 | cb1b 3094 | 0200 0048 | be58 0100 | 0000 0000 | 000f 850a | 0000 0048 | be48 0100 
  0x000002941b5f013c: 0000 0000 | 0048 8b3c | 3248 8d7f | 0148 893c | 320f 850f 

  0x000002941b5f0150: ;   {oop(NULL)}
  0x000002941b5f0150: 0000 0048 | bb00 0000 | 0000 0000 | 00e9 a501 | 0000 493b | 0049 8bd0 

  0x000002941b5f0168: ;   {metadata(method data for {method} {0x0000000800436630} 'defineClassSourceLocation' '(Ljava/security/ProtectionDomain;)Ljava/lang/String;' in 'java/lang/ClassLoader')}
  0x000002941b5f0168: 48be c0cb | 1b30 9402 | 0000 4883 | 8668 0100 | 0001 418b | 500c 4883 

  0x000002941b5f0180: ;   {metadata(method data for {method} {0x0000000800436630} 'defineClassSourceLocation' '(Ljava/security/ProtectionDomain;)Ljava/lang/String;' in 'java/lang/ClassLoader')}
  0x000002941b5f0180: fa00 48be | c0cb 1b30 | 9402 0000 | 48bf b001 | 0000 0000 | 0000 0f85 | 0a00 0000 | 48bf a001 
  0x000002941b5f01a0: 0000 0000 | 0000 488b | 1c3e 488d | 5b01 4889 | 1c3e 0f85 | 0f00 0000 

  0x000002941b5f01b8: ;   {oop(NULL)}
  0x000002941b5f01b8: 48bb 0000 | 0000 0000 | 0000 e940 

  0x000002941b5f01c4: ;   {metadata(method data for {method} {0x0000000800436630} 'defineClassSourceLocation' '(Ljava/security/ProtectionDomain;)Ljava/lang/String;' in 'java/lang/ClassLoader')}
  0x000002941b5f01c4: 0100 0048 | bec0 cb1b | 3094 0200 | 0048 8386 | c001 0000 | 0148 3b02 

  0x000002941b5f01dc: ;   {metadata(method data for {method} {0x0000000800436630} 'defineClassSourceLocation' '(Ljava/security/ProtectionDomain;)Ljava/lang/String;' in 'java/lang/ClassLoader')}
  0x000002941b5f01dc: 4c8b c248 | bec0 cb1b | 3094 0200 | 0048 8386 | f801 0000 

  0x000002941b5f01f0: ;   {metadata(method data for {method} {0x000000080001b3e0} 'toString' '()Ljava/lang/String;' in 'java/net/URL')}
  0x000002941b5f01f0: 0149 b8f0 | 9e16 3094 | 0200 0041 | 8bb0 cc00 | 0000 83c6 | 0241 89b0 | cc00 0000 | 81e6 feff 
  0x000002941b5f0210: 1f00 83fe | 000f 84e8 | 0100 004c 

  0x000002941b5f021c: ;   {metadata(method data for {method} {0x000000080001b3e0} 'toString' '()Ljava/lang/String;' in 'java/net/URL')}
  0x000002941b5f021c: 8bc2 48be | f09e 1630 | 9402 0000 | 4883 8610 | 0100 0001 

  0x000002941b5f0230: ;   {metadata(method data for {method} {0x000000080042a128} 'toExternalForm' '()Ljava/lang/String;' in 'java/net/URL')}
  0x000002941b5f0230: 49b8 e892 | 1230 9402 | 0000 418b | b0cc 0000 | 0083 c602 | 4189 b0cc | 0000 0081 | e6fe ff1f 
  0x000002941b5f0250: 0083 fe00 | 0f84 ca01 | 0000 8b72 | 3848 3b06 

  0x000002941b5f0260: ;   {metadata(method data for {method} {0x000000080042a128} 'toExternalForm' '()Ljava/lang/String;' in 'java/net/URL')}
  0x000002941b5f0260: 4c8b c648 | bfe8 9212 | 3094 0200 | 0045 8b40 | 0849 ba00 | 0000 0008 | 0000 004d | 03c2 4c3b 
  0x000002941b5f0280: 8720 0100 | 0075 0d48 | 8387 2801 | 0000 01e9 | 6000 0000 | 4c3b 8730 | 0100 0075 | 0d48 8387 
  0x000002941b5f02a0: 3801 0000 | 01e9 4a00 | 0000 4883 | bf20 0100 | 0000 7517 | 4c89 8720 | 0100 0048 | c787 2801 
  0x000002941b5f02c0: 0000 0100 | 0000 e929 | 0000 0048 | 83bf 3001 | 0000 0075 | 174c 8987 | 3001 0000 | 48c7 8738 
  0x000002941b5f02e0: 0100 0001 | 0000 00e9 | 0800 0000 | 4883 8710 | 0100 0001 | 4c8b c248 | 8bd6 0f1f 

  0x000002941b5f02fc: ;   {optimized virtual_call}
  0x000002941b5f02fc: 4400 00e8 

  0x000002941b5f0300: ; ImmutableOopMap {[120]=Oop [128]=Oop [136]=Oop [152]=Oop }
                      ;*invokevirtual toExternalForm {reexecute=0 rethrow=0 return_oop=0}
                      ; - java.net.URL::toExternalForm@5 (line 1195)
                      ; - java.net.URL::toString@1 (line 1181)
                      ; - java.lang.ClassLoader::defineClassSourceLocation@22 (line 913)
                      ; - java.lang.ClassLoader::defineClass@12 (line 1012)
  0x000002941b5f0300: dcc5 ebff | 488b d848 | 8b84 2498 | 0000 008b | b424 9400 | 0000 8bbc | 2490 0000 | 004c 8b8c 
  0x000002941b5f0320: 2488 0000 | 004c 8b84 | 2480 0000 | 0048 8b54 

  0x000002941b5f0330: ;   {metadata(method data for {method} {0x00000008004368f0} 'defineClass' '(Ljava/lang/String;[BIILjava/security/ProtectionDomain;)Ljava/lang/Class;' in 'java/lang/ClassLoader')}
  0x000002941b5f0330: 2478 48b9 | 88da 1b30 | 9402 0000 | 4883 8180 | 0100 0001 | 4c8b da49 | 8bd3 488b | c848 891c 
  0x000002941b5f0350: 2466 0f1f 

  0x000002941b5f0354: ;   {static_call}
  0x000002941b5f0354: 4400 00e8 

  0x000002941b5f0358: ; ImmutableOopMap {[120]=Oop [152]=Oop }
                      ;*invokestatic defineClass1 {reexecute=0 rethrow=0 return_oop=0}
                      ; - java.lang.ClassLoader::defineClass@27 (line 1013)
  0x000002941b5f0358: 6404 9107 | 488b 5424 

  0x000002941b5f0360: ;   {metadata(method data for {method} {0x00000008004368f0} 'defineClass' '(Ljava/lang/String;[BIILjava/security/ProtectionDomain;)Ljava/lang/Class;' in 'java/lang/ClassLoader')}
  0x000002941b5f0360: 7849 b888 | da1b 3094 | 0200 0049 | 8380 9001 | 0000 014c | 8bc0 4c8b | 8c24 9800 | 0000 488b 
  0x000002941b5f0380: 5424 7848 | 8984 24a0 | 0000 000f 

  0x000002941b5f038c: ;   {optimized virtual_call}
  0x000002941b5f038c: 1f40 00e8 

  0x000002941b5f0390: ; ImmutableOopMap {[160]=Oop }
                      ;*invokevirtual postDefineClass {reexecute=0 rethrow=0 return_oop=0}
                      ; - java.lang.ClassLoader::defineClass@37 (line 1014)
  0x000002941b5f0390: 6cea f5ff | 488b 8424 | a000 0000 | 4881 c4b0 | 0000 005d 

  0x000002941b5f03a4: ;   {poll_return}
  0x000002941b5f03a4: 493b a778 | 0300 000f | 8799 0000 

  0x000002941b5f03b0: ;   {metadata({method} {0x00000008004368f0} 'defineClass' '(Ljava/lang/String;[BIILjava/security/ProtectionDomain;)Ljava/lang/Class;' in 'java/lang/ClassLoader')}
  0x000002941b5f03b0: 00c3 49ba | e868 4300 | 0800 0000 | 4c89 5424 | 0848 c704 | 24ff ffff 

  0x000002941b5f03c8: ;   {runtime_call counter_overflow Runtime1 stub}
  0x000002941b5f03c8: ffe8 3255 

  0x000002941b5f03cc: ; ImmutableOopMap {rdx=Oop r8=Oop r9=Oop rcx=Oop [120]=Oop }
                      ;*synchronization entry
                      ; - java.lang.ClassLoader::defineClass@-1 (line 1011)
  0x000002941b5f03cc: 4507 e998 

  0x000002941b5f03d0: ;   {metadata({method} {0x0000000800436630} 'defineClassSourceLocation' '(Ljava/security/ProtectionDomain;)Ljava/lang/String;' in 'java/lang/ClassLoader')}
  0x000002941b5f03d0: fcff ff49 | ba28 6643 | 0008 0000 | 004c 8954 | 2408 48c7 | 0424 ffff 

  0x000002941b5f03e8: ;   {runtime_call counter_overflow Runtime1 stub}
  0x000002941b5f03e8: ffff e811 

  0x000002941b5f03ec: ; ImmutableOopMap {rax=Oop [120]=Oop [128]=Oop [136]=Oop [152]=Oop }
                      ;*synchronization entry
                      ; - java.lang.ClassLoader::defineClassSourceLocation@-1 (line 910)
                      ; - java.lang.ClassLoader::defineClass@12 (line 1012)
  0x000002941b5f03ec: 5545 07e9 | 09fd ffff 

  0x000002941b5f03f4: ;   {runtime_call throw_null_pointer_exception Runtime1 stub}
  0x000002941b5f03f4: e887 103c 

  0x000002941b5f03f8: ; ImmutableOopMap {rax=Oop [120]=Oop [128]=Oop [136]=Oop [152]=Oop }
                      ;*invokevirtual getCodeSource {reexecute=0 rethrow=0 return_oop=0}
                      ; - java.lang.ClassLoader::defineClassSourceLocation@1 (line 910)
                      ; - java.lang.ClassLoader::defineClass@12 (line 1012)
                      ;   {runtime_call throw_null_pointer_exception Runtime1 stub}
  0x000002941b5f03f8: 07e8 8210 

  0x000002941b5f03fc: ; ImmutableOopMap {rax=Oop r8=Oop [120]=Oop [128]=Oop [136]=Oop [152]=Oop }
                      ;*invokevirtual getLocation {reexecute=0 rethrow=0 return_oop=0}
                      ; - java.lang.ClassLoader::defineClassSourceLocation@12 (line 912)
                      ; - java.lang.ClassLoader::defineClass@12 (line 1012)
                      ;   {runtime_call throw_null_pointer_exception Runtime1 stub}
  0x000002941b5f03fc: 3c07 e87d 

  0x000002941b5f0400: ; ImmutableOopMap {rdx=Oop [120]=Oop [128]=Oop [136]=Oop [152]=Oop }
                      ;*invokevirtual toString {reexecute=0 rethrow=0 return_oop=0}
                      ; - java.lang.ClassLoader::defineClassSourceLocation@22 (line 913)
                      ; - java.lang.ClassLoader::defineClass@12 (line 1012)
                      ;   {metadata({method} {0x000000080001b3e0} 'toString' '()Ljava/lang/String;' in 'java/net/URL')}
  0x000002941b5f0400: 103c 0749 | bad8 b301 | 0008 0000 | 004c 8954 | 2408 48c7 | 0424 ffff 

  0x000002941b5f0418: ;   {runtime_call counter_overflow Runtime1 stub}
  0x000002941b5f0418: ffff e8e1 

  0x000002941b5f041c: ; ImmutableOopMap {rdx=Oop [120]=Oop [128]=Oop [136]=Oop [152]=Oop }
                      ;*synchronization entry
                      ; - java.net.URL::toString@-1 (line 1181)
                      ; - java.lang.ClassLoader::defineClassSourceLocation@22 (line 913)
                      ; - java.lang.ClassLoader::defineClass@12 (line 1012)
  0x000002941b5f041c: 5445 07e9 | f7fd ffff 

  0x000002941b5f0424: ;   {metadata({method} {0x000000080042a128} 'toExternalForm' '()Ljava/lang/String;' in 'java/net/URL')}
  0x000002941b5f0424: 49ba 20a1 | 4200 0800 | 0000 4c89 | 5424 0848 | c704 24ff 

  0x000002941b5f0438: ;   {runtime_call counter_overflow Runtime1 stub}
  0x000002941b5f0438: ffff ffe8 

  0x000002941b5f043c: ; ImmutableOopMap {rdx=Oop [120]=Oop [128]=Oop [136]=Oop [152]=Oop }
                      ;*synchronization entry
                      ; - java.net.URL::toExternalForm@-1 (line 1195)
                      ; - java.net.URL::toString@1 (line 1181)
                      ; - java.lang.ClassLoader::defineClassSourceLocation@22 (line 913)
                      ; - java.lang.ClassLoader::defineClass@12 (line 1012)
  0x000002941b5f043c: c054 4507 | e915 feff 

  0x000002941b5f0444: ;   {runtime_call throw_null_pointer_exception Runtime1 stub}
  0x000002941b5f0444: ffe8 3610 

  0x000002941b5f0448: ; ImmutableOopMap {rdx=Oop rsi=Oop [120]=Oop [128]=Oop [136]=Oop [152]=Oop }
                      ;*invokevirtual toExternalForm {reexecute=0 rethrow=0 return_oop=0}
                      ; - java.net.URL::toExternalForm@5 (line 1195)
                      ; - java.net.URL::toString@1 (line 1181)
                      ; - java.lang.ClassLoader::defineClassSourceLocation@22 (line 913)
                      ; - java.lang.ClassLoader::defineClass@12 (line 1012)
                      ;   {internal_word}
  0x000002941b5f0448: 3c07 49ba | a403 5f1b | 9402 0000 | 4d89 9790 

  0x000002941b5f0458: ;   {runtime_call SafepointBlob}
  0x000002941b5f0458: 0300 00e9 | a0c2 3807 | 498b 8728 | 0400 0049 | c787 2804 | 0000 0000 | 0000 49c7 | 8730 0400 
  0x000002941b5f0478: 0000 0000 | 0048 81c4 | b000 0000 

  0x000002941b5f0484: ;   {runtime_call unwind_exception Runtime1 stub}
  0x000002941b5f0484: 5de9 f61e | 3c07 f4f4 | f4f4 f4f4 
[Stub Code]
  0x000002941b5f0490: ;   {no_reloc}
  0x000002941b5f0490: 0f1f 4400 

  0x000002941b5f0494: ;   {static_stub}
  0x000002941b5f0494: 0048 bb00 | 0000 0000 

  0x000002941b5f049c: ;   {runtime_call}
  0x000002941b5f049c: 0000 00e9 | fbff ffff 
[Exception Handler]
  0x000002941b5f04a4: ;   {runtime_call handle_exception_from_callee Runtime1 stub}
  0x000002941b5f04a4: e8d7 1745 

  0x000002941b5f04a8: ;   {external_word}
  0x000002941b5f04a8: 0748 b9b0 | 23a2 01fe | 7f00 0048 

  0x000002941b5f04b4: ;   {runtime_call}
  0x000002941b5f04b4: 83e4 f048 | b820 166e | 01fe 7f00 | 00ff d0f4 
[Deopt Handler Code]
  0x000002941b5f04c4: ;   {section_word}
  0x000002941b5f04c4: 49ba c404 | 5f1b 9402 | 0000 4152 

  0x000002941b5f04d0: ;   {runtime_call DeoptimizationBlob}
  0x000002941b5f04d0: e9cb d638 

  0x000002941b5f04d4: ;   {static_stub}
  0x000002941b5f04d4: 0748 bb00 | 0000 0000 

  0x000002941b5f04dc: ;   {runtime_call}
  0x000002941b5f04dc: 0000 00e9 | fbff ffff 

  0x000002941b5f04e4: ;   {static_stub}
  0x000002941b5f04e4: 48bb 0000 | 0000 0000 

  0x000002941b5f04ec: ;   {runtime_call}
  0x000002941b5f04ec: 0000 e9fb 

  0x000002941b5f04f0: ;   {static_stub}
  0x000002941b5f04f0: ffff ff48 | bb00 0000 | 0000 0000 

  0x000002941b5f04fc: ;   {runtime_call}
  0x000002941b5f04fc: 00e9 fbff | ffff f4f4 | f4f4 f4f4 
[/MachCode]


Compiled method (c1)  144299  917       3       java.security.SecureClassLoader::defineClass (16 bytes)
 total in heap  [0x000002941b586b90,0x000002941b586f60] = 976
 relocation     [0x000002941b586cd8,0x000002941b586d20] = 72
 main code      [0x000002941b586d20,0x000002941b586e68] = 328
 stub code      [0x000002941b586e68,0x000002941b586eb8] = 80
 metadata       [0x000002941b586eb8,0x000002941b586ec0] = 8
 scopes data    [0x000002941b586ec0,0x000002941b586f08] = 72
 scopes pcs     [0x000002941b586f08,0x000002941b586f58] = 80
 dependencies   [0x000002941b586f58,0x000002941b586f60] = 8

[Constant Pool (empty)]

[MachCode]
[Entry Point]
  # {method} {0x000000080004dc48} 'defineClass' '(Ljava/lang/String;[BIILjava/security/CodeSource;)Ljava/lang/Class;' in 'java/security/SecureClassLoader'
  # this:     rdx:rdx   = 'java/security/SecureClassLoader'
  # parm0:    r8:r8     = 'java/lang/String'
  # parm1:    r9:r9     = '[B'
  # parm2:    rdi       = int
  # parm3:    rsi       = int
  # parm4:    rcx:rcx   = 'java/security/CodeSource'
  #           [sp+0x80]  (sp of caller)
  0x000002941b586d20: 448b 5208 | 49bb 0000 | 0000 0800 | 0000 4d03 | d34c 3bd0 

  0x000002941b586d34: ;   {runtime_call ic_miss_stub}
  0x000002941b586d34: 0f85 c6d7 | 3e07 660f | 1f44 0000 
[Verified Entry Point]
  0x000002941b586d40: 8984 2400 | 80ff ff55 | 4883 ec70 | 4181 7f20 | 0100 0000 

  0x000002941b586d54: ;   {runtime_call StubRoutines (2)}
  0x000002941b586d54: 7405 e885 

  0x000002941b586d58: ;   {metadata(method data for {method} {0x000000080004dc48} 'defineClass' '(Ljava/lang/String;[BIILjava/security/CodeSource;)Ljava/lang/Class;' in 'java/security/SecureClassLoader')}
  0x000002941b586d58: 6f3d 0748 | bb88 1019 | 3094 0200 | 008b 83cc | 0000 0083 | c002 8983 | cc00 0000 | 25fe 0700 
  0x000002941b586d78: 0083 f800 | 0f84 8500 | 0000 8974 | 245c 897c | 2458 4c89 | 4c24 504c | 8944 2448 

  0x000002941b586d94: ;   {metadata(method data for {method} {0x000000080004dc48} 'defineClass' '(Ljava/lang/String;[BIILjava/security/CodeSource;)Ljava/lang/Class;' in 'java/security/SecureClassLoader')}
  0x000002941b586d94: 488b da48 | b888 1019 | 3094 0200 | 0048 8380 | 1001 0000 | 014c 8bc1 | 488b c248 | 8bd0 4889 
  0x000002941b586db4: ;   {optimized virtual_call}
  0x000002941b586db4: 4424 40e8 

  0x000002941b586db8: ; ImmutableOopMap {[64]=Oop [72]=Oop [80]=Oop }
                      ;*invokevirtual getProtectionDomain {reexecute=0 rethrow=0 return_oop=0}
                      ; - java.security.SecureClassLoader::defineClass@9 (line 150)
  0x000002941b586db8: e441 fcff | 488b 5424 

  0x000002941b586dc0: ;   {metadata(method data for {method} {0x000000080004dc48} 'defineClass' '(Ljava/lang/String;[BIILjava/security/CodeSource;)Ljava/lang/Class;' in 'java/security/SecureClassLoader')}
  0x000002941b586dc0: 4049 b888 | 1019 3094 | 0200 0049 | 8380 4801 | 0000 014c | 8b44 2448 | 4c8b 4c24 | 508b 7c24 
  0x000002941b586de0: 588b 7424 | 5c48 8bc8 | 488b 5424 

  0x000002941b586dec: ;   {optimized virtual_call}
  0x000002941b586dec: 4066 90e8 

  0x000002941b586df0: ; ImmutableOopMap {}
                      ;*invokevirtual defineClass {reexecute=0 rethrow=0 return_oop=0}
                      ; - java.security.SecureClassLoader::defineClass@12 (line 150)
  0x000002941b586df0: 2c92 0600 | 4883 c470 

  0x000002941b586df8: ;   {poll_return}
  0x000002941b586df8: 5d49 3ba7 | 7803 0000 | 0f87 2200 

  0x000002941b586e04: ;   {metadata({method} {0x000000080004dc48} 'defineClass' '(Ljava/lang/String;[BIILjava/security/CodeSource;)Ljava/lang/Class;' in 'java/security/SecureClassLoader')}
  0x000002941b586e04: 0000 c349 | ba40 dc04 | 0008 0000 | 004c 8954 | 2408 48c7 | 0424 ffff 

  0x000002941b586e1c: ;   {runtime_call counter_overflow Runtime1 stub}
  0x000002941b586e1c: ffff e8dd 

  0x000002941b586e20: ; ImmutableOopMap {rdx=Oop r8=Oop r9=Oop rcx=Oop }
                      ;*synchronization entry
                      ; - java.security.SecureClassLoader::defineClass@-1 (line 150)
  0x000002941b586e20: ea4b 07e9 | 5aff ffff 

  0x000002941b586e28: ;   {internal_word}
  0x000002941b586e28: 49ba f96d | 581b 9402 | 0000 4d89 | 9790 0300 

  0x000002941b586e38: ;   {runtime_call SafepointBlob}
  0x000002941b586e38: 00e9 c258 | 3f07 498b | 8728 0400 | 0049 c787 | 2804 0000 | 0000 0000 | 49c7 8730 | 0400 0000 
  0x000002941b586e58: 0000 0048 | 83c4 705d 

  0x000002941b586e60: ;   {runtime_call unwind_exception Runtime1 stub}
  0x000002941b586e60: e91b b542 | 07f4 f4f4 
[Exception Handler]
  0x000002941b586e68: ;   {no_reloc}
  0x000002941b586e68: e813 ae4b 

  0x000002941b586e6c: ;   {external_word}
  0x000002941b586e6c: 0748 b9b0 | 23a2 01fe | 7f00 0048 

  0x000002941b586e78: ;   {runtime_call}
  0x000002941b586e78: 83e4 f048 | b820 166e | 01fe 7f00 | 00ff d0f4 
[Deopt Handler Code]
  0x000002941b586e88: ;   {section_word}
  0x000002941b586e88: 49ba 886e | 581b 9402 | 0000 4152 

  0x000002941b586e94: ;   {runtime_call DeoptimizationBlob}
  0x000002941b586e94: e907 6d3f 

  0x000002941b586e98: ;   {static_stub}
  0x000002941b586e98: 0748 bb00 | 0000 0000 

  0x000002941b586ea0: ;   {runtime_call}
  0x000002941b586ea0: 0000 00e9 | fbff ffff 

  0x000002941b586ea8: ;   {static_stub}
  0x000002941b586ea8: 48bb e868 | 4300 0800 

  0x000002941b586eb0: ;   {runtime_call I2C/C2I adapters}
  0x000002941b586eb0: 0000 e9ae | db3d 07f4 
[/MachCode]


---------------  P R O C E S S  ---------------

Threads class SMR info:
_java_thread_list=0x00000294344fca70, length=11, elements={
0x000002941333dfa0, 0x000002942fbe4c80, 0x000002942fbe5630, 0x000002942fbe94e0,
0x000002942fbe7070, 0x000002942fbe76b0, 0x000002942fbe9b20, 0x000002942fbef490,
0x000002942fc2c770, 0x0000029434107220, 0x000002943411be70
}

Java Threads: ( => current thread )
=>0x000002941333dfa0 JavaThread "main" [_thread_in_vm, id=305884, stack(0x000000e5a0100000,0x000000e5a0200000)]
  0x000002942fbe4c80 JavaThread "Reference Handler" daemon [_thread_blocked, id=307132, stack(0x000000e5a0800000,0x000000e5a0900000)]
  0x000002942fbe5630 JavaThread "Finalizer" daemon [_thread_blocked, id=297720, stack(0x000000e5a0900000,0x000000e5a0a00000)]
  0x000002942fbe94e0 JavaThread "Signal Dispatcher" daemon [_thread_blocked, id=305036, stack(0x000000e5a0a00000,0x000000e5a0b00000)]
  0x000002942fbe7070 JavaThread "Attach Listener" daemon [_thread_blocked, id=302984, stack(0x000000e5a0b00000,0x000000e5a0c00000)]
  0x000002942fbe76b0 JavaThread "Service Thread" daemon [_thread_blocked, id=295180, stack(0x000000e5a0c00000,0x000000e5a0d00000)]
  0x000002942fbe9b20 JavaThread "Monitor Deflation Thread" daemon [_thread_blocked, id=302088, stack(0x000000e5a0d00000,0x000000e5a0e00000)]
  0x000002942fbef490 JavaThread "C2 CompilerThread0" daemon [_thread_blocked, id=297872, stack(0x000000e5a0e00000,0x000000e5a0f00000)]
  0x000002942fc2c770 JavaThread "C1 CompilerThread0" daemon [_thread_blocked, id=157020, stack(0x000000e5a0f00000,0x000000e5a1000000)]
  0x0000029434107220 JavaThread "Notification Thread" daemon [_thread_blocked, id=306840, stack(0x000000e5a1000000,0x000000e5a1100000)]
  0x000002943411be70 JavaThread "Common-Cleaner" daemon [_thread_blocked, id=307348, stack(0x000000e5a1200000,0x000000e5a1300000)]

Other Threads:
  0x000002942fbc6870 VMThread "VM Thread" [stack: 0x000000e5a0700000,0x000000e5a0800000] [id=75040]
  0x0000029434119bb0 WatcherThread "VM Periodic Task Thread" [stack: 0x000000e5a1100000,0x000000e5a1200000] [id=307372]
  0x000002941339bdc0 WorkerThread "GC Thread#0" [stack: 0x000000e5a0200000,0x000000e5a0300000] [id=292636]
  0x000002943458b090 WorkerThread "GC Thread#1" [stack: 0x000000e59ff00000,0x000000e5a0000000] [id=306720]
  0x0000029434b999c0 WorkerThread "GC Thread#2" [stack: 0x000000e5a0000000,0x000000e5a0100000] [id=312812]
  0x0000029434bae970 WorkerThread "GC Thread#3" [stack: 0x000000e5a1300000,0x000000e5a1400000] [id=314516]
  0x0000029434baef10 WorkerThread "GC Thread#4" [stack: 0x000000e5a1400000,0x000000e5a1500000] [id=312616]
  0x0000029434baf1e0 WorkerThread "GC Thread#5" [stack: 0x000000e5a1500000,0x000000e5a1600000] [id=314520]
  0x0000029434bae6a0 WorkerThread "GC Thread#6" [stack: 0x000000e5a1600000,0x000000e5a1700000] [id=314524]
  0x0000029434baec40 WorkerThread "GC Thread#7" [stack: 0x000000e5a1700000,0x000000e5a1800000] [id=313220]
  0x00000294133ac450 ConcurrentGCThread "G1 Main Marker" [stack: 0x000000e5a0300000,0x000000e5a0400000] [id=305752]
  0x00000294133ace80 WorkerThread "G1 Conc#0" [stack: 0x000000e5a0400000,0x000000e5a0500000] [id=302240]
  0x00000294133eec60 ConcurrentGCThread "G1 Refine#0" [stack: 0x000000e5a0500000,0x000000e5a0600000] [id=302236]
  0x000002942fa86e70 ConcurrentGCThread "G1 Service" [stack: 0x000000e5a0600000,0x000000e5a0700000] [id=305332]

Threads with active compile tasks:

VM state: not at safepoint (normal execution)

VM Mutex/Monitor currently owned by a thread:  ([mutex/lock_event])
[0x00000294133381b0] Metaspace_lock - owner thread: 0x000002941333dfa0

Heap address: 0x0000000084400000, size: 1980 MB, Compressed Oops mode: 32-bit

CDS archive(s) mapped at: [0x0000000800000000-0x0000000800c60000-0x0000000800c60000), size 12976128, SharedBaseAddress: 0x0000000800000000, ArchiveRelocationMode: 0.
Compressed class space mapped at: 0x0000000801000000-0x0000000841000000, reserved size: 1073741824
Narrow klass base: 0x0000000800000000, Narrow klass shift: 0, Narrow klass range: 0x100000000

GC Precious Log:
 CardTable entry size: 512
 Card Set container configuration: InlinePtr #cards 5 size 8 Array Of Cards #cards 12 size 40 Howl #buckets 4 coarsen threshold 1843 Howl Bitmap #cards 512 size 80 coarsen threshold 460 Card regions per heap region 1 cards per card region 2048
 CPUs: 8 total, 8 available
 Memory: 7914M
 Large Page Support: Disabled
 NUMA Support: Disabled
 Compressed Oops: Enabled (32-bit)
 Heap Region Size: 1M
 Heap Min Capacity: 8M
 Heap Initial Capacity: 124M
 Heap Max Capacity: 1980M
 Pre-touch: Disabled
 Parallel Workers: 8
 Concurrent Workers: 2
 Concurrent Refinement Workers: 8
 Periodic GC: Disabled

Heap:
 garbage-first heap   total 126976K, used 24336K [0x0000000084400000, 0x0000000100000000)
  region size 1024K, 24 young (24576K), 3 survivors (3072K)
 Metaspace       used 8291K, committed 8448K, reserved 1114112K
  class space    used 949K, committed 1024K, reserved 1048576K

Heap Regions: E=young(eden), S=young(survivor), O=old, HS=humongous(starts), HC=humongous(continues), CS=collection set, F=free, OA=open archive, CA=closed archive, TAMS=top-at-mark-start, PB=parsable bottom
|   0|0x0000000084400000, 0x00000000844c4200, 0x0000000084500000| 76%| O|  |TAMS 0x0000000084400000| PB 0x0000000084400000| Untracked 
|   1|0x0000000084500000, 0x0000000084500000, 0x0000000084600000|  0%| F|  |TAMS 0x0000000084500000| PB 0x0000000084500000| Untracked 
|   2|0x0000000084600000, 0x0000000084600000, 0x0000000084700000|  0%| F|  |TAMS 0x0000000084600000| PB 0x0000000084600000| Untracked 
|   3|0x0000000084700000, 0x0000000084700000, 0x0000000084800000|  0%| F|  |TAMS 0x0000000084700000| PB 0x0000000084700000| Untracked 
|   4|0x0000000084800000, 0x0000000084800000, 0x0000000084900000|  0%| F|  |TAMS 0x0000000084800000| PB 0x0000000084800000| Untracked 
|   5|0x0000000084900000, 0x0000000084900000, 0x0000000084a00000|  0%| F|  |TAMS 0x0000000084900000| PB 0x0000000084900000| Untracked 
|   6|0x0000000084a00000, 0x0000000084a00000, 0x0000000084b00000|  0%| F|  |TAMS 0x0000000084a00000| PB 0x0000000084a00000| Untracked 
|   7|0x0000000084b00000, 0x0000000084b00000, 0x0000000084c00000|  0%| F|  |TAMS 0x0000000084b00000| PB 0x0000000084b00000| Untracked 
|   8|0x0000000084c00000, 0x0000000084c00000, 0x0000000084d00000|  0%| F|  |TAMS 0x0000000084c00000| PB 0x0000000084c00000| Untracked 
|   9|0x0000000084d00000, 0x0000000084d00000, 0x0000000084e00000|  0%| F|  |TAMS 0x0000000084d00000| PB 0x0000000084d00000| Untracked 
|  10|0x0000000084e00000, 0x0000000084e00000, 0x0000000084f00000|  0%| F|  |TAMS 0x0000000084e00000| PB 0x0000000084e00000| Untracked 
|  11|0x0000000084f00000, 0x0000000084f00000, 0x0000000085000000|  0%| F|  |TAMS 0x0000000084f00000| PB 0x0000000084f00000| Untracked 
|  12|0x0000000085000000, 0x0000000085000000, 0x0000000085100000|  0%| F|  |TAMS 0x0000000085000000| PB 0x0000000085000000| Untracked 
|  13|0x0000000085100000, 0x0000000085100000, 0x0000000085200000|  0%| F|  |TAMS 0x0000000085100000| PB 0x0000000085100000| Untracked 
|  14|0x0000000085200000, 0x0000000085200000, 0x0000000085300000|  0%| F|  |TAMS 0x0000000085200000| PB 0x0000000085200000| Untracked 
|  15|0x0000000085300000, 0x0000000085300000, 0x0000000085400000|  0%| F|  |TAMS 0x0000000085300000| PB 0x0000000085300000| Untracked 
|  16|0x0000000085400000, 0x0000000085400000, 0x0000000085500000|  0%| F|  |TAMS 0x0000000085400000| PB 0x0000000085400000| Untracked 
|  17|0x0000000085500000, 0x0000000085500000, 0x0000000085600000|  0%| F|  |TAMS 0x0000000085500000| PB 0x0000000085500000| Untracked 
|  18|0x0000000085600000, 0x0000000085600000, 0x0000000085700000|  0%| F|  |TAMS 0x0000000085600000| PB 0x0000000085600000| Untracked 
|  19|0x0000000085700000, 0x0000000085700000, 0x0000000085800000|  0%| F|  |TAMS 0x0000000085700000| PB 0x0000000085700000| Untracked 
|  20|0x0000000085800000, 0x0000000085800000, 0x0000000085900000|  0%| F|  |TAMS 0x0000000085800000| PB 0x0000000085800000| Untracked 
|  21|0x0000000085900000, 0x0000000085900000, 0x0000000085a00000|  0%| F|  |TAMS 0x0000000085900000| PB 0x0000000085900000| Untracked 
|  22|0x0000000085a00000, 0x0000000085a00000, 0x0000000085b00000|  0%| F|  |TAMS 0x0000000085a00000| PB 0x0000000085a00000| Untracked 
|  23|0x0000000085b00000, 0x0000000085b00000, 0x0000000085c00000|  0%| F|  |TAMS 0x0000000085b00000| PB 0x0000000085b00000| Untracked 
|  24|0x0000000085c00000, 0x0000000085c00000, 0x0000000085d00000|  0%| F|  |TAMS 0x0000000085c00000| PB 0x0000000085c00000| Untracked 
|  25|0x0000000085d00000, 0x0000000085d00000, 0x0000000085e00000|  0%| F|  |TAMS 0x0000000085d00000| PB 0x0000000085d00000| Untracked 
|  26|0x0000000085e00000, 0x0000000085e00000, 0x0000000085f00000|  0%| F|  |TAMS 0x0000000085e00000| PB 0x0000000085e00000| Untracked 
|  27|0x0000000085f00000, 0x0000000085f00000, 0x0000000086000000|  0%| F|  |TAMS 0x0000000085f00000| PB 0x0000000085f00000| Untracked 
|  28|0x0000000086000000, 0x0000000086000000, 0x0000000086100000|  0%| F|  |TAMS 0x0000000086000000| PB 0x0000000086000000| Untracked 
|  29|0x0000000086100000, 0x0000000086100000, 0x0000000086200000|  0%| F|  |TAMS 0x0000000086100000| PB 0x0000000086100000| Untracked 
|  30|0x0000000086200000, 0x0000000086200000, 0x0000000086300000|  0%| F|  |TAMS 0x0000000086200000| PB 0x0000000086200000| Untracked 
|  31|0x0000000086300000, 0x0000000086300000, 0x0000000086400000|  0%| F|  |TAMS 0x0000000086300000| PB 0x0000000086300000| Untracked 
|  32|0x0000000086400000, 0x0000000086400000, 0x0000000086500000|  0%| F|  |TAMS 0x0000000086400000| PB 0x0000000086400000| Untracked 
|  33|0x0000000086500000, 0x0000000086500000, 0x0000000086600000|  0%| F|  |TAMS 0x0000000086500000| PB 0x0000000086500000| Untracked 
|  34|0x0000000086600000, 0x0000000086600000, 0x0000000086700000|  0%| F|  |TAMS 0x0000000086600000| PB 0x0000000086600000| Untracked 
|  35|0x0000000086700000, 0x0000000086700000, 0x0000000086800000|  0%| F|  |TAMS 0x0000000086700000| PB 0x0000000086700000| Untracked 
|  36|0x0000000086800000, 0x0000000086800000, 0x0000000086900000|  0%| F|  |TAMS 0x0000000086800000| PB 0x0000000086800000| Untracked 
|  37|0x0000000086900000, 0x0000000086900000, 0x0000000086a00000|  0%| F|  |TAMS 0x0000000086900000| PB 0x0000000086900000| Untracked 
|  38|0x0000000086a00000, 0x0000000086a00000, 0x0000000086b00000|  0%| F|  |TAMS 0x0000000086a00000| PB 0x0000000086a00000| Untracked 
|  39|0x0000000086b00000, 0x0000000086b00000, 0x0000000086c00000|  0%| F|  |TAMS 0x0000000086b00000| PB 0x0000000086b00000| Untracked 
|  40|0x0000000086c00000, 0x0000000086c00000, 0x0000000086d00000|  0%| F|  |TAMS 0x0000000086c00000| PB 0x0000000086c00000| Untracked 
|  41|0x0000000086d00000, 0x0000000086d00000, 0x0000000086e00000|  0%| F|  |TAMS 0x0000000086d00000| PB 0x0000000086d00000| Untracked 
|  42|0x0000000086e00000, 0x0000000086e00000, 0x0000000086f00000|  0%| F|  |TAMS 0x0000000086e00000| PB 0x0000000086e00000| Untracked 
|  43|0x0000000086f00000, 0x0000000086f00000, 0x0000000087000000|  0%| F|  |TAMS 0x0000000086f00000| PB 0x0000000086f00000| Untracked 
|  44|0x0000000087000000, 0x0000000087000000, 0x0000000087100000|  0%| F|  |TAMS 0x0000000087000000| PB 0x0000000087000000| Untracked 
|  45|0x0000000087100000, 0x0000000087100000, 0x0000000087200000|  0%| F|  |TAMS 0x0000000087100000| PB 0x0000000087100000| Untracked 
|  46|0x0000000087200000, 0x0000000087200000, 0x0000000087300000|  0%| F|  |TAMS 0x0000000087200000| PB 0x0000000087200000| Untracked 
|  47|0x0000000087300000, 0x0000000087300000, 0x0000000087400000|  0%| F|  |TAMS 0x0000000087300000| PB 0x0000000087300000| Untracked 
|  48|0x0000000087400000, 0x0000000087400000, 0x0000000087500000|  0%| F|  |TAMS 0x0000000087400000| PB 0x0000000087400000| Untracked 
|  49|0x0000000087500000, 0x0000000087500000, 0x0000000087600000|  0%| F|  |TAMS 0x0000000087500000| PB 0x0000000087500000| Untracked 
|  50|0x0000000087600000, 0x0000000087600000, 0x0000000087700000|  0%| F|  |TAMS 0x0000000087600000| PB 0x0000000087600000| Untracked 
|  51|0x0000000087700000, 0x0000000087700000, 0x0000000087800000|  0%| F|  |TAMS 0x0000000087700000| PB 0x0000000087700000| Untracked 
|  52|0x0000000087800000, 0x0000000087800000, 0x0000000087900000|  0%| F|  |TAMS 0x0000000087800000| PB 0x0000000087800000| Untracked 
|  53|0x0000000087900000, 0x0000000087900000, 0x0000000087a00000|  0%| F|  |TAMS 0x0000000087900000| PB 0x0000000087900000| Untracked 
|  54|0x0000000087a00000, 0x0000000087a00000, 0x0000000087b00000|  0%| F|  |TAMS 0x0000000087a00000| PB 0x0000000087a00000| Untracked 
|  55|0x0000000087b00000, 0x0000000087b00000, 0x0000000087c00000|  0%| F|  |TAMS 0x0000000087b00000| PB 0x0000000087b00000| Untracked 
|  56|0x0000000087c00000, 0x0000000087c00000, 0x0000000087d00000|  0%| F|  |TAMS 0x0000000087c00000| PB 0x0000000087c00000| Untracked 
|  57|0x0000000087d00000, 0x0000000087d00000, 0x0000000087e00000|  0%| F|  |TAMS 0x0000000087d00000| PB 0x0000000087d00000| Untracked 
|  58|0x0000000087e00000, 0x0000000087e00000, 0x0000000087f00000|  0%| F|  |TAMS 0x0000000087e00000| PB 0x0000000087e00000| Untracked 
|  59|0x0000000087f00000, 0x0000000087f00000, 0x0000000088000000|  0%| F|  |TAMS 0x0000000087f00000| PB 0x0000000087f00000| Untracked 
|  60|0x0000000088000000, 0x0000000088000000, 0x0000000088100000|  0%| F|  |TAMS 0x0000000088000000| PB 0x0000000088000000| Untracked 
|  61|0x0000000088100000, 0x0000000088100000, 0x0000000088200000|  0%| F|  |TAMS 0x0000000088100000| PB 0x0000000088100000| Untracked 
|  62|0x0000000088200000, 0x0000000088200000, 0x0000000088300000|  0%| F|  |TAMS 0x0000000088200000| PB 0x0000000088200000| Untracked 
|  63|0x0000000088300000, 0x0000000088300000, 0x0000000088400000|  0%| F|  |TAMS 0x0000000088300000| PB 0x0000000088300000| Untracked 
|  64|0x0000000088400000, 0x0000000088400000, 0x0000000088500000|  0%| F|  |TAMS 0x0000000088400000| PB 0x0000000088400000| Untracked 
|  65|0x0000000088500000, 0x0000000088500000, 0x0000000088600000|  0%| F|  |TAMS 0x0000000088500000| PB 0x0000000088500000| Untracked 
|  66|0x0000000088600000, 0x0000000088600000, 0x0000000088700000|  0%| F|  |TAMS 0x0000000088600000| PB 0x0000000088600000| Untracked 
|  67|0x0000000088700000, 0x0000000088700000, 0x0000000088800000|  0%| F|  |TAMS 0x0000000088700000| PB 0x0000000088700000| Untracked 
|  68|0x0000000088800000, 0x0000000088800000, 0x0000000088900000|  0%| F|  |TAMS 0x0000000088800000| PB 0x0000000088800000| Untracked 
|  69|0x0000000088900000, 0x0000000088900000, 0x0000000088a00000|  0%| F|  |TAMS 0x0000000088900000| PB 0x0000000088900000| Untracked 
|  70|0x0000000088a00000, 0x0000000088a00000, 0x0000000088b00000|  0%| F|  |TAMS 0x0000000088a00000| PB 0x0000000088a00000| Untracked 
|  71|0x0000000088b00000, 0x0000000088b00000, 0x0000000088c00000|  0%| F|  |TAMS 0x0000000088b00000| PB 0x0000000088b00000| Untracked 
|  72|0x0000000088c00000, 0x0000000088c00000, 0x0000000088d00000|  0%| F|  |TAMS 0x0000000088c00000| PB 0x0000000088c00000| Untracked 
|  73|0x0000000088d00000, 0x0000000088d00000, 0x0000000088e00000|  0%| F|  |TAMS 0x0000000088d00000| PB 0x0000000088d00000| Untracked 
|  74|0x0000000088e00000, 0x0000000088e00000, 0x0000000088f00000|  0%| F|  |TAMS 0x0000000088e00000| PB 0x0000000088e00000| Untracked 
|  75|0x0000000088f00000, 0x0000000088f00000, 0x0000000089000000|  0%| F|  |TAMS 0x0000000088f00000| PB 0x0000000088f00000| Untracked 
|  76|0x0000000089000000, 0x0000000089000000, 0x0000000089100000|  0%| F|  |TAMS 0x0000000089000000| PB 0x0000000089000000| Untracked 
|  77|0x0000000089100000, 0x0000000089100000, 0x0000000089200000|  0%| F|  |TAMS 0x0000000089100000| PB 0x0000000089100000| Untracked 
|  78|0x0000000089200000, 0x0000000089200000, 0x0000000089300000|  0%| F|  |TAMS 0x0000000089200000| PB 0x0000000089200000| Untracked 
|  79|0x0000000089300000, 0x0000000089300000, 0x0000000089400000|  0%| F|  |TAMS 0x0000000089300000| PB 0x0000000089300000| Untracked 
|  80|0x0000000089400000, 0x0000000089400000, 0x0000000089500000|  0%| F|  |TAMS 0x0000000089400000| PB 0x0000000089400000| Untracked 
|  81|0x0000000089500000, 0x0000000089500000, 0x0000000089600000|  0%| F|  |TAMS 0x0000000089500000| PB 0x0000000089500000| Untracked 
|  82|0x0000000089600000, 0x0000000089600000, 0x0000000089700000|  0%| F|  |TAMS 0x0000000089600000| PB 0x0000000089600000| Untracked 
|  83|0x0000000089700000, 0x0000000089700000, 0x0000000089800000|  0%| F|  |TAMS 0x0000000089700000| PB 0x0000000089700000| Untracked 
|  84|0x0000000089800000, 0x0000000089800000, 0x0000000089900000|  0%| F|  |TAMS 0x0000000089800000| PB 0x0000000089800000| Untracked 
|  85|0x0000000089900000, 0x0000000089900000, 0x0000000089a00000|  0%| F|  |TAMS 0x0000000089900000| PB 0x0000000089900000| Untracked 
|  86|0x0000000089a00000, 0x0000000089a00000, 0x0000000089b00000|  0%| F|  |TAMS 0x0000000089a00000| PB 0x0000000089a00000| Untracked 
|  87|0x0000000089b00000, 0x0000000089b00000, 0x0000000089c00000|  0%| F|  |TAMS 0x0000000089b00000| PB 0x0000000089b00000| Untracked 
|  88|0x0000000089c00000, 0x0000000089c00000, 0x0000000089d00000|  0%| F|  |TAMS 0x0000000089c00000| PB 0x0000000089c00000| Untracked 
|  89|0x0000000089d00000, 0x0000000089d00000, 0x0000000089e00000|  0%| F|  |TAMS 0x0000000089d00000| PB 0x0000000089d00000| Untracked 
|  90|0x0000000089e00000, 0x0000000089e00000, 0x0000000089f00000|  0%| F|  |TAMS 0x0000000089e00000| PB 0x0000000089e00000| Untracked 
|  91|0x0000000089f00000, 0x0000000089f00000, 0x000000008a000000|  0%| F|  |TAMS 0x0000000089f00000| PB 0x0000000089f00000| Untracked 
|  92|0x000000008a000000, 0x000000008a000000, 0x000000008a100000|  0%| F|  |TAMS 0x000000008a000000| PB 0x000000008a000000| Untracked 
|  93|0x000000008a100000, 0x000000008a100000, 0x000000008a200000|  0%| F|  |TAMS 0x000000008a100000| PB 0x000000008a100000| Untracked 
|  94|0x000000008a200000, 0x000000008a200000, 0x000000008a300000|  0%| F|  |TAMS 0x000000008a200000| PB 0x000000008a200000| Untracked 
|  95|0x000000008a300000, 0x000000008a300000, 0x000000008a400000|  0%| F|  |TAMS 0x000000008a300000| PB 0x000000008a300000| Untracked 
|  96|0x000000008a400000, 0x000000008a400000, 0x000000008a500000|  0%| F|  |TAMS 0x000000008a400000| PB 0x000000008a400000| Untracked 
|  97|0x000000008a500000, 0x000000008a500000, 0x000000008a600000|  0%| F|  |TAMS 0x000000008a500000| PB 0x000000008a500000| Untracked 
|  98|0x000000008a600000, 0x000000008a700000, 0x000000008a700000|100%| S|CS|TAMS 0x000000008a600000| PB 0x000000008a600000| Complete 
|  99|0x000000008a700000, 0x000000008a800000, 0x000000008a800000|100%| S|CS|TAMS 0x000000008a700000| PB 0x000000008a700000| Complete 
| 100|0x000000008a800000, 0x000000008a900000, 0x000000008a900000|100%| S|CS|TAMS 0x000000008a800000| PB 0x000000008a800000| Complete 
| 101|0x000000008a900000, 0x000000008a900000, 0x000000008aa00000|  0%| F|  |TAMS 0x000000008a900000| PB 0x000000008a900000| Untracked 
| 102|0x000000008aa00000, 0x000000008aa00000, 0x000000008ab00000|  0%| F|  |TAMS 0x000000008aa00000| PB 0x000000008aa00000| Untracked 
| 103|0x000000008ab00000, 0x000000008abc9338, 0x000000008ac00000| 78%| E|  |TAMS 0x000000008ab00000| PB 0x000000008ab00000| Complete 
| 104|0x000000008ac00000, 0x000000008ad00000, 0x000000008ad00000|100%| E|CS|TAMS 0x000000008ac00000| PB 0x000000008ac00000| Complete 
| 105|0x000000008ad00000, 0x000000008ae00000, 0x000000008ae00000|100%| E|CS|TAMS 0x000000008ad00000| PB 0x000000008ad00000| Complete 
| 106|0x000000008ae00000, 0x000000008af00000, 0x000000008af00000|100%| E|CS|TAMS 0x000000008ae00000| PB 0x000000008ae00000| Complete 
| 107|0x000000008af00000, 0x000000008b000000, 0x000000008b000000|100%| E|CS|TAMS 0x000000008af00000| PB 0x000000008af00000| Complete 
| 108|0x000000008b000000, 0x000000008b100000, 0x000000008b100000|100%| E|CS|TAMS 0x000000008b000000| PB 0x000000008b000000| Complete 
| 109|0x000000008b100000, 0x000000008b200000, 0x000000008b200000|100%| E|CS|TAMS 0x000000008b100000| PB 0x000000008b100000| Complete 
| 110|0x000000008b200000, 0x000000008b300000, 0x000000008b300000|100%| E|CS|TAMS 0x000000008b200000| PB 0x000000008b200000| Complete 
| 111|0x000000008b300000, 0x000000008b400000, 0x000000008b400000|100%| E|CS|TAMS 0x000000008b300000| PB 0x000000008b300000| Complete 
| 112|0x000000008b400000, 0x000000008b500000, 0x000000008b500000|100%| E|CS|TAMS 0x000000008b400000| PB 0x000000008b400000| Complete 
| 113|0x000000008b500000, 0x000000008b600000, 0x000000008b600000|100%| E|CS|TAMS 0x000000008b500000| PB 0x000000008b500000| Complete 
| 114|0x000000008b600000, 0x000000008b700000, 0x000000008b700000|100%| E|CS|TAMS 0x000000008b600000| PB 0x000000008b600000| Complete 
| 115|0x000000008b700000, 0x000000008b800000, 0x000000008b800000|100%| E|CS|TAMS 0x000000008b700000| PB 0x000000008b700000| Complete 
| 116|0x000000008b800000, 0x000000008b900000, 0x000000008b900000|100%| E|CS|TAMS 0x000000008b800000| PB 0x000000008b800000| Complete 
| 117|0x000000008b900000, 0x000000008ba00000, 0x000000008ba00000|100%| E|CS|TAMS 0x000000008b900000| PB 0x000000008b900000| Complete 
| 118|0x000000008ba00000, 0x000000008bb00000, 0x000000008bb00000|100%| E|CS|TAMS 0x000000008ba00000| PB 0x000000008ba00000| Complete 
| 119|0x000000008bb00000, 0x000000008bc00000, 0x000000008bc00000|100%| E|CS|TAMS 0x000000008bb00000| PB 0x000000008bb00000| Complete 
| 120|0x000000008bc00000, 0x000000008bd00000, 0x000000008bd00000|100%| E|CS|TAMS 0x000000008bc00000| PB 0x000000008bc00000| Complete 
| 121|0x000000008bd00000, 0x000000008be00000, 0x000000008be00000|100%| E|CS|TAMS 0x000000008bd00000| PB 0x000000008bd00000| Complete 
| 122|0x000000008be00000, 0x000000008bf00000, 0x000000008bf00000|100%| E|CS|TAMS 0x000000008be00000| PB 0x000000008be00000| Complete 
| 123|0x000000008bf00000, 0x000000008c000000, 0x000000008c000000|100%| E|CS|TAMS 0x000000008bf00000| PB 0x000000008bf00000| Complete 

Card table byte_map: [0x000002942ab00000,0x000002942aee0000] _byte_map_base: 0x000002942a6de000

Marking Bits: (CMBitMap*) 0x000002941339c3f0
 Bits: [0x000002942b2c0000, 0x000002942d1b0000)

Polling page: 0x00000294114b0000

Metaspace:

Usage:
  Non-class:      7.17 MB used.
      Class:    949.96 KB used.
       Both:      8.10 MB used.

Virtual space:
  Non-class space:       64.00 MB reserved,       7.25 MB ( 11%) committed,  1 nodes.
      Class space:        1.00 GB reserved,       1.00 MB ( <1%) committed,  1 nodes.
             Both:        1.06 GB reserved,       8.25 MB ( <1%) committed. 

Chunk freelists:
   Non-Class:  3.23 MB
       Class:  3.02 MB
        Both:  6.25 MB

MaxMetaspaceSize: unlimited
CompressedClassSpaceSize: 1.00 GB
Initial GC threshold: 21.00 MB
Current GC threshold: 21.00 MB
CDS: on
MetaspaceReclaimPolicy: balanced
 - commit_granule_bytes: 65536.
 - commit_granule_words: 8192.
 - virtual_space_node_default_size: 8388608.
 - enlarge_chunks_in_place: 1.
 - new_chunks_are_fully_committed: 0.
 - uncommit_free_chunks: 1.
 - use_allocation_guard: 0.


Internal statistics:

num_allocs_failed_limit: 0.
num_arena_births: 58.
num_arena_deaths: 0.
num_vsnodes_births: 2.
num_vsnodes_deaths: 0.
num_space_committed: 132.
num_space_uncommitted: 0.
num_chunks_returned_to_freelist: 0.
num_chunks_taken_from_freelist: 309.
num_chunk_merges: 0.
num_chunk_splits: 216.
num_chunks_enlarged: 179.
num_inconsistent_stats: 0.

CodeHeap 'non-profiled nmethods': size=120000Kb used=595Kb max_used=595Kb free=119405Kb
 bounds [0x0000029422eb0000, 0x0000029423120000, 0x000002942a3e0000]
CodeHeap 'profiled nmethods': size=120000Kb used=3284Kb max_used=3284Kb free=116715Kb
 bounds [0x000002941b3e0000, 0x000002941b720000, 0x0000029422910000]
CodeHeap 'non-nmethods': size=5760Kb used=1519Kb max_used=1541Kb free=4240Kb
 bounds [0x0000029422910000, 0x0000029422b80000, 0x0000029422eb0000]
 total_blobs=2112 nmethods=1655 adapters=368
 compilation: enabled
              stopped_count=0, restarted_count=0
 full_count=0

Compilation events (20 events):
Event: 138.969 Thread 0x000002942fc2c770 nmethod 1657 0x000002941b711690 code [0x000002941b711820, 0x000002941b711a88]
Event: 138.969 Thread 0x000002942fc2c770 1654       3       com.google.inject.internal.DeclaredMembers$$Lambda$59/0x0000000801092888::apply (8 bytes)
Event: 138.970 Thread 0x000002942fc2c770 nmethod 1654 0x000002941b711b90 code [0x000002941b711da0, 0x000002941b712620]
Event: 138.970 Thread 0x000002942fc2c770 1658       3       java.lang.Integer::getChars (121 bytes)
Event: 138.970 Thread 0x000002942fc2c770 nmethod 1658 0x000002941b712910 code [0x000002941b712ae0, 0x000002941b712f40]
Event: 138.974 Thread 0x000002942fbef490 nmethod 1655 0x0000029422f43f10 code [0x0000029422f44080, 0x0000029422f44138]
Event: 139.454 Thread 0x000002942fc2c770 1659       1       java.security.Permission::getName (5 bytes)
Event: 139.454 Thread 0x000002942fc2c770 nmethod 1659 0x0000029422f44210 code [0x0000029422f44380, 0x0000029422f44448]
Event: 140.797 Thread 0x000002942fc2c770 1660       3       com.google.inject.internal.DeclaredMembers$$Lambda$60/0x0000000801092ab8::apply (8 bytes)
Event: 140.798 Thread 0x000002942fc2c770 nmethod 1660 0x000002941b713190 code [0x000002941b713340, 0x000002941b713628]
Event: 140.798 Thread 0x000002942fc2c770 1661       3       java.util.LinkedHashMap::valuesToArray (38 bytes)
Event: 140.798 Thread 0x000002942fc2c770 nmethod 1661 0x000002941b713710 code [0x000002941b7138c0, 0x000002941b713c38]
Event: 140.798 Thread 0x000002942fc2c770 1662   !   3       org.eclipse.sisu.space.URLClassSpace::loadClass (31 bytes)
Event: 140.798 Thread 0x000002942fc2c770 nmethod 1662 0x000002941b713d90 code [0x000002941b713f60, 0x000002941b714338]
Event: 140.957 Thread 0x000002942fc2c770 1663       3       java.util.LinkedHashMap$LinkedValues::toArray (16 bytes)
Event: 140.957 Thread 0x000002942fc2c770 nmethod 1663 0x000002941b714510 code [0x000002941b7146c0, 0x000002941b714840]
Event: 141.088 Thread 0x000002942fc2c770 1665       3       java.util.HashMap$HashIterator::<init> (79 bytes)
Event: 141.089 Thread 0x000002942fc2c770 nmethod 1665 0x000002941b714910 code [0x000002941b714ac0, 0x000002941b714ef8]
Event: 141.120 Thread 0x000002942fc2c770 1666       3       com.google.inject.internal.KotlinSupport::getInstance (4 bytes)
Event: 141.120 Thread 0x000002942fc2c770 nmethod 1666 0x000002941b715090 code [0x000002941b715220, 0x000002941b715318]

GC Heap History (2 events):
Event: 104.158 GC heap before
{Heap before GC invocations=0 (full 0):
 garbage-first heap   total 126976K, used 23552K [0x0000000084400000, 0x0000000100000000)
  region size 1024K, 23 young (23552K), 0 survivors (0K)
 Metaspace       used 5761K, committed 5952K, reserved 1114112K
  class space    used 662K, committed 768K, reserved 1048576K
}
Event: 104.473 GC heap after
{Heap after GC invocations=1 (full 0):
 garbage-first heap   total 126976K, used 3856K [0x0000000084400000, 0x0000000100000000)
  region size 1024K, 3 young (3072K), 3 survivors (3072K)
 Metaspace       used 5761K, committed 5952K, reserved 1114112K
  class space    used 662K, committed 768K, reserved 1048576K
}

Dll operation events (8 events):
Event: 0.063 Loaded shared library C:\Program Files\Java\jdk-20\bin\java.dll
Event: 0.105 Loaded shared library C:\Program Files\Java\jdk-20\bin\jsvml.dll
Event: 0.391 Loaded shared library C:\Program Files\Java\jdk-20\bin\net.dll
Event: 0.393 Loaded shared library C:\Program Files\Java\jdk-20\bin\nio.dll
Event: 0.467 Loaded shared library C:\Program Files\Java\jdk-20\bin\zip.dll
Event: 91.292 Loaded shared library C:\Program Files\Java\jdk-20\bin\jimage.dll
Event: 91.318 Loaded shared library C:\Program Files\NetBeans-21\netbeans\java\maven\lib\jansi-native\Windows\x86_64\jansi.dll
Event: 91.664 Loaded shared library C:\Program Files\Java\jdk-20\bin\verify.dll

Deoptimization events (20 events):
Event: 104.694 Thread 0x000002941333dfa0 Uncommon trap: trap_request=0xffffffde fr.pc=0x0000029422ee0ea0 relative=0x0000000000000540
Event: 104.694 Thread 0x000002941333dfa0 Uncommon trap: reason=class_check action=maybe_recompile pc=0x0000029422ee0ea0 method=java.util.regex.Matcher.search(I)Z @ 121 c2
Event: 104.694 Thread 0x000002941333dfa0 DEOPT PACKING pc=0x0000029422ee0ea0 sp=0x000000e5a01fe320
Event: 104.694 Thread 0x000002941333dfa0 DEOPT UNPACKING pc=0x000002942292d2a2 sp=0x000000e5a01fe300 mode 2
Event: 109.997 Thread 0x000002941333dfa0 Uncommon trap: trap_request=0xffffff45 fr.pc=0x0000029422f25ed0 relative=0x00000000000006b0
Event: 109.997 Thread 0x000002941333dfa0 Uncommon trap: reason=unstable_if action=reinterpret pc=0x0000029422f25ed0 method=java.lang.String.<init>([CIILjava/lang/Void;)V @ 5 c2
Event: 109.999 Thread 0x000002941333dfa0 DEOPT PACKING pc=0x0000029422f25ed0 sp=0x000000e5a01fe230
Event: 109.999 Thread 0x000002941333dfa0 DEOPT UNPACKING pc=0x000002942292d2a2 sp=0x000000e5a01fe0d0 mode 2
Event: 117.674 Thread 0x000002941333dfa0 DEOPT PACKING pc=0x000002941b604024 sp=0x000000e5a01fe420
Event: 117.674 Thread 0x000002941333dfa0 DEOPT UNPACKING pc=0x000002942297e462 sp=0x000000e5a01fd890 mode 0
Event: 120.766 Thread 0x000002941333dfa0 DEOPT PACKING pc=0x000002941b67c0b3 sp=0x000000e5a01fe3b0
Event: 120.766 Thread 0x000002941333dfa0 DEOPT UNPACKING pc=0x000002942297e462 sp=0x000000e5a01fd820 mode 0
Event: 128.633 Thread 0x000002941333dfa0 Uncommon trap: trap_request=0xffffff45 fr.pc=0x0000029422f30b7c relative=0x0000000000000b3c
Event: 128.633 Thread 0x000002941333dfa0 Uncommon trap: reason=unstable_if action=reinterpret pc=0x0000029422f30b7c method=jdk.internal.jimage.ImageStringsReader.stringFromByteBufferMatches(Ljava/nio/ByteBuffer;ILjava/lang/String;I)I @ 48 c2
Event: 128.633 Thread 0x000002941333dfa0 DEOPT PACKING pc=0x0000029422f30b7c sp=0x000000e5a01fe1d0
Event: 128.634 Thread 0x000002941333dfa0 DEOPT UNPACKING pc=0x000002942292d2a2 sp=0x000000e5a01fdf08 mode 2
Event: 133.627 Thread 0x000002941333dfa0 Uncommon trap: trap_request=0xffffffc6 fr.pc=0x0000029422f23474 relative=0x00000000000002b4
Event: 133.627 Thread 0x000002941333dfa0 Uncommon trap: reason=bimorphic_or_optimized_type_check action=maybe_recompile pc=0x0000029422f23474 method=java.util.HashMap.getNode(Ljava/lang/Object;)Ljava/util/HashMap$Node; @ 63 c2
Event: 133.627 Thread 0x000002941333dfa0 DEOPT PACKING pc=0x0000029422f23474 sp=0x000000e5a01fe700
Event: 133.627 Thread 0x000002941333dfa0 DEOPT UNPACKING pc=0x000002942292d2a2 sp=0x000000e5a01fe678 mode 2

Classes loaded (20 events):
Event: 104.715 Loading class sun/reflect/generics/reflectiveObjects/ParameterizedTypeImpl
Event: 104.715 Loading class sun/reflect/generics/reflectiveObjects/ParameterizedTypeImpl done
Event: 128.060 Loading class java/lang/Deprecated
Event: 128.140 Loading class java/lang/Deprecated done
Event: 131.208 Loading class java/lang/invoke/MethodHandle$1
Event: 131.208 Loading class java/lang/invoke/MethodHandle$1 done
Event: 132.583 Loading class sun/reflect/generics/tree/BottomSignature
Event: 132.583 Loading class sun/reflect/generics/tree/BottomSignature done
Event: 132.583 Loading class sun/reflect/generics/tree/Wildcard
Event: 132.588 Loading class sun/reflect/generics/tree/Wildcard done
Event: 132.589 Loading class sun/reflect/generics/reflectiveObjects/WildcardTypeImpl
Event: 132.589 Loading class sun/reflect/generics/reflectiveObjects/WildcardTypeImpl done
Event: 132.589 Loading class sun/reflect/annotation/AnnotatedTypeFactory$AnnotatedParameterizedTypeImpl
Event: 132.848 Loading class java/lang/reflect/AnnotatedParameterizedType
Event: 132.848 Loading class java/lang/reflect/AnnotatedParameterizedType done
Event: 132.849 Loading class sun/reflect/annotation/AnnotatedTypeFactory$AnnotatedParameterizedTypeImpl done
Event: 138.825 Loading class java/util/EventObject
Event: 138.825 Loading class java/util/EventObject done
Event: 141.130 Loading class java/util/concurrent/CompletionService
Event: 141.130 Loading class java/util/concurrent/CompletionService done

Classes unloaded (0 events):
No events

Classes redefined (0 events):
No events

Internal exceptions (20 events):
Event: 91.326 Thread 0x000002941333dfa0 Exception <a 'java/lang/NullPointerException'{0x000000008bbdadc0}> (0x000000008bbdadc0) 
thrown [s\open\src\hotspot\share\interpreter\linkResolver.cpp, line 1373]
Event: 91.326 Thread 0x000002941333dfa0 Exception <a 'java/lang/NullPointerException'{0x000000008bbdb0a0}> (0x000000008bbdb0a0) 
thrown [s\open\src\hotspot\share\interpreter\linkResolver.cpp, line 1373]
Event: 91.326 Thread 0x000002941333dfa0 Exception <a 'java/lang/NullPointerException'{0x000000008bbdb380}> (0x000000008bbdb380) 
thrown [s\open\src\hotspot\share\interpreter\linkResolver.cpp, line 1373]
Event: 91.342 Thread 0x000002941333dfa0 Exception <a 'sun/nio/fs/WindowsException'{0x000000008ba14570}> (0x000000008ba14570) 
thrown [s\open\src\hotspot\share\prims\jni.cpp, line 519]
Event: 91.342 Thread 0x000002941333dfa0 Exception <a 'sun/nio/fs/WindowsException'{0x000000008ba14d80}> (0x000000008ba14d80) 
thrown [s\open\src\hotspot\share\prims\jni.cpp, line 519]
Event: 91.343 Thread 0x000002941333dfa0 Exception <a 'sun/nio/fs/WindowsException'{0x000000008ba15440}> (0x000000008ba15440) 
thrown [s\open\src\hotspot\share\prims\jni.cpp, line 519]
Event: 91.343 Thread 0x000002941333dfa0 Exception <a 'sun/nio/fs/WindowsException'{0x000000008ba15a90}> (0x000000008ba15a90) 
thrown [s\open\src\hotspot\share\prims\jni.cpp, line 519]
Event: 91.343 Thread 0x000002941333dfa0 Exception <a 'sun/nio/fs/WindowsException'{0x000000008ba16018}> (0x000000008ba16018) 
thrown [s\open\src\hotspot\share\prims\jni.cpp, line 519]
Event: 91.343 Thread 0x000002941333dfa0 Exception <a 'sun/nio/fs/WindowsException'{0x000000008ba16570}> (0x000000008ba16570) 
thrown [s\open\src\hotspot\share\prims\jni.cpp, line 519]
Event: 91.343 Thread 0x000002941333dfa0 Exception <a 'sun/nio/fs/WindowsException'{0x000000008ba16a30}> (0x000000008ba16a30) 
thrown [s\open\src\hotspot\share\prims\jni.cpp, line 519]
Event: 91.701 Thread 0x000002941333dfa0 Exception <a 'java/lang/NoSuchMethodError'{0x000000008ba89018}: 'void java.lang.invoke.DirectMethodHandle$Holder.invokeStatic(java.lang.Object, java.lang.Object, java.lang.Object)'> (0x000000008ba89018) 
thrown [s\open\src\hotspot\share\interpreter\linkResolver.cpp, line 773]
Event: 94.344 Thread 0x000002941333dfa0 Exception <a 'java/lang/NoSuchMethodError'{0x000000008b8438c0}: 'java.lang.Object java.lang.invoke.DirectMethodHandle$Holder.invokeSpecialIFC(java.lang.Object, java.lang.Object, java.lang.Object, java.lang.Object)'> (0x000000008b8438c0) 
thrown [s\open\src\hotspot\share\interpreter\linkResolver.cpp, line 773]
Event: 98.251 Thread 0x000002941333dfa0 Exception <a 'java/lang/NoSuchMethodError'{0x000000008b3afbc8}: 'void java.lang.invoke.DirectMethodHandle$Holder.invokeSpecial(java.lang.Object, java.lang.Object, java.lang.Object)'> (0x000000008b3afbc8) 
thrown [s\open\src\hotspot\share\interpreter\linkResolver.cpp, line 773]
Event: 102.179 Thread 0x000002941333dfa0 Exception <a 'java/lang/NoSuchMethodError'{0x000000008b2f2040}: 'java.lang.Object java.lang.invoke.DirectMethodHandle$Holder.invokeInterface(java.lang.Object, java.lang.Object)'> (0x000000008b2f2040) 
thrown [s\open\src\hotspot\share\interpreter\linkResolver.cpp, line 773]
Event: 102.806 Thread 0x000002941333dfa0 Exception <a 'java/lang/NoSuchMethodError'{0x000000008b187240}: 'int java.lang.invoke.DirectMethodHandle$Holder.invokeStatic(java.lang.Object, java.lang.Object, java.lang.Object, java.lang.Object)'> (0x000000008b187240) 
thrown [s\open\src\hotspot\share\interpreter\linkResolver.cpp, line 773]
Event: 102.807 Thread 0x000002941333dfa0 Exception <a 'java/lang/NoSuchMethodError'{0x000000008b18a8c0}: 'java.lang.Object java.lang.invoke.Invokers$Holder.invokeExact_MT(java.lang.Object, java.lang.Object, java.lang.Object, java.lang.Object, java.lang.Object, java.lang.Object)'> (0x000000008b18a8c0) 
thrown [s\open\src\hotspot\share\interpreter\linkResolver.cpp, line 773]
Event: 102.812 Thread 0x000002941333dfa0 Exception <a 'java/lang/NoSuchMethodError'{0x000000008b19ad10}: 'int java.lang.invoke.DirectMethodHandle$Holder.invokeSpecialIFC(java.lang.Object, java.lang.Object, java.lang.Object, java.lang.Object, java.lang.Object)'> (0x000000008b19ad10) 
thrown [s\open\src\hotspot\share\interpreter\linkResolver.cpp, line 773]
Event: 103.348 Thread 0x000002941333dfa0 Exception <a 'java/lang/NoSuchMethodError'{0x000000008af17fc0}: 'java.lang.Object java.lang.invoke.DirectMethodHandle$Holder.newInvokeSpecial(java.lang.Object, java.lang.Object, java.lang.Object, java.lang.Object, java.lang.Object)'> (0x000000008af17fc0) 
thrown [s\open\src\hotspot\share\interpreter\linkResolver.cpp, line 773]
Event: 103.590 Thread 0x000002941333dfa0 Exception <a 'java/lang/NoSuchMethodError'{0x000000008ae105d8}: 'int java.lang.invoke.DirectMethodHandle$Holder.invokeStaticInit(java.lang.Object, java.lang.Object)'> (0x000000008ae105d8) 
thrown [s\open\src\hotspot\share\interpreter\linkResolver.cpp, line 773]
Event: 103.610 Thread 0x000002941333dfa0 Exception <a 'java/lang/NoClassDefFoundError'{0x000000008ae44e68}: javax/enterprise/inject/Typed> (0x000000008ae44e68) 
thrown [s\open\src\hotspot\share\classfile\systemDictionary.cpp, line 294]

VM Operations (20 events):
Event: 126.639 Executing VM operation: Cleanup
Event: 126.680 Executing VM operation: Cleanup done
Event: 127.682 Executing VM operation: Cleanup
Event: 127.736 Executing VM operation: Cleanup done
Event: 128.742 Executing VM operation: Cleanup
Event: 128.742 Executing VM operation: Cleanup done
Event: 130.756 Executing VM operation: Cleanup
Event: 130.778 Executing VM operation: Cleanup done
Event: 132.787 Executing VM operation: Cleanup
Event: 132.861 Executing VM operation: Cleanup done
Event: 134.865 Executing VM operation: Cleanup
Event: 134.964 Executing VM operation: Cleanup done
Event: 135.968 Executing VM operation: Cleanup
Event: 136.026 Executing VM operation: Cleanup done
Event: 136.978 Executing VM operation: HandshakeAllThreads
Event: 137.038 Executing VM operation: HandshakeAllThreads done
Event: 140.049 Executing VM operation: Cleanup
Event: 140.081 Executing VM operation: Cleanup done
Event: 140.729 Executing VM operation: HandshakeAllThreads
Event: 140.729 Executing VM operation: HandshakeAllThreads done

Events (13 events):
Event: 0.106 Thread 0x000002941333dfa0 Thread added: 0x000002941333dfa0
Event: 0.174 Thread 0x000002942fbe4c80 Thread added: 0x000002942fbe4c80
Event: 0.174 Thread 0x000002942fbe5630 Thread added: 0x000002942fbe5630
Event: 0.175 Thread 0x000002942fbe94e0 Thread added: 0x000002942fbe94e0
Event: 0.175 Thread 0x000002942fbe7070 Thread added: 0x000002942fbe7070
Event: 0.175 Thread 0x000002942fbe76b0 Thread added: 0x000002942fbe76b0
Event: 0.175 Thread 0x000002942fbe9b20 Thread added: 0x000002942fbe9b20
Event: 0.175 Thread 0x000002942fbef490 Thread added: 0x000002942fbef490
Event: 0.184 Thread 0x000002942fc2c770 Thread added: 0x000002942fc2c770
Event: 0.381 Thread 0x0000029434107220 Thread added: 0x0000029434107220
Event: 0.385 Thread 0x000002943411be70 Thread added: 0x000002943411be70
Event: 95.037 Thread 0x0000029434553040 Thread added: 0x0000029434553040
Event: 95.241 Thread 0x0000029434553040 Thread exited: 0x0000029434553040


Dynamic libraries:
0x00007ff611c50000 - 0x00007ff611c60000 	C:\Program Files\Java\jdk-20\bin\java.exe
0x00007ffe64a30000 - 0x00007ffe64c47000 	C:\WINDOWS\SYSTEM32\ntdll.dll
0x00007ffe1a310000 - 0x00007ffe1a32a000 	C:\Program Files\AVG\Antivirus\aswhook.dll
0x00007ffe63050000 - 0x00007ffe63114000 	C:\WINDOWS\System32\KERNEL32.DLL
0x00007ffe61d50000 - 0x00007ffe620fd000 	C:\WINDOWS\System32\KERNELBASE.dll
0x00007ffe62640000 - 0x00007ffe62751000 	C:\WINDOWS\System32\ucrtbase.dll
0x00007ffe531c0000 - 0x00007ffe531d9000 	C:\Program Files\Java\jdk-20\bin\jli.dll
0x00007ffe63370000 - 0x00007ffe63422000 	C:\WINDOWS\System32\ADVAPI32.dll
0x00007ffe62810000 - 0x00007ffe628b7000 	C:\WINDOWS\System32\msvcrt.dll
0x00007ffe62db0000 - 0x00007ffe62e59000 	C:\WINDOWS\System32\sechost.dll
0x00007ffe622e0000 - 0x00007ffe62308000 	C:\WINDOWS\System32\bcrypt.dll
0x00007ffe62e80000 - 0x00007ffe62f94000 	C:\WINDOWS\System32\RPCRT4.dll
0x00007ffe635d0000 - 0x00007ffe6377e000 	C:\WINDOWS\System32\USER32.dll
0x00007ffe62310000 - 0x00007ffe62336000 	C:\WINDOWS\System32\win32u.dll
0x00007ffe63020000 - 0x00007ffe63049000 	C:\WINDOWS\System32\GDI32.dll
0x00007ffe62100000 - 0x00007ffe62219000 	C:\WINDOWS\System32\gdi32full.dll
0x00007ffe62520000 - 0x00007ffe625ba000 	C:\WINDOWS\System32\msvcp_win.dll
0x00007ffe543d0000 - 0x00007ffe543eb000 	C:\Program Files\Java\jdk-20\bin\VCRUNTIME140.dll
0x00007ffe4a1a0000 - 0x00007ffe4a433000 	C:\WINDOWS\WinSxS\amd64_microsoft.windows.common-controls_6595b64144ccf1df_6.0.22621.3672_none_2713b9d173822955\COMCTL32.dll
0x00007ffe59090000 - 0x00007ffe5909a000 	C:\WINDOWS\SYSTEM32\VERSION.dll
0x00007ffe63c70000 - 0x00007ffe63ca1000 	C:\WINDOWS\System32\IMM32.DLL
0x00007ffe590e0000 - 0x00007ffe590ec000 	C:\Program Files\Java\jdk-20\bin\vcruntime140_1.dll
0x00007ffe22320000 - 0x00007ffe223ae000 	C:\Program Files\Java\jdk-20\bin\msvcp140.dll
0x00007ffe010d0000 - 0x00007ffe01d67000 	C:\Program Files\Java\jdk-20\bin\server\jvm.dll
0x00007ffe3a250000 - 0x00007ffe3a259000 	C:\WINDOWS\SYSTEM32\WSOCK32.dll
0x00007ffe63e60000 - 0x00007ffe63ed1000 	C:\WINDOWS\System32\WS2_32.dll
0x00007ffe5ed10000 - 0x00007ffe5ed44000 	C:\WINDOWS\SYSTEM32\WINMM.dll
0x00007ffe60e50000 - 0x00007ffe60e68000 	C:\WINDOWS\SYSTEM32\kernel.appcore.dll
0x00007ffe54450000 - 0x00007ffe5445a000 	C:\Program Files\Java\jdk-20\bin\jimage.dll
0x00007ffe5f780000 - 0x00007ffe5f9b2000 	C:\WINDOWS\SYSTEM32\DBGHELP.DLL
0x00007ffe628c0000 - 0x00007ffe62c4e000 	C:\WINDOWS\System32\combase.dll
0x00007ffe63ef0000 - 0x00007ffe63fc7000 	C:\WINDOWS\System32\OLEAUT32.dll
0x00007ffe5ecd0000 - 0x00007ffe5ed02000 	C:\WINDOWS\SYSTEM32\dbgcore.DLL
0x00007ffe625c0000 - 0x00007ffe6263b000 	C:\WINDOWS\System32\bcryptPrimitives.dll
0x00007ffe53290000 - 0x00007ffe532b6000 	C:\Program Files\Java\jdk-20\bin\java.dll
0x00007ffe15ae0000 - 0x00007ffe15bb7000 	C:\Program Files\Java\jdk-20\bin\jsvml.dll
0x00007ffe64180000 - 0x00007ffe649e7000 	C:\WINDOWS\System32\SHELL32.dll
0x00007ffe5fc90000 - 0x00007ffe6058f000 	C:\WINDOWS\SYSTEM32\windows.storage.dll
0x00007ffe5fb50000 - 0x00007ffe5fc8f000 	C:\WINDOWS\SYSTEM32\wintypes.dll
0x00007ffe63440000 - 0x00007ffe63539000 	C:\WINDOWS\System32\SHCORE.dll
0x00007ffe63120000 - 0x00007ffe6317e000 	C:\WINDOWS\System32\shlwapi.dll
0x00007ffe61c80000 - 0x00007ffe61ca7000 	C:\WINDOWS\SYSTEM32\profapi.dll
0x00007ffe53200000 - 0x00007ffe53213000 	C:\Program Files\Java\jdk-20\bin\net.dll
0x00007ffe5cf10000 - 0x00007ffe5d046000 	C:\WINDOWS\SYSTEM32\WINHTTP.dll
0x00007ffe612b0000 - 0x00007ffe61319000 	C:\WINDOWS\system32\mswsock.dll
0x00007ffe53060000 - 0x00007ffe53076000 	C:\Program Files\Java\jdk-20\bin\nio.dll
0x00007ffe53040000 - 0x00007ffe53058000 	C:\Program Files\Java\jdk-20\bin\zip.dll
0x0000000069ac0000 - 0x0000000069ae4000 	C:\Program Files\NetBeans-21\netbeans\java\maven\lib\jansi-native\Windows\x86_64\jansi.dll
0x00007ffe58da0000 - 0x00007ffe58db0000 	C:\Program Files\Java\jdk-20\bin\verify.dll

dbghelp: loaded successfully - version: 4.0.5 - missing functions: none
symbol engine: initialized successfully - sym options: 0x614 - pdb path: .;C:\Program Files\Java\jdk-20\bin;C:\WINDOWS\SYSTEM32;C:\Program Files\AVG\Antivirus;C:\WINDOWS\WinSxS\amd64_microsoft.windows.common-controls_6595b64144ccf1df_6.0.22621.3672_none_2713b9d173822955;C:\Program Files\Java\jdk-20\bin\server;C:\Program Files\NetBeans-21\netbeans\java\maven\lib\jansi-native\Windows\x86_64

VM Arguments:
jvm_args: -Dclassworlds.conf=C:\Program Files\NetBeans-21\netbeans\java\maven\bin\m2.conf -Dmaven.home=C:\Program Files\NetBeans-21\netbeans\java\maven -Dlibrary.jansi.path=C:\Program Files\NetBeans-21\netbeans\java\maven\lib\jansi-native -Dmaven.multiModuleProjectDirectory=C:\trilhaJava\pos-graduacao\utfpr-pos-graduacao\8-java-redes\atividade04\servidorclientethread 
java_command: org.codehaus.plexus.classworlds.launcher.Launcher -Dexec.vmArgs= -Dexec.args=${exec.vmArgs} -classpath %classpath ${exec.mainClass} ${exec.appArgs} -Dexec.appArgs= -Dexec.mainClass=local.javaredes.Servidorclientethread -Dexec.executable=C:\Program Files\Java\jdk-20\bin\java.exe -Dmaven.ext.class.path=C:\Program Files\NetBeans-21\netbeans\java\maven-nblib\netbeans-eventspy.jar --no-transfer-progress process-classes org.codehaus.mojo:exec-maven-plugin:3.1.0:exec
java_class_path (initial): C:\Program Files\NetBeans-21\netbeans\java\maven\boot\plexus-classworlds-2.7.0.jar
Launcher Type: SUN_STANDARD

[Global flags]
     intx CICompilerCount                          = 4                                         {product} {ergonomic}
     uint ConcGCThreads                            = 2                                         {product} {ergonomic}
     uint G1ConcRefinementThreads                  = 8                                         {product} {ergonomic}
   size_t G1HeapRegionSize                         = 1048576                                   {product} {ergonomic}
    uintx GCDrainStackTargetSize                   = 64                                        {product} {ergonomic}
   size_t InitialHeapSize                          = 130023424                                 {product} {ergonomic}
   size_t MarkStackSize                            = 4194304                                   {product} {ergonomic}
   size_t MaxHeapSize                              = 2076180480                                {product} {ergonomic}
   size_t MaxNewSize                               = 1245708288                                {product} {ergonomic}
   size_t MinHeapDeltaBytes                        = 1048576                                   {product} {ergonomic}
   size_t MinHeapSize                              = 8388608                                   {product} {ergonomic}
    uintx NonNMethodCodeHeapSize                   = 5839372                                {pd product} {ergonomic}
    uintx NonProfiledCodeHeapSize                  = 122909434                              {pd product} {ergonomic}
    uintx ProfiledCodeHeapSize                     = 122909434                              {pd product} {ergonomic}
    uintx ReservedCodeCacheSize                    = 251658240                              {pd product} {ergonomic}
     bool SegmentedCodeCache                       = true                                      {product} {ergonomic}
   size_t SoftMaxHeapSize                          = 2076180480                             {manageable} {ergonomic}
     bool UseCompressedClassPointers               = true                           {product lp64_product} {ergonomic}
     bool UseCompressedOops                        = true                           {product lp64_product} {ergonomic}
     bool UseG1GC                                  = true                                      {product} {ergonomic}
     bool UseLargePagesIndividualAllocation        = false                                  {pd product} {ergonomic}

Logging:
Log output configuration:
 #0: stdout all=warning uptime,level,tags foldmultilines=false
 #1: stderr all=off uptime,level,tags foldmultilines=false

Environment Variables:
JAVA_HOME=C:\Program Files\Java\jdk-20
PATH=C:\Program Files\Common Files\Oracle\Java\javapath;C:\Program Files (x86)\Common Files\Oracle\Java\java8path;C:\Program Files (x86)\Common Files\Oracle\Java\javapath;C:\WINDOWS\system32;C:\WINDOWS;C:\WINDOWS\System32\Wbem;C:\WINDOWS\System32\WindowsPowerShell\v1.0\;C:\WINDOWS\System32\OpenSSH\;C:\Program Files\dotnet\;C:\Program Files\Git\cmd;C:\Program Files\Java\jdk-20\bin;C:\trilhaJava\devtools\apache-maven-3.8.8-bin\apache-maven-3.8.8\bin;C:\Program Files\Java\jdk11.0.20_9;;C:\Program Files\Docker\Docker\resources\bin;C:\Program Files\Amazon\AWSCLIV2\;C:\Program Files\nodejs\;C:\Users\engen\anaconda3;C:\Users\engen\anaconda3\Library\mingw-w64\bin;C:\Users\engen\anaconda3\Library\usr\bin;C:\Users\engen\anaconda3\Library\bin;C:\Users\engen\anaconda3\Scripts;C:\Program Files\MySQL\MySQL Shell 8.0\bin\;C:\Users\engen\AppData\Local\Microsoft\WindowsApps;C:\Users\engen\AppData\Local\Programs\Microsoft VS Code\bin;C:\Program Files\Java\jdk-20\bin;C:\Users\engen\.dotnet\tools;C:\Users\engen\AppData\Roaming\npm
USERNAME=engen
OS=Windows_NT
PROCESSOR_IDENTIFIER=Intel64 Family 6 Model 140 Stepping 1, GenuineIntel
TMP=C:\Users\engen\AppData\Local\Temp
TEMP=C:\Users\engen\AppData\Local\Temp




---------------  S Y S T E M  ---------------

OS:
 Windows 11 , 64 bit Build 22621 (10.0.22621.3958)
OS uptime: 5 days 5:42 hours
Hyper-V role detected

CPU: total 8 (initial active 8) (4 cores per cpu, 2 threads per core) family 6 model 140 stepping 1 microcode 0xb8, cx8, cmov, fxsr, ht, mmx, 3dnowpref, sse, sse2, sse3, ssse3, sse4.1, sse4.2, popcnt, lzcnt, tsc, tscinvbit, avx, avx2, aes, erms, clmul, bmi1, bmi2, adx, avx512f, avx512dq, avx512cd, avx512bw, avx512vl, sha, fma, vzeroupper, avx512_vpopcntdq, avx512_vpclmulqdq, avx512_vaes, avx512_vnni, clflush, clflushopt, clwb, avx512_vbmi2, avx512_vbmi, hv, rdtscp, rdpid, fsrm, gfni, avx512_bitalg, f16c, cet_ibt, cet_ss, avx512_ifma

Memory: 4k page, system-wide physical 7914M (456M free)
TotalPageFile size 30794M (AvailPageFile size 1360M)
current process WorkingSet (physical memory assigned to process): 43M, peak: 76M
current process commit charge ("private bytes"): 219M, peak: 223M

vm_info: Java HotSpot(TM) 64-Bit Server VM (20.0.1+9-29) for windows-amd64 JRE (20.0.1+9-29), built on 2023-03-07T13:56:11Z by "mach5one" with MS VC++ 17.1 (VS2022)

END.
